20250731T093313.143 Agent C2504 (0) found a better, legal, wirelength target of 2.827353, originally 1000000.0.
20250731T093313.210 Agent C2504 (0) found a better, legal, HPWL target of 9.075674, originally 1000000.0.
20250731T093313.741 Agent C2507 (1) found a better, legal, wirelength target of 1.358141, originally 1000000.0.
20250731T093313.802 Agent C2507 (1) found a better, legal, HPWL target of 1.850648, originally 1000000.0.
20250731T093314.377 Agent C2541 (2) found a better, legal, HPWL target of 10.602691, originally 1000000.0.
20250731T093314.905 Agent L2510 (3) found a better, legal, wirelength target of 7.636921, originally 1000000.0.
20250731T093314.974 Agent L2510 (3) found a better, legal, HPWL target of 17.998299, originally 1000000.0.
20250731T093315.569 Agent L2511 (4) found a better, legal, HPWL target of 21.872265, originally 1000000.0.
20250731T093316.154 Agent C2528 (5) found a better, legal, wirelength target of 16.842155, originally 1000000.0.
20250731T093316.218 Agent C2528 (5) found a better, legal, HPWL target of 22.842991, originally 1000000.0.
20250731T093316.734 Agent C2305 (6) found a better, legal, wirelength target of 6.825084, originally 1000000.0.
20250731T093316.792 Agent C2305 (6) found a better, legal, HPWL target of 7.078842, originally 1000000.0.
20250731T093317.319 Agent C2544 (7) found a better, legal, wirelength target of 7.767388, originally 1000000.0.
20250731T093317.375 Agent C2544 (7) found a better, legal, HPWL target of 10.898159, originally 1000000.0.
20250731T093317.924 Agent C2509 (8) found a better, legal, wirelength target of 1.31381, originally 1000000.0.
20250731T093317.980 Agent C2509 (8) found a better, legal, HPWL target of 10.263557, originally 1000000.0.
20250731T093318.623 Agent C2583 (9) found a better, legal, HPWL target of 13.60816, originally 1000000.0.
20250731T093319.171 Agent L2507 (10) found a better, legal, wirelength target of 3.780121, originally 1000000.0.
20250731T093319.225 Agent L2507 (10) found a better, legal, HPWL target of 7.989502, originally 1000000.0.
20250731T093319.829 Agent C2502 (11) found a better, legal, wirelength target of 0.0, originally 1000000.0.
20250731T093319.889 Agent C2502 (11) found a better, legal, HPWL target of 12.002822, originally 1000000.0.
20250731T093320.526 Agent C2354 (12) found a better, legal, HPWL target of 4.888964, originally 1000000.0.
20250731T093321.162 Agent C2537 (13) found a better, legal, wirelength target of 4.012648, originally 1000000.0.
20250731T093321.231 Agent C2537 (13) found a better, legal, HPWL target of 8.237124, originally 1000000.0.
20250731T093321.987 Agent R2302 (14) found a better, legal, wirelength target of 0.0, originally 1000000.0.
20250731T093322.078 Agent R2302 (14) found a better, legal, HPWL target of 19.452731, originally 1000000.0.
20250731T093322.803 Agent C2523 (15) found a better, legal, wirelength target of 9.249733, originally 1000000.0.
20250731T093322.917 Agent C2523 (15) found a better, legal, HPWL target of 11.265423, originally 1000000.0.
20250731T093324.736 Agent R2503 (17) found a better, legal, wirelength target of 0.597525, originally 1000000.0.
20250731T093325.643 Agent C2575 (18) found a better, legal, wirelength target of 9.13797, originally 1000000.0.
20250731T093327.904 Agent FL2503 (20) found a better, legal, wirelength target of 13.653356, originally 1000000.0.
20250731T093329.176 Agent C2503 (21) found a better, legal, wirelength target of 4.372569, originally 1000000.0.
20250731T093330.496 Agent R2521 (22) found a better, legal, wirelength target of 4.275397, originally 1000000.0.
20250731T093333.370 Agent L2304 (24) found a better, legal, wirelength target of 9.621529, originally 1000000.0.
20250731T093336.311 Agent C2540 (26) found a better, legal, wirelength target of 5.656119, originally 1000000.0.
20250731T093337.794 Agent L2508 (27) found a better, legal, wirelength target of 6.078502, originally 1000000.0.
20250731T093342.081 Agent C2310 (30) found a better, legal, wirelength target of 6.289874, originally 1000000.0.
20250731T093343.511 Agent U2301 (31) found a better, legal, wirelength target of 25.958809, originally 1000000.0.
20250731T093344.860 Agent C2508 (32) found a better, legal, wirelength target of 2.446544, originally 1000000.0.
20250731T093347.744 Agent FL2334 (35) found a better, legal, wirelength target of 4.839452, originally 1000000.0.
20250731T093349.158 Agent C2353 (36) found a better, legal, wirelength target of 4.701126, originally 1000000.0.
20250731T093352.362 Agent C2504 (0) found a better, legal, wirelength target of 2.665044, originally 2.827353.
20250731T093403.455 Agent C2509 (8) found a better, legal, wirelength target of 0.585495, originally 1.31381.
20250731T093406.182 Agent L2507 (10) found a better, legal, wirelength target of 3.733366, originally 3.780121.
20250731T093410.409 Agent C2537 (13) found a better, legal, wirelength target of 3.770049, originally 4.012648.
20250731T093414.719 Agent C2524 (16) found a better, legal, HPWL target of 11.961549, originally 1000000.0.
20250731T093416.282 Agent R2503 (17) found a better, legal, HPWL target of 19.369818, originally 1000000.0.
20250731T093417.585 Agent C2575 (18) found a better, legal, HPWL target of 17.171316, originally 1000000.0.
20250731T093418.984 Agent C2308 (19) found a better, legal, HPWL target of 19.622355, originally 1000000.0.
20250731T093420.242 Agent FL2503 (20) found a better, legal, wirelength target of 12.638693, originally 13.653356.
20250731T093420.396 Agent FL2503 (20) found a better, legal, HPWL target of 36.899433, originally 1000000.0.
20250731T093422.026 Agent C2503 (21) found a better, legal, HPWL target of 18.405286, originally 1000000.0.
20250731T093423.507 Agent R2521 (22) found a better, legal, HPWL target of 24.865057, originally 1000000.0.
20250731T093425.167 Agent L2502 (23) found a better, legal, HPWL target of 41.435494, originally 1000000.0.
20250731T093426.599 Agent L2304 (24) found a better, legal, wirelength target of 9.124979, originally 9.621529.
20250731T093426.738 Agent L2304 (24) found a better, legal, HPWL target of 14.788607, originally 1000000.0.
20250731T093428.158 Agent R2515 (25) found a better, legal, HPWL target of 12.424319, originally 1000000.0.
20250731T093429.532 Agent C2540 (26) found a better, legal, wirelength target of 5.514656, originally 5.656119.
20250731T093429.736 Agent C2540 (26) found a better, legal, HPWL target of 10.686886, originally 1000000.0.
20250731T093431.233 Agent L2508 (27) found a better, legal, HPWL target of 26.741632, originally 1000000.0.
20250731T093432.588 Agent L2519 (28) found a better, legal, HPWL target of 13.555463, originally 1000000.0.
20250731T093434.047 Agent FL2504 (29) found a better, legal, HPWL target of 26.476472, originally 1000000.0.
20250731T093435.508 Agent C2310 (30) found a better, legal, HPWL target of 14.905288, originally 1000000.0.
20250731T093437.017 Agent U2301 (31) found a better, legal, HPWL target of 40.413932, originally 1000000.0.
20250731T093438.335 Agent C2508 (32) found a better, legal, wirelength target of 2.344171, originally 2.446544.
20250731T093438.492 Agent C2508 (32) found a better, legal, HPWL target of 11.692823, originally 1000000.0.
20250731T093439.983 Agent C2539 (33) found a better, legal, HPWL target of 18.89781, originally 1000000.0.
20250731T093441.384 Agent FL2334 (35) found a better, legal, wirelength target of 4.200675, originally 4.839452.
20250731T093441.555 Agent FL2334 (35) found a better, legal, HPWL target of 8.227496, originally 1000000.0.
20250731T093443.082 Agent C2353 (36) found a better, legal, HPWL target of 14.670828, originally 1000000.0.
20250731T093444.557 Agent C2530 (37) found a better, legal, HPWL target of 14.168626, originally 1000000.0.
20250731T093445.810 Agent C2504 (0) found a better, legal, wirelength target of 2.329413, originally 2.665044.
20250731T093446.044 Agent C2504 (0) found a better, legal, HPWL target of 7.623397, originally 9.075674.
20250731T093448.601 Agent C2541 (2) found a better, legal, wirelength target of 7.471823, originally 1000000.0.
20250731T093448.730 Agent C2541 (2) found a better, legal, HPWL target of 10.554174, originally 10.602691.
20250731T093454.140 Agent C2305 (6) found a better, legal, wirelength target of 6.442595, originally 6.825084.
20250731T093454.281 Agent C2305 (6) found a better, legal, HPWL target of 6.605227, originally 7.078842.
20250731T093457.020 Agent C2509 (8) found a better, legal, HPWL target of 8.547463, originally 10.263557.
20250731T093458.331 Agent C2583 (9) found a better, legal, wirelength target of 3.292679, originally 1000000.0.
20250731T093458.488 Agent C2583 (9) found a better, legal, HPWL target of 13.555463, originally 13.60816.
20250731T093501.177 Agent C2502 (11) found a better, legal, HPWL target of 11.333477, originally 12.002822.
20250731T093502.414 Agent C2354 (12) found a better, legal, wirelength target of 4.556813, originally 1000000.0.
20250731T093502.530 Agent C2354 (12) found a better, legal, HPWL target of 4.86026, originally 4.888964.
20250731T093506.653 Agent C2523 (15) found a better, legal, HPWL target of 11.174873, originally 11.265423.
20250731T093509.108 Agent R2503 (17) found a better, legal, wirelength target of 0.394231, originally 0.597525.
20250731T093510.393 Agent C2575 (18) found a better, legal, HPWL target of 16.491135, originally 17.171316.
20250731T093511.677 Agent C2308 (19) found a better, legal, wirelength target of 0.0, originally 1000000.0.
20250731T093511.835 Agent C2308 (19) found a better, legal, HPWL target of 19.533345, originally 19.622355.
20250731T093512.940 Agent FL2503 (20) found a better, legal, wirelength target of 11.957502, originally 12.638693.
20250731T093513.075 Agent FL2503 (20) found a better, legal, HPWL target of 36.402567, originally 36.899433.
20250731T093514.612 Agent C2503 (21) found a better, legal, HPWL target of 18.305817, originally 18.405286.
20250731T093515.948 Agent R2521 (22) found a better, legal, wirelength target of 4.022369, originally 4.275397.
20250731T093516.085 Agent R2521 (22) found a better, legal, HPWL target of 24.030827, originally 24.865057.
20250731T093517.611 Agent L2502 (23) found a better, legal, HPWL target of 41.058215, originally 41.435494.
20250731T093520.518 Agent R2515 (25) found a better, legal, HPWL target of 11.858659, originally 12.424319.
20250731T093521.796 Agent C2540 (26) found a better, legal, wirelength target of 5.486159, originally 5.514656.
20250731T093521.948 Agent C2540 (26) found a better, legal, HPWL target of 10.581964, originally 10.686886.
20250731T093523.174 Agent L2508 (27) found a better, legal, wirelength target of 5.389208, originally 6.078502.
20250731T093523.381 Agent L2508 (27) found a better, legal, HPWL target of 24.890195, originally 26.741632.
20250731T093526.127 Agent FL2504 (29) found a better, legal, HPWL target of 24.014139, originally 26.476472.
20250731T093527.473 Agent C2310 (30) found a better, legal, HPWL target of 13.416859, originally 14.905288.
20250731T093528.897 Agent U2301 (31) found a better, legal, wirelength target of 25.143398, originally 25.958809.
20250731T093529.082 Agent U2301 (31) found a better, legal, HPWL target of 38.073324, originally 40.413932.
20250731T093531.836 Agent C2539 (33) found a better, legal, HPWL target of 18.85886, originally 18.89781.
20250731T093533.363 Agent FL2334 (35) found a better, legal, HPWL target of 8.111244, originally 8.227496.
20250731T093534.735 Agent C2353 (36) found a better, legal, wirelength target of 4.238755, originally 4.701126.
20250731T093534.856 Agent C2353 (36) found a better, legal, HPWL target of 13.093438, originally 14.670828.
20250731T093536.289 Agent C2530 (37) found a better, legal, HPWL target of 12.041658, originally 14.168626.
20250731T093537.456 Agent C2504 (0) found a better, legal, wirelength target of 2.302161, originally 2.329413.
20250731T093537.619 Agent C2504 (0) found a better, legal, HPWL target of 7.060044, originally 7.623397.
20250731T093538.920 Agent C2507 (1) found a better, legal, wirelength target of 1.293284, originally 1.358141.
20250731T093539.041 Agent C2507 (1) found a better, legal, HPWL target of 1.78637, originally 1.850648.
20250731T093545.366 Agent C2305 (6) found a better, legal, wirelength target of 6.273764, originally 6.442595.
20250731T093547.790 Agent C2509 (8) found a better, legal, wirelength target of 0.480331, originally 0.585495.
20250731T093551.795 Agent C2502 (11) found a better, legal, HPWL target of 11.244429, originally 11.333477.
20250731T093553.168 Agent C2354 (12) found a better, legal, wirelength target of 4.263072, originally 4.556813.
20250731T093555.866 Agent R2302 (14) found a better, legal, HPWL target of 19.216116, originally 19.452731.
20250731T093558.667 Agent C2524 (16) found a better, legal, HPWL target of 11.510625, originally 11.961549.
20250731T093602.995 Agent C2308 (19) found a better, legal, HPWL target of 19.428567, originally 19.533345.
20250731T093604.347 Agent FL2503 (20) found a better, legal, HPWL target of 35.227668, originally 36.402567.
20250731T093605.803 Agent C2503 (21) found a better, legal, HPWL target of 17.318712, originally 18.305817.
20250731T093607.346 Agent R2521 (22) found a better, legal, HPWL target of 24.026994, originally 24.030827.
20250731T093609.863 Agent L2304 (24) found a better, legal, wirelength target of 8.910987, originally 9.124979.
20250731T093610.048 Agent L2304 (24) found a better, legal, HPWL target of 14.732686, originally 14.788607.
20250731T093611.603 Agent R2515 (25) found a better, legal, HPWL target of 10.576677, originally 11.858659.
20250731T093614.102 Agent L2508 (27) found a better, legal, wirelength target of 5.01441, originally 5.389208.
20250731T093614.268 Agent L2508 (27) found a better, legal, HPWL target of 23.440426, originally 24.890195.
20250731T093615.855 Agent L2519 (28) found a better, legal, HPWL target of 13.109986, originally 13.555463.
20250731T093617.195 Agent FL2504 (29) found a better, legal, HPWL target of 23.289746, originally 24.014139.
20250731T093619.957 Agent U2301 (31) found a better, legal, wirelength target of 24.887036, originally 25.143398.
20250731T093622.942 Agent C2539 (33) found a better, legal, HPWL target of 18.731272, originally 18.85886.
20250731T093625.560 Agent C2353 (36) found a better, legal, wirelength target of 4.233362, originally 4.238755.
20250731T093627.102 Agent C2530 (37) found a better, legal, HPWL target of 11.540288, originally 12.041658.
20250731T093629.790 Agent C2507 (1) found a better, legal, wirelength target of 1.256047, originally 1.293284.
20250731T093629.956 Agent C2507 (1) found a better, legal, HPWL target of 1.649471, originally 1.78637.
20250731T093636.475 Agent C2305 (6) found a better, legal, wirelength target of 5.484473, originally 6.273764.
20250731T093636.607 Agent C2305 (6) found a better, legal, HPWL target of 5.872944, originally 6.605227.
20250731T093637.863 Agent C2544 (7) found a better, legal, wirelength target of 7.67281, originally 7.767388.
20250731T093637.990 Agent C2544 (7) found a better, legal, HPWL target of 10.739294, originally 10.898159.
20250731T093640.747 Agent C2583 (9) found a better, legal, HPWL target of 13.07012, originally 13.555463.
20250731T093643.428 Agent C2502 (11) found a better, legal, HPWL target of 11.209311, originally 11.244429.
20250731T093644.561 Agent C2354 (12) found a better, legal, wirelength target of 3.689627, originally 4.263072.
20250731T093644.744 Agent C2354 (12) found a better, legal, HPWL target of 3.986697, originally 4.86026.
20250731T093649.919 Agent C2524 (16) found a better, legal, wirelength target of 8.565458, originally 1000000.0.
20250731T093702.354 Agent R2515 (25) found a better, legal, HPWL target of 10.496488, originally 10.576677.
20250731T093705.092 Agent L2508 (27) found a better, legal, HPWL target of 22.865385, originally 23.440426.
20250731T093706.638 Agent L2519 (28) found a better, legal, HPWL target of 12.78146, originally 13.109986.
20250731T093707.824 Agent FL2504 (29) found a better, legal, wirelength target of 7.788861, originally 1000000.0.
20250731T093707.979 Agent FL2504 (29) found a better, legal, HPWL target of 23.034678, originally 23.289746.
20250731T093709.353 Agent C2310 (30) found a better, legal, wirelength target of 5.782491, originally 6.289874.
20250731T093710.936 Agent U2301 (31) found a better, legal, HPWL target of 36.252685, originally 38.073324.
20250731T093712.243 Agent C2508 (32) found a better, legal, wirelength target of 2.160346, originally 2.344171.
20250731T093716.029 Agent C2353 (36) found a better, legal, wirelength target of 3.287799, originally 4.233362.
20250731T093717.553 Agent C2530 (37) found a better, legal, HPWL target of 11.070476, originally 11.540288.
20250731T093718.929 Agent C2504 (0) found a better, legal, wirelength target of 2.133497, originally 2.302161.
20250731T093720.480 Agent C2507 (1) found a better, legal, HPWL target of 1.345083, originally 1.649471.
20250731T093726.914 Agent C2305 (6) found a better, legal, HPWL target of 5.74554, originally 5.872944.
20250731T093728.343 Agent C2544 (7) found a better, legal, wirelength target of 7.633099, originally 7.67281.
20250731T093728.465 Agent C2544 (7) found a better, legal, HPWL target of 10.629988, originally 10.739294.
20250731T093731.381 Agent C2583 (9) found a better, legal, HPWL target of 12.78146, originally 13.07012.
20250731T093733.880 Agent C2502 (11) found a better, legal, HPWL target of 10.774908, originally 11.209311.
20250731T093735.138 Agent C2354 (12) found a better, legal, wirelength target of 3.535556, originally 3.689627.
20250731T093737.918 Agent R2302 (14) found a better, legal, HPWL target of 19.004776, originally 19.216116.
20250731T093739.141 Agent C2523 (15) found a better, legal, wirelength target of 8.780025, originally 9.249733.
20250731T093739.269 Agent C2523 (15) found a better, legal, HPWL target of 10.682365, originally 11.174873.
20250731T093740.532 Agent C2524 (16) found a better, legal, wirelength target of 8.375516, originally 8.565458.
20250731T093744.637 Agent C2308 (19) found a better, legal, HPWL target of 18.83822, originally 19.428567.
20250731T093747.137 Agent C2503 (21) found a better, legal, wirelength target of 3.863855, originally 4.372569.
20250731T093750.941 Agent L2304 (24) found a better, legal, wirelength target of 8.805525, originally 8.910987.
20250731T093754.809 Agent L2508 (27) found a better, legal, wirelength target of 4.296682, originally 5.01441.
20250731T093754.973 Agent L2508 (27) found a better, legal, HPWL target of 21.583426, originally 22.865385.
20250731T093756.329 Agent L2519 (28) found a better, legal, HPWL target of 12.114891, originally 12.78146.
20250731T093757.519 Agent FL2504 (29) found a better, legal, wirelength target of 7.687234, originally 7.788861.
20250731T093800.163 Agent U2301 (31) found a better, legal, wirelength target of 24.388424, originally 24.887036.
20250731T093809.028 Agent C2507 (1) found a better, legal, wirelength target of 1.221034, originally 1.256047.
20250731T093818.309 Agent C2509 (8) found a better, legal, HPWL target of 7.685011, originally 8.547463.
20250731T093819.583 Agent C2583 (9) found a better, legal, HPWL target of 12.114891, originally 12.78146.
20250731T093832.779 Agent C2308 (19) found a better, legal, HPWL target of 18.815543, originally 18.83822.
20250731T093839.606 Agent L2304 (24) found a better, legal, HPWL target of 14.086945, originally 14.732686.
20250731T093848.885 Agent U2301 (31) found a better, legal, HPWL target of 36.094347, originally 36.252685.
20250731T093852.742 Agent FL2334 (35) found a better, legal, wirelength target of 3.967643, originally 4.200675.
20250731T093852.865 Agent FL2334 (35) found a better, legal, HPWL target of 7.539097, originally 8.111244.
20250731T093901.962 Agent L2511 (4) found a better, legal, HPWL target of 21.82776, originally 21.872265.
20250731T093911.348 Agent C2502 (11) found a better, legal, HPWL target of 10.753456, originally 10.774908.
20250731T093915.428 Agent R2302 (14) found a better, legal, HPWL target of 18.445474, originally 19.004776.
20250731T093930.726 Agent C2540 (26) found a better, legal, wirelength target of 5.378193, originally 5.486159.
20250731T093933.778 Agent L2519 (28) found a better, legal, HPWL target of 11.992417, originally 12.114891.
20250731T093949.350 Agent L2510 (3) found a better, legal, wirelength target of 7.382045, originally 7.636921.
20250731T093950.802 Agent L2511 (4) found a better, legal, HPWL target of 21.53176, originally 21.82776.
20250731T093957.313 Agent L2510 (3) found a better, legal, wirelength target of 5.402168, originally 7.382045.
20250731T093957.447 Agent L2510 (3) found a better, legal, HPWL target of 10.867297, originally 17.998299.
20250731T093958.744 Agent L2511 (4) found a better, legal, wirelength target of 4.479187, originally 1000000.0.
20250731T094000.217 Agent C2528 (5) found a better, legal, HPWL target of 13.856862, originally 22.842991.
20250731T094005.788 Agent C2583 (9) found a better, legal, HPWL target of 8.974357, originally 12.114891.
20250731T094007.298 Agent L2507 (10) found a better, legal, HPWL target of 6.193678, originally 7.989502.
20250731T094009.976 Agent C2354 (12) found a better, legal, HPWL target of 3.700562, originally 3.986697.
20250731T094011.366 Agent C2537 (13) found a better, legal, HPWL target of 6.486141, originally 8.237124.
20250731T094012.707 Agent R2302 (14) found a better, legal, HPWL target of 8.631552, originally 18.445474.
20250731T094014.120 Agent C2523 (15) found a better, legal, HPWL target of 7.186441, originally 10.682365.
20250731T094015.516 Agent C2524 (16) found a better, legal, wirelength target of 5.837156, originally 8.375516.
20250731T094015.692 Agent C2524 (16) found a better, legal, HPWL target of 8.195544, originally 11.510625.
20250731T094023.839 Agent R2521 (22) found a better, legal, wirelength target of 0.706144, originally 4.022369.
20250731T094025.300 Agent L2502 (23) found a better, legal, wirelength target of 11.36425, originally 1000000.0.
20250731T094032.172 Agent L2519 (28) found a better, legal, wirelength target of 4.452127, originally 1000000.0.
20250731T094038.718 Agent C2539 (33) found a better, legal, wirelength target of 4.108775, originally 1000000.0.
20250731T094041.671 Agent C2353 (36) found a better, legal, wirelength target of 2.81728, originally 3.287799.
20250731T094049.843 Agent L2511 (4) found a better, legal, wirelength target of 4.44445, originally 4.479187.
20250731T094056.526 Agent C2583 (9) found a better, legal, HPWL target of 8.562188, originally 8.974357.
20250731T094104.183 Agent C2523 (15) found a better, legal, wirelength target of 5.67483, originally 8.780025.
20250731T094105.480 Agent C2524 (16) found a better, legal, wirelength target of 5.478241, originally 5.837156.
20250731T094105.676 Agent C2524 (16) found a better, legal, HPWL target of 7.726944, originally 8.195544.
20250731T094108.308 Agent C2575 (18) found a better, legal, HPWL target of 2.58417, originally 16.491135.
20250731T094109.772 Agent C2308 (19) found a better, legal, HPWL target of 8.778939, originally 18.815543.
20250731T094112.550 Agent C2503 (21) found a better, legal, HPWL target of 13.492114, originally 17.318712.
20250731T094113.805 Agent R2521 (22) found a better, legal, HPWL target of 12.490988, originally 24.026994.
20250731T094115.268 Agent L2502 (23) found a better, legal, HPWL target of 28.160139, originally 41.058215.
20250731T094121.957 Agent L2519 (28) found a better, legal, wirelength target of 4.175054, originally 4.452127.
20250731T094128.894 Agent C2539 (33) found a better, legal, wirelength target of 3.881101, originally 4.108775.
20250731T094131.734 Agent C2353 (36) found a better, legal, wirelength target of 2.054951, originally 2.81728.
20250731T094138.237 Agent L2510 (3) found a better, legal, wirelength target of 5.190751, originally 5.402168.
20250731T094156.019 Agent C2524 (16) found a better, legal, wirelength target of 5.276298, originally 5.478241.
20250731T094219.766 Agent C2539 (33) found a better, legal, wirelength target of 3.502569, originally 3.881101.
20250731T094222.484 Agent C2353 (36) found a better, legal, wirelength target of 1.738177, originally 2.054951.
20250731T094303.686 Agent L2519 (28) found a better, legal, wirelength target of 4.15222, originally 4.175054.
20250731T094321.277 Agent L2511 (4) found a better, legal, wirelength target of 4.401262, originally 4.44445.
20250731T094354.421 Agent L2519 (28) found a better, legal, HPWL target of 8.526781, originally 11.992417.
20250731T094358.646 Agent U2301 (31) found a better, legal, HPWL target of 35.073485, originally 36.094347.
20250731T094401.489 Agent C2539 (33) found a better, legal, HPWL target of 11.01555, originally 18.731272.
20250731T094410.910 Agent L2510 (3) found a better, legal, HPWL target of 10.834548, originally 10.867297.
20250731T094422.774 Agent C2354 (12) found a better, legal, wirelength target of 2.769128, originally 3.535556.
20250731T094422.948 Agent C2354 (12) found a better, legal, HPWL target of 3.477681, originally 3.700562.
20250731T094424.533 Agent C2537 (13) found a better, legal, HPWL target of 6.484154, originally 6.486141.
20250731T094425.991 Agent R2302 (14) found a better, legal, HPWL target of 6.295815, originally 8.631552.
20250731T094608.794 Agent C2524 (16) found a better, legal, wirelength target of 4.99108, originally 5.276298.
20250731T094634.081 Agent C2353 (36) found a better, legal, wirelength target of 1.633556, originally 1.738177.
20250731T094657.379 Agent C2524 (16) found a better, legal, wirelength target of 4.755424, originally 4.99108.
20250731T094751.996 Agent FL2503 (20) found a better, legal, wirelength target of 7.311589, originally 11.957502.
20250731T094802.810 Agent L2519 (28) found a better, legal, HPWL target of 8.260633, originally 8.526781.
20250731T094806.945 Agent U2301 (31) found a better, legal, HPWL target of 33.693499, originally 35.073485.
20250731T094828.110 Agent L2507 (10) found a better, legal, HPWL target of 6.035193, originally 6.193678.
20250731T094831.013 Agent C2354 (12) found a better, legal, wirelength target of 1.617941, originally 2.769128.
20250731T094831.172 Agent C2354 (12) found a better, legal, HPWL target of 1.997347, originally 3.477681.
20250731T094832.533 Agent C2537 (13) found a better, legal, wirelength target of 0.724615, originally 3.770049.
20250731T094832.727 Agent C2537 (13) found a better, legal, HPWL target of 6.032792, originally 6.484154.
20250731T094834.117 Agent R2302 (14) found a better, legal, HPWL target of 6.136639, originally 6.295815.
20250731T094836.778 Agent C2524 (16) found a better, legal, HPWL target of 7.208773, originally 7.726944.
20250731T094839.576 Agent C2575 (18) found a better, legal, HPWL target of 1.848224, originally 2.58417.
20250731T094841.052 Agent C2308 (19) found a better, legal, HPWL target of 6.245989, originally 8.778939.
20250731T094842.397 Agent FL2503 (20) found a better, legal, wirelength target of 6.929961, originally 7.311589.
20250731T094843.907 Agent C2503 (21) found a better, legal, HPWL target of 12.123028, originally 13.492114.
20250731T094900.250 Agent C2539 (33) found a better, legal, wirelength target of 3.422352, originally 3.502569.
20250731T094922.446 Agent C2537 (13) found a better, legal, wirelength target of 0.571132, originally 0.724615.
20250731T095024.537 Agent R2521 (22) found a better, legal, HPWL target of 11.518659, originally 12.490988.
20250731T095028.366 Agent R2515 (25) found a better, legal, wirelength target of 15.825963, originally 1000000.0.
20250731T095106.392 Agent C2524 (16) found a better, legal, HPWL target of 7.16169, originally 7.208773.
20250731T095152.616 Agent R2302 (14) found a better, legal, HPWL target of 4.57857, originally 6.136639.
20250731T095154.150 Agent C2523 (15) found a better, legal, HPWL target of 6.703313, originally 7.186441.
20250731T095159.181 Agent C2308 (19) found a better, legal, HPWL target of 4.102066, originally 6.245989.
20250731T095206.569 Agent R2515 (25) found a better, legal, wirelength target of 15.462731, originally 15.825963.
20250731T095331.660 Agent C2523 (15) found a better, legal, HPWL target of 6.531894, originally 6.703313.
20250731T095337.148 Agent C2308 (19) found a better, legal, HPWL target of 3.811226, originally 4.102066.
20250731T095353.409 Agent U2301 (31) found a better, legal, wirelength target of 23.864107, originally 24.388424.
20250731T095417.419 Agent C2354 (12) found a better, legal, wirelength target of 1.30032, originally 1.617941.
20250731T095448.803 Agent C2353 (36) found a better, legal, wirelength target of 1.517409, originally 1.633556.
20250731T095501.036 Agent L2510 (3) found a better, legal, wirelength target of 4.703742, originally 5.190751.
20250731T095503.804 Agent C2528 (5) found a better, legal, wirelength target of 3.562386, originally 16.842155.
20250731T095505.320 Agent C2305 (6) found a better, legal, wirelength target of 1.435709, originally 5.484473.
20250731T095506.867 Agent C2544 (7) found a better, legal, wirelength target of 4.250752, originally 7.633099.
20250731T095529.741 Agent L2502 (23) found a better, legal, wirelength target of 3.796294, originally 11.36425.
20250731T095534.169 Agent C2540 (26) found a better, legal, wirelength target of 4.447801, originally 5.378193.
20250731T095536.974 Agent L2519 (28) found a better, legal, HPWL target of 7.630936, originally 8.260633.
20250731T095541.106 Agent U2301 (31) found a better, legal, wirelength target of 16.975521, originally 23.864107.
20250731T095541.238 Agent U2301 (31) found a better, legal, HPWL target of 26.504163, originally 33.693499.
20250731T095555.486 Agent C2528 (5) found a better, legal, HPWL target of 5.911621, originally 13.856862.
20250731T095556.915 Agent C2305 (6) found a better, legal, wirelength target of 0.670832, originally 1.435709.
20250731T095557.028 Agent C2305 (6) found a better, legal, HPWL target of 0.910956, originally 5.74554.
20250731T095558.310 Agent C2544 (7) found a better, legal, wirelength target of 3.497302, originally 4.250752.
20250731T095558.460 Agent C2544 (7) found a better, legal, HPWL target of 4.729372, originally 10.629988.
20250731T095609.333 Agent C2523 (15) found a better, legal, wirelength target of 2.104458, originally 5.67483.
20250731T095624.115 Agent C2540 (26) found a better, legal, wirelength target of 4.019395, originally 4.447801.
20250731T095630.752 Agent U2301 (31) found a better, legal, wirelength target of 16.798334, originally 16.975521.
20250731T095630.946 Agent U2301 (31) found a better, legal, HPWL target of 25.308875, originally 26.504163.
20250731T095642.812 Agent L2510 (3) found a better, legal, wirelength target of 4.328815, originally 4.703742.
20250731T095645.493 Agent C2528 (5) found a better, legal, HPWL target of 5.672279, originally 5.911621.
20250731T095651.196 Agent C2583 (9) found a better, legal, HPWL target of 8.46389, originally 8.562188.
20250731T095653.974 Agent C2502 (11) found a better, legal, HPWL target of 6.225001, originally 10.753456.
20250731T095659.513 Agent C2523 (15) found a better, legal, HPWL target of 2.606337, originally 6.531894.
20250731T095710.133 Agent L2502 (23) found a better, legal, HPWL target of 23.733649, originally 28.160139.
20250731T095712.723 Agent R2515 (25) found a better, legal, HPWL target of 5.521612, originally 10.496488.
20250731T095714.091 Agent C2540 (26) found a better, legal, wirelength target of 3.968812, originally 4.019395.
20250731T095731.278 Agent C2541 (2) found a better, legal, HPWL target of 9.905017, originally 10.554174.
20250731T095732.654 Agent L2510 (3) found a better, legal, wirelength target of 4.221444, originally 4.328815.
20250731T095737.689 Agent C2544 (7) found a better, legal, wirelength target of 3.309444, originally 3.497302.
20250731T095737.920 Agent C2544 (7) found a better, legal, HPWL target of 4.590027, originally 4.729372.
20250731T095759.515 Agent L2502 (23) found a better, legal, HPWL target of 22.602268, originally 23.733649.
20250731T095810.296 Agent U2301 (31) found a better, legal, wirelength target of 16.690766, originally 16.798334.
20250731T095852.279 Agent R2515 (25) found a better, legal, HPWL target of 4.412834, originally 5.521612.
20250731T095917.133 Agent C2544 (7) found a better, legal, wirelength target of 3.228594, originally 3.309444.
20250731T095951.858 Agent C2541 (2) found a better, legal, wirelength target of 6.315367, originally 7.471823.
20250731T095952.053 Agent C2541 (2) found a better, legal, HPWL target of 8.835873, originally 9.905017.
20250731T095953.609 Agent L2510 (3) found a better, legal, HPWL target of 10.458611, originally 10.834548.
20250731T095954.868 Agent L2511 (4) found a better, legal, wirelength target of 3.006374, originally 4.401262.
20250731T095958.879 Agent C2544 (7) found a better, legal, HPWL target of 1.925364, originally 4.590027.
20250731T100011.186 Agent C2524 (16) found a better, legal, HPWL target of 6.573195, originally 7.16169.
20250731T100013.739 Agent C2575 (18) found a better, legal, wirelength target of 9.07929, originally 9.13797.
20250731T100016.425 Agent FL2503 (20) found a better, legal, HPWL target of 34.950715, originally 35.227668.
20250731T100021.689 Agent L2304 (24) found a better, legal, wirelength target of 3.185171, originally 8.805525.
20250731T100021.822 Agent L2304 (24) found a better, legal, HPWL target of 8.203555, originally 14.086945.
20250731T100023.422 Agent R2515 (25) found a better, legal, HPWL target of 1.717851, originally 4.412834.
20250731T100031.489 Agent U2301 (31) found a better, legal, wirelength target of 13.416297, originally 16.690766.
20250731T100031.614 Agent U2301 (31) found a better, legal, HPWL target of 22.774764, originally 25.308875.
20250731T100034.509 Agent C2539 (33) found a better, legal, HPWL target of 10.464128, originally 11.01555.
20250731T100035.881 Agent FL2334 (35) found a better, legal, wirelength target of 1.714144, originally 3.967643.
20250731T100036.027 Agent FL2334 (35) found a better, legal, HPWL target of 6.686235, originally 7.539097.
20250731T100038.565 Agent C2530 (37) found a better, legal, wirelength target of 4.747279, originally 1000000.0.
20250731T100038.711 Agent C2530 (37) found a better, legal, HPWL target of 9.316087, originally 11.070476.
20250731T100042.574 Agent C2541 (2) found a better, legal, wirelength target of 5.913161, originally 6.315367.
20250731T100042.718 Agent C2541 (2) found a better, legal, HPWL target of 8.218058, originally 8.835873.
20250731T100111.544 Agent L2304 (24) found a better, legal, wirelength target of 2.364897, originally 3.185171.
20250731T100121.170 Agent U2301 (31) found a better, legal, wirelength target of 13.319935, originally 13.416297.
20250731T100212.005 Agent U2301 (31) found a better, legal, wirelength target of 11.829634, originally 13.319935.
20250731T100218.893 Agent C2530 (37) found a better, legal, wirelength target of 3.808239, originally 4.747279.
20250731T100222.909 Agent C2541 (2) found a better, legal, wirelength target of 5.28606, originally 5.913161.
20250731T100231.286 Agent C2541 (2) found a better, legal, HPWL target of 5.744865, originally 8.218058.
20250731T100232.705 Agent L2510 (3) found a better, legal, HPWL target of 9.731635, originally 10.458611.
20250731T100233.992 Agent L2511 (4) found a better, legal, wirelength target of 1.025542, originally 3.006374.
20250731T100234.139 Agent L2511 (4) found a better, legal, HPWL target of 13.085288, originally 21.53176.
20250731T100238.143 Agent C2544 (7) found a better, legal, wirelength target of 2.863488, originally 3.228594.
20250731T100250.266 Agent C2524 (16) found a better, legal, HPWL target of 3.809341, originally 6.573195.
20250731T100255.791 Agent FL2503 (20) found a better, legal, HPWL target of 32.986762, originally 34.950715.
20250731T100257.109 Agent C2503 (21) found a better, legal, wirelength target of 2.19702, originally 3.863855.
20250731T100257.289 Agent C2503 (21) found a better, legal, HPWL target of 7.079882, originally 12.123028.
20250731T100302.494 Agent R2515 (25) found a better, legal, wirelength target of 3.094288, originally 15.462731.
20250731T100303.938 Agent C2540 (26) found a better, legal, HPWL target of 8.809158, originally 10.581964.
20250731T100313.305 Agent C2539 (33) found a better, legal, wirelength target of 2.752126, originally 3.422352.
20250731T100313.440 Agent C2539 (33) found a better, legal, HPWL target of 9.739658, originally 10.464128.
20250731T100321.697 Agent C2541 (2) found a better, legal, HPWL target of 5.102186, originally 5.744865.
20250731T100328.206 Agent C2544 (7) found a better, legal, wirelength target of 2.70198, originally 2.863488.
20250731T100435.247 Agent C2503 (21) found a better, legal, HPWL target of 6.911601, originally 7.079882.
20250731T100542.275 Agent C2539 (33) found a better, legal, wirelength target of 2.404823, originally 2.752126.
20250731T100633.737 Agent C2539 (33) found a better, legal, wirelength target of 2.044837, originally 2.404823.
20250731T100731.278 Agent C2541 (2) found a better, legal, wirelength target of 4.354709, originally 5.28606.
20250731T100800.891 Agent C2503 (21) found a better, legal, wirelength target of 1.942591, originally 2.19702.
20250731T100828.287 Agent C2530 (37) found a better, legal, wirelength target of 3.656434, originally 3.808239.
20250731T100832.118 Agent C2541 (2) found a better, legal, wirelength target of 4.283402, originally 4.354709.
20250731T100856.476 Agent FL2503 (20) found a better, legal, HPWL target of 32.503066, originally 32.986762.
20250731T100904.709 Agent C2540 (26) found a better, legal, HPWL target of 7.820368, originally 8.809158.
20250731T100914.399 Agent C2539 (33) found a better, legal, HPWL target of 9.047828, originally 9.739658.
20250731T101051.949 Agent C2539 (33) found a better, legal, wirelength target of 1.54611, originally 2.044837.
20250731T101150.847 Agent L2510 (3) found a better, legal, HPWL target of 9.079247, originally 9.731635.
20250731T101152.366 Agent L2511 (4) found a better, legal, HPWL target of 13.024537, originally 13.085288.
20250731T101158.089 Agent C2509 (8) found a better, legal, HPWL target of 6.422531, originally 7.685011.
20250731T101222.181 Agent C2540 (26) found a better, legal, HPWL target of 7.681102, originally 7.820368.
20250731T101253.316 Agent FL2503 (20) found a better, legal, HPWL target of 30.809258, originally 32.503066.
20250731T101254.570 Agent C2503 (21) found a better, legal, wirelength target of 1.272482, originally 1.942591.
20250731T101254.718 Agent C2503 (21) found a better, legal, HPWL target of 4.639151, originally 6.911601.
20250731T101257.384 Agent L2502 (23) found a better, legal, HPWL target of 15.258025, originally 22.602268.
20250731T101258.782 Agent L2304 (24) found a better, legal, HPWL target of 5.953376, originally 8.203555.
20250731T101302.728 Agent L2508 (27) found a better, legal, wirelength target of 3.600182, originally 4.296682.
20250731T101302.920 Agent L2508 (27) found a better, legal, HPWL target of 19.880827, originally 21.583426.
20250731T101306.784 Agent C2310 (30) found a better, legal, wirelength target of 3.240404, originally 5.782491.
20250731T101308.346 Agent U2301 (31) found a better, legal, HPWL target of 11.646886, originally 22.774764.
20250731T101342.977 Agent FL2503 (20) found a better, legal, HPWL target of 30.126099, originally 30.809258.
20250731T101344.322 Agent C2503 (21) found a better, legal, wirelength target of 0.868878, originally 1.272482.
20250731T101344.540 Agent C2503 (21) found a better, legal, HPWL target of 4.501619, originally 4.639151.
20250731T101348.683 Agent L2304 (24) found a better, legal, HPWL target of 5.005424, originally 5.953376.
20250731T101352.460 Agent L2508 (27) found a better, legal, wirelength target of 3.381364, originally 3.600182.
20250731T101356.294 Agent C2310 (30) found a better, legal, wirelength target of 3.070167, originally 3.240404.
20250731T101357.795 Agent U2301 (31) found a better, legal, HPWL target of 11.478804, originally 11.646886.
20250731T101404.844 Agent C2530 (37) found a better, legal, HPWL target of 9.284338, originally 9.316087.
20250731T101433.196 Agent FL2503 (20) found a better, legal, HPWL target of 29.348317, originally 30.126099.
20250731T101434.688 Agent C2503 (21) found a better, legal, HPWL target of 3.866419, originally 4.501619.
20250731T101437.649 Agent L2502 (23) found a better, legal, HPWL target of 14.483755, originally 15.258025.
20250731T101438.900 Agent L2304 (24) found a better, legal, wirelength target of 1.292336, originally 2.364897.
20250731T101446.776 Agent C2310 (30) found a better, legal, wirelength target of 2.66153, originally 3.070167.
20250731T101522.541 Agent FL2503 (20) found a better, legal, HPWL target of 29.041675, originally 29.348317.
20250731T101523.946 Agent C2503 (21) found a better, legal, wirelength target of 0.449622, originally 0.868878.
20250731T101527.952 Agent L2304 (24) found a better, legal, wirelength target of 0.923819, originally 1.292336.
20250731T101528.135 Agent L2304 (24) found a better, legal, HPWL target of 4.005491, originally 5.005424.
20250731T101537.378 Agent U2301 (31) found a better, legal, wirelength target of 3.074047, originally 11.829634.
20250731T101626.345 Agent U2301 (31) found a better, legal, HPWL target of 11.316496, originally 11.478804.
20250731T101633.110 Agent C2530 (37) found a better, legal, HPWL target of 9.247078, originally 9.284338.
20250731T101646.419 Agent L2510 (3) found a better, legal, HPWL target of 3.671315, originally 9.079247.
20250731T101651.654 Agent C2544 (7) found a better, legal, wirelength target of 2.044685, originally 2.70198.
20250731T101655.399 Agent L2507 (10) found a better, legal, wirelength target of 2.924125, originally 3.733366.
20250731T101658.093 Agent C2354 (12) found a better, legal, HPWL target of 1.210022, originally 1.997347.
20250731T101715.421 Agent R2515 (25) found a better, legal, wirelength target of 2.541737, originally 3.094288.
20250731T101719.390 Agent L2519 (28) found a better, legal, wirelength target of 3.025536, originally 4.15222.
20250731T101729.653 Agent C2530 (37) found a better, legal, wirelength target of 3.41256, originally 3.656434.
20250731T101734.800 Agent L2510 (3) found a better, legal, wirelength target of 1.210127, originally 4.221444.
20250731T101734.936 Agent L2510 (3) found a better, legal, HPWL target of 3.44915, originally 3.671315.
20250731T101744.043 Agent L2507 (10) found a better, legal, wirelength target of 2.422491, originally 2.924125.
20250731T101843.236 Agent C2575 (18) found a better, legal, wirelength target of 1.648959, originally 9.07929.
20250731T101912.379 Agent L2510 (3) found a better, legal, wirelength target of 1.133913, originally 1.210127.
20250731T101932.229 Agent C2575 (18) found a better, legal, wirelength target of 1.580752, originally 1.648959.
20250731T101941.526 Agent R2515 (25) found a better, legal, wirelength target of 2.275084, originally 2.541737.
20250731T102014.157 Agent C2354 (12) found a better, legal, HPWL target of 0.974051, originally 1.210022.
20250731T102047.254 Agent C2524 (16) found a better, legal, wirelength target of 4.658171, originally 4.755424.
20250731T102100.468 Agent C2540 (26) found a better, legal, wirelength target of 2.54401, originally 3.968812.
20250731T102100.641 Agent C2540 (26) found a better, legal, HPWL target of 5.616905, originally 7.681102.
20250731T102101.970 Agent L2508 (27) found a better, legal, wirelength target of 2.776894, originally 3.381364.
20250731T102103.311 Agent L2519 (28) found a better, legal, wirelength target of 2.984793, originally 3.025536.
20250731T102104.701 Agent FL2504 (29) found a better, legal, HPWL target of 22.113, originally 23.034678.
20250731T102109.023 Agent C2508 (32) found a better, legal, HPWL target of 8.019504, originally 11.692823.
20250731T102122.739 Agent C2528 (5) found a better, legal, HPWL target of 5.661321, originally 5.672279.
20250731T102151.710 Agent L2508 (27) found a better, legal, wirelength target of 2.57984, originally 2.776894.
20250731T102240.092 Agent C2540 (26) found a better, legal, wirelength target of 2.133911, originally 2.54401.
20250731T102240.318 Agent C2540 (26) found a better, legal, HPWL target of 4.8973, originally 5.616905.
20250731T102313.982 Agent C2523 (15) found a better, legal, HPWL target of 2.314447, originally 2.606337.
20250731T102336.695 Agent C2508 (32) found a better, legal, HPWL target of 7.728222, originally 8.019504.
20250731T102350.125 Agent C2528 (5) found a better, legal, HPWL target of 5.65117, originally 5.661321.
20250731T102356.719 Agent L2507 (10) found a better, legal, wirelength target of 2.325744, originally 2.422491.
20250731T102452.532 Agent C2523 (15) found a better, legal, HPWL target of 2.291805, originally 2.314447.
20250731T102506.817 Agent C2540 (26) found a better, legal, wirelength target of 1.679941, originally 2.133911.
20250731T102533.913 Agent L2507 (10) found a better, legal, wirelength target of 1.924895, originally 2.325744.
20250731T102554.960 Agent C2540 (26) found a better, legal, wirelength target of 1.62287, originally 1.679941.
20250731T102622.181 Agent L2507 (10) found a better, legal, wirelength target of 1.884318, originally 1.924895.
20250731T102641.753 Agent C2540 (26) found a better, legal, wirelength target of 1.491881, originally 1.62287.
20250731T102708.925 Agent L2507 (10) found a better, legal, wirelength target of 1.679681, originally 1.884318.
20250731T102730.312 Agent C2540 (26) found a better, legal, wirelength target of 1.483856, originally 1.491881.
20250731T102826.954 Agent FL2334 (35) found a better, legal, wirelength target of 1.516235, originally 1.714144.
20250731T102923.513 Agent C2528 (5) found a better, legal, HPWL target of 4.708374, originally 5.65117.
20250731T102935.882 Agent C2523 (15) found a better, legal, wirelength target of 1.577227, originally 2.104458.
20250731T102936.004 Agent C2523 (15) found a better, legal, HPWL target of 1.968761, originally 2.291805.
20250731T102945.950 Agent L2502 (23) found a better, legal, wirelength target of 3.291452, originally 3.796294.
20250731T103000.047 Agent FL2334 (35) found a better, legal, wirelength target of 1.118823, originally 1.516235.
20250731T103010.092 Agent C2528 (5) found a better, legal, HPWL target of 4.417727, originally 4.708374.
20250731T103022.683 Agent C2523 (15) found a better, legal, wirelength target of 1.49852, originally 1.577227.
20250731T103022.850 Agent C2523 (15) found a better, legal, HPWL target of 1.63487, originally 1.968761.
20250731T103032.679 Agent L2502 (23) found a better, legal, wirelength target of 2.964721, originally 3.291452.
20250731T103041.561 Agent C2310 (30) found a better, legal, HPWL target of 12.583152, originally 13.416859.
20250731T103056.577 Agent C2528 (5) found a better, legal, HPWL target of 4.157923, originally 4.417727.
20250731T103108.392 Agent C2523 (15) found a better, legal, wirelength target of 1.482134, originally 1.49852.
20250731T103118.342 Agent L2502 (23) found a better, legal, wirelength target of 2.876774, originally 2.964721.
20250731T103156.034 Agent C2523 (15) found a better, legal, wirelength target of 1.408741, originally 1.482134.
20250731T103353.651 Agent FL2504 (29) found a better, legal, HPWL target of 21.810941, originally 22.113.
20250731T103423.965 Agent C2523 (15) found a better, legal, wirelength target of 1.293872, originally 1.408741.
20250731T103424.138 Agent C2523 (15) found a better, legal, HPWL target of 1.428426, originally 1.63487.
20250731T103443.483 Agent FL2504 (29) found a better, legal, HPWL target of 21.438539, originally 21.810941.
20250731T103511.170 Agent C2537 (13) found a better, legal, HPWL target of 5.987249, originally 6.032792.
20250731T103804.237 Agent C2508 (32) found a better, legal, wirelength target of 2.016256, originally 2.160346.
20250731T103935.258 Agent C2540 (26) found a better, legal, HPWL target of 4.83408, originally 4.8973.
20250731T104112.823 Agent C2540 (26) found a better, legal, HPWL target of 4.587772, originally 4.83408.
20250731T104323.024 Agent C2541 (2) found a better, legal, wirelength target of 4.172463, originally 4.283402.
20250731T104356.259 Agent L2508 (27) found a better, legal, HPWL target of 12.769963, originally 19.880827.
20250731T104357.598 Agent L2519 (28) found a better, legal, wirelength target of 2.563162, originally 2.984793.
20250731T104359.120 Agent FL2504 (29) found a better, legal, HPWL target of 19.274633, originally 21.438539.
20250731T104408.585 Agent C2530 (37) found a better, legal, HPWL target of 7.041525, originally 9.247078.
20250731T104412.540 Agent C2541 (2) found a better, legal, wirelength target of 4.102996, originally 4.172463.
20250731T104412.760 Agent C2541 (2) found a better, legal, HPWL target of 4.798604, originally 5.102186.
20250731T104425.195 Agent C2502 (11) found a better, legal, HPWL target of 5.515353, originally 6.225001.
20250731T104458.378 Agent C2530 (37) found a better, legal, wirelength target of 1.121981, originally 3.41256.
20250731T104548.162 Agent C2530 (37) found a better, legal, wirelength target of 0.893008, originally 1.121981.
20250731T104731.794 Agent C2508 (32) found a better, legal, wirelength target of 1.053284, originally 2.016256.
20250731T104919.196 Agent C2530 (37) found a better, legal, wirelength target of 0.843483, originally 0.893008.
20250731T105002.919 Agent C2508 (32) found a better, legal, wirelength target of 0.846248, originally 1.053284.
20250731T105008.493 Agent C2530 (37) found a better, legal, wirelength target of 0.61816, originally 0.843483.
20250731T105101.309 Agent C2541 (2) found a better, legal, wirelength target of 4.078927, originally 4.102996.
20250731T105145.937 Agent FL2334 (35) found a better, legal, wirelength target of 0.990716, originally 1.118823.
20250731T105243.722 Agent FL2504 (29) found a better, legal, wirelength target of 5.96984, originally 7.687234.
20250731T105541.422 Agent C2539 (33) found a better, legal, HPWL target of 7.962286, originally 9.047828.
20250731T105545.355 Agent C2530 (37) found a better, legal, HPWL target of 6.899673, originally 7.041525.
20250731T105724.538 Agent C2530 (37) found a better, legal, HPWL target of 5.832283, originally 6.899673.
20250731T110236.849 Agent C2504 (0) found a better, legal, wirelength target of 1.77547, originally 2.133497.
20250731T110257.687 Agent C2524 (16) found a better, legal, wirelength target of 2.667204, originally 4.658171.
20250731T110324.832 Agent C2504 (0) found a better, legal, wirelength target of 1.190818, originally 1.77547.
20250731T110346.692 Agent C2524 (16) found a better, legal, wirelength target of 2.562517, originally 2.667204.
20250731T110434.438 Agent C2524 (16) found a better, legal, HPWL target of 3.374297, originally 3.809341.
20250731T110521.470 Agent C2524 (16) found a better, legal, HPWL target of 3.284355, originally 3.374297.
20250731T110608.109 Agent C2524 (16) found a better, legal, HPWL target of 3.058884, originally 3.284355.
20250731T110656.020 Agent C2524 (16) found a better, legal, wirelength target of 2.398162, originally 2.562517.
20250731T111305.510 Agent C2528 (5) found a better, legal, wirelength target of 2.011287, originally 3.562386.
20250731T111329.179 Agent L2502 (23) found a better, legal, wirelength target of 1.707579, originally 2.876774.
20250731T111334.166 Agent L2508 (27) found a better, legal, wirelength target of 1.779826, originally 2.57984.
20250731T111441.847 Agent C2528 (5) found a better, legal, wirelength target of 1.720125, originally 2.011287.
20250731T111506.125 Agent L2502 (23) found a better, legal, wirelength target of 1.344978, originally 1.707579.
20250731T111531.093 Agent C2528 (5) found a better, legal, wirelength target of 1.64838, originally 1.720125.
20250731T111531.231 Agent C2528 (5) found a better, legal, HPWL target of 1.778582, originally 4.157923.
20250731T111600.310 Agent L2508 (27) found a better, legal, wirelength target of 1.469738, originally 1.779826.
20250731T111609.575 Agent FL2334 (35) found a better, legal, HPWL target of 4.154145, originally 6.686235.
20250731T111643.585 Agent L2502 (23) found a better, legal, wirelength target of 1.32788, originally 1.344978.
20250731T111738.519 Agent L2508 (27) found a better, legal, wirelength target of 1.208598, originally 1.469738.
20250731T111938.945 Agent C2544 (7) found a better, legal, wirelength target of 1.858471, originally 2.044685.
20250731T112002.845 Agent R2515 (25) found a better, legal, wirelength target of 1.996895, originally 2.275084.
20250731T112051.916 Agent R2515 (25) found a better, legal, wirelength target of 1.821714, originally 1.996895.
20250731T112058.562 Agent C2310 (30) found a better, legal, wirelength target of 1.08459, originally 2.66153.
20250731T112117.281 Agent C2544 (7) found a better, legal, wirelength target of 1.538371, originally 1.858471.
20250731T112117.443 Agent C2544 (7) found a better, legal, HPWL target of 1.708819, originally 1.925364.
20250731T112140.910 Agent R2515 (25) found a better, legal, wirelength target of 1.782209, originally 1.821714.
20250731T112205.929 Agent C2544 (7) found a better, legal, wirelength target of 1.26293, originally 1.538371.
20250731T112206.106 Agent C2544 (7) found a better, legal, HPWL target of 1.499874, originally 1.708819.
20250731T112229.846 Agent R2515 (25) found a better, legal, wirelength target of 1.510479, originally 1.782209.
20250731T112407.951 Agent R2515 (25) found a better, legal, wirelength target of 0.534002, originally 1.510479.
20250731T112408.083 Agent R2515 (25) found a better, legal, HPWL target of 0.705751, originally 1.717851.
20250731T112523.243 Agent C2544 (7) found a better, legal, wirelength target of 1.060641, originally 1.26293.
20250731T112523.414 Agent C2544 (7) found a better, legal, HPWL target of 1.495034, originally 1.499874.
20250731T112611.511 Agent C2544 (7) found a better, legal, wirelength target of 0.632978, originally 1.060641.
20250731T112930.716 Agent C2583 (9) found a better, legal, wirelength target of 3.040079, originally 3.292679.
20250731T112930.847 Agent C2583 (9) found a better, legal, HPWL target of 7.900158, originally 8.46389.
20250731T113002.506 Agent C2539 (33) found a better, legal, wirelength target of 1.18821, originally 1.54611.
20250731T113002.659 Agent C2539 (33) found a better, legal, HPWL target of 7.849058, originally 7.962286.
20250731T113019.464 Agent C2583 (9) found a better, legal, wirelength target of 2.908918, originally 3.040079.
20250731T113019.624 Agent C2583 (9) found a better, legal, HPWL target of 7.700795, originally 7.900158.
20250731T113051.552 Agent C2539 (33) found a better, legal, HPWL target of 7.794835, originally 7.849058.
20250731T113108.052 Agent C2583 (9) found a better, legal, wirelength target of 2.888393, originally 2.908918.
20250731T113156.168 Agent C2583 (9) found a better, legal, wirelength target of 2.640935, originally 2.888393.
20250731T113243.152 Agent C2583 (9) found a better, legal, wirelength target of 2.519805, originally 2.640935.
20250731T113330.042 Agent C2583 (9) found a better, legal, wirelength target of 2.518215, originally 2.519805.
20250731T113400.817 Agent C2524 (16) found a better, legal, wirelength target of 1.646116, originally 2.398162.
20250731T113400.934 Agent C2524 (16) found a better, legal, HPWL target of 2.300724, originally 3.058884.
20250731T113449.876 Agent C2524 (16) found a better, legal, wirelength target of 1.270084, originally 1.646116.
20250731T113450.021 Agent C2524 (16) found a better, legal, HPWL target of 1.650397, originally 2.300724.
20250731T113742.098 Agent C2504 (0) found a better, legal, wirelength target of 1.176428, originally 1.190818.
20250731T113810.628 Agent R2521 (22) found a better, legal, wirelength target of 0.647227, originally 0.706144.
20250731T113830.240 Agent C2504 (0) found a better, legal, wirelength target of 0.908219, originally 1.176428.
20250731T113912.758 Agent C2539 (33) found a better, legal, HPWL target of 6.615888, originally 7.794835.
20250731T113918.005 Agent C2504 (0) found a better, legal, wirelength target of 0.825384, originally 0.908219.
20250731T113947.038 Agent R2521 (22) found a better, legal, wirelength target of 0.547651, originally 0.647227.
20250731T114006.824 Agent C2504 (0) found a better, legal, wirelength target of 0.451876, originally 0.825384.
20250731T114010.865 Agent L2510 (3) found a better, legal, wirelength target of 0.646398, originally 1.133913.
20250731T114228.225 Agent C2539 (33) found a better, legal, HPWL target of 5.709347, originally 6.615888.
20250731T114309.810 Agent L2519 (28) found a better, legal, wirelength target of 2.203323, originally 2.563162.
20250731T114316.389 Agent C2539 (33) found a better, legal, HPWL target of 5.489821, originally 5.709347.
20250731T114521.503 Agent R2521 (22) found a better, legal, wirelength target of 0.517499, originally 0.547651.
20250731T114723.714 Agent C2583 (9) found a better, legal, wirelength target of 1.604804, originally 2.518215.
20250731T114754.131 Agent C2539 (33) found a better, legal, HPWL target of 4.552498, originally 5.489821.
20250731T114911.669 Agent R2521 (22) found a better, legal, wirelength target of 0.33989, originally 0.517499.
20250731T114930.524 Agent C2504 (0) found a better, legal, HPWL target of 6.518398, originally 7.060044.
20250731T115017.169 Agent C2504 (0) found a better, legal, HPWL target of 6.454252, originally 6.518398.
20250731T115028.460 Agent C2583 (9) found a better, legal, wirelength target of 1.194552, originally 1.604804.
20250731T115103.411 Agent C2504 (0) found a better, legal, HPWL target of 5.921392, originally 6.454252.
20250731T115402.769 Agent C2539 (33) found a better, legal, HPWL target of 4.225975, originally 4.552498.
20250731T120829.237 Agent L2508 (27) found a better, legal, wirelength target of 1.062507, originally 1.208598.
20250731T121106.325 Agent FL2504 (29) found a better, legal, HPWL target of 9.549337, originally 19.274633.
20250731T121110.774 Agent C2508 (32) found a better, legal, HPWL target of 5.695863, originally 7.728222.
20250731T121116.072 Agent C2530 (37) found a better, legal, HPWL target of 4.768384, originally 5.832283.
20250731T121556.774 Agent C2508 (32) found a better, legal, HPWL target of 4.137021, originally 5.695863.
20250731T121608.230 Agent L2511 (4) found a better, legal, wirelength target of 0.498132, originally 1.025542.
20250731T121729.302 Agent FL2504 (29) found a better, legal, HPWL target of 9.170383, originally 9.549337.
20250731T121822.222 Agent C2508 (32) found a better, legal, HPWL target of 3.52097, originally 4.137021.
20250731T122047.010 Agent C2508 (32) found a better, legal, HPWL target of 3.455737, originally 3.52097.
20250731T122447.626 Agent C2310 (30) found a better, legal, HPWL target of 12.275607, originally 12.583152.
20250731T123353.111 Agent R2302 (14) found a better, legal, HPWL target of 2.4513, originally 4.57857.
20250731T123359.733 Agent C2308 (19) found a better, legal, HPWL target of 2.212003, originally 3.811226.
20250731T124025.602 Agent R2302 (14) found a better, legal, HPWL target of 1.448572, originally 2.4513.
20250731T124032.153 Agent C2308 (19) found a better, legal, HPWL target of 2.077321, originally 2.212003.
20250731T124120.116 Agent C2308 (19) found a better, legal, HPWL target of 1.71054, originally 2.077321.
20250731T124208.248 Agent C2308 (19) found a better, legal, HPWL target of 1.510142, originally 1.71054.
20250731T125034.697 Agent FL2504 (29) found a better, legal, wirelength target of 3.787646, originally 5.96984.
20250731T125122.381 Agent FL2504 (29) found a better, legal, wirelength target of 3.703244, originally 3.787646.
20250731T125130.436 Agent C2353 (36) found a better, legal, wirelength target of 0.852877, originally 1.517409.
20250731T125149.808 Agent C2354 (12) found a better, legal, wirelength target of 1.219073, originally 1.30032.
20250731T125238.625 Agent C2354 (12) found a better, legal, wirelength target of 1.210052, originally 1.219073.
20250731T125327.831 Agent C2354 (12) found a better, legal, wirelength target of 0.758536, originally 1.210052.
20250731T125357.493 Agent C2353 (36) found a better, legal, HPWL target of 9.836422, originally 13.093438.
20250731T125439.139 Agent FL2504 (29) found a better, legal, wirelength target of 3.69602, originally 3.703244.
20250731T125447.313 Agent C2353 (36) found a better, legal, HPWL target of 9.524287, originally 9.836422.
20250731T125505.398 Agent C2354 (12) found a better, legal, wirelength target of 0.381024, originally 0.758536.
20250731T125505.544 Agent C2354 (12) found a better, legal, HPWL target of 0.491916, originally 0.974051.
20250731T125528.337 Agent FL2504 (29) found a better, legal, wirelength target of 3.687599, originally 3.69602.
20250731T125536.274 Agent C2353 (36) found a better, legal, wirelength target of 0.381282, originally 0.852877.
20250731T125555.141 Agent C2354 (12) found a better, legal, wirelength target of 0.197659, originally 0.381024.
20250731T125555.262 Agent C2354 (12) found a better, legal, HPWL target of 0.22384, originally 0.491916.
20250731T125625.782 Agent C2353 (36) found a better, legal, HPWL target of 9.187825, originally 9.524287.
20250731T125705.621 Agent FL2504 (29) found a better, legal, wirelength target of 3.083669, originally 3.687599.
20250731T130037.315 Agent C2541 (2) found a better, legal, wirelength target of 3.378315, originally 4.078927.
20250731T130235.584 Agent R2503 (17) found a better, legal, HPWL target of 18.062612, originally 19.369818.
20250731T130529.761 Agent C2541 (2) found a better, legal, HPWL target of 4.142154, originally 4.798604.
20250731T130532.291 Agent L2511 (4) found a better, legal, HPWL target of 12.861881, originally 13.024537.
20250731T130616.819 Agent C2541 (2) found a better, legal, HPWL target of 3.768972, originally 4.142154.
20250731T131949.170 Agent C2539 (33) found a better, legal, wirelength target of 1.017897, originally 1.18821.
20250731T132355.402 Agent L2519 (28) found a better, legal, wirelength target of 1.396264, originally 2.203323.
20250731T132616.035 Agent L2508 (27) found a better, legal, wirelength target of 0.914255, originally 1.062507.
20250731T132706.430 Agent L2519 (28) found a better, legal, wirelength target of 0.948216, originally 1.396264.
20250731T132755.374 Agent L2519 (28) found a better, legal, wirelength target of 0.532651, originally 0.948216.
20250731T132901.101 Agent C2507 (1) found a better, legal, wirelength target of 0.873297, originally 1.221034.
20250731T132902.562 Agent C2541 (2) found a better, legal, wirelength target of 2.59557, originally 3.378315.
20250731T132951.822 Agent C2541 (2) found a better, legal, wirelength target of 2.47361, originally 2.59557.
20250731T133033.133 Agent C2539 (33) found a better, legal, wirelength target of 0.682597, originally 1.017897.
20250731T133040.235 Agent C2507 (1) found a better, legal, HPWL target of 0.778228, originally 1.345083.
20250731T133041.575 Agent C2541 (2) found a better, legal, wirelength target of 2.406928, originally 2.47361.
20250731T133041.730 Agent C2541 (2) found a better, legal, HPWL target of 3.284548, originally 3.768972.
20250731T133044.696 Agent L2511 (4) found a better, legal, HPWL target of 12.283233, originally 12.861881.
20250731T133122.292 Agent C2539 (33) found a better, legal, wirelength target of 0.446585, originally 0.682597.
20250731T133129.430 Agent C2507 (1) found a better, legal, HPWL target of 0.749989, originally 0.778228.
20250731T133130.602 Agent C2541 (2) found a better, legal, wirelength target of 2.086511, originally 2.406928.
20250731T133130.793 Agent C2541 (2) found a better, legal, HPWL target of 2.771913, originally 3.284548.
20250731T133133.690 Agent L2511 (4) found a better, legal, HPWL target of 11.130139, originally 12.283233.
20250731T133220.538 Agent C2507 (1) found a better, legal, HPWL target of 0.694283, originally 0.749989.
20250731T133221.847 Agent C2541 (2) found a better, legal, wirelength target of 2.059795, originally 2.086511.
20250731T133222.026 Agent C2541 (2) found a better, legal, HPWL target of 2.527376, originally 2.771913.
20250731T133310.636 Agent C2507 (1) found a better, legal, HPWL target of 0.61571, originally 0.694283.
20250731T133311.892 Agent C2541 (2) found a better, legal, wirelength target of 1.957419, originally 2.059795.
20250731T133312.025 Agent C2541 (2) found a better, legal, HPWL target of 2.242799, originally 2.527376.
20250731T133449.449 Agent C2507 (1) found a better, legal, wirelength target of 0.793877, originally 0.873297.
20250731T133450.847 Agent C2541 (2) found a better, legal, wirelength target of 1.636136, originally 1.957419.
20250731T133451.001 Agent C2541 (2) found a better, legal, HPWL target of 1.645937, originally 2.242799.
20250731T133453.878 Agent L2511 (4) found a better, legal, HPWL target of 10.97668, originally 11.130139.
20250731T133718.582 Agent C2541 (2) found a better, legal, wirelength target of 1.45322, originally 1.636136.
20250731T133804.140 Agent C2541 (2) found a better, legal, HPWL target of 1.276959, originally 1.645937.
20250731T133806.861 Agent L2511 (4) found a better, legal, HPWL target of 10.508507, originally 10.97668.
20250731T133940.086 Agent C2507 (1) found a better, legal, wirelength target of 0.525194, originally 0.793877.
20250731T134113.122 Agent C2541 (2) found a better, legal, wirelength target of 1.185122, originally 1.45322.
20250731T134159.072 Agent C2541 (2) found a better, legal, wirelength target of 0.855175, originally 1.185122.
20250731T134245.786 Agent C2541 (2) found a better, legal, HPWL target of 1.171662, originally 1.276959.
20250731T134332.404 Agent C2541 (2) found a better, legal, wirelength target of 0.674977, originally 0.855175.
20250731T134509.697 Agent C2528 (5) found a better, legal, HPWL target of 1.153155, originally 1.778582.
20250731T134820.414 Agent C2528 (5) found a better, legal, HPWL target of 0.512394, originally 1.153155.
20250731T135314.455 Agent C2541 (2) found a better, legal, HPWL target of 1.033371, originally 1.171662.
20250731T135450.986 Agent C2541 (2) found a better, legal, wirelength target of 0.637666, originally 0.674977.
20250731T135451.189 Agent C2541 (2) found a better, legal, HPWL target of 0.776875, originally 1.033371.
20250731T140305.257 Agent C2544 (7) found a better, legal, HPWL target of 0.758493, originally 1.495034.
20250731T141431.103 Agent C2575 (18) found a better, legal, wirelength target of 1.041819, originally 1.580752.
20250731T141520.439 Agent C2575 (18) found a better, legal, wirelength target of 1.018705, originally 1.041819.
20250731T141748.921 Agent C2575 (18) found a better, legal, wirelength target of 0.673618, originally 1.018705.
20250731T141837.515 Agent C2575 (18) found a better, legal, wirelength target of 0.570571, originally 0.673618.
20250731T143411.662 Agent C2530 (37) found a better, legal, wirelength target of 0.60143, originally 0.61816.
20250731T144720.629 Agent FL2334 (35) found a better, legal, wirelength target of 0.903264, originally 0.990716.
20250731T145913.586 Agent L2507 (10) found a better, legal, wirelength target of 0.619633, originally 1.679681.
20250731T145959.348 Agent L2507 (10) found a better, legal, wirelength target of 0.413084, originally 0.619633.
20250731T150154.019 Agent L2519 (28) found a better, legal, HPWL target of 7.457791, originally 7.630936.
20250731T150302.549 Agent C2583 (9) found a better, legal, HPWL target of 7.689292, originally 7.700795.
20250731T150445.133 Agent C2537 (13) found a better, legal, HPWL target of 5.970586, originally 5.987249.
20250731T150618.238 Agent C2583 (9) found a better, legal, HPWL target of 7.094632, originally 7.689292.
20250731T150643.613 Agent L2519 (28) found a better, legal, HPWL target of 7.399778, originally 7.457791.
20250731T150713.678 Agent C2537 (13) found a better, legal, HPWL target of 5.829214, originally 5.970586.
20250731T150846.092 Agent C2583 (9) found a better, legal, HPWL target of 6.976899, originally 7.094632.
20250731T150911.710 Agent L2519 (28) found a better, legal, HPWL target of 7.157963, originally 7.399778.
20250731T151000.699 Agent L2519 (28) found a better, legal, HPWL target of 7.118043, originally 7.157963.
20250731T151113.646 Agent C2583 (9) found a better, legal, HPWL target of 6.681807, originally 6.976899.
20250731T151809.031 Agent C2310 (30) found a better, legal, wirelength target of 0.92769, originally 1.08459.
20250731T151937.620 Agent C2528 (5) found a better, legal, wirelength target of 1.384762, originally 1.64838.
20250731T152001.359 Agent L2502 (23) found a better, legal, wirelength target of 0.502955, originally 1.32788.
20250731T152027.049 Agent C2528 (5) found a better, legal, wirelength target of 0.354278, originally 1.384762.
20250731T152042.847 Agent R2503 (17) found a better, legal, wirelength target of 0.232376, originally 0.394231.
20250731T152119.685 Agent C2509 (8) found a better, legal, HPWL target of 3.603847, originally 6.422531.
20250731T152344.655 Agent C2509 (8) found a better, legal, HPWL target of 3.321099, originally 3.603847.
20250731T152958.680 Agent C2539 (33) found a better, legal, wirelength target of 0.416979, originally 0.446585.
20250731T153007.514 Agent L2510 (3) found a better, legal, wirelength target of 0.457626, originally 0.646398.
20250731T153045.544 Agent C2539 (33) found a better, legal, wirelength target of 0.286946, originally 0.416979.
20250731T154422.786 Agent L2519 (28) found a better, legal, wirelength target of 0.448586, originally 0.532651.
20250731T154446.204 Agent C2583 (9) found a better, legal, wirelength target of 0.313796, originally 1.194552.
20250731T154559.448 Agent L2519 (28) found a better, legal, wirelength target of 0.326216, originally 0.448586.
20250731T154745.702 Agent C2310 (30) found a better, legal, HPWL target of 11.156442, originally 12.275607.
20250731T155229.118 Agent L2502 (23) found a better, legal, HPWL target of 13.189325, originally 14.483755.
20250731T160107.742 Agent L2507 (10) found a better, legal, HPWL target of 5.474178, originally 6.035193.
20250731T160111.701 Agent C2537 (13) found a better, legal, HPWL target of 5.66734, originally 5.829214.
20250731T160245.786 Agent L2507 (10) found a better, legal, HPWL target of 5.333903, originally 5.474178.
20250731T160353.354 Agent C2540 (26) found a better, legal, wirelength target of 1.387337, originally 1.483856.
20250731T160731.908 Agent L2507 (10) found a better, legal, HPWL target of 4.474782, originally 5.333903.
20250731T160735.948 Agent C2537 (13) found a better, legal, HPWL target of 4.305766, originally 5.66734.
20250731T160907.511 Agent L2507 (10) found a better, legal, HPWL target of 4.167692, originally 4.474782.
20250731T160955.717 Agent L2507 (10) found a better, legal, HPWL target of 3.889478, originally 4.167692.
20250731T160959.659 Agent C2537 (13) found a better, legal, HPWL target of 3.54216, originally 4.305766.
20250731T161042.934 Agent L2507 (10) found a better, legal, HPWL target of 3.171314, originally 3.889478.
20250731T161046.922 Agent C2537 (13) found a better, legal, HPWL target of 2.925411, originally 3.54216.
20250731T161217.961 Agent L2507 (10) found a better, legal, HPWL target of 3.159766, originally 3.171314.
20250731T161222.090 Agent C2537 (13) found a better, legal, HPWL target of 2.911081, originally 2.925411.
20250731T161305.503 Agent L2507 (10) found a better, legal, HPWL target of 3.106412, originally 3.159766.
20250731T161353.195 Agent L2507 (10) found a better, legal, HPWL target of 2.613001, originally 3.106412.
20250731T161529.496 Agent L2507 (10) found a better, legal, HPWL target of 2.357445, originally 2.613001.
20250731T161533.647 Agent C2537 (13) found a better, legal, HPWL target of 2.835522, originally 2.911081.
20250731T162349.920 Agent C2508 (32) found a better, legal, wirelength target of 0.668235, originally 0.846248.
20250731T162433.573 Agent FL2504 (29) found a better, legal, wirelength target of 2.888042, originally 3.083669.
20250731T162437.369 Agent C2508 (32) found a better, legal, wirelength target of 0.397269, originally 0.668235.
20250731T162520.153 Agent FL2504 (29) found a better, legal, wirelength target of 2.335127, originally 2.888042.
20250731T162657.351 Agent C2508 (32) found a better, legal, wirelength target of 0.315271, originally 0.397269.
20250731T162842.951 Agent C2540 (26) found a better, legal, wirelength target of 1.35473, originally 1.387337.
20250731T162906.616 Agent C2540 (26) found a better, legal, wirelength target of 1.274896, originally 1.35473.
20250731T162951.389 Agent C2540 (26) found a better, legal, wirelength target of 0.762902, originally 1.274896.
20250731T163316.381 Agent L2508 (27) found a better, legal, wirelength target of 0.871155, originally 0.914255.
20250731T163321.913 Agent C2530 (37) found a better, legal, wirelength target of 0.468821, originally 0.60143.
20250731T163338.763 Agent L2508 (27) found a better, legal, wirelength target of 0.557606, originally 0.871155.
20250731T163401.264 Agent L2508 (27) found a better, legal, wirelength target of 0.326987, originally 0.557606.
20250731T163902.775 Agent L2502 (23) found a better, legal, HPWL target of 11.444893, originally 13.189325.
20250731T164111.120 Agent C2524 (16) found a better, legal, wirelength target of 0.886647, originally 1.270084.
20250731T165015.106 Agent C2540 (26) found a better, legal, HPWL target of 4.293915, originally 4.587772.
20250731T165023.922 Agent L2511 (4) found a better, legal, wirelength target of 0.328429, originally 0.498132.
