20250731T093321.980 Agent C2504 (0) found a better, legal, wirelength target of 2.827353, originally 1000000.0.
20250731T093322.068 Agent C2504 (0) found a better, legal, HPWL target of 9.075674, originally 1000000.0.
20250731T093322.763 Agent C2507 (1) found a better, legal, wirelength target of 1.358141, originally 1000000.0.
20250731T093322.874 Agent C2507 (1) found a better, legal, HPWL target of 1.850648, originally 1000000.0.
20250731T093323.716 Agent C2541 (2) found a better, legal, HPWL target of 10.602691, originally 1000000.0.
20250731T093324.463 Agent L2510 (3) found a better, legal, wirelength target of 7.636921, originally 1000000.0.
20250731T093324.581 Agent L2510 (3) found a better, legal, HPWL target of 17.998299, originally 1000000.0.
20250731T093325.733 Agent L2511 (4) found a better, legal, HPWL target of 21.872265, originally 1000000.0.
20250731T093326.654 Agent C2528 (5) found a better, legal, wirelength target of 16.842155, originally 1000000.0.
20250731T093326.789 Agent C2528 (5) found a better, legal, HPWL target of 22.842991, originally 1000000.0.
20250731T093327.822 Agent C2305 (6) found a better, legal, wirelength target of 6.825084, originally 1000000.0.
20250731T093327.970 Agent C2305 (6) found a better, legal, HPWL target of 7.078842, originally 1000000.0.
20250731T093329.043 Agent C2544 (7) found a better, legal, wirelength target of 7.767388, originally 1000000.0.
20250731T093329.144 Agent C2544 (7) found a better, legal, HPWL target of 10.898159, originally 1000000.0.
20250731T093330.165 Agent C2509 (8) found a better, legal, wirelength target of 1.31381, originally 1000000.0.
20250731T093330.372 Agent C2509 (8) found a better, legal, HPWL target of 10.263557, originally 1000000.0.
20250731T093331.788 Agent C2583 (9) found a better, legal, HPWL target of 13.60816, originally 1000000.0.
20250731T093332.973 Agent L2507 (10) found a better, legal, wirelength target of 3.780121, originally 1000000.0.
20250731T093333.151 Agent L2507 (10) found a better, legal, HPWL target of 7.989502, originally 1000000.0.
20250731T093334.320 Agent C2502 (11) found a better, legal, wirelength target of 0.0, originally 1000000.0.
20250731T093334.439 Agent C2502 (11) found a better, legal, HPWL target of 12.002822, originally 1000000.0.
20250731T093335.751 Agent C2354 (12) found a better, legal, HPWL target of 4.888964, originally 1000000.0.
20250731T093336.974 Agent C2537 (13) found a better, legal, wirelength target of 4.012648, originally 1000000.0.
20250731T093337.207 Agent C2537 (13) found a better, legal, HPWL target of 8.237124, originally 1000000.0.
20250731T093338.451 Agent R2302 (14) found a better, legal, wirelength target of 0.0, originally 1000000.0.
20250731T093338.636 Agent R2302 (14) found a better, legal, HPWL target of 19.452731, originally 1000000.0.
20250731T093339.709 Agent C2523 (15) found a better, legal, wirelength target of 9.249733, originally 1000000.0.
20250731T093339.854 Agent C2523 (15) found a better, legal, HPWL target of 11.265423, originally 1000000.0.
20250731T093342.554 Agent R2503 (17) found a better, legal, wirelength target of 0.597525, originally 1000000.0.
20250731T093343.950 Agent C2575 (18) found a better, legal, wirelength target of 9.13797, originally 1000000.0.
20250731T093346.422 Agent FL2503 (20) found a better, legal, wirelength target of 13.653356, originally 1000000.0.
20250731T093347.775 Agent C2503 (21) found a better, legal, wirelength target of 4.372569, originally 1000000.0.
20250731T093349.207 Agent R2521 (22) found a better, legal, wirelength target of 4.275397, originally 1000000.0.
20250731T093351.918 Agent L2304 (24) found a better, legal, wirelength target of 9.621529, originally 1000000.0.
20250731T093354.443 Agent C2540 (26) found a better, legal, wirelength target of 5.656119, originally 1000000.0.
20250731T093355.667 Agent L2508 (27) found a better, legal, wirelength target of 6.078502, originally 1000000.0.
20250731T093359.700 Agent C2310 (30) found a better, legal, wirelength target of 6.289874, originally 1000000.0.
20250731T093401.006 Agent U2301 (31) found a better, legal, wirelength target of 25.958809, originally 1000000.0.
20250731T093402.430 Agent C2508 (32) found a better, legal, wirelength target of 2.446544, originally 1000000.0.
20250731T093405.193 Agent FL2334 (35) found a better, legal, wirelength target of 4.839452, originally 1000000.0.
20250731T093406.690 Agent C2353 (36) found a better, legal, wirelength target of 4.701126, originally 1000000.0.
20250731T093409.436 Agent C2504 (0) found a better, legal, wirelength target of 2.665044, originally 2.827353.
20250731T093419.724 Agent C2509 (8) found a better, legal, wirelength target of 0.585495, originally 1.31381.
20250731T093422.542 Agent L2507 (10) found a better, legal, wirelength target of 3.733366, originally 3.780121.
20250731T093426.605 Agent C2537 (13) found a better, legal, wirelength target of 3.770049, originally 4.012648.
20250731T093430.570 Agent C2524 (16) found a better, legal, HPWL target of 11.961549, originally 1000000.0.
20250731T093431.977 Agent R2503 (17) found a better, legal, HPWL target of 19.369818, originally 1000000.0.
20250731T093433.340 Agent C2575 (18) found a better, legal, HPWL target of 17.171316, originally 1000000.0.
20250731T093434.693 Agent C2308 (19) found a better, legal, HPWL target of 19.622355, originally 1000000.0.
20250731T093435.905 Agent FL2503 (20) found a better, legal, wirelength target of 12.638693, originally 13.653356.
20250731T093436.027 Agent FL2503 (20) found a better, legal, HPWL target of 36.899433, originally 1000000.0.
20250731T093437.362 Agent C2503 (21) found a better, legal, HPWL target of 18.405286, originally 1000000.0.
20250731T093438.560 Agent R2521 (22) found a better, legal, HPWL target of 24.865057, originally 1000000.0.
20250731T093440.005 Agent L2502 (23) found a better, legal, HPWL target of 41.435494, originally 1000000.0.
20250731T093441.526 Agent L2304 (24) found a better, legal, wirelength target of 9.124979, originally 9.621529.
20250731T093441.705 Agent L2304 (24) found a better, legal, HPWL target of 14.788607, originally 1000000.0.
20250731T093443.160 Agent R2515 (25) found a better, legal, HPWL target of 12.424319, originally 1000000.0.
20250731T093444.381 Agent C2540 (26) found a better, legal, wirelength target of 5.514656, originally 5.656119.
20250731T093444.496 Agent C2540 (26) found a better, legal, HPWL target of 10.686886, originally 1000000.0.
20250731T093445.761 Agent L2508 (27) found a better, legal, HPWL target of 26.741632, originally 1000000.0.
20250731T093447.228 Agent L2519 (28) found a better, legal, HPWL target of 13.555463, originally 1000000.0.
20250731T093448.758 Agent FL2504 (29) found a better, legal, HPWL target of 26.476472, originally 1000000.0.
20250731T093450.100 Agent C2310 (30) found a better, legal, HPWL target of 14.905288, originally 1000000.0.
20250731T093451.591 Agent U2301 (31) found a better, legal, HPWL target of 40.413932, originally 1000000.0.
20250731T093452.839 Agent C2508 (32) found a better, legal, wirelength target of 2.344171, originally 2.446544.
20250731T093452.955 Agent C2508 (32) found a better, legal, HPWL target of 11.692823, originally 1000000.0.
20250731T093454.404 Agent C2539 (33) found a better, legal, HPWL target of 18.89781, originally 1000000.0.
20250731T093455.836 Agent FL2334 (35) found a better, legal, wirelength target of 4.200675, originally 4.839452.
20250731T093455.953 Agent FL2334 (35) found a better, legal, HPWL target of 8.227496, originally 1000000.0.
20250731T093457.334 Agent C2353 (36) found a better, legal, HPWL target of 14.670828, originally 1000000.0.
20250731T093458.806 Agent C2530 (37) found a better, legal, HPWL target of 14.168626, originally 1000000.0.
20250731T093500.062 Agent C2504 (0) found a better, legal, wirelength target of 2.329413, originally 2.665044.
20250731T093500.219 Agent C2504 (0) found a better, legal, HPWL target of 7.623397, originally 9.075674.
20250731T093502.607 Agent C2541 (2) found a better, legal, wirelength target of 7.471823, originally 1000000.0.
20250731T093502.750 Agent C2541 (2) found a better, legal, HPWL target of 10.554174, originally 10.602691.
20250731T093507.896 Agent C2305 (6) found a better, legal, wirelength target of 6.442595, originally 6.825084.
20250731T093507.998 Agent C2305 (6) found a better, legal, HPWL target of 6.605227, originally 7.078842.
20250731T093510.679 Agent C2509 (8) found a better, legal, HPWL target of 8.547463, originally 10.263557.
20250731T093512.014 Agent C2583 (9) found a better, legal, wirelength target of 3.292679, originally 1000000.0.
20250731T093512.159 Agent C2583 (9) found a better, legal, HPWL target of 13.555463, originally 13.60816.
20250731T093514.694 Agent C2502 (11) found a better, legal, HPWL target of 11.333477, originally 12.002822.
20250731T093516.145 Agent C2354 (12) found a better, legal, wirelength target of 4.556813, originally 1000000.0.
20250731T093516.271 Agent C2354 (12) found a better, legal, HPWL target of 4.86026, originally 4.888964.
20250731T093520.310 Agent C2523 (15) found a better, legal, HPWL target of 11.174873, originally 11.265423.
20250731T093522.691 Agent R2503 (17) found a better, legal, wirelength target of 0.394231, originally 0.597525.
20250731T093523.978 Agent C2575 (18) found a better, legal, HPWL target of 16.491135, originally 17.171316.
20250731T093525.220 Agent C2308 (19) found a better, legal, wirelength target of 0.0, originally 1000000.0.
20250731T093525.367 Agent C2308 (19) found a better, legal, HPWL target of 19.533345, originally 19.622355.
20250731T093526.625 Agent FL2503 (20) found a better, legal, wirelength target of 11.957502, originally 12.638693.
20250731T093526.738 Agent FL2503 (20) found a better, legal, HPWL target of 36.402567, originally 36.899433.
20250731T093528.191 Agent C2503 (21) found a better, legal, HPWL target of 18.305817, originally 18.405286.
20250731T093529.435 Agent R2521 (22) found a better, legal, wirelength target of 4.022369, originally 4.275397.
20250731T093529.576 Agent R2521 (22) found a better, legal, HPWL target of 24.030827, originally 24.865057.
20250731T093530.960 Agent L2502 (23) found a better, legal, HPWL target of 41.058215, originally 41.435494.
20250731T093533.811 Agent R2515 (25) found a better, legal, HPWL target of 11.858659, originally 12.424319.
20250731T093534.975 Agent C2540 (26) found a better, legal, wirelength target of 5.486159, originally 5.514656.
20250731T093535.115 Agent C2540 (26) found a better, legal, HPWL target of 10.581964, originally 10.686886.
20250731T093536.392 Agent L2508 (27) found a better, legal, wirelength target of 5.389208, originally 6.078502.
20250731T093536.551 Agent L2508 (27) found a better, legal, HPWL target of 24.890195, originally 26.741632.
20250731T093539.235 Agent FL2504 (29) found a better, legal, HPWL target of 24.014139, originally 26.476472.
20250731T093540.532 Agent C2310 (30) found a better, legal, HPWL target of 13.416859, originally 14.905288.
20250731T093541.797 Agent U2301 (31) found a better, legal, wirelength target of 25.143398, originally 25.958809.
20250731T093541.915 Agent U2301 (31) found a better, legal, HPWL target of 38.073324, originally 40.413932.
20250731T093544.425 Agent C2539 (33) found a better, legal, HPWL target of 18.85886, originally 18.89781.
20250731T093545.750 Agent FL2334 (35) found a better, legal, HPWL target of 8.111244, originally 8.227496.
20250731T093546.992 Agent C2353 (36) found a better, legal, wirelength target of 4.238755, originally 4.701126.
20250731T093547.140 Agent C2353 (36) found a better, legal, HPWL target of 13.093438, originally 14.670828.
20250731T093548.589 Agent C2530 (37) found a better, legal, HPWL target of 12.041658, originally 14.168626.
20250731T093549.885 Agent C2504 (0) found a better, legal, wirelength target of 2.302161, originally 2.329413.
20250731T093550.086 Agent C2504 (0) found a better, legal, HPWL target of 7.060044, originally 7.623397.
20250731T093551.310 Agent C2507 (1) found a better, legal, wirelength target of 1.293284, originally 1.358141.
20250731T093551.452 Agent C2507 (1) found a better, legal, HPWL target of 1.78637, originally 1.850648.
20250731T093557.475 Agent C2305 (6) found a better, legal, wirelength target of 6.273764, originally 6.442595.
20250731T093559.986 Agent C2509 (8) found a better, legal, wirelength target of 0.480331, originally 0.585495.
20250731T093603.849 Agent C2502 (11) found a better, legal, HPWL target of 11.244429, originally 11.333477.
20250731T093605.156 Agent C2354 (12) found a better, legal, wirelength target of 4.263072, originally 4.556813.
20250731T093607.597 Agent R2302 (14) found a better, legal, HPWL target of 19.216116, originally 19.452731.
20250731T093610.211 Agent C2524 (16) found a better, legal, HPWL target of 11.510625, originally 11.961549.
20250731T093613.905 Agent C2308 (19) found a better, legal, HPWL target of 19.428567, originally 19.533345.
20250731T093615.243 Agent FL2503 (20) found a better, legal, HPWL target of 35.227668, originally 36.402567.
20250731T093616.638 Agent C2503 (21) found a better, legal, HPWL target of 17.318712, originally 18.305817.
20250731T093618.067 Agent R2521 (22) found a better, legal, HPWL target of 24.026994, originally 24.030827.
20250731T093620.567 Agent L2304 (24) found a better, legal, wirelength target of 8.910987, originally 9.124979.
20250731T093620.674 Agent L2304 (24) found a better, legal, HPWL target of 14.732686, originally 14.788607.
20250731T093622.241 Agent R2515 (25) found a better, legal, HPWL target of 10.576677, originally 11.858659.
20250731T093624.595 Agent L2508 (27) found a better, legal, wirelength target of 5.01441, originally 5.389208.
20250731T093624.776 Agent L2508 (27) found a better, legal, HPWL target of 23.440426, originally 24.890195.
20250731T093626.106 Agent L2519 (28) found a better, legal, HPWL target of 13.109986, originally 13.555463.
20250731T093627.417 Agent FL2504 (29) found a better, legal, HPWL target of 23.289746, originally 24.014139.
20250731T093629.985 Agent U2301 (31) found a better, legal, wirelength target of 24.887036, originally 25.143398.
20250731T093632.911 Agent C2539 (33) found a better, legal, HPWL target of 18.731272, originally 18.85886.
20250731T093635.577 Agent C2353 (36) found a better, legal, wirelength target of 4.233362, originally 4.238755.
20250731T093636.983 Agent C2530 (37) found a better, legal, HPWL target of 11.540288, originally 12.041658.
20250731T093639.649 Agent C2507 (1) found a better, legal, wirelength target of 1.256047, originally 1.293284.
20250731T093639.833 Agent C2507 (1) found a better, legal, HPWL target of 1.649471, originally 1.78637.
20250731T093646.050 Agent C2305 (6) found a better, legal, wirelength target of 5.484473, originally 6.273764.
20250731T093646.178 Agent C2305 (6) found a better, legal, HPWL target of 5.872944, originally 6.605227.
20250731T093647.344 Agent C2544 (7) found a better, legal, wirelength target of 7.67281, originally 7.767388.
20250731T093647.441 Agent C2544 (7) found a better, legal, HPWL target of 10.739294, originally 10.898159.
20250731T093650.161 Agent C2583 (9) found a better, legal, HPWL target of 13.07012, originally 13.555463.
20250731T093652.760 Agent C2502 (11) found a better, legal, HPWL target of 11.209311, originally 11.244429.
20250731T093654.153 Agent C2354 (12) found a better, legal, wirelength target of 3.689627, originally 4.263072.
20250731T093654.336 Agent C2354 (12) found a better, legal, HPWL target of 3.986697, originally 4.86026.
20250731T093659.445 Agent C2524 (16) found a better, legal, wirelength target of 8.565458, originally 1000000.0.
20250731T093711.189 Agent R2515 (25) found a better, legal, HPWL target of 10.496488, originally 10.576677.
20250731T093713.814 Agent L2508 (27) found a better, legal, HPWL target of 22.865385, originally 23.440426.
20250731T093715.357 Agent L2519 (28) found a better, legal, HPWL target of 12.78146, originally 13.109986.
20250731T093716.587 Agent FL2504 (29) found a better, legal, wirelength target of 7.788861, originally 1000000.0.
20250731T093716.743 Agent FL2504 (29) found a better, legal, HPWL target of 23.034678, originally 23.289746.
20250731T093717.920 Agent C2310 (30) found a better, legal, wirelength target of 5.782491, originally 6.289874.
20250731T093719.388 Agent U2301 (31) found a better, legal, HPWL target of 36.252685, originally 38.073324.
20250731T093720.673 Agent C2508 (32) found a better, legal, wirelength target of 2.160346, originally 2.344171.
20250731T093724.323 Agent C2353 (36) found a better, legal, wirelength target of 3.287799, originally 4.233362.
20250731T093725.902 Agent C2530 (37) found a better, legal, HPWL target of 11.070476, originally 11.540288.
20250731T093727.158 Agent C2504 (0) found a better, legal, wirelength target of 2.133497, originally 2.302161.
20250731T093728.439 Agent C2507 (1) found a better, legal, HPWL target of 1.345083, originally 1.649471.
20250731T093734.609 Agent C2305 (6) found a better, legal, HPWL target of 5.74554, originally 5.872944.
20250731T093735.798 Agent C2544 (7) found a better, legal, wirelength target of 7.633099, originally 7.67281.
20250731T093735.916 Agent C2544 (7) found a better, legal, HPWL target of 10.629988, originally 10.739294.
20250731T093738.580 Agent C2583 (9) found a better, legal, HPWL target of 12.78146, originally 13.07012.
20250731T093741.247 Agent C2502 (11) found a better, legal, HPWL target of 10.774908, originally 11.209311.
20250731T093742.268 Agent C2354 (12) found a better, legal, wirelength target of 3.535556, originally 3.689627.
20250731T093744.846 Agent R2302 (14) found a better, legal, HPWL target of 19.004776, originally 19.216116.
20250731T093745.973 Agent C2523 (15) found a better, legal, wirelength target of 8.780025, originally 9.249733.
20250731T093746.098 Agent C2523 (15) found a better, legal, HPWL target of 10.682365, originally 11.174873.
20250731T093747.174 Agent C2524 (16) found a better, legal, wirelength target of 8.375516, originally 8.565458.
20250731T093750.815 Agent C2308 (19) found a better, legal, HPWL target of 18.83822, originally 19.428567.
20250731T093753.141 Agent C2503 (21) found a better, legal, wirelength target of 3.863855, originally 4.372569.
20250731T093756.552 Agent L2304 (24) found a better, legal, wirelength target of 8.805525, originally 8.910987.
20250731T093800.128 Agent L2508 (27) found a better, legal, wirelength target of 4.296682, originally 5.01441.
20250731T093800.267 Agent L2508 (27) found a better, legal, HPWL target of 21.583426, originally 22.865385.
20250731T093801.792 Agent L2519 (28) found a better, legal, HPWL target of 12.114891, originally 12.78146.
20250731T093802.910 Agent FL2504 (29) found a better, legal, wirelength target of 7.687234, originally 7.788861.
20250731T093805.193 Agent U2301 (31) found a better, legal, wirelength target of 24.388424, originally 24.887036.
20250731T093813.210 Agent C2507 (1) found a better, legal, wirelength target of 1.221034, originally 1.256047.
20250731T093821.357 Agent C2509 (8) found a better, legal, HPWL target of 7.685011, originally 8.547463.
20250731T093822.780 Agent C2583 (9) found a better, legal, HPWL target of 12.114891, originally 12.78146.
20250731T093834.374 Agent C2308 (19) found a better, legal, HPWL target of 18.815543, originally 18.83822.
20250731T093840.487 Agent L2304 (24) found a better, legal, HPWL target of 14.086945, originally 14.732686.
20250731T093848.988 Agent U2301 (31) found a better, legal, HPWL target of 36.094347, originally 36.252685.
20250731T093852.732 Agent FL2334 (35) found a better, legal, wirelength target of 3.967643, originally 4.200675.
20250731T093852.854 Agent FL2334 (35) found a better, legal, HPWL target of 7.539097, originally 8.111244.
20250731T093901.388 Agent L2511 (4) found a better, legal, HPWL target of 21.82776, originally 21.872265.
20250731T093909.761 Agent C2502 (11) found a better, legal, HPWL target of 10.753456, originally 10.774908.
20250731T093913.319 Agent R2302 (14) found a better, legal, HPWL target of 18.445474, originally 19.004776.
20250731T093927.377 Agent C2540 (26) found a better, legal, wirelength target of 5.378193, originally 5.486159.
20250731T093930.014 Agent L2519 (28) found a better, legal, HPWL target of 11.992417, originally 12.114891.
20250731T093944.707 Agent L2510 (3) found a better, legal, wirelength target of 7.382045, originally 7.636921.
20250731T093946.001 Agent L2511 (4) found a better, legal, HPWL target of 21.53176, originally 21.82776.
20250731T093951.808 Agent L2510 (3) found a better, legal, wirelength target of 5.402168, originally 7.382045.
20250731T093951.939 Agent L2510 (3) found a better, legal, HPWL target of 10.867297, originally 17.998299.
20250731T093953.230 Agent L2511 (4) found a better, legal, wirelength target of 4.479187, originally 1000000.0.
20250731T093954.702 Agent C2528 (5) found a better, legal, HPWL target of 13.856862, originally 22.842991.
20250731T093959.653 Agent C2583 (9) found a better, legal, HPWL target of 8.974357, originally 12.114891.
20250731T094000.954 Agent L2507 (10) found a better, legal, HPWL target of 6.193678, originally 7.989502.
20250731T094003.452 Agent C2354 (12) found a better, legal, HPWL target of 3.700562, originally 3.986697.
20250731T094004.774 Agent C2537 (13) found a better, legal, HPWL target of 6.486141, originally 8.237124.
20250731T094006.227 Agent R2302 (14) found a better, legal, HPWL target of 8.631552, originally 18.445474.
20250731T094007.533 Agent C2523 (15) found a better, legal, HPWL target of 7.186441, originally 10.682365.
20250731T094008.655 Agent C2524 (16) found a better, legal, wirelength target of 5.837156, originally 8.375516.
20250731T094008.830 Agent C2524 (16) found a better, legal, HPWL target of 8.195544, originally 11.510625.
20250731T094016.442 Agent R2521 (22) found a better, legal, wirelength target of 0.706144, originally 4.022369.
20250731T094017.768 Agent L2502 (23) found a better, legal, wirelength target of 11.36425, originally 1000000.0.
20250731T094024.014 Agent L2519 (28) found a better, legal, wirelength target of 4.452127, originally 1000000.0.
20250731T094030.094 Agent C2539 (33) found a better, legal, wirelength target of 4.108775, originally 1000000.0.
20250731T094032.562 Agent C2353 (36) found a better, legal, wirelength target of 2.81728, originally 3.287799.
20250731T094039.819 Agent L2511 (4) found a better, legal, wirelength target of 4.44445, originally 4.479187.
20250731T094045.901 Agent C2583 (9) found a better, legal, HPWL target of 8.562188, originally 8.974357.
20250731T094052.928 Agent C2523 (15) found a better, legal, wirelength target of 5.67483, originally 8.780025.
20250731T094054.157 Agent C2524 (16) found a better, legal, wirelength target of 5.478241, originally 5.837156.
20250731T094054.356 Agent C2524 (16) found a better, legal, HPWL target of 7.726944, originally 8.195544.
20250731T094056.990 Agent C2575 (18) found a better, legal, HPWL target of 2.58417, originally 16.491135.
20250731T094058.215 Agent C2308 (19) found a better, legal, HPWL target of 8.778939, originally 18.815543.
20250731T094100.939 Agent C2503 (21) found a better, legal, HPWL target of 13.492114, originally 17.318712.
20250731T094102.186 Agent R2521 (22) found a better, legal, HPWL target of 12.490988, originally 24.026994.
20250731T094103.552 Agent L2502 (23) found a better, legal, HPWL target of 28.160139, originally 41.058215.
20250731T094109.608 Agent L2519 (28) found a better, legal, wirelength target of 4.175054, originally 4.452127.
20250731T094115.745 Agent C2539 (33) found a better, legal, wirelength target of 3.881101, originally 4.108775.
20250731T094118.258 Agent C2353 (36) found a better, legal, wirelength target of 2.054951, originally 2.81728.
20250731T094124.173 Agent L2510 (3) found a better, legal, wirelength target of 5.190751, originally 5.402168.
20250731T094140.365 Agent C2524 (16) found a better, legal, wirelength target of 5.276298, originally 5.478241.
20250731T094202.616 Agent C2539 (33) found a better, legal, wirelength target of 3.502569, originally 3.881101.
20250731T094205.322 Agent C2353 (36) found a better, legal, wirelength target of 1.738177, originally 2.054951.
20250731T094242.927 Agent L2519 (28) found a better, legal, wirelength target of 4.15222, originally 4.175054.
20250731T094258.899 Agent L2511 (4) found a better, legal, wirelength target of 4.401262, originally 4.44445.
20250731T094329.309 Agent L2519 (28) found a better, legal, HPWL target of 8.526781, originally 11.992417.
20250731T094333.335 Agent U2301 (31) found a better, legal, HPWL target of 35.073485, originally 36.094347.
20250731T094335.865 Agent C2539 (33) found a better, legal, HPWL target of 11.01555, originally 18.731272.
20250731T094344.445 Agent L2510 (3) found a better, legal, HPWL target of 10.834548, originally 10.867297.
20250731T094355.282 Agent C2354 (12) found a better, legal, wirelength target of 2.769128, originally 3.535556.
20250731T094355.440 Agent C2354 (12) found a better, legal, HPWL target of 3.477681, originally 3.700562.
20250731T094356.678 Agent C2537 (13) found a better, legal, HPWL target of 6.484154, originally 6.486141.
20250731T094357.922 Agent R2302 (14) found a better, legal, HPWL target of 6.295815, originally 8.631552.
20250731T094531.999 Agent C2524 (16) found a better, legal, wirelength target of 4.99108, originally 5.276298.
20250731T094557.152 Agent C2353 (36) found a better, legal, wirelength target of 1.633556, originally 1.738177.
20250731T094619.053 Agent C2524 (16) found a better, legal, wirelength target of 4.755424, originally 4.99108.
20250731T094710.986 Agent FL2503 (20) found a better, legal, wirelength target of 7.311589, originally 11.957502.
20250731T094721.631 Agent L2519 (28) found a better, legal, HPWL target of 8.260633, originally 8.526781.
20250731T094725.459 Agent U2301 (31) found a better, legal, HPWL target of 33.693499, originally 35.073485.
20250731T094744.464 Agent L2507 (10) found a better, legal, HPWL target of 6.035193, originally 6.193678.
20250731T094746.805 Agent C2354 (12) found a better, legal, wirelength target of 1.617941, originally 2.769128.
20250731T094746.967 Agent C2354 (12) found a better, legal, HPWL target of 1.997347, originally 3.477681.
20250731T094748.131 Agent C2537 (13) found a better, legal, wirelength target of 0.724615, originally 3.770049.
20250731T094748.248 Agent C2537 (13) found a better, legal, HPWL target of 6.032792, originally 6.484154.
20250731T094749.588 Agent R2302 (14) found a better, legal, HPWL target of 6.136639, originally 6.295815.
20250731T094752.127 Agent C2524 (16) found a better, legal, HPWL target of 7.208773, originally 7.726944.
20250731T094754.561 Agent C2575 (18) found a better, legal, HPWL target of 1.848224, originally 2.58417.
20250731T094755.830 Agent C2308 (19) found a better, legal, HPWL target of 6.245989, originally 8.778939.
20250731T094756.993 Agent FL2503 (20) found a better, legal, wirelength target of 6.929961, originally 7.311589.
20250731T094758.334 Agent C2503 (21) found a better, legal, HPWL target of 12.123028, originally 13.492114.
20250731T094813.574 Agent C2539 (33) found a better, legal, wirelength target of 3.422352, originally 3.502569.
20250731T094833.352 Agent C2537 (13) found a better, legal, wirelength target of 0.571132, originally 0.724615.
20250731T094929.496 Agent R2521 (22) found a better, legal, HPWL target of 11.518659, originally 12.490988.
20250731T094933.188 Agent R2515 (25) found a better, legal, wirelength target of 15.825963, originally 1000000.0.
20250731T095006.751 Agent C2524 (16) found a better, legal, HPWL target of 7.16169, originally 7.208773.
20250731T095049.729 Agent R2302 (14) found a better, legal, HPWL target of 4.57857, originally 6.136639.
20250731T095051.093 Agent C2523 (15) found a better, legal, HPWL target of 6.703313, originally 7.186441.
20250731T095056.287 Agent C2308 (19) found a better, legal, HPWL target of 4.102066, originally 6.245989.
20250731T095103.525 Agent R2515 (25) found a better, legal, wirelength target of 15.462731, originally 15.825963.
20250731T095221.310 Agent C2523 (15) found a better, legal, HPWL target of 6.531894, originally 6.703313.
20250731T095226.276 Agent C2308 (19) found a better, legal, HPWL target of 3.811226, originally 4.102066.
20250731T095240.808 Agent U2301 (31) found a better, legal, wirelength target of 23.864107, originally 24.388424.
20250731T095302.638 Agent C2354 (12) found a better, legal, wirelength target of 1.30032, originally 1.617941.
20250731T095331.531 Agent C2353 (36) found a better, legal, wirelength target of 1.517409, originally 1.633556.
20250731T095342.884 Agent L2510 (3) found a better, legal, wirelength target of 4.703742, originally 5.190751.
20250731T095345.279 Agent C2528 (5) found a better, legal, wirelength target of 3.562386, originally 16.842155.
20250731T095346.674 Agent C2305 (6) found a better, legal, wirelength target of 1.435709, originally 5.484473.
20250731T095348.025 Agent C2544 (7) found a better, legal, wirelength target of 4.250752, originally 7.633099.
20250731T095408.219 Agent L2502 (23) found a better, legal, wirelength target of 3.796294, originally 11.36425.
20250731T095412.218 Agent C2540 (26) found a better, legal, wirelength target of 4.447801, originally 5.378193.
20250731T095414.608 Agent L2519 (28) found a better, legal, HPWL target of 7.630936, originally 8.260633.
20250731T095418.331 Agent U2301 (31) found a better, legal, wirelength target of 16.975521, originally 23.864107.
20250731T095418.472 Agent U2301 (31) found a better, legal, HPWL target of 26.504163, originally 33.693499.
20250731T095431.658 Agent C2528 (5) found a better, legal, HPWL target of 5.911621, originally 13.856862.
20250731T095433.046 Agent C2305 (6) found a better, legal, wirelength target of 0.670832, originally 1.435709.
20250731T095433.169 Agent C2305 (6) found a better, legal, HPWL target of 0.910956, originally 5.74554.
20250731T095434.408 Agent C2544 (7) found a better, legal, wirelength target of 3.497302, originally 4.250752.
20250731T095434.606 Agent C2544 (7) found a better, legal, HPWL target of 4.729372, originally 10.629988.
20250731T095444.625 Agent C2523 (15) found a better, legal, wirelength target of 2.104458, originally 5.67483.
20250731T095458.653 Agent C2540 (26) found a better, legal, wirelength target of 4.019395, originally 4.447801.
20250731T095504.412 Agent U2301 (31) found a better, legal, wirelength target of 16.798334, originally 16.975521.
20250731T095504.571 Agent U2301 (31) found a better, legal, HPWL target of 25.308875, originally 26.504163.
20250731T095515.005 Agent L2510 (3) found a better, legal, wirelength target of 4.328815, originally 4.703742.
20250731T095517.616 Agent C2528 (5) found a better, legal, HPWL target of 5.672279, originally 5.911621.
20250731T095522.779 Agent C2583 (9) found a better, legal, HPWL target of 8.46389, originally 8.562188.
20250731T095525.418 Agent C2502 (11) found a better, legal, HPWL target of 6.225001, originally 10.753456.
20250731T095530.441 Agent C2523 (15) found a better, legal, HPWL target of 2.606337, originally 6.531894.
20250731T095540.605 Agent L2502 (23) found a better, legal, HPWL target of 23.733649, originally 28.160139.
20250731T095543.446 Agent R2515 (25) found a better, legal, HPWL target of 5.521612, originally 10.496488.
20250731T095544.724 Agent C2540 (26) found a better, legal, wirelength target of 3.968812, originally 4.019395.
20250731T095601.459 Agent C2541 (2) found a better, legal, HPWL target of 9.905017, originally 10.554174.
20250731T095602.643 Agent L2510 (3) found a better, legal, wirelength target of 4.221444, originally 4.328815.
20250731T095607.590 Agent C2544 (7) found a better, legal, wirelength target of 3.309444, originally 3.497302.
20250731T095607.769 Agent C2544 (7) found a better, legal, HPWL target of 4.590027, originally 4.729372.
20250731T095627.668 Agent L2502 (23) found a better, legal, HPWL target of 22.602268, originally 23.733649.
20250731T095637.946 Agent U2301 (31) found a better, legal, wirelength target of 16.690766, originally 16.798334.
20250731T095718.407 Agent R2515 (25) found a better, legal, HPWL target of 4.412834, originally 5.521612.
20250731T095743.227 Agent C2544 (7) found a better, legal, wirelength target of 3.228594, originally 3.309444.
20250731T095817.962 Agent C2541 (2) found a better, legal, wirelength target of 6.315367, originally 7.471823.
20250731T095818.134 Agent C2541 (2) found a better, legal, HPWL target of 8.835873, originally 9.905017.
20250731T095819.517 Agent L2510 (3) found a better, legal, HPWL target of 10.458611, originally 10.834548.
20250731T095820.994 Agent L2511 (4) found a better, legal, wirelength target of 3.006374, originally 4.401262.
20250731T095825.308 Agent C2544 (7) found a better, legal, HPWL target of 1.925364, originally 4.590027.
20250731T095837.307 Agent C2524 (16) found a better, legal, HPWL target of 6.573195, originally 7.16169.
20250731T095839.930 Agent C2575 (18) found a better, legal, wirelength target of 9.07929, originally 9.13797.
20250731T095842.717 Agent FL2503 (20) found a better, legal, HPWL target of 34.950715, originally 35.227668.
20250731T095848.097 Agent L2304 (24) found a better, legal, wirelength target of 3.185171, originally 8.805525.
20250731T095848.254 Agent L2304 (24) found a better, legal, HPWL target of 8.203555, originally 14.086945.
20250731T095849.749 Agent R2515 (25) found a better, legal, HPWL target of 1.717851, originally 4.412834.
20250731T095857.960 Agent U2301 (31) found a better, legal, wirelength target of 13.416297, originally 16.690766.
20250731T095858.156 Agent U2301 (31) found a better, legal, HPWL target of 22.774764, originally 25.308875.
20250731T095900.924 Agent C2539 (33) found a better, legal, HPWL target of 10.464128, originally 11.01555.
20250731T095902.123 Agent FL2334 (35) found a better, legal, wirelength target of 1.714144, originally 3.967643.
20250731T095902.278 Agent FL2334 (35) found a better, legal, HPWL target of 6.686235, originally 7.539097.
20250731T095905.002 Agent C2530 (37) found a better, legal, wirelength target of 4.747279, originally 1000000.0.
20250731T095905.127 Agent C2530 (37) found a better, legal, HPWL target of 9.316087, originally 11.070476.
20250731T095909.302 Agent C2541 (2) found a better, legal, wirelength target of 5.913161, originally 6.315367.
20250731T095909.462 Agent C2541 (2) found a better, legal, HPWL target of 8.218058, originally 8.835873.
20250731T095938.856 Agent L2304 (24) found a better, legal, wirelength target of 2.364897, originally 3.185171.
20250731T095948.692 Agent U2301 (31) found a better, legal, wirelength target of 13.319935, originally 13.416297.
20250731T100038.655 Agent U2301 (31) found a better, legal, wirelength target of 11.829634, originally 13.319935.
20250731T100045.392 Agent C2530 (37) found a better, legal, wirelength target of 3.808239, originally 4.747279.
20250731T100049.451 Agent C2541 (2) found a better, legal, wirelength target of 5.28606, originally 5.913161.
20250731T100057.833 Agent C2541 (2) found a better, legal, HPWL target of 5.744865, originally 8.218058.
20250731T100059.440 Agent L2510 (3) found a better, legal, HPWL target of 9.731635, originally 10.458611.
20250731T100100.693 Agent L2511 (4) found a better, legal, wirelength target of 1.025542, originally 3.006374.
20250731T100100.897 Agent L2511 (4) found a better, legal, HPWL target of 13.085288, originally 21.53176.
20250731T100104.801 Agent C2544 (7) found a better, legal, wirelength target of 2.863488, originally 3.228594.
20250731T100116.509 Agent C2524 (16) found a better, legal, HPWL target of 3.809341, originally 6.573195.
20250731T100122.005 Agent FL2503 (20) found a better, legal, HPWL target of 32.986762, originally 34.950715.
20250731T100123.189 Agent C2503 (21) found a better, legal, wirelength target of 2.19702, originally 3.863855.
20250731T100123.326 Agent C2503 (21) found a better, legal, HPWL target of 7.079882, originally 12.123028.
20250731T100128.506 Agent R2515 (25) found a better, legal, wirelength target of 3.094288, originally 15.462731.
20250731T100129.864 Agent C2540 (26) found a better, legal, HPWL target of 8.809158, originally 10.581964.
20250731T100138.470 Agent C2539 (33) found a better, legal, wirelength target of 2.752126, originally 3.422352.
20250731T100138.614 Agent C2539 (33) found a better, legal, HPWL target of 9.739658, originally 10.464128.
20250731T100146.643 Agent C2541 (2) found a better, legal, HPWL target of 5.102186, originally 5.744865.
20250731T100153.310 Agent C2544 (7) found a better, legal, wirelength target of 2.70198, originally 2.863488.
20250731T100300.586 Agent C2503 (21) found a better, legal, HPWL target of 6.911601, originally 7.079882.
20250731T100404.730 Agent C2539 (33) found a better, legal, wirelength target of 2.404823, originally 2.752126.
20250731T100453.355 Agent C2539 (33) found a better, legal, wirelength target of 2.044837, originally 2.404823.
20250731T100549.427 Agent C2541 (2) found a better, legal, wirelength target of 4.354709, originally 5.28606.
20250731T100614.646 Agent C2503 (21) found a better, legal, wirelength target of 1.942591, originally 2.19702.
20250731T100635.596 Agent C2530 (37) found a better, legal, wirelength target of 3.656434, originally 3.808239.
20250731T100639.681 Agent C2541 (2) found a better, legal, wirelength target of 4.283402, originally 4.354709.
20250731T100703.198 Agent FL2503 (20) found a better, legal, HPWL target of 32.503066, originally 32.986762.
20250731T100711.154 Agent C2540 (26) found a better, legal, HPWL target of 7.820368, originally 8.809158.
20250731T100720.256 Agent C2539 (33) found a better, legal, HPWL target of 9.047828, originally 9.739658.
20250731T100909.511 Agent C2539 (33) found a better, legal, wirelength target of 1.54611, originally 2.044837.
20250731T101008.239 Agent L2510 (3) found a better, legal, HPWL target of 9.079247, originally 9.731635.
20250731T101009.573 Agent L2511 (4) found a better, legal, HPWL target of 13.024537, originally 13.085288.
20250731T101014.814 Agent C2509 (8) found a better, legal, HPWL target of 6.422531, originally 7.685011.
20250731T101037.553 Agent C2540 (26) found a better, legal, HPWL target of 7.681102, originally 7.820368.
20250731T101107.142 Agent FL2503 (20) found a better, legal, HPWL target of 30.809258, originally 32.503066.
20250731T101108.417 Agent C2503 (21) found a better, legal, wirelength target of 1.272482, originally 1.942591.
20250731T101108.585 Agent C2503 (21) found a better, legal, HPWL target of 4.639151, originally 6.911601.
20250731T101111.207 Agent L2502 (23) found a better, legal, HPWL target of 15.258025, originally 22.602268.
20250731T101112.500 Agent L2304 (24) found a better, legal, HPWL target of 5.953376, originally 8.203555.
20250731T101116.225 Agent L2508 (27) found a better, legal, wirelength target of 3.600182, originally 4.296682.
20250731T101116.396 Agent L2508 (27) found a better, legal, HPWL target of 19.880827, originally 21.583426.
20250731T101120.037 Agent C2310 (30) found a better, legal, wirelength target of 3.240404, originally 5.782491.
20250731T101121.488 Agent U2301 (31) found a better, legal, HPWL target of 11.646886, originally 22.774764.
20250731T101153.345 Agent FL2503 (20) found a better, legal, HPWL target of 30.126099, originally 30.809258.
20250731T101154.577 Agent C2503 (21) found a better, legal, wirelength target of 0.868878, originally 1.272482.
20250731T101154.761 Agent C2503 (21) found a better, legal, HPWL target of 4.501619, originally 4.639151.
20250731T101159.032 Agent L2304 (24) found a better, legal, HPWL target of 5.005424, originally 5.953376.
20250731T101202.780 Agent L2508 (27) found a better, legal, wirelength target of 3.381364, originally 3.600182.
20250731T101206.192 Agent C2310 (30) found a better, legal, wirelength target of 3.070167, originally 3.240404.
20250731T101207.607 Agent U2301 (31) found a better, legal, HPWL target of 11.478804, originally 11.646886.
20250731T101214.280 Agent C2530 (37) found a better, legal, HPWL target of 9.284338, originally 9.316087.
20250731T101240.022 Agent FL2503 (20) found a better, legal, HPWL target of 29.348317, originally 30.126099.
20250731T101241.359 Agent C2503 (21) found a better, legal, HPWL target of 3.866419, originally 4.501619.
20250731T101243.916 Agent L2502 (23) found a better, legal, HPWL target of 14.483755, originally 15.258025.
20250731T101245.237 Agent L2304 (24) found a better, legal, wirelength target of 1.292336, originally 2.364897.
20250731T101252.428 Agent C2310 (30) found a better, legal, wirelength target of 2.66153, originally 3.070167.
20250731T101326.786 Agent FL2503 (20) found a better, legal, HPWL target of 29.041675, originally 29.348317.
20250731T101328.027 Agent C2503 (21) found a better, legal, wirelength target of 0.449622, originally 0.868878.
20250731T101331.731 Agent L2304 (24) found a better, legal, wirelength target of 0.923819, originally 1.292336.
20250731T101331.902 Agent L2304 (24) found a better, legal, HPWL target of 4.005491, originally 5.005424.
20250731T101341.377 Agent U2301 (31) found a better, legal, wirelength target of 3.074047, originally 11.829634.
20250731T101431.452 Agent U2301 (31) found a better, legal, HPWL target of 11.316496, originally 11.478804.
20250731T101438.277 Agent C2530 (37) found a better, legal, HPWL target of 9.247078, originally 9.284338.
20250731T101451.613 Agent L2510 (3) found a better, legal, HPWL target of 3.671315, originally 9.079247.
20250731T101456.795 Agent C2544 (7) found a better, legal, wirelength target of 2.044685, originally 2.70198.
20250731T101500.918 Agent L2507 (10) found a better, legal, wirelength target of 2.924125, originally 3.733366.
20250731T101503.702 Agent C2354 (12) found a better, legal, HPWL target of 1.210022, originally 1.997347.
20250731T101521.029 Agent R2515 (25) found a better, legal, wirelength target of 2.541737, originally 3.094288.
20250731T101524.577 Agent L2519 (28) found a better, legal, wirelength target of 3.025536, originally 4.15222.
20250731T101535.196 Agent C2530 (37) found a better, legal, wirelength target of 3.41256, originally 3.656434.
20250731T101540.280 Agent L2510 (3) found a better, legal, wirelength target of 1.210127, originally 4.221444.
20250731T101540.427 Agent L2510 (3) found a better, legal, HPWL target of 3.44915, originally 3.671315.
20250731T101549.094 Agent L2507 (10) found a better, legal, wirelength target of 2.422491, originally 2.924125.
20250731T101649.008 Agent C2575 (18) found a better, legal, wirelength target of 1.648959, originally 9.07929.
20250731T101717.201 Agent L2510 (3) found a better, legal, wirelength target of 1.133913, originally 1.210127.
20250731T101736.932 Agent C2575 (18) found a better, legal, wirelength target of 1.580752, originally 1.648959.
20250731T101746.461 Agent R2515 (25) found a better, legal, wirelength target of 2.275084, originally 2.541737.
20250731T101817.442 Agent C2354 (12) found a better, legal, HPWL target of 0.974051, originally 1.210022.
20250731T101848.532 Agent C2524 (16) found a better, legal, wirelength target of 4.658171, originally 4.755424.
20250731T101901.591 Agent C2540 (26) found a better, legal, wirelength target of 2.54401, originally 3.968812.
20250731T101901.787 Agent C2540 (26) found a better, legal, HPWL target of 5.616905, originally 7.681102.
20250731T101903.052 Agent L2508 (27) found a better, legal, wirelength target of 2.776894, originally 3.381364.
20250731T101904.259 Agent L2519 (28) found a better, legal, wirelength target of 2.984793, originally 3.025536.
20250731T101905.836 Agent FL2504 (29) found a better, legal, HPWL target of 22.113, originally 23.034678.
20250731T101910.007 Agent C2508 (32) found a better, legal, HPWL target of 8.019504, originally 11.692823.
20250731T101923.284 Agent C2528 (5) found a better, legal, HPWL target of 5.661321, originally 5.672279.
20250731T101952.140 Agent L2508 (27) found a better, legal, wirelength target of 2.57984, originally 2.776894.
20250731T102039.644 Agent C2540 (26) found a better, legal, wirelength target of 2.133911, originally 2.54401.
20250731T102039.848 Agent C2540 (26) found a better, legal, HPWL target of 4.8973, originally 5.616905.
20250731T102113.932 Agent C2523 (15) found a better, legal, HPWL target of 2.314447, originally 2.606337.
20250731T102136.216 Agent C2508 (32) found a better, legal, HPWL target of 7.728222, originally 8.019504.
20250731T102149.519 Agent C2528 (5) found a better, legal, HPWL target of 5.65117, originally 5.661321.
20250731T102156.608 Agent L2507 (10) found a better, legal, wirelength target of 2.325744, originally 2.422491.
20250731T102251.633 Agent C2523 (15) found a better, legal, HPWL target of 2.291805, originally 2.314447.
20250731T102306.550 Agent C2540 (26) found a better, legal, wirelength target of 1.679941, originally 2.133911.
20250731T102336.249 Agent L2507 (10) found a better, legal, wirelength target of 1.924895, originally 2.325744.
20250731T102357.312 Agent C2540 (26) found a better, legal, wirelength target of 1.62287, originally 1.679941.
20250731T102425.543 Agent L2507 (10) found a better, legal, wirelength target of 1.884318, originally 1.924895.
20250731T102446.023 Agent C2540 (26) found a better, legal, wirelength target of 1.491881, originally 1.62287.
20250731T102513.217 Agent L2507 (10) found a better, legal, wirelength target of 1.679681, originally 1.884318.
20250731T102534.998 Agent C2540 (26) found a better, legal, wirelength target of 1.483856, originally 1.491881.
20250731T102633.394 Agent FL2334 (35) found a better, legal, wirelength target of 1.516235, originally 1.714144.
20250731T102732.745 Agent C2528 (5) found a better, legal, HPWL target of 4.708374, originally 5.65117.
20250731T102745.845 Agent C2523 (15) found a better, legal, wirelength target of 1.577227, originally 2.104458.
20250731T102746.031 Agent C2523 (15) found a better, legal, HPWL target of 1.968761, originally 2.291805.
20250731T102756.620 Agent L2502 (23) found a better, legal, wirelength target of 3.291452, originally 3.796294.
20250731T102811.320 Agent FL2334 (35) found a better, legal, wirelength target of 1.118823, originally 1.516235.
20250731T102822.209 Agent C2528 (5) found a better, legal, HPWL target of 4.417727, originally 4.708374.
20250731T102835.220 Agent C2523 (15) found a better, legal, wirelength target of 1.49852, originally 1.577227.
20250731T102835.373 Agent C2523 (15) found a better, legal, HPWL target of 1.63487, originally 1.968761.
20250731T102845.720 Agent L2502 (23) found a better, legal, wirelength target of 2.964721, originally 3.291452.
20250731T102854.811 Agent C2310 (30) found a better, legal, HPWL target of 12.583152, originally 13.416859.
20250731T102909.903 Agent C2528 (5) found a better, legal, HPWL target of 4.157923, originally 4.417727.
20250731T102922.364 Agent C2523 (15) found a better, legal, wirelength target of 1.482134, originally 1.49852.
20250731T102932.836 Agent L2502 (23) found a better, legal, wirelength target of 2.876774, originally 2.964721.
20250731T103011.353 Agent C2523 (15) found a better, legal, wirelength target of 1.408741, originally 1.482134.
20250731T103205.936 Agent FL2504 (29) found a better, legal, HPWL target of 21.810941, originally 22.113.
20250731T103236.043 Agent C2523 (15) found a better, legal, wirelength target of 1.293872, originally 1.408741.
20250731T103236.211 Agent C2523 (15) found a better, legal, HPWL target of 1.428426, originally 1.63487.
20250731T103254.818 Agent FL2504 (29) found a better, legal, HPWL target of 21.438539, originally 21.810941.
20250731T103323.072 Agent C2537 (13) found a better, legal, HPWL target of 5.987249, originally 6.032792.
20250731T103615.394 Agent C2508 (32) found a better, legal, wirelength target of 2.016256, originally 2.160346.
20250731T103746.038 Agent C2540 (26) found a better, legal, HPWL target of 4.83408, originally 4.8973.
20250731T103920.470 Agent C2540 (26) found a better, legal, HPWL target of 4.587772, originally 4.83408.
20250731T104123.518 Agent C2541 (2) found a better, legal, wirelength target of 4.172463, originally 4.283402.
20250731T104153.997 Agent L2508 (27) found a better, legal, HPWL target of 12.769963, originally 19.880827.
20250731T104155.214 Agent L2519 (28) found a better, legal, wirelength target of 2.563162, originally 2.984793.
20250731T104156.687 Agent FL2504 (29) found a better, legal, HPWL target of 19.274633, originally 21.438539.
20250731T104205.223 Agent C2530 (37) found a better, legal, HPWL target of 7.041525, originally 9.247078.
20250731T104208.796 Agent C2541 (2) found a better, legal, wirelength target of 4.102996, originally 4.172463.
20250731T104208.933 Agent C2541 (2) found a better, legal, HPWL target of 4.798604, originally 5.102186.
20250731T104220.412 Agent C2502 (11) found a better, legal, HPWL target of 5.515353, originally 6.225001.
20250731T104251.598 Agent C2530 (37) found a better, legal, wirelength target of 1.121981, originally 3.41256.
20250731T104338.377 Agent C2530 (37) found a better, legal, wirelength target of 0.893008, originally 1.121981.
20250731T104508.164 Agent C2508 (32) found a better, legal, wirelength target of 1.053284, originally 2.016256.
20250731T104657.419 Agent C2530 (37) found a better, legal, wirelength target of 0.843483, originally 0.893008.
20250731T104745.863 Agent C2508 (32) found a better, legal, wirelength target of 0.846248, originally 1.053284.
20250731T104751.311 Agent C2530 (37) found a better, legal, wirelength target of 0.61816, originally 0.843483.
20250731T104844.617 Agent C2541 (2) found a better, legal, wirelength target of 4.078927, originally 4.102996.
20250731T104926.286 Agent FL2334 (35) found a better, legal, wirelength target of 0.990716, originally 1.118823.
20250731T105018.789 Agent FL2504 (29) found a better, legal, wirelength target of 5.96984, originally 7.687234.
20250731T105310.422 Agent C2539 (33) found a better, legal, HPWL target of 7.962286, originally 9.047828.
20250731T105314.561 Agent C2530 (37) found a better, legal, HPWL target of 6.899673, originally 7.041525.
20250731T105453.217 Agent C2530 (37) found a better, legal, HPWL target of 5.832283, originally 6.899673.
20250731T110004.436 Agent C2504 (0) found a better, legal, wirelength target of 1.77547, originally 2.133497.
20250731T110024.615 Agent C2524 (16) found a better, legal, wirelength target of 2.667204, originally 4.658171.
20250731T110052.246 Agent C2504 (0) found a better, legal, wirelength target of 1.190818, originally 1.77547.
20250731T110112.001 Agent C2524 (16) found a better, legal, wirelength target of 2.562517, originally 2.667204.
20250731T110156.858 Agent C2524 (16) found a better, legal, HPWL target of 3.374297, originally 3.809341.
20250731T110244.045 Agent C2524 (16) found a better, legal, HPWL target of 3.284355, originally 3.374297.
20250731T110332.122 Agent C2524 (16) found a better, legal, HPWL target of 3.058884, originally 3.284355.
20250731T110419.571 Agent C2524 (16) found a better, legal, wirelength target of 2.398162, originally 2.562517.
20250731T111015.110 Agent C2528 (5) found a better, legal, wirelength target of 2.011287, originally 3.562386.
20250731T111038.736 Agent L2502 (23) found a better, legal, wirelength target of 1.707579, originally 2.876774.
20250731T111043.910 Agent L2508 (27) found a better, legal, wirelength target of 1.779826, originally 2.57984.
20250731T111151.524 Agent C2528 (5) found a better, legal, wirelength target of 1.720125, originally 2.011287.
20250731T111215.226 Agent L2502 (23) found a better, legal, wirelength target of 1.344978, originally 1.707579.
20250731T111239.795 Agent C2528 (5) found a better, legal, wirelength target of 1.64838, originally 1.720125.
20250731T111239.936 Agent C2528 (5) found a better, legal, HPWL target of 1.778582, originally 4.157923.
20250731T111307.864 Agent L2508 (27) found a better, legal, wirelength target of 1.469738, originally 1.779826.
20250731T111316.997 Agent FL2334 (35) found a better, legal, HPWL target of 4.154145, originally 6.686235.
20250731T111351.789 Agent L2502 (23) found a better, legal, wirelength target of 1.32788, originally 1.344978.
20250731T111445.535 Agent L2508 (27) found a better, legal, wirelength target of 1.208598, originally 1.469738.
20250731T111645.177 Agent C2544 (7) found a better, legal, wirelength target of 1.858471, originally 2.044685.
20250731T111709.420 Agent R2515 (25) found a better, legal, wirelength target of 1.996895, originally 2.275084.
20250731T111759.850 Agent R2515 (25) found a better, legal, wirelength target of 1.821714, originally 1.996895.
20250731T111807.131 Agent C2310 (30) found a better, legal, wirelength target of 1.08459, originally 2.66153.
20250731T111824.810 Agent C2544 (7) found a better, legal, wirelength target of 1.538371, originally 1.858471.
20250731T111824.956 Agent C2544 (7) found a better, legal, HPWL target of 1.708819, originally 1.925364.
20250731T111848.368 Agent R2515 (25) found a better, legal, wirelength target of 1.782209, originally 1.821714.
20250731T111913.157 Agent C2544 (7) found a better, legal, wirelength target of 1.26293, originally 1.538371.
20250731T111913.331 Agent C2544 (7) found a better, legal, HPWL target of 1.499874, originally 1.708819.
20250731T111936.355 Agent R2515 (25) found a better, legal, wirelength target of 1.510479, originally 1.782209.
20250731T112112.714 Agent R2515 (25) found a better, legal, wirelength target of 0.534002, originally 1.510479.
20250731T112112.820 Agent R2515 (25) found a better, legal, HPWL target of 0.705751, originally 1.717851.
20250731T112224.957 Agent C2544 (7) found a better, legal, wirelength target of 1.060641, originally 1.26293.
20250731T112225.121 Agent C2544 (7) found a better, legal, HPWL target of 1.495034, originally 1.499874.
20250731T112311.159 Agent C2544 (7) found a better, legal, wirelength target of 0.632978, originally 1.060641.
20250731T112618.261 Agent C2583 (9) found a better, legal, wirelength target of 3.040079, originally 3.292679.
20250731T112618.392 Agent C2583 (9) found a better, legal, HPWL target of 7.900158, originally 8.46389.
20250731T112647.600 Agent C2539 (33) found a better, legal, wirelength target of 1.18821, originally 1.54611.
20250731T112647.733 Agent C2539 (33) found a better, legal, HPWL target of 7.849058, originally 7.962286.
20250731T112703.276 Agent C2583 (9) found a better, legal, wirelength target of 2.908918, originally 3.040079.
20250731T112703.415 Agent C2583 (9) found a better, legal, HPWL target of 7.700795, originally 7.900158.
20250731T112732.999 Agent C2539 (33) found a better, legal, HPWL target of 7.794835, originally 7.849058.
20250731T112749.026 Agent C2583 (9) found a better, legal, wirelength target of 2.888393, originally 2.908918.
20250731T112834.859 Agent C2583 (9) found a better, legal, wirelength target of 2.640935, originally 2.888393.
20250731T112919.869 Agent C2583 (9) found a better, legal, wirelength target of 2.519805, originally 2.640935.
20250731T113005.153 Agent C2583 (9) found a better, legal, wirelength target of 2.518215, originally 2.519805.
20250731T113032.581 Agent C2524 (16) found a better, legal, wirelength target of 1.646116, originally 2.398162.
20250731T113032.721 Agent C2524 (16) found a better, legal, HPWL target of 2.300724, originally 3.058884.
20250731T113118.550 Agent C2524 (16) found a better, legal, wirelength target of 1.270084, originally 1.646116.
20250731T113118.680 Agent C2524 (16) found a better, legal, HPWL target of 1.650397, originally 2.300724.
20250731T113356.510 Agent C2504 (0) found a better, legal, wirelength target of 1.176428, originally 1.190818.
20250731T113423.727 Agent R2521 (22) found a better, legal, wirelength target of 0.647227, originally 0.706144.
20250731T113442.648 Agent C2504 (0) found a better, legal, wirelength target of 0.908219, originally 1.176428.
20250731T113526.269 Agent C2539 (33) found a better, legal, HPWL target of 6.615888, originally 7.794835.
20250731T113531.837 Agent C2504 (0) found a better, legal, wirelength target of 0.825384, originally 0.908219.
20250731T113601.003 Agent R2521 (22) found a better, legal, wirelength target of 0.547651, originally 0.647227.
20250731T113620.601 Agent C2504 (0) found a better, legal, wirelength target of 0.451876, originally 0.825384.
20250731T113624.767 Agent L2510 (3) found a better, legal, wirelength target of 0.646398, originally 1.133913.
20250731T113834.563 Agent C2539 (33) found a better, legal, HPWL target of 5.709347, originally 6.615888.
20250731T113913.204 Agent L2519 (28) found a better, legal, wirelength target of 2.203323, originally 2.563162.
20250731T113919.532 Agent C2539 (33) found a better, legal, HPWL target of 5.489821, originally 5.709347.
20250731T114122.010 Agent R2521 (22) found a better, legal, wirelength target of 0.517499, originally 0.547651.
20250731T114323.181 Agent C2583 (9) found a better, legal, wirelength target of 1.604804, originally 2.518215.
20250731T114353.244 Agent C2539 (33) found a better, legal, HPWL target of 4.552498, originally 5.489821.
20250731T114514.289 Agent R2521 (22) found a better, legal, wirelength target of 0.33989, originally 0.517499.
20250731T114533.803 Agent C2504 (0) found a better, legal, HPWL target of 6.518398, originally 7.060044.
20250731T114621.589 Agent C2504 (0) found a better, legal, HPWL target of 6.454252, originally 6.518398.
20250731T114633.025 Agent C2583 (9) found a better, legal, wirelength target of 1.194552, originally 1.604804.
20250731T114707.802 Agent C2504 (0) found a better, legal, HPWL target of 5.921392, originally 6.454252.
20250731T115005.818 Agent C2539 (33) found a better, legal, HPWL target of 4.225975, originally 4.552498.
20250731T120355.150 Agent L2508 (27) found a better, legal, wirelength target of 1.062507, originally 1.208598.
20250731T120629.601 Agent FL2504 (29) found a better, legal, HPWL target of 9.549337, originally 19.274633.
20250731T120633.721 Agent C2508 (32) found a better, legal, HPWL target of 5.695863, originally 7.728222.
20250731T120639.058 Agent C2530 (37) found a better, legal, HPWL target of 4.768384, originally 5.832283.
20250731T121119.389 Agent C2508 (32) found a better, legal, HPWL target of 4.137021, originally 5.695863.
20250731T121131.144 Agent L2511 (4) found a better, legal, wirelength target of 0.498132, originally 1.025542.
20250731T121252.177 Agent FL2504 (29) found a better, legal, HPWL target of 9.170383, originally 9.549337.
20250731T121344.534 Agent C2508 (32) found a better, legal, HPWL target of 3.52097, originally 4.137021.
20250731T121605.140 Agent C2508 (32) found a better, legal, HPWL target of 3.455737, originally 3.52097.
20250731T122000.468 Agent C2310 (30) found a better, legal, HPWL target of 12.275607, originally 12.583152.
20250731T122856.223 Agent R2302 (14) found a better, legal, HPWL target of 2.4513, originally 4.57857.
20250731T122902.712 Agent C2308 (19) found a better, legal, HPWL target of 2.212003, originally 3.811226.
20250731T123520.188 Agent R2302 (14) found a better, legal, HPWL target of 1.448572, originally 2.4513.
20250731T123527.104 Agent C2308 (19) found a better, legal, HPWL target of 2.077321, originally 2.212003.
20250731T123613.988 Agent C2308 (19) found a better, legal, HPWL target of 1.71054, originally 2.077321.
20250731T123700.214 Agent C2308 (19) found a better, legal, HPWL target of 1.510142, originally 1.71054.
20250731T124527.227 Agent FL2504 (29) found a better, legal, wirelength target of 3.787646, originally 5.96984.
20250731T124615.333 Agent FL2504 (29) found a better, legal, wirelength target of 3.703244, originally 3.787646.
20250731T124623.695 Agent C2353 (36) found a better, legal, wirelength target of 0.852877, originally 1.517409.
20250731T124641.063 Agent C2354 (12) found a better, legal, wirelength target of 1.219073, originally 1.30032.
20250731T124728.994 Agent C2354 (12) found a better, legal, wirelength target of 1.210052, originally 1.219073.
20250731T124816.799 Agent C2354 (12) found a better, legal, wirelength target of 0.758536, originally 1.210052.
20250731T124846.089 Agent C2353 (36) found a better, legal, HPWL target of 9.836422, originally 13.093438.
20250731T124926.144 Agent FL2504 (29) found a better, legal, wirelength target of 3.69602, originally 3.703244.
20250731T124933.919 Agent C2353 (36) found a better, legal, HPWL target of 9.524287, originally 9.836422.
20250731T124952.050 Agent C2354 (12) found a better, legal, wirelength target of 0.381024, originally 0.758536.
20250731T124952.259 Agent C2354 (12) found a better, legal, HPWL target of 0.491916, originally 0.974051.
20250731T125013.446 Agent FL2504 (29) found a better, legal, wirelength target of 3.687599, originally 3.69602.
20250731T125020.986 Agent C2353 (36) found a better, legal, wirelength target of 0.381282, originally 0.852877.
20250731T125039.025 Agent C2354 (12) found a better, legal, wirelength target of 0.197659, originally 0.381024.
20250731T125039.195 Agent C2354 (12) found a better, legal, HPWL target of 0.22384, originally 0.491916.
20250731T125108.542 Agent C2353 (36) found a better, legal, HPWL target of 9.187825, originally 9.524287.
20250731T125145.924 Agent FL2504 (29) found a better, legal, wirelength target of 3.083669, originally 3.687599.
20250731T125506.080 Agent C2541 (2) found a better, legal, wirelength target of 3.378315, originally 4.078927.
20250731T125659.229 Agent R2503 (17) found a better, legal, HPWL target of 18.062612, originally 19.369818.
20250731T125948.751 Agent C2541 (2) found a better, legal, HPWL target of 4.142154, originally 4.798604.
20250731T125951.424 Agent L2511 (4) found a better, legal, HPWL target of 12.861881, originally 13.024537.
20250731T130037.122 Agent C2541 (2) found a better, legal, HPWL target of 3.768972, originally 4.142154.
20250731T131416.814 Agent C2539 (33) found a better, legal, wirelength target of 1.017897, originally 1.18821.
20250731T131820.658 Agent L2519 (28) found a better, legal, wirelength target of 1.396264, originally 2.203323.
20250731T132038.745 Agent L2508 (27) found a better, legal, wirelength target of 0.914255, originally 1.062507.
20250731T132127.924 Agent L2519 (28) found a better, legal, wirelength target of 0.948216, originally 1.396264.
20250731T132212.852 Agent L2519 (28) found a better, legal, wirelength target of 0.532651, originally 0.948216.
20250731T132316.926 Agent C2507 (1) found a better, legal, wirelength target of 0.873297, originally 1.221034.
20250731T132318.403 Agent C2541 (2) found a better, legal, wirelength target of 2.59557, originally 3.378315.
20250731T132403.486 Agent C2541 (2) found a better, legal, wirelength target of 2.47361, originally 2.59557.
20250731T132444.712 Agent C2539 (33) found a better, legal, wirelength target of 0.682597, originally 1.017897.
20250731T132451.275 Agent C2507 (1) found a better, legal, HPWL target of 0.778228, originally 1.345083.
20250731T132452.440 Agent C2541 (2) found a better, legal, wirelength target of 2.406928, originally 2.47361.
20250731T132452.577 Agent C2541 (2) found a better, legal, HPWL target of 3.284548, originally 3.768972.
20250731T132455.223 Agent L2511 (4) found a better, legal, HPWL target of 12.283233, originally 12.861881.
20250731T132531.974 Agent C2539 (33) found a better, legal, wirelength target of 0.446585, originally 0.682597.
20250731T132538.002 Agent C2507 (1) found a better, legal, HPWL target of 0.749989, originally 0.778228.
20250731T132539.264 Agent C2541 (2) found a better, legal, wirelength target of 2.086511, originally 2.406928.
20250731T132539.429 Agent C2541 (2) found a better, legal, HPWL target of 2.771913, originally 3.284548.
20250731T132542.070 Agent L2511 (4) found a better, legal, HPWL target of 11.130139, originally 12.283233.
20250731T132626.429 Agent C2507 (1) found a better, legal, HPWL target of 0.694283, originally 0.749989.
20250731T132627.621 Agent C2541 (2) found a better, legal, wirelength target of 2.059795, originally 2.086511.
20250731T132627.743 Agent C2541 (2) found a better, legal, HPWL target of 2.527376, originally 2.771913.
20250731T132715.626 Agent C2507 (1) found a better, legal, HPWL target of 0.61571, originally 0.694283.
20250731T132716.922 Agent C2541 (2) found a better, legal, wirelength target of 1.957419, originally 2.059795.
20250731T132717.105 Agent C2541 (2) found a better, legal, HPWL target of 2.242799, originally 2.527376.
20250731T132851.741 Agent C2507 (1) found a better, legal, wirelength target of 0.793877, originally 0.873297.
20250731T132852.959 Agent C2541 (2) found a better, legal, wirelength target of 1.636136, originally 1.957419.
20250731T132853.114 Agent C2541 (2) found a better, legal, HPWL target of 1.645937, originally 2.242799.
20250731T132855.625 Agent L2511 (4) found a better, legal, HPWL target of 10.97668, originally 11.130139.
20250731T133109.311 Agent C2541 (2) found a better, legal, wirelength target of 1.45322, originally 1.636136.
20250731T133154.060 Agent C2541 (2) found a better, legal, HPWL target of 1.276959, originally 1.645937.
20250731T133156.875 Agent L2511 (4) found a better, legal, HPWL target of 10.508507, originally 10.97668.
20250731T133323.245 Agent C2507 (1) found a better, legal, wirelength target of 0.525194, originally 0.793877.
20250731T133455.435 Agent C2541 (2) found a better, legal, wirelength target of 1.185122, originally 1.45322.
20250731T133541.351 Agent C2541 (2) found a better, legal, wirelength target of 0.855175, originally 1.185122.
20250731T133625.763 Agent C2541 (2) found a better, legal, HPWL target of 1.171662, originally 1.276959.
20250731T133710.191 Agent C2541 (2) found a better, legal, wirelength target of 0.674977, originally 0.855175.
20250731T133844.949 Agent C2528 (5) found a better, legal, HPWL target of 1.153155, originally 1.778582.
20250731T134154.908 Agent C2528 (5) found a better, legal, HPWL target of 0.512394, originally 1.153155.
20250731T134633.415 Agent C2541 (2) found a better, legal, HPWL target of 1.033371, originally 1.171662.
20250731T134807.902 Agent C2541 (2) found a better, legal, wirelength target of 0.637666, originally 0.674977.
20250731T134808.054 Agent C2541 (2) found a better, legal, HPWL target of 0.776875, originally 1.033371.
20250731T135613.024 Agent C2544 (7) found a better, legal, HPWL target of 0.758493, originally 1.495034.
20250731T140814.085 Agent C2575 (18) found a better, legal, wirelength target of 1.041819, originally 1.580752.
20250731T140901.109 Agent C2575 (18) found a better, legal, wirelength target of 1.018705, originally 1.041819.
20250731T141127.590 Agent C2575 (18) found a better, legal, wirelength target of 0.673618, originally 1.018705.
20250731T141216.397 Agent C2575 (18) found a better, legal, wirelength target of 0.570571, originally 0.673618.
20250731T142750.528 Agent C2530 (37) found a better, legal, wirelength target of 0.60143, originally 0.61816.
20250731T144035.942 Agent FL2334 (35) found a better, legal, wirelength target of 0.903264, originally 0.990716.
20250731T145213.390 Agent L2507 (10) found a better, legal, wirelength target of 0.619633, originally 1.679681.
20250731T145300.018 Agent L2507 (10) found a better, legal, wirelength target of 0.413084, originally 0.619633.
20250731T145458.493 Agent L2519 (28) found a better, legal, HPWL target of 7.457791, originally 7.630936.
20250731T145608.888 Agent C2583 (9) found a better, legal, HPWL target of 7.689292, originally 7.700795.
20250731T145750.586 Agent C2537 (13) found a better, legal, HPWL target of 5.970586, originally 5.987249.
20250731T145921.571 Agent C2583 (9) found a better, legal, HPWL target of 7.094632, originally 7.689292.
20250731T145946.587 Agent L2519 (28) found a better, legal, HPWL target of 7.399778, originally 7.457791.
20250731T150014.941 Agent C2537 (13) found a better, legal, HPWL target of 5.829214, originally 5.970586.
20250731T150143.869 Agent C2583 (9) found a better, legal, HPWL target of 6.976899, originally 7.094632.
20250731T150208.134 Agent L2519 (28) found a better, legal, HPWL target of 7.157963, originally 7.399778.
20250731T150255.670 Agent L2519 (28) found a better, legal, HPWL target of 7.118043, originally 7.157963.
20250731T150407.632 Agent C2583 (9) found a better, legal, HPWL target of 6.681807, originally 6.976899.
20250731T151101.064 Agent C2310 (30) found a better, legal, wirelength target of 0.92769, originally 1.08459.
20250731T151227.882 Agent C2528 (5) found a better, legal, wirelength target of 1.384762, originally 1.64838.
20250731T151251.381 Agent L2502 (23) found a better, legal, wirelength target of 0.502955, originally 1.32788.
20250731T151315.289 Agent C2528 (5) found a better, legal, wirelength target of 0.354278, originally 1.384762.
20250731T151330.811 Agent R2503 (17) found a better, legal, wirelength target of 0.232376, originally 0.394231.
20250731T151407.065 Agent C2509 (8) found a better, legal, HPWL target of 3.603847, originally 6.422531.
20250731T151625.297 Agent C2509 (8) found a better, legal, HPWL target of 3.321099, originally 3.603847.
20250731T152230.057 Agent C2539 (33) found a better, legal, wirelength target of 0.416979, originally 0.446585.
20250731T152239.451 Agent L2510 (3) found a better, legal, wirelength target of 0.457626, originally 0.646398.
20250731T152318.101 Agent C2539 (33) found a better, legal, wirelength target of 0.286946, originally 0.416979.
20250731T153709.713 Agent L2519 (28) found a better, legal, wirelength target of 0.448586, originally 0.532651.
20250731T153732.562 Agent C2583 (9) found a better, legal, wirelength target of 0.313796, originally 1.194552.
20250731T153843.715 Agent L2519 (28) found a better, legal, wirelength target of 0.326216, originally 0.448586.
20250731T154026.715 Agent C2310 (30) found a better, legal, HPWL target of 11.156442, originally 12.275607.
20250731T154504.382 Agent L2502 (23) found a better, legal, HPWL target of 13.189325, originally 14.483755.
20250731T155328.526 Agent L2507 (10) found a better, legal, HPWL target of 5.474178, originally 6.035193.
20250731T155332.632 Agent C2537 (13) found a better, legal, HPWL target of 5.66734, originally 5.829214.
20250731T155503.896 Agent L2507 (10) found a better, legal, HPWL target of 5.333903, originally 5.474178.
20250731T155611.044 Agent C2540 (26) found a better, legal, wirelength target of 1.387337, originally 1.483856.
20250731T155947.758 Agent L2507 (10) found a better, legal, HPWL target of 4.474782, originally 5.333903.
20250731T155951.667 Agent C2537 (13) found a better, legal, HPWL target of 4.305766, originally 5.66734.
20250731T160123.796 Agent L2507 (10) found a better, legal, HPWL target of 4.167692, originally 4.474782.
20250731T160212.384 Agent L2507 (10) found a better, legal, HPWL target of 3.889478, originally 4.167692.
20250731T160216.519 Agent C2537 (13) found a better, legal, HPWL target of 3.54216, originally 4.305766.
20250731T160300.466 Agent L2507 (10) found a better, legal, HPWL target of 3.171314, originally 3.889478.
20250731T160304.338 Agent C2537 (13) found a better, legal, HPWL target of 2.925411, originally 3.54216.
20250731T160437.375 Agent L2507 (10) found a better, legal, HPWL target of 3.159766, originally 3.171314.
20250731T160441.201 Agent C2537 (13) found a better, legal, HPWL target of 2.911081, originally 2.925411.
20250731T160526.029 Agent L2507 (10) found a better, legal, HPWL target of 3.106412, originally 3.159766.
20250731T160614.389 Agent L2507 (10) found a better, legal, HPWL target of 2.613001, originally 3.106412.
20250731T160750.600 Agent L2507 (10) found a better, legal, HPWL target of 2.357445, originally 2.613001.
20250731T160754.646 Agent C2537 (13) found a better, legal, HPWL target of 2.835522, originally 2.911081.
20250731T161619.354 Agent C2508 (32) found a better, legal, wirelength target of 0.668235, originally 0.846248.
20250731T161703.277 Agent FL2504 (29) found a better, legal, wirelength target of 2.888042, originally 3.083669.
20250731T161706.895 Agent C2508 (32) found a better, legal, wirelength target of 0.397269, originally 0.668235.
20250731T161750.301 Agent FL2504 (29) found a better, legal, wirelength target of 2.335127, originally 2.888042.
20250731T162103.020 Agent C2508 (32) found a better, legal, wirelength target of 0.315271, originally 0.397269.
20250731T162449.703 Agent C2540 (26) found a better, legal, wirelength target of 1.35473, originally 1.387337.
20250731T162536.663 Agent C2540 (26) found a better, legal, wirelength target of 1.274896, originally 1.35473.
20250731T162620.630 Agent C2540 (26) found a better, legal, wirelength target of 0.762902, originally 1.274896.
20250731T162943.943 Agent L2508 (27) found a better, legal, wirelength target of 0.871155, originally 0.914255.
20250731T162949.204 Agent C2530 (37) found a better, legal, wirelength target of 0.468821, originally 0.60143.
20250731T163005.980 Agent L2508 (27) found a better, legal, wirelength target of 0.557606, originally 0.871155.
20250731T163027.927 Agent L2508 (27) found a better, legal, wirelength target of 0.326987, originally 0.557606.
20250731T163528.695 Agent L2502 (23) found a better, legal, HPWL target of 11.444893, originally 13.189325.
20250731T163737.806 Agent C2524 (16) found a better, legal, wirelength target of 0.886647, originally 1.270084.
20250731T164643.241 Agent C2540 (26) found a better, legal, HPWL target of 4.293915, originally 4.587772.
20250731T164652.250 Agent L2511 (4) found a better, legal, wirelength target of 0.328429, originally 0.498132.
