20250731T003033.539 Agent C2504 (0) found a better, legal, wirelength target of 2.827353, originally 1000000.0.
20250731T003034.133 Agent C2507 (1) found a better, legal, wirelength target of 1.358141, originally 1000000.0.
20250731T003035.320 Agent L2510 (3) found a better, legal, wirelength target of 7.636921, originally 1000000.0.
20250731T003036.495 Agent C2528 (5) found a better, legal, wirelength target of 16.842155, originally 1000000.0.
20250731T003037.123 Agent C2305 (6) found a better, legal, wirelength target of 6.825084, originally 1000000.0.
20250731T003037.731 Agent C2544 (7) found a better, legal, wirelength target of 7.767388, originally 1000000.0.
20250731T003038.369 Agent C2509 (8) found a better, legal, wirelength target of 1.31381, originally 1000000.0.
20250731T003039.577 Agent L2507 (10) found a better, legal, wirelength target of 3.780121, originally 1000000.0.
20250731T003040.171 Agent C2502 (11) found a better, legal, wirelength target of 0.0, originally 1000000.0.
20250731T003041.422 Agent C2537 (13) found a better, legal, wirelength target of 4.012648, originally 1000000.0.
20250731T003042.024 Agent R2302 (14) found a better, legal, wirelength target of 0.0, originally 1000000.0.
20250731T003042.630 Agent C2523 (15) found a better, legal, wirelength target of 9.249733, originally 1000000.0.
20250731T003043.849 Agent R2503 (17) found a better, legal, wirelength target of 0.597525, originally 1000000.0.
20250731T003044.462 Agent C2575 (18) found a better, legal, wirelength target of 9.13797, originally 1000000.0.
20250731T003045.675 Agent FL2503 (20) found a better, legal, wirelength target of 13.653356, originally 1000000.0.
20250731T003046.294 Agent C2503 (21) found a better, legal, wirelength target of 4.372569, originally 1000000.0.
20250731T003046.900 Agent R2521 (22) found a better, legal, wirelength target of 4.275397, originally 1000000.0.
20250731T003048.132 Agent L2304 (24) found a better, legal, wirelength target of 9.621529, originally 1000000.0.
20250731T003049.355 Agent C2540 (26) found a better, legal, wirelength target of 5.656119, originally 1000000.0.
20250731T003049.958 Agent L2508 (27) found a better, legal, wirelength target of 6.078502, originally 1000000.0.
20250731T003051.792 Agent C2310 (30) found a better, legal, wirelength target of 6.289874, originally 1000000.0.
20250731T003052.434 Agent U2301 (31) found a better, legal, wirelength target of 25.958809, originally 1000000.0.
20250731T003053.058 Agent C2508 (32) found a better, legal, wirelength target of 2.446544, originally 1000000.0.
20250731T003054.262 Agent FL2334 (35) found a better, legal, wirelength target of 4.839452, originally 1000000.0.
20250731T003054.882 Agent C2353 (36) found a better, legal, wirelength target of 4.701126, originally 1000000.0.
20250731T003056.148 Agent C2504 (0) found a better, legal, wirelength target of 2.665044, originally 2.827353.
20250731T003101.101 Agent C2509 (8) found a better, legal, wirelength target of 0.585495, originally 1.31381.
20250731T003102.319 Agent L2507 (10) found a better, legal, wirelength target of 3.733366, originally 3.780121.
20250731T003104.144 Agent C2537 (13) found a better, legal, wirelength target of 3.770049, originally 4.012648.
20250731T003108.432 Agent FL2503 (20) found a better, legal, wirelength target of 12.638693, originally 13.653356.
20250731T003110.909 Agent L2304 (24) found a better, legal, wirelength target of 9.124979, originally 9.621529.
20250731T003112.106 Agent C2540 (26) found a better, legal, wirelength target of 5.514656, originally 5.656119.
20250731T003115.831 Agent C2508 (32) found a better, legal, wirelength target of 2.344171, originally 2.446544.
20250731T003117.046 Agent FL2334 (35) found a better, legal, wirelength target of 4.200675, originally 4.839452.
20250731T003118.865 Agent C2504 (0) found a better, legal, wirelength target of 2.329413, originally 2.665044.
20250731T003120.125 Agent C2541 (2) found a better, legal, wirelength target of 7.471823, originally 1000000.0.
20250731T003122.601 Agent C2305 (6) found a better, legal, wirelength target of 6.442595, originally 6.825084.
20250731T003124.405 Agent C2583 (9) found a better, legal, wirelength target of 3.292679, originally 1000000.0.
20250731T003126.296 Agent C2354 (12) found a better, legal, wirelength target of 4.556813, originally 1000000.0.
20250731T003129.398 Agent R2503 (17) found a better, legal, wirelength target of 0.394231, originally 0.597525.
20250731T003130.645 Agent C2308 (19) found a better, legal, wirelength target of 0.0, originally 1000000.0.
20250731T003131.366 Agent FL2503 (20) found a better, legal, wirelength target of 11.957502, originally 12.638693.
20250731T003132.653 Agent R2521 (22) found a better, legal, wirelength target of 4.022369, originally 4.275397.
20250731T003135.324 Agent C2540 (26) found a better, legal, wirelength target of 5.486159, originally 5.514656.
20250731T003135.947 Agent L2508 (27) found a better, legal, wirelength target of 5.389208, originally 6.078502.
20250731T003139.548 Agent U2301 (31) found a better, legal, wirelength target of 25.143398, originally 25.958809.
20250731T003143.702 Agent C2353 (36) found a better, legal, wirelength target of 4.238755, originally 4.701126.
20250731T003145.946 Agent C2504 (0) found a better, legal, wirelength target of 2.302161, originally 2.329413.
20250731T003147.251 Agent C2507 (1) found a better, legal, wirelength target of 1.293284, originally 1.358141.
20250731T003154.322 Agent C2305 (6) found a better, legal, wirelength target of 6.273764, originally 6.442595.
20250731T003157.176 Agent C2509 (8) found a better, legal, wirelength target of 0.480331, originally 0.585495.
20250731T003202.649 Agent C2354 (12) found a better, legal, wirelength target of 4.263072, originally 4.556813.
20250731T003219.762 Agent L2304 (24) found a better, legal, wirelength target of 8.910987, originally 9.124979.
20250731T003223.858 Agent L2508 (27) found a better, legal, wirelength target of 5.01441, originally 5.389208.
20250731T003229.638 Agent U2301 (31) found a better, legal, wirelength target of 24.887036, originally 25.143398.
20250731T003235.285 Agent C2353 (36) found a better, legal, wirelength target of 4.233362, originally 4.238755.
20250731T003239.667 Agent C2507 (1) found a better, legal, wirelength target of 1.256047, originally 1.293284.
20250731T003246.470 Agent C2305 (6) found a better, legal, wirelength target of 5.484473, originally 6.273764.
20250731T003247.738 Agent C2544 (7) found a better, legal, wirelength target of 7.67281, originally 7.767388.
20250731T003254.591 Agent C2354 (12) found a better, legal, wirelength target of 3.689627, originally 4.263072.
20250731T003300.436 Agent C2524 (16) found a better, legal, wirelength target of 8.565458, originally 1000000.0.
20250731T003319.206 Agent FL2504 (29) found a better, legal, wirelength target of 7.788861, originally 1000000.0.
20250731T003320.588 Agent C2310 (30) found a better, legal, wirelength target of 5.782491, originally 6.289874.
20250731T003323.549 Agent C2508 (32) found a better, legal, wirelength target of 2.160346, originally 2.344171.
20250731T003327.782 Agent C2353 (36) found a better, legal, wirelength target of 3.287799, originally 4.233362.
20250731T003330.527 Agent C2504 (0) found a better, legal, wirelength target of 2.133497, originally 2.302161.
20250731T003340.542 Agent C2544 (7) found a better, legal, wirelength target of 7.633099, originally 7.67281.
20250731T003347.791 Agent C2354 (12) found a better, legal, wirelength target of 3.535556, originally 3.689627.
20250731T003351.933 Agent C2523 (15) found a better, legal, wirelength target of 8.780025, originally 9.249733.
20250731T003353.152 Agent C2524 (16) found a better, legal, wirelength target of 8.375516, originally 8.565458.
20250731T003400.238 Agent C2503 (21) found a better, legal, wirelength target of 3.863855, originally 4.372569.
20250731T003404.525 Agent L2304 (24) found a better, legal, wirelength target of 8.805525, originally 8.910987.
20250731T003408.952 Agent L2508 (27) found a better, legal, wirelength target of 4.296682, originally 5.01441.
20250731T003411.874 Agent FL2504 (29) found a better, legal, wirelength target of 7.687234, originally 7.788861.
20250731T003414.718 Agent U2301 (31) found a better, legal, wirelength target of 24.388424, originally 24.887036.
20250731T003424.916 Agent C2507 (1) found a better, legal, wirelength target of 1.221034, originally 1.256047.
20250731T003511.417 Agent FL2334 (35) found a better, legal, wirelength target of 3.967643, originally 4.200675.
20250731T003549.665 Agent C2540 (26) found a better, legal, wirelength target of 5.378193, originally 5.486159.
20250731T003608.142 Agent L2510 (3) found a better, legal, wirelength target of 7.382045, originally 7.636921.
20250731T003616.180 Agent L2510 (3) found a better, legal, wirelength target of 5.402168, originally 7.382045.
20250731T003617.595 Agent L2511 (4) found a better, legal, wirelength target of 4.479187, originally 1000000.0.
20250731T003633.480 Agent C2524 (16) found a better, legal, wirelength target of 5.837156, originally 8.375516.
20250731T003641.461 Agent R2521 (22) found a better, legal, wirelength target of 0.706144, originally 4.022369.
20250731T003642.755 Agent L2502 (23) found a better, legal, wirelength target of 11.36425, originally 1000000.0.
20250731T003649.136 Agent L2519 (28) found a better, legal, wirelength target of 4.452127, originally 1000000.0.
20250731T003655.907 Agent C2539 (33) found a better, legal, wirelength target of 4.108775, originally 1000000.0.
20250731T003658.491 Agent C2353 (36) found a better, legal, wirelength target of 2.81728, originally 3.287799.
20250731T003706.346 Agent L2511 (4) found a better, legal, wirelength target of 4.44445, originally 4.479187.
20250731T003721.137 Agent C2523 (15) found a better, legal, wirelength target of 5.67483, originally 8.780025.
20250731T003722.477 Agent C2524 (16) found a better, legal, wirelength target of 5.478241, originally 5.837156.
20250731T003738.380 Agent L2519 (28) found a better, legal, wirelength target of 4.175054, originally 4.452127.
20250731T003745.476 Agent C2539 (33) found a better, legal, wirelength target of 3.881101, originally 4.108775.
20250731T003748.027 Agent C2353 (36) found a better, legal, wirelength target of 2.054951, originally 2.81728.
20250731T003754.867 Agent L2510 (3) found a better, legal, wirelength target of 5.190751, originally 5.402168.
20250731T003812.239 Agent C2524 (16) found a better, legal, wirelength target of 5.276298, originally 5.478241.
20250731T003834.780 Agent C2539 (33) found a better, legal, wirelength target of 3.502569, originally 3.881101.
20250731T003837.446 Agent C2353 (36) found a better, legal, wirelength target of 1.738177, originally 2.054951.
20250731T003920.296 Agent L2519 (28) found a better, legal, wirelength target of 4.15222, originally 4.175054.
20250731T003938.911 Agent L2511 (4) found a better, legal, wirelength target of 4.401262, originally 4.44445.
20250731T004043.133 Agent C2354 (12) found a better, legal, wirelength target of 2.769128, originally 3.535556.
20250731T004233.583 Agent C2524 (16) found a better, legal, wirelength target of 4.99108, originally 5.276298.
20250731T004300.446 Agent C2353 (36) found a better, legal, wirelength target of 1.633556, originally 1.738177.
20250731T004325.381 Agent C2524 (16) found a better, legal, wirelength target of 4.755424, originally 4.99108.
20250731T004424.065 Agent FL2503 (20) found a better, legal, wirelength target of 7.311589, originally 11.957502.
20250731T004505.108 Agent C2354 (12) found a better, legal, wirelength target of 1.617941, originally 2.769128.
20250731T004506.514 Agent C2537 (13) found a better, legal, wirelength target of 0.724615, originally 3.770049.
20250731T004516.348 Agent FL2503 (20) found a better, legal, wirelength target of 6.929961, originally 7.311589.
20250731T004534.865 Agent C2539 (33) found a better, legal, wirelength target of 3.422352, originally 3.502569.
20250731T004558.704 Agent C2537 (13) found a better, legal, wirelength target of 0.571132, originally 0.724615.
20250731T004708.660 Agent R2515 (25) found a better, legal, wirelength target of 15.825963, originally 1000000.0.
20250731T004854.323 Agent R2515 (25) found a better, legal, wirelength target of 15.462731, originally 15.825963.
20250731T005047.400 Agent U2301 (31) found a better, legal, wirelength target of 23.864107, originally 24.388424.
20250731T005112.444 Agent C2354 (12) found a better, legal, wirelength target of 1.30032, originally 1.617941.
20250731T005143.869 Agent C2353 (36) found a better, legal, wirelength target of 1.517409, originally 1.633556.
20250731T005156.286 Agent L2510 (3) found a better, legal, wirelength target of 4.703742, originally 5.190751.
20250731T005159.033 Agent C2528 (5) found a better, legal, wirelength target of 3.562386, originally 16.842155.
20250731T005200.434 Agent C2305 (6) found a better, legal, wirelength target of 1.435709, originally 5.484473.
20250731T005201.758 Agent C2544 (7) found a better, legal, wirelength target of 4.250752, originally 7.633099.
20250731T005224.423 Agent L2502 (23) found a better, legal, wirelength target of 3.796294, originally 11.36425.
20250731T005228.766 Agent C2540 (26) found a better, legal, wirelength target of 4.447801, originally 5.378193.
20250731T005235.884 Agent U2301 (31) found a better, legal, wirelength target of 16.975521, originally 23.864107.
20250731T005252.568 Agent C2305 (6) found a better, legal, wirelength target of 0.670832, originally 1.435709.
20250731T005254.022 Agent C2544 (7) found a better, legal, wirelength target of 3.497302, originally 4.250752.
20250731T005305.514 Agent C2523 (15) found a better, legal, wirelength target of 2.104458, originally 5.67483.
20250731T005320.805 Agent C2540 (26) found a better, legal, wirelength target of 4.019395, originally 4.447801.
20250731T005328.178 Agent U2301 (31) found a better, legal, wirelength target of 16.798334, originally 16.975521.
20250731T005340.605 Agent L2510 (3) found a better, legal, wirelength target of 4.328815, originally 4.703742.
20250731T005412.064 Agent C2540 (26) found a better, legal, wirelength target of 3.968812, originally 4.019395.
20250731T005432.203 Agent L2510 (3) found a better, legal, wirelength target of 4.221444, originally 4.328815.
20250731T005437.990 Agent C2544 (7) found a better, legal, wirelength target of 3.309444, originally 3.497302.
20250731T005512.326 Agent U2301 (31) found a better, legal, wirelength target of 16.690766, originally 16.798334.
20250731T005623.832 Agent C2544 (7) found a better, legal, wirelength target of 3.228594, originally 3.309444.
20250731T005701.683 Agent C2541 (2) found a better, legal, wirelength target of 6.315367, originally 7.471823.
20250731T005704.501 Agent L2511 (4) found a better, legal, wirelength target of 3.006374, originally 4.401262.
20250731T005724.907 Agent C2575 (18) found a better, legal, wirelength target of 9.07929, originally 9.13797.
20250731T005733.476 Agent L2304 (24) found a better, legal, wirelength target of 3.185171, originally 8.805525.
20250731T005743.393 Agent U2301 (31) found a better, legal, wirelength target of 13.416297, originally 16.690766.
20250731T005747.610 Agent FL2334 (35) found a better, legal, wirelength target of 1.714144, originally 3.967643.
20250731T005750.576 Agent C2530 (37) found a better, legal, wirelength target of 4.747279, originally 1000000.0.
20250731T005754.700 Agent C2541 (2) found a better, legal, wirelength target of 5.913161, originally 6.315367.
20250731T005826.010 Agent L2304 (24) found a better, legal, wirelength target of 2.364897, originally 3.185171.
20250731T005836.022 Agent U2301 (31) found a better, legal, wirelength target of 13.319935, originally 13.416297.
20250731T005928.643 Agent U2301 (31) found a better, legal, wirelength target of 11.829634, originally 13.319935.
20250731T005935.660 Agent C2530 (37) found a better, legal, wirelength target of 3.808239, originally 4.747279.
20250731T005939.822 Agent C2541 (2) found a better, legal, wirelength target of 5.28606, originally 5.913161.
20250731T005951.819 Agent L2511 (4) found a better, legal, wirelength target of 1.025542, originally 3.006374.
20250731T005956.117 Agent C2544 (7) found a better, legal, wirelength target of 2.863488, originally 3.228594.
20250731T010016.390 Agent C2503 (21) found a better, legal, wirelength target of 2.19702, originally 3.863855.
20250731T010022.229 Agent R2515 (25) found a better, legal, wirelength target of 3.094288, originally 15.462731.
20250731T010033.481 Agent C2539 (33) found a better, legal, wirelength target of 2.752126, originally 3.422352.
20250731T010049.510 Agent C2544 (7) found a better, legal, wirelength target of 2.70198, originally 2.863488.
20250731T010313.079 Agent C2539 (33) found a better, legal, wirelength target of 2.404823, originally 2.752126.
20250731T010403.264 Agent C2539 (33) found a better, legal, wirelength target of 2.044837, originally 2.404823.
20250731T010501.821 Agent C2541 (2) found a better, legal, wirelength target of 4.354709, originally 5.28606.
20250731T010528.544 Agent C2503 (21) found a better, legal, wirelength target of 1.942591, originally 2.19702.
20250731T010549.286 Agent C2530 (37) found a better, legal, wirelength target of 3.656434, originally 3.808239.
20250731T010553.501 Agent C2541 (2) found a better, legal, wirelength target of 4.283402, originally 4.354709.
20250731T010820.415 Agent C2539 (33) found a better, legal, wirelength target of 1.54611, originally 2.044837.
20250731T011034.014 Agent C2503 (21) found a better, legal, wirelength target of 1.272482, originally 1.942591.
20250731T011042.610 Agent L2508 (27) found a better, legal, wirelength target of 3.600182, originally 4.296682.
20250731T011046.783 Agent C2310 (30) found a better, legal, wirelength target of 3.240404, originally 5.782491.
20250731T011126.901 Agent C2503 (21) found a better, legal, wirelength target of 0.868878, originally 1.272482.
20250731T011135.530 Agent L2508 (27) found a better, legal, wirelength target of 3.381364, originally 3.600182.
20250731T011139.528 Agent C2310 (30) found a better, legal, wirelength target of 3.070167, originally 3.240404.
20250731T011223.649 Agent L2304 (24) found a better, legal, wirelength target of 1.292336, originally 2.364897.
20250731T011232.396 Agent C2310 (30) found a better, legal, wirelength target of 2.66153, originally 3.070167.
20250731T011312.422 Agent C2503 (21) found a better, legal, wirelength target of 0.449622, originally 0.868878.
20250731T011316.927 Agent L2304 (24) found a better, legal, wirelength target of 0.923819, originally 1.292336.
20250731T011326.776 Agent U2301 (31) found a better, legal, wirelength target of 3.074047, originally 11.829634.
20250731T011446.755 Agent C2544 (7) found a better, legal, wirelength target of 2.044685, originally 2.70198.
20250731T011451.059 Agent L2507 (10) found a better, legal, wirelength target of 2.924125, originally 3.733366.
20250731T011512.164 Agent R2515 (25) found a better, legal, wirelength target of 2.541737, originally 3.094288.
20250731T011516.907 Agent L2519 (28) found a better, legal, wirelength target of 3.025536, originally 4.15222.
20250731T011528.413 Agent C2530 (37) found a better, legal, wirelength target of 3.41256, originally 3.656434.
20250731T011534.099 Agent L2510 (3) found a better, legal, wirelength target of 1.210127, originally 4.221444.
20250731T011544.076 Agent L2507 (10) found a better, legal, wirelength target of 2.422491, originally 2.924125.
20250731T011647.891 Agent C2575 (18) found a better, legal, wirelength target of 1.648959, originally 9.07929.
20250731T011719.029 Agent L2510 (3) found a better, legal, wirelength target of 1.133913, originally 1.210127.
20250731T011740.401 Agent C2575 (18) found a better, legal, wirelength target of 1.580752, originally 1.648959.
20250731T011750.191 Agent R2515 (25) found a better, legal, wirelength target of 2.275084, originally 2.541737.
20250731T011900.369 Agent C2524 (16) found a better, legal, wirelength target of 4.658171, originally 4.755424.
20250731T011915.144 Agent C2540 (26) found a better, legal, wirelength target of 2.54401, originally 3.968812.
20250731T011916.460 Agent L2508 (27) found a better, legal, wirelength target of 2.776894, originally 3.381364.
20250731T011917.788 Agent L2519 (28) found a better, legal, wirelength target of 2.984793, originally 3.025536.
20250731T012009.541 Agent L2508 (27) found a better, legal, wirelength target of 2.57984, originally 2.776894.
20250731T012102.152 Agent C2540 (26) found a better, legal, wirelength target of 2.133911, originally 2.54401.
20250731T012225.175 Agent L2507 (10) found a better, legal, wirelength target of 2.325744, originally 2.422491.
20250731T012340.734 Agent C2540 (26) found a better, legal, wirelength target of 1.679941, originally 2.133911.
20250731T012410.950 Agent L2507 (10) found a better, legal, wirelength target of 1.924895, originally 2.325744.
20250731T012433.726 Agent C2540 (26) found a better, legal, wirelength target of 1.62287, originally 1.679941.
20250731T012503.825 Agent L2507 (10) found a better, legal, wirelength target of 1.884318, originally 1.924895.
20250731T012527.279 Agent C2540 (26) found a better, legal, wirelength target of 1.491881, originally 1.62287.
20250731T012556.786 Agent L2507 (10) found a better, legal, wirelength target of 1.679681, originally 1.884318.
20250731T012620.212 Agent C2540 (26) found a better, legal, wirelength target of 1.483856, originally 1.491881.
20250731T012724.781 Agent FL2334 (35) found a better, legal, wirelength target of 1.516235, originally 1.714144.
20250731T012844.033 Agent C2523 (15) found a better, legal, wirelength target of 1.577227, originally 2.104458.
20250731T012855.347 Agent L2502 (23) found a better, legal, wirelength target of 3.291452, originally 3.796294.
20250731T012911.442 Agent FL2334 (35) found a better, legal, wirelength target of 1.118823, originally 1.516235.
20250731T012937.401 Agent C2523 (15) found a better, legal, wirelength target of 1.49852, originally 1.577227.
20250731T012949.016 Agent L2502 (23) found a better, legal, wirelength target of 2.964721, originally 3.291452.
20250731T013031.230 Agent C2523 (15) found a better, legal, wirelength target of 1.482134, originally 1.49852.
20250731T013042.976 Agent L2502 (23) found a better, legal, wirelength target of 2.876774, originally 2.964721.
20250731T013125.034 Agent C2523 (15) found a better, legal, wirelength target of 1.408741, originally 1.482134.
20250731T013409.175 Agent C2523 (15) found a better, legal, wirelength target of 1.293872, originally 1.408741.
20250731T013804.876 Agent C2508 (32) found a better, legal, wirelength target of 2.016256, originally 2.160346.
20250731T014345.558 Agent C2541 (2) found a better, legal, wirelength target of 4.172463, originally 4.283402.
20250731T014423.189 Agent L2519 (28) found a better, legal, wirelength target of 2.563162, originally 2.984793.
20250731T014439.671 Agent C2541 (2) found a better, legal, wirelength target of 4.102996, originally 4.172463.
20250731T014531.098 Agent C2530 (37) found a better, legal, wirelength target of 1.121981, originally 3.41256.
20250731T014625.378 Agent C2530 (37) found a better, legal, wirelength target of 0.893008, originally 1.121981.
20250731T014801.705 Agent C2508 (32) found a better, legal, wirelength target of 1.053284, originally 2.016256.
20250731T014956.292 Agent C2530 (37) found a better, legal, wirelength target of 0.843483, originally 0.893008.
20250731T015048.144 Agent C2508 (32) found a better, legal, wirelength target of 0.846248, originally 1.053284.
20250731T015054.106 Agent C2530 (37) found a better, legal, wirelength target of 0.61816, originally 0.843483.
20250731T015153.510 Agent C2541 (2) found a better, legal, wirelength target of 4.078927, originally 4.102996.
20250731T015240.452 Agent FL2334 (35) found a better, legal, wirelength target of 0.990716, originally 1.118823.
20250731T015341.487 Agent FL2504 (29) found a better, legal, wirelength target of 5.96984, originally 7.687234.
20250731T020447.972 Agent C2504 (0) found a better, legal, wirelength target of 1.77547, originally 2.133497.
20250731T020511.098 Agent C2524 (16) found a better, legal, wirelength target of 2.667204, originally 4.658171.
20250731T020542.163 Agent C2504 (0) found a better, legal, wirelength target of 1.190818, originally 1.77547.
20250731T020605.388 Agent C2524 (16) found a better, legal, wirelength target of 2.562517, originally 2.667204.
20250731T020945.171 Agent C2524 (16) found a better, legal, wirelength target of 2.398162, originally 2.562517.
20250731T021629.532 Agent C2528 (5) found a better, legal, wirelength target of 2.011287, originally 3.562386.
20250731T021656.154 Agent L2502 (23) found a better, legal, wirelength target of 1.707579, originally 2.876774.
20250731T021702.388 Agent L2508 (27) found a better, legal, wirelength target of 1.779826, originally 2.57984.
20250731T021819.690 Agent C2528 (5) found a better, legal, wirelength target of 1.720125, originally 2.011287.
20250731T021845.926 Agent L2502 (23) found a better, legal, wirelength target of 1.344978, originally 1.707579.
20250731T021913.549 Agent C2528 (5) found a better, legal, wirelength target of 1.64838, originally 1.720125.
20250731T021946.427 Agent L2508 (27) found a better, legal, wirelength target of 1.469738, originally 1.779826.
20250731T022033.551 Agent L2502 (23) found a better, legal, wirelength target of 1.32788, originally 1.344978.
20250731T022131.980 Agent L2508 (27) found a better, legal, wirelength target of 1.208598, originally 1.469738.
20250731T022344.515 Agent C2544 (7) found a better, legal, wirelength target of 1.858471, originally 2.044685.
20250731T022410.873 Agent R2515 (25) found a better, legal, wirelength target of 1.996895, originally 2.275084.
20250731T022505.475 Agent R2515 (25) found a better, legal, wirelength target of 1.821714, originally 1.996895.
20250731T022512.777 Agent C2310 (30) found a better, legal, wirelength target of 1.08459, originally 2.66153.
20250731T022533.215 Agent C2544 (7) found a better, legal, wirelength target of 1.538371, originally 1.858471.
20250731T022559.216 Agent R2515 (25) found a better, legal, wirelength target of 1.782209, originally 1.821714.
20250731T022627.905 Agent C2544 (7) found a better, legal, wirelength target of 1.26293, originally 1.538371.
20250731T022654.726 Agent R2515 (25) found a better, legal, wirelength target of 1.510479, originally 1.782209.
20250731T022842.963 Agent R2515 (25) found a better, legal, wirelength target of 0.534002, originally 1.510479.
20250731T023003.143 Agent C2544 (7) found a better, legal, wirelength target of 1.060641, originally 1.26293.
20250731T023054.669 Agent C2544 (7) found a better, legal, wirelength target of 0.632978, originally 1.060641.
20250731T023432.746 Agent C2583 (9) found a better, legal, wirelength target of 3.040079, originally 3.292679.
20250731T023508.139 Agent C2539 (33) found a better, legal, wirelength target of 1.18821, originally 1.54611.
20250731T023527.432 Agent C2583 (9) found a better, legal, wirelength target of 2.908918, originally 3.040079.
20250731T023620.420 Agent C2583 (9) found a better, legal, wirelength target of 2.888393, originally 2.908918.
20250731T023711.089 Agent C2583 (9) found a better, legal, wirelength target of 2.640935, originally 2.888393.
20250731T023802.427 Agent C2583 (9) found a better, legal, wirelength target of 2.519805, originally 2.640935.
20250731T023857.241 Agent C2583 (9) found a better, legal, wirelength target of 2.518215, originally 2.519805.
20250731T023930.746 Agent C2524 (16) found a better, legal, wirelength target of 1.646116, originally 2.398162.
20250731T024026.874 Agent C2524 (16) found a better, legal, wirelength target of 1.270084, originally 1.646116.
20250731T024338.590 Agent C2504 (0) found a better, legal, wirelength target of 1.176428, originally 1.190818.
20250731T024411.584 Agent R2521 (22) found a better, legal, wirelength target of 0.647227, originally 0.706144.
20250731T024434.198 Agent C2504 (0) found a better, legal, wirelength target of 0.908219, originally 1.176428.
20250731T024527.303 Agent C2504 (0) found a better, legal, wirelength target of 0.825384, originally 0.908219.
20250731T024558.513 Agent R2521 (22) found a better, legal, wirelength target of 0.547651, originally 0.647227.
20250731T024619.773 Agent C2504 (0) found a better, legal, wirelength target of 0.451876, originally 0.825384.
20250731T024623.959 Agent L2510 (3) found a better, legal, wirelength target of 0.646398, originally 1.133913.
20250731T024936.127 Agent L2519 (28) found a better, legal, wirelength target of 2.203323, originally 2.563162.
20250731T025210.862 Agent R2521 (22) found a better, legal, wirelength target of 0.517499, originally 0.547651.
20250731T025437.060 Agent C2583 (9) found a better, legal, wirelength target of 1.604804, originally 2.518215.
20250731T025646.019 Agent R2521 (22) found a better, legal, wirelength target of 0.33989, originally 0.517499.
20250731T025814.048 Agent C2583 (9) found a better, legal, wirelength target of 1.194552, originally 1.604804.
20250731T031841.987 Agent L2508 (27) found a better, legal, wirelength target of 1.062507, originally 1.208598.
20250731T032723.020 Agent L2511 (4) found a better, legal, wirelength target of 0.498132, originally 1.025542.
20250731T040631.443 Agent FL2504 (29) found a better, legal, wirelength target of 3.787646, originally 5.96984.
20250731T040723.916 Agent FL2504 (29) found a better, legal, wirelength target of 3.703244, originally 3.787646.
20250731T040732.395 Agent C2353 (36) found a better, legal, wirelength target of 0.852877, originally 1.517409.
20250731T040751.880 Agent C2354 (12) found a better, legal, wirelength target of 1.219073, originally 1.30032.
20250731T040845.291 Agent C2354 (12) found a better, legal, wirelength target of 1.210052, originally 1.219073.
20250731T040937.735 Agent C2354 (12) found a better, legal, wirelength target of 0.758536, originally 1.210052.
20250731T041055.173 Agent FL2504 (29) found a better, legal, wirelength target of 3.69602, originally 3.703244.
20250731T041123.675 Agent C2354 (12) found a better, legal, wirelength target of 0.381024, originally 0.758536.
20250731T041148.629 Agent FL2504 (29) found a better, legal, wirelength target of 3.687599, originally 3.69602.
20250731T041157.564 Agent C2353 (36) found a better, legal, wirelength target of 0.381282, originally 0.852877.
20250731T041218.385 Agent C2354 (12) found a better, legal, wirelength target of 0.197659, originally 0.381024.
20250731T041337.174 Agent FL2504 (29) found a better, legal, wirelength target of 3.083669, originally 3.687599.
20250731T041736.991 Agent C2541 (2) found a better, legal, wirelength target of 3.378315, originally 4.078927.
20250731T043916.894 Agent C2539 (33) found a better, legal, wirelength target of 1.017897, originally 1.18821.
20250731T044353.270 Agent L2519 (28) found a better, legal, wirelength target of 1.396264, originally 2.203323.
20250731T044638.506 Agent L2508 (27) found a better, legal, wirelength target of 0.914255, originally 1.062507.
20250731T044734.531 Agent L2519 (28) found a better, legal, wirelength target of 0.948216, originally 1.396264.
20250731T044830.299 Agent L2519 (28) found a better, legal, wirelength target of 0.532651, originally 0.948216.
20250731T044943.243 Agent C2507 (1) found a better, legal, wirelength target of 0.873297, originally 1.221034.
20250731T044944.704 Agent C2541 (2) found a better, legal, wirelength target of 2.59557, originally 3.378315.
20250731T045037.878 Agent C2541 (2) found a better, legal, wirelength target of 2.47361, originally 2.59557.
20250731T045124.701 Agent C2539 (33) found a better, legal, wirelength target of 0.682597, originally 1.017897.
20250731T045133.989 Agent C2541 (2) found a better, legal, wirelength target of 2.406928, originally 2.47361.
20250731T045219.961 Agent C2539 (33) found a better, legal, wirelength target of 0.446585, originally 0.682597.
20250731T045228.534 Agent C2541 (2) found a better, legal, wirelength target of 2.086511, originally 2.406928.
20250731T045324.629 Agent C2541 (2) found a better, legal, wirelength target of 2.059795, originally 2.086511.
20250731T045421.019 Agent C2541 (2) found a better, legal, wirelength target of 1.957419, originally 2.059795.
20250731T045607.218 Agent C2507 (1) found a better, legal, wirelength target of 0.793877, originally 0.873297.
20250731T045608.551 Agent C2541 (2) found a better, legal, wirelength target of 1.636136, originally 1.957419.
20250731T045850.015 Agent C2541 (2) found a better, legal, wirelength target of 1.45322, originally 1.636136.
20250731T050135.473 Agent C2507 (1) found a better, legal, wirelength target of 0.525194, originally 0.793877.
20250731T050327.491 Agent C2541 (2) found a better, legal, wirelength target of 1.185122, originally 1.45322.
20250731T050422.093 Agent C2541 (2) found a better, legal, wirelength target of 0.855175, originally 1.185122.
20250731T050606.068 Agent C2541 (2) found a better, legal, wirelength target of 0.674977, originally 0.855175.
20250731T051830.817 Agent C2541 (2) found a better, legal, wirelength target of 0.637666, originally 0.674977.
20250731T054122.278 Agent C2575 (18) found a better, legal, wirelength target of 1.041819, originally 1.580752.
20250731T054217.348 Agent C2575 (18) found a better, legal, wirelength target of 1.018705, originally 1.041819.
20250731T054500.763 Agent C2575 (18) found a better, legal, wirelength target of 0.673618, originally 1.018705.
20250731T054552.959 Agent C2575 (18) found a better, legal, wirelength target of 0.570571, originally 0.673618.
20250731T060322.733 Agent C2530 (37) found a better, legal, wirelength target of 0.60143, originally 0.61816.
20250731T061806.305 Agent FL2334 (35) found a better, legal, wirelength target of 0.903264, originally 0.990716.
20250731T063117.732 Agent L2507 (10) found a better, legal, wirelength target of 0.619633, originally 1.679681.
20250731T063209.192 Agent L2507 (10) found a better, legal, wirelength target of 0.413084, originally 0.619633.
20250731T065245.167 Agent C2310 (30) found a better, legal, wirelength target of 0.92769, originally 1.08459.
20250731T065422.020 Agent C2528 (5) found a better, legal, wirelength target of 1.384762, originally 1.64838.
20250731T065447.630 Agent L2502 (23) found a better, legal, wirelength target of 0.502955, originally 1.32788.
20250731T065515.188 Agent C2528 (5) found a better, legal, wirelength target of 0.354278, originally 1.384762.
20250731T065532.478 Agent R2503 (17) found a better, legal, wirelength target of 0.232376, originally 0.394231.
20250731T070543.752 Agent C2539 (33) found a better, legal, wirelength target of 0.416979, originally 0.446585.
20250731T070553.597 Agent L2510 (3) found a better, legal, wirelength target of 0.457626, originally 0.646398.
20250731T070637.769 Agent C2539 (33) found a better, legal, wirelength target of 0.286946, originally 0.416979.
20250731T072158.241 Agent L2519 (28) found a better, legal, wirelength target of 0.448586, originally 0.532651.
20250731T072225.053 Agent C2583 (9) found a better, legal, wirelength target of 0.313796, originally 1.194552.
20250731T072346.913 Agent L2519 (28) found a better, legal, wirelength target of 0.326216, originally 0.448586.
20250731T074542.620 Agent C2523 (15) found a better, legal, wirelength target of 1.135997, originally 1.293872.
20250731T082217.662 Agent C2508 (32) found a better, legal, wirelength target of 0.580622, originally 0.846248.
20250731T090125.362 Agent L2508 (27) found a better, legal, wirelength target of 0.828231, originally 0.914255.
20250731T090749.387 Agent L2508 (27) found a better, legal, wirelength target of 0.686877, originally 0.828231.
20250731T090802.342 Agent C2530 (37) found a better, legal, wirelength target of 0.554311, originally 0.60143.
