20250731T093318.404 Agent C2504 (0) found a better, legal, wirelength target of 2.827353, originally 1000000.0.
20250731T093318.477 Agent C2504 (0) found a better, legal, HPWL target of 9.075674, originally 1000000.0.
20250731T093319.030 Agent C2507 (1) found a better, legal, wirelength target of 1.358141, originally 1000000.0.
20250731T093319.103 Agent C2507 (1) found a better, legal, HPWL target of 1.850648, originally 1000000.0.
20250731T093319.776 Agent C2541 (2) found a better, legal, HPWL target of 10.602691, originally 1000000.0.
20250731T093320.353 Agent L2510 (3) found a better, legal, wirelength target of 7.636921, originally 1000000.0.
20250731T093320.423 Agent L2510 (3) found a better, legal, HPWL target of 17.998299, originally 1000000.0.
20250731T093321.151 Agent L2511 (4) found a better, legal, HPWL target of 21.872265, originally 1000000.0.
20250731T093321.800 Agent C2528 (5) found a better, legal, wirelength target of 16.842155, originally 1000000.0.
20250731T093321.889 Agent C2528 (5) found a better, legal, HPWL target of 22.842991, originally 1000000.0.
20250731T093322.553 Agent C2305 (6) found a better, legal, wirelength target of 6.825084, originally 1000000.0.
20250731T093322.666 Agent C2305 (6) found a better, legal, HPWL target of 7.078842, originally 1000000.0.
20250731T093323.450 Agent C2544 (7) found a better, legal, wirelength target of 7.767388, originally 1000000.0.
20250731T093323.560 Agent C2544 (7) found a better, legal, HPWL target of 10.898159, originally 1000000.0.
20250731T093324.449 Agent C2509 (8) found a better, legal, wirelength target of 1.31381, originally 1000000.0.
20250731T093324.604 Agent C2509 (8) found a better, legal, HPWL target of 10.263557, originally 1000000.0.
20250731T093325.484 Agent C2583 (9) found a better, legal, HPWL target of 13.60816, originally 1000000.0.
20250731T093326.399 Agent L2507 (10) found a better, legal, wirelength target of 3.780121, originally 1000000.0.
20250731T093326.520 Agent L2507 (10) found a better, legal, HPWL target of 7.989502, originally 1000000.0.
20250731T093327.708 Agent C2502 (11) found a better, legal, wirelength target of 0.0, originally 1000000.0.
20250731T093327.830 Agent C2502 (11) found a better, legal, HPWL target of 12.002822, originally 1000000.0.
20250731T093329.072 Agent C2354 (12) found a better, legal, HPWL target of 4.888964, originally 1000000.0.
20250731T093330.258 Agent C2537 (13) found a better, legal, wirelength target of 4.012648, originally 1000000.0.
20250731T093330.426 Agent C2537 (13) found a better, legal, HPWL target of 8.237124, originally 1000000.0.
20250731T093331.805 Agent R2302 (14) found a better, legal, wirelength target of 0.0, originally 1000000.0.
20250731T093331.927 Agent R2302 (14) found a better, legal, HPWL target of 19.452731, originally 1000000.0.
20250731T093333.142 Agent C2523 (15) found a better, legal, wirelength target of 9.249733, originally 1000000.0.
20250731T093333.285 Agent C2523 (15) found a better, legal, HPWL target of 11.265423, originally 1000000.0.
20250731T093336.001 Agent R2503 (17) found a better, legal, wirelength target of 0.597525, originally 1000000.0.
20250731T093337.369 Agent C2575 (18) found a better, legal, wirelength target of 9.13797, originally 1000000.0.
20250731T093340.078 Agent FL2503 (20) found a better, legal, wirelength target of 13.653356, originally 1000000.0.
20250731T093341.537 Agent C2503 (21) found a better, legal, wirelength target of 4.372569, originally 1000000.0.
20250731T093343.104 Agent R2521 (22) found a better, legal, wirelength target of 4.275397, originally 1000000.0.
20250731T093346.195 Agent L2304 (24) found a better, legal, wirelength target of 9.621529, originally 1000000.0.
20250731T093349.230 Agent C2540 (26) found a better, legal, wirelength target of 5.656119, originally 1000000.0.
20250731T093350.662 Agent L2508 (27) found a better, legal, wirelength target of 6.078502, originally 1000000.0.
20250731T093354.865 Agent C2310 (30) found a better, legal, wirelength target of 6.289874, originally 1000000.0.
20250731T093356.334 Agent U2301 (31) found a better, legal, wirelength target of 25.958809, originally 1000000.0.
20250731T093357.750 Agent C2508 (32) found a better, legal, wirelength target of 2.446544, originally 1000000.0.
20250731T093400.636 Agent FL2334 (35) found a better, legal, wirelength target of 4.839452, originally 1000000.0.
20250731T093402.169 Agent C2353 (36) found a better, legal, wirelength target of 4.701126, originally 1000000.0.
20250731T093404.945 Agent C2504 (0) found a better, legal, wirelength target of 2.665044, originally 2.827353.
20250731T093415.703 Agent C2509 (8) found a better, legal, wirelength target of 0.585495, originally 1.31381.
20250731T093418.513 Agent L2507 (10) found a better, legal, wirelength target of 3.733366, originally 3.780121.
20250731T093422.485 Agent C2537 (13) found a better, legal, wirelength target of 3.770049, originally 4.012648.
20250731T093426.525 Agent C2524 (16) found a better, legal, HPWL target of 11.961549, originally 1000000.0.
20250731T093427.938 Agent R2503 (17) found a better, legal, HPWL target of 19.369818, originally 1000000.0.
20250731T093429.393 Agent C2575 (18) found a better, legal, HPWL target of 17.171316, originally 1000000.0.
20250731T093431.008 Agent C2308 (19) found a better, legal, HPWL target of 19.622355, originally 1000000.0.
20250731T093432.477 Agent FL2503 (20) found a better, legal, wirelength target of 12.638693, originally 13.653356.
20250731T093432.597 Agent FL2503 (20) found a better, legal, HPWL target of 36.899433, originally 1000000.0.
20250731T093434.080 Agent C2503 (21) found a better, legal, HPWL target of 18.405286, originally 1000000.0.
20250731T093435.425 Agent R2521 (22) found a better, legal, HPWL target of 24.865057, originally 1000000.0.
20250731T093436.958 Agent L2502 (23) found a better, legal, HPWL target of 41.435494, originally 1000000.0.
20250731T093438.270 Agent L2304 (24) found a better, legal, wirelength target of 9.124979, originally 9.621529.
20250731T093438.435 Agent L2304 (24) found a better, legal, HPWL target of 14.788607, originally 1000000.0.
20250731T093439.921 Agent R2515 (25) found a better, legal, HPWL target of 12.424319, originally 1000000.0.
20250731T093441.282 Agent C2540 (26) found a better, legal, wirelength target of 5.514656, originally 5.656119.
20250731T093441.386 Agent C2540 (26) found a better, legal, HPWL target of 10.686886, originally 1000000.0.
20250731T093442.878 Agent L2508 (27) found a better, legal, HPWL target of 26.741632, originally 1000000.0.
20250731T093444.387 Agent L2519 (28) found a better, legal, HPWL target of 13.555463, originally 1000000.0.
20250731T093445.776 Agent FL2504 (29) found a better, legal, HPWL target of 26.476472, originally 1000000.0.
20250731T093447.141 Agent C2310 (30) found a better, legal, HPWL target of 14.905288, originally 1000000.0.
20250731T093448.570 Agent U2301 (31) found a better, legal, HPWL target of 40.413932, originally 1000000.0.
20250731T093449.766 Agent C2508 (32) found a better, legal, wirelength target of 2.344171, originally 2.446544.
20250731T093449.907 Agent C2508 (32) found a better, legal, HPWL target of 11.692823, originally 1000000.0.
20250731T093451.438 Agent C2539 (33) found a better, legal, HPWL target of 18.89781, originally 1000000.0.
20250731T093452.606 Agent FL2334 (35) found a better, legal, wirelength target of 4.200675, originally 4.839452.
20250731T093452.747 Agent FL2334 (35) found a better, legal, HPWL target of 8.227496, originally 1000000.0.
20250731T093454.240 Agent C2353 (36) found a better, legal, HPWL target of 14.670828, originally 1000000.0.
20250731T093455.716 Agent C2530 (37) found a better, legal, HPWL target of 14.168626, originally 1000000.0.
20250731T093457.053 Agent C2504 (0) found a better, legal, wirelength target of 2.329413, originally 2.665044.
20250731T093457.193 Agent C2504 (0) found a better, legal, HPWL target of 7.623397, originally 9.075674.
20250731T093459.878 Agent C2541 (2) found a better, legal, wirelength target of 7.471823, originally 1000000.0.
20250731T093500.047 Agent C2541 (2) found a better, legal, HPWL target of 10.554174, originally 10.602691.
20250731T093505.000 Agent C2305 (6) found a better, legal, wirelength target of 6.442595, originally 6.825084.
20250731T093505.135 Agent C2305 (6) found a better, legal, HPWL target of 6.605227, originally 7.078842.
20250731T093507.873 Agent C2509 (8) found a better, legal, HPWL target of 8.547463, originally 10.263557.
20250731T093509.088 Agent C2583 (9) found a better, legal, wirelength target of 3.292679, originally 1000000.0.
20250731T093509.211 Agent C2583 (9) found a better, legal, HPWL target of 13.555463, originally 13.60816.
20250731T093511.928 Agent C2502 (11) found a better, legal, HPWL target of 11.333477, originally 12.002822.
20250731T093513.288 Agent C2354 (12) found a better, legal, wirelength target of 4.556813, originally 1000000.0.
20250731T093513.444 Agent C2354 (12) found a better, legal, HPWL target of 4.86026, originally 4.888964.
20250731T093517.548 Agent C2523 (15) found a better, legal, HPWL target of 11.174873, originally 11.265423.
20250731T093520.246 Agent R2503 (17) found a better, legal, wirelength target of 0.394231, originally 0.597525.
20250731T093521.635 Agent C2575 (18) found a better, legal, HPWL target of 16.491135, originally 17.171316.
20250731T093522.927 Agent C2308 (19) found a better, legal, wirelength target of 0.0, originally 1000000.0.
20250731T093523.044 Agent C2308 (19) found a better, legal, HPWL target of 19.533345, originally 19.622355.
20250731T093524.364 Agent FL2503 (20) found a better, legal, wirelength target of 11.957502, originally 12.638693.
20250731T093524.523 Agent FL2503 (20) found a better, legal, HPWL target of 36.402567, originally 36.899433.
20250731T093525.949 Agent C2503 (21) found a better, legal, HPWL target of 18.305817, originally 18.405286.
20250731T093527.175 Agent R2521 (22) found a better, legal, wirelength target of 4.022369, originally 4.275397.
20250731T093527.349 Agent R2521 (22) found a better, legal, HPWL target of 24.030827, originally 24.865057.
20250731T093528.781 Agent L2502 (23) found a better, legal, HPWL target of 41.058215, originally 41.435494.
20250731T093531.337 Agent R2515 (25) found a better, legal, HPWL target of 11.858659, originally 12.424319.
20250731T093532.436 Agent C2540 (26) found a better, legal, wirelength target of 5.486159, originally 5.514656.
20250731T093532.552 Agent C2540 (26) found a better, legal, HPWL target of 10.581964, originally 10.686886.
20250731T093533.899 Agent L2508 (27) found a better, legal, wirelength target of 5.389208, originally 6.078502.
20250731T093534.069 Agent L2508 (27) found a better, legal, HPWL target of 24.890195, originally 26.741632.
20250731T093536.672 Agent FL2504 (29) found a better, legal, HPWL target of 24.014139, originally 26.476472.
20250731T093538.210 Agent C2310 (30) found a better, legal, HPWL target of 13.416859, originally 14.905288.
20250731T093539.634 Agent U2301 (31) found a better, legal, wirelength target of 25.143398, originally 25.958809.
20250731T093539.794 Agent U2301 (31) found a better, legal, HPWL target of 38.073324, originally 40.413932.
20250731T093542.345 Agent C2539 (33) found a better, legal, HPWL target of 18.85886, originally 18.89781.
20250731T093543.746 Agent FL2334 (35) found a better, legal, HPWL target of 8.111244, originally 8.227496.
20250731T093545.006 Agent C2353 (36) found a better, legal, wirelength target of 4.238755, originally 4.701126.
20250731T093545.155 Agent C2353 (36) found a better, legal, HPWL target of 13.093438, originally 14.670828.
20250731T093546.619 Agent C2530 (37) found a better, legal, HPWL target of 12.041658, originally 14.168626.
20250731T093547.934 Agent C2504 (0) found a better, legal, wirelength target of 2.302161, originally 2.329413.
20250731T093548.090 Agent C2504 (0) found a better, legal, HPWL target of 7.060044, originally 7.623397.
20250731T093549.287 Agent C2507 (1) found a better, legal, wirelength target of 1.293284, originally 1.358141.
20250731T093549.467 Agent C2507 (1) found a better, legal, HPWL target of 1.78637, originally 1.850648.
20250731T093556.208 Agent C2305 (6) found a better, legal, wirelength target of 6.273764, originally 6.442595.
20250731T093558.775 Agent C2509 (8) found a better, legal, wirelength target of 0.480331, originally 0.585495.
20250731T093602.513 Agent C2502 (11) found a better, legal, HPWL target of 11.244429, originally 11.333477.
20250731T093603.804 Agent C2354 (12) found a better, legal, wirelength target of 4.263072, originally 4.556813.
20250731T093606.649 Agent R2302 (14) found a better, legal, HPWL target of 19.216116, originally 19.452731.
20250731T093609.112 Agent C2524 (16) found a better, legal, HPWL target of 11.510625, originally 11.961549.
20250731T093613.067 Agent C2308 (19) found a better, legal, HPWL target of 19.428567, originally 19.533345.
20250731T093614.281 Agent FL2503 (20) found a better, legal, HPWL target of 35.227668, originally 36.402567.
20250731T093615.796 Agent C2503 (21) found a better, legal, HPWL target of 17.318712, originally 18.305817.
20250731T093617.206 Agent R2521 (22) found a better, legal, HPWL target of 24.026994, originally 24.030827.
20250731T093619.950 Agent L2304 (24) found a better, legal, wirelength target of 8.910987, originally 9.124979.
20250731T093620.070 Agent L2304 (24) found a better, legal, HPWL target of 14.732686, originally 14.788607.
20250731T093621.595 Agent R2515 (25) found a better, legal, HPWL target of 10.576677, originally 11.858659.
20250731T093624.315 Agent L2508 (27) found a better, legal, wirelength target of 5.01441, originally 5.389208.
20250731T093624.492 Agent L2508 (27) found a better, legal, HPWL target of 23.440426, originally 24.890195.
20250731T093625.923 Agent L2519 (28) found a better, legal, HPWL target of 13.109986, originally 13.555463.
20250731T093627.167 Agent FL2504 (29) found a better, legal, HPWL target of 23.289746, originally 24.014139.
20250731T093629.742 Agent U2301 (31) found a better, legal, wirelength target of 24.887036, originally 25.143398.
20250731T093632.596 Agent C2539 (33) found a better, legal, HPWL target of 18.731272, originally 18.85886.
20250731T093635.056 Agent C2353 (36) found a better, legal, wirelength target of 4.233362, originally 4.238755.
20250731T093636.511 Agent C2530 (37) found a better, legal, HPWL target of 11.540288, originally 12.041658.
20250731T093639.078 Agent C2507 (1) found a better, legal, wirelength target of 1.256047, originally 1.293284.
20250731T093639.204 Agent C2507 (1) found a better, legal, HPWL target of 1.649471, originally 1.78637.
20250731T093645.765 Agent C2305 (6) found a better, legal, wirelength target of 5.484473, originally 6.273764.
20250731T093645.953 Agent C2305 (6) found a better, legal, HPWL target of 5.872944, originally 6.605227.
20250731T093647.263 Agent C2544 (7) found a better, legal, wirelength target of 7.67281, originally 7.767388.
20250731T093647.399 Agent C2544 (7) found a better, legal, HPWL target of 10.739294, originally 10.898159.
20250731T093649.866 Agent C2583 (9) found a better, legal, HPWL target of 13.07012, originally 13.555463.
20250731T093652.611 Agent C2502 (11) found a better, legal, HPWL target of 11.209311, originally 11.244429.
20250731T093653.936 Agent C2354 (12) found a better, legal, wirelength target of 3.689627, originally 4.263072.
20250731T093654.058 Agent C2354 (12) found a better, legal, HPWL target of 3.986697, originally 4.86026.
20250731T093658.799 Agent C2524 (16) found a better, legal, wirelength target of 8.565458, originally 1000000.0.
20250731T093710.794 Agent R2515 (25) found a better, legal, HPWL target of 10.496488, originally 10.576677.
20250731T093713.543 Agent L2508 (27) found a better, legal, HPWL target of 22.865385, originally 23.440426.
20250731T093714.861 Agent L2519 (28) found a better, legal, HPWL target of 12.78146, originally 13.109986.
20250731T093716.068 Agent FL2504 (29) found a better, legal, wirelength target of 7.788861, originally 1000000.0.
20250731T093716.220 Agent FL2504 (29) found a better, legal, HPWL target of 23.034678, originally 23.289746.
20250731T093717.473 Agent C2310 (30) found a better, legal, wirelength target of 5.782491, originally 6.289874.
20250731T093718.965 Agent U2301 (31) found a better, legal, HPWL target of 36.252685, originally 38.073324.
20250731T093720.129 Agent C2508 (32) found a better, legal, wirelength target of 2.160346, originally 2.344171.
20250731T093723.741 Agent C2353 (36) found a better, legal, wirelength target of 3.287799, originally 4.233362.
20250731T093725.179 Agent C2530 (37) found a better, legal, HPWL target of 11.070476, originally 11.540288.
20250731T093726.348 Agent C2504 (0) found a better, legal, wirelength target of 2.133497, originally 2.302161.
20250731T093727.805 Agent C2507 (1) found a better, legal, HPWL target of 1.345083, originally 1.649471.
20250731T093734.286 Agent C2305 (6) found a better, legal, HPWL target of 5.74554, originally 5.872944.
20250731T093735.614 Agent C2544 (7) found a better, legal, wirelength target of 7.633099, originally 7.67281.
20250731T093735.820 Agent C2544 (7) found a better, legal, HPWL target of 10.629988, originally 10.739294.
20250731T093738.593 Agent C2583 (9) found a better, legal, HPWL target of 12.78146, originally 13.07012.
20250731T093741.341 Agent C2502 (11) found a better, legal, HPWL target of 10.774908, originally 11.209311.
20250731T093742.637 Agent C2354 (12) found a better, legal, wirelength target of 3.535556, originally 3.689627.
20250731T093745.218 Agent R2302 (14) found a better, legal, HPWL target of 19.004776, originally 19.216116.
20250731T093746.558 Agent C2523 (15) found a better, legal, wirelength target of 8.780025, originally 9.249733.
20250731T093746.717 Agent C2523 (15) found a better, legal, HPWL target of 10.682365, originally 11.174873.
20250731T093748.121 Agent C2524 (16) found a better, legal, wirelength target of 8.375516, originally 8.565458.
20250731T093752.023 Agent C2308 (19) found a better, legal, HPWL target of 18.83822, originally 19.428567.
20250731T093754.654 Agent C2503 (21) found a better, legal, wirelength target of 3.863855, originally 4.372569.
20250731T093758.356 Agent L2304 (24) found a better, legal, wirelength target of 8.805525, originally 8.910987.
20250731T093802.230 Agent L2508 (27) found a better, legal, wirelength target of 4.296682, originally 5.01441.
20250731T093802.351 Agent L2508 (27) found a better, legal, HPWL target of 21.583426, originally 22.865385.
20250731T093803.784 Agent L2519 (28) found a better, legal, HPWL target of 12.114891, originally 12.78146.
20250731T093805.046 Agent FL2504 (29) found a better, legal, wirelength target of 7.687234, originally 7.788861.
20250731T093807.569 Agent U2301 (31) found a better, legal, wirelength target of 24.388424, originally 24.887036.
20250731T093816.916 Agent C2507 (1) found a better, legal, wirelength target of 1.221034, originally 1.256047.
20250731T093826.011 Agent C2509 (8) found a better, legal, HPWL target of 7.685011, originally 8.547463.
20250731T093827.531 Agent C2583 (9) found a better, legal, HPWL target of 12.114891, originally 12.78146.
20250731T093840.510 Agent C2308 (19) found a better, legal, HPWL target of 18.815543, originally 18.83822.
20250731T093847.337 Agent L2304 (24) found a better, legal, HPWL target of 14.086945, originally 14.732686.
20250731T093856.683 Agent U2301 (31) found a better, legal, HPWL target of 36.094347, originally 36.252685.
20250731T093900.540 Agent FL2334 (35) found a better, legal, wirelength target of 3.967643, originally 4.200675.
20250731T093900.692 Agent FL2334 (35) found a better, legal, HPWL target of 7.539097, originally 8.111244.
20250731T093910.374 Agent L2511 (4) found a better, legal, HPWL target of 21.82776, originally 21.872265.
20250731T093919.568 Agent C2502 (11) found a better, legal, HPWL target of 10.753456, originally 10.774908.
20250731T093923.765 Agent R2302 (14) found a better, legal, HPWL target of 18.445474, originally 19.004776.
20250731T093939.935 Agent C2540 (26) found a better, legal, wirelength target of 5.378193, originally 5.486159.
20250731T093942.781 Agent L2519 (28) found a better, legal, HPWL target of 11.992417, originally 12.114891.
20250731T093958.581 Agent L2510 (3) found a better, legal, wirelength target of 7.382045, originally 7.636921.
20250731T094000.123 Agent L2511 (4) found a better, legal, HPWL target of 21.53176, originally 21.82776.
20250731T094006.687 Agent L2510 (3) found a better, legal, wirelength target of 5.402168, originally 7.382045.
20250731T094006.936 Agent L2510 (3) found a better, legal, HPWL target of 10.867297, originally 17.998299.
20250731T094008.284 Agent L2511 (4) found a better, legal, wirelength target of 4.479187, originally 1000000.0.
20250731T094009.862 Agent C2528 (5) found a better, legal, HPWL target of 13.856862, originally 22.842991.
20250731T094015.259 Agent C2583 (9) found a better, legal, HPWL target of 8.974357, originally 12.114891.
20250731T094016.665 Agent L2507 (10) found a better, legal, HPWL target of 6.193678, originally 7.989502.
20250731T094019.569 Agent C2354 (12) found a better, legal, HPWL target of 3.700562, originally 3.986697.
20250731T094020.943 Agent C2537 (13) found a better, legal, HPWL target of 6.486141, originally 8.237124.
20250731T094022.520 Agent R2302 (14) found a better, legal, HPWL target of 8.631552, originally 18.445474.
20250731T094023.993 Agent C2523 (15) found a better, legal, HPWL target of 7.186441, originally 10.682365.
20250731T094025.336 Agent C2524 (16) found a better, legal, wirelength target of 5.837156, originally 8.375516.
20250731T094025.494 Agent C2524 (16) found a better, legal, HPWL target of 8.195544, originally 11.510625.
20250731T094033.670 Agent R2521 (22) found a better, legal, wirelength target of 0.706144, originally 4.022369.
20250731T094035.188 Agent L2502 (23) found a better, legal, wirelength target of 11.36425, originally 1000000.0.
20250731T094041.770 Agent L2519 (28) found a better, legal, wirelength target of 4.452127, originally 1000000.0.
20250731T094048.549 Agent C2539 (33) found a better, legal, wirelength target of 4.108775, originally 1000000.0.
20250731T094051.337 Agent C2353 (36) found a better, legal, wirelength target of 2.81728, originally 3.287799.
20250731T094059.031 Agent L2511 (4) found a better, legal, wirelength target of 4.44445, originally 4.479187.
20250731T094105.644 Agent C2583 (9) found a better, legal, HPWL target of 8.562188, originally 8.974357.
20250731T094112.969 Agent C2523 (15) found a better, legal, wirelength target of 5.67483, originally 8.780025.
20250731T094114.261 Agent C2524 (16) found a better, legal, wirelength target of 5.478241, originally 5.837156.
20250731T094114.442 Agent C2524 (16) found a better, legal, HPWL target of 7.726944, originally 8.195544.
20250731T094117.218 Agent C2575 (18) found a better, legal, HPWL target of 2.58417, originally 16.491135.
20250731T094118.666 Agent C2308 (19) found a better, legal, HPWL target of 8.778939, originally 18.815543.
20250731T094121.513 Agent C2503 (21) found a better, legal, HPWL target of 13.492114, originally 17.318712.
20250731T094123.183 Agent R2521 (22) found a better, legal, HPWL target of 12.490988, originally 24.026994.
20250731T094124.597 Agent L2502 (23) found a better, legal, HPWL target of 28.160139, originally 41.058215.
20250731T094131.087 Agent L2519 (28) found a better, legal, wirelength target of 4.175054, originally 4.452127.
20250731T094137.739 Agent C2539 (33) found a better, legal, wirelength target of 3.881101, originally 4.108775.
20250731T094140.564 Agent C2353 (36) found a better, legal, wirelength target of 2.054951, originally 2.81728.
20250731T094146.986 Agent L2510 (3) found a better, legal, wirelength target of 5.190751, originally 5.402168.
20250731T094204.785 Agent C2524 (16) found a better, legal, wirelength target of 5.276298, originally 5.478241.
20250731T094229.054 Agent C2539 (33) found a better, legal, wirelength target of 3.502569, originally 3.881101.
20250731T094232.058 Agent C2353 (36) found a better, legal, wirelength target of 1.738177, originally 2.054951.
20250731T094312.253 Agent L2519 (28) found a better, legal, wirelength target of 4.15222, originally 4.175054.
20250731T094329.347 Agent L2511 (4) found a better, legal, wirelength target of 4.401262, originally 4.44445.
20250731T094401.152 Agent L2519 (28) found a better, legal, HPWL target of 8.526781, originally 11.992417.
20250731T094405.210 Agent U2301 (31) found a better, legal, HPWL target of 35.073485, originally 36.094347.
20250731T094408.105 Agent C2539 (33) found a better, legal, HPWL target of 11.01555, originally 18.731272.
20250731T094417.843 Agent L2510 (3) found a better, legal, HPWL target of 10.834548, originally 10.867297.
20250731T094429.284 Agent C2354 (12) found a better, legal, wirelength target of 2.769128, originally 3.535556.
20250731T094429.474 Agent C2354 (12) found a better, legal, HPWL target of 3.477681, originally 3.700562.
20250731T094430.847 Agent C2537 (13) found a better, legal, HPWL target of 6.484154, originally 6.486141.
20250731T094432.119 Agent R2302 (14) found a better, legal, HPWL target of 6.295815, originally 8.631552.
20250731T094613.229 Agent C2524 (16) found a better, legal, wirelength target of 4.99108, originally 5.276298.
20250731T094639.772 Agent C2353 (36) found a better, legal, wirelength target of 1.633556, originally 1.738177.
20250731T094703.659 Agent C2524 (16) found a better, legal, wirelength target of 4.755424, originally 4.99108.
20250731T094758.813 Agent FL2503 (20) found a better, legal, wirelength target of 7.311589, originally 11.957502.
20250731T094809.531 Agent L2519 (28) found a better, legal, HPWL target of 8.260633, originally 8.526781.
20250731T094813.593 Agent U2301 (31) found a better, legal, HPWL target of 33.693499, originally 35.073485.
20250731T094834.231 Agent L2507 (10) found a better, legal, HPWL target of 6.035193, originally 6.193678.
20250731T094836.698 Agent C2354 (12) found a better, legal, wirelength target of 1.617941, originally 2.769128.
20250731T094836.870 Agent C2354 (12) found a better, legal, HPWL target of 1.997347, originally 3.477681.
20250731T094838.103 Agent C2537 (13) found a better, legal, wirelength target of 0.724615, originally 3.770049.
20250731T094838.283 Agent C2537 (13) found a better, legal, HPWL target of 6.032792, originally 6.484154.
20250731T094839.717 Agent R2302 (14) found a better, legal, HPWL target of 6.136639, originally 6.295815.
20250731T094842.370 Agent C2524 (16) found a better, legal, HPWL target of 7.208773, originally 7.726944.
20250731T094845.152 Agent C2575 (18) found a better, legal, HPWL target of 1.848224, originally 2.58417.
20250731T094846.640 Agent C2308 (19) found a better, legal, HPWL target of 6.245989, originally 8.778939.
20250731T094847.922 Agent FL2503 (20) found a better, legal, wirelength target of 6.929961, originally 7.311589.
20250731T094849.457 Agent C2503 (21) found a better, legal, HPWL target of 12.123028, originally 13.492114.
20250731T094905.164 Agent C2539 (33) found a better, legal, wirelength target of 3.422352, originally 3.502569.
20250731T094926.658 Agent C2537 (13) found a better, legal, wirelength target of 0.571132, originally 0.724615.
20250731T095027.147 Agent R2521 (22) found a better, legal, HPWL target of 11.518659, originally 12.490988.
20250731T095030.891 Agent R2515 (25) found a better, legal, wirelength target of 15.825963, originally 1000000.0.
20250731T095106.310 Agent C2524 (16) found a better, legal, HPWL target of 7.16169, originally 7.208773.
20250731T095151.555 Agent R2302 (14) found a better, legal, HPWL target of 4.57857, originally 6.136639.
20250731T095153.023 Agent C2523 (15) found a better, legal, HPWL target of 6.703313, originally 7.186441.
20250731T095158.359 Agent C2308 (19) found a better, legal, HPWL target of 4.102066, originally 6.245989.
20250731T095206.268 Agent R2515 (25) found a better, legal, wirelength target of 15.462731, originally 15.825963.
20250731T095325.943 Agent C2523 (15) found a better, legal, HPWL target of 6.531894, originally 6.703313.
20250731T095330.679 Agent C2308 (19) found a better, legal, HPWL target of 3.811226, originally 4.102066.
20250731T095345.389 Agent U2301 (31) found a better, legal, wirelength target of 23.864107, originally 24.388424.
20250731T095407.472 Agent C2354 (12) found a better, legal, wirelength target of 1.30032, originally 1.617941.
20250731T095436.469 Agent C2353 (36) found a better, legal, wirelength target of 1.517409, originally 1.633556.
20250731T095447.263 Agent L2510 (3) found a better, legal, wirelength target of 4.703742, originally 5.190751.
20250731T095449.762 Agent C2528 (5) found a better, legal, wirelength target of 3.562386, originally 16.842155.
20250731T095451.235 Agent C2305 (6) found a better, legal, wirelength target of 1.435709, originally 5.484473.
20250731T095452.551 Agent C2544 (7) found a better, legal, wirelength target of 4.250752, originally 7.633099.
20250731T095512.760 Agent L2502 (23) found a better, legal, wirelength target of 3.796294, originally 11.36425.
20250731T095516.880 Agent C2540 (26) found a better, legal, wirelength target of 4.447801, originally 5.378193.
20250731T095519.265 Agent L2519 (28) found a better, legal, HPWL target of 7.630936, originally 8.260633.
20250731T095522.986 Agent U2301 (31) found a better, legal, wirelength target of 16.975521, originally 23.864107.
20250731T095523.128 Agent U2301 (31) found a better, legal, HPWL target of 26.504163, originally 33.693499.
20250731T095536.645 Agent C2528 (5) found a better, legal, HPWL target of 5.911621, originally 13.856862.
20250731T095537.817 Agent C2305 (6) found a better, legal, wirelength target of 0.670832, originally 1.435709.
20250731T095537.946 Agent C2305 (6) found a better, legal, HPWL target of 0.910956, originally 5.74554.
20250731T095539.193 Agent C2544 (7) found a better, legal, wirelength target of 3.497302, originally 4.250752.
20250731T095539.375 Agent C2544 (7) found a better, legal, HPWL target of 4.729372, originally 10.629988.
20250731T095549.854 Agent C2523 (15) found a better, legal, wirelength target of 2.104458, originally 5.67483.
20250731T095604.011 Agent C2540 (26) found a better, legal, wirelength target of 4.019395, originally 4.447801.
20250731T095610.256 Agent U2301 (31) found a better, legal, wirelength target of 16.798334, originally 16.975521.
20250731T095610.375 Agent U2301 (31) found a better, legal, HPWL target of 25.308875, originally 26.504163.
20250731T095621.468 Agent L2510 (3) found a better, legal, wirelength target of 4.328815, originally 4.703742.
20250731T095624.058 Agent C2528 (5) found a better, legal, HPWL target of 5.672279, originally 5.911621.
20250731T095629.068 Agent C2583 (9) found a better, legal, HPWL target of 8.46389, originally 8.562188.
20250731T095631.589 Agent C2502 (11) found a better, legal, HPWL target of 6.225001, originally 10.753456.
20250731T095636.929 Agent C2523 (15) found a better, legal, HPWL target of 2.606337, originally 6.531894.
20250731T095646.846 Agent L2502 (23) found a better, legal, HPWL target of 23.733649, originally 28.160139.
20250731T095649.451 Agent R2515 (25) found a better, legal, HPWL target of 5.521612, originally 10.496488.
20250731T095650.625 Agent C2540 (26) found a better, legal, wirelength target of 3.968812, originally 4.019395.
20250731T095706.982 Agent C2541 (2) found a better, legal, HPWL target of 9.905017, originally 10.554174.
20250731T095708.101 Agent L2510 (3) found a better, legal, wirelength target of 4.221444, originally 4.328815.
20250731T095712.990 Agent C2544 (7) found a better, legal, wirelength target of 3.309444, originally 3.497302.
20250731T095713.165 Agent C2544 (7) found a better, legal, HPWL target of 4.590027, originally 4.729372.
20250731T095732.993 Agent L2502 (23) found a better, legal, HPWL target of 22.602268, originally 23.733649.
20250731T095742.978 Agent U2301 (31) found a better, legal, wirelength target of 16.690766, originally 16.798334.
20250731T095821.750 Agent R2515 (25) found a better, legal, HPWL target of 4.412834, originally 5.521612.
20250731T095845.438 Agent C2544 (7) found a better, legal, wirelength target of 3.228594, originally 3.309444.
20250731T095917.242 Agent C2541 (2) found a better, legal, wirelength target of 6.315367, originally 7.471823.
20250731T095917.375 Agent C2541 (2) found a better, legal, HPWL target of 8.835873, originally 9.905017.
20250731T095918.771 Agent L2510 (3) found a better, legal, HPWL target of 10.458611, originally 10.834548.
20250731T095920.113 Agent L2511 (4) found a better, legal, wirelength target of 3.006374, originally 4.401262.
20250731T095924.386 Agent C2544 (7) found a better, legal, HPWL target of 1.925364, originally 4.590027.
20250731T095935.539 Agent C2524 (16) found a better, legal, HPWL target of 6.573195, originally 7.16169.
20250731T095937.986 Agent C2575 (18) found a better, legal, wirelength target of 9.07929, originally 9.13797.
20250731T095940.469 Agent FL2503 (20) found a better, legal, HPWL target of 34.950715, originally 35.227668.
20250731T095945.434 Agent L2304 (24) found a better, legal, wirelength target of 3.185171, originally 8.805525.
20250731T095945.577 Agent L2304 (24) found a better, legal, HPWL target of 8.203555, originally 14.086945.
20250731T095946.999 Agent R2515 (25) found a better, legal, HPWL target of 1.717851, originally 4.412834.
20250731T095954.431 Agent U2301 (31) found a better, legal, wirelength target of 13.416297, originally 16.690766.
20250731T095954.584 Agent U2301 (31) found a better, legal, HPWL target of 22.774764, originally 25.308875.
20250731T095957.096 Agent C2539 (33) found a better, legal, HPWL target of 10.464128, originally 11.01555.
20250731T095958.406 Agent FL2334 (35) found a better, legal, wirelength target of 1.714144, originally 3.967643.
20250731T095958.621 Agent FL2334 (35) found a better, legal, HPWL target of 6.686235, originally 7.539097.
20250731T100001.026 Agent C2530 (37) found a better, legal, wirelength target of 4.747279, originally 1000000.0.
20250731T100001.172 Agent C2530 (37) found a better, legal, HPWL target of 9.316087, originally 11.070476.
20250731T100004.758 Agent C2541 (2) found a better, legal, wirelength target of 5.913161, originally 6.315367.
20250731T100004.940 Agent C2541 (2) found a better, legal, HPWL target of 8.218058, originally 8.835873.
20250731T100032.066 Agent L2304 (24) found a better, legal, wirelength target of 2.364897, originally 3.185171.
20250731T100040.853 Agent U2301 (31) found a better, legal, wirelength target of 13.319935, originally 13.416297.
20250731T100129.435 Agent U2301 (31) found a better, legal, wirelength target of 11.829634, originally 13.319935.
20250731T100136.299 Agent C2530 (37) found a better, legal, wirelength target of 3.808239, originally 4.747279.
20250731T100140.155 Agent C2541 (2) found a better, legal, wirelength target of 5.28606, originally 5.913161.
20250731T100148.225 Agent C2541 (2) found a better, legal, HPWL target of 5.744865, originally 8.218058.
20250731T100149.696 Agent L2510 (3) found a better, legal, HPWL target of 9.731635, originally 10.458611.
20250731T100151.010 Agent L2511 (4) found a better, legal, wirelength target of 1.025542, originally 3.006374.
20250731T100151.173 Agent L2511 (4) found a better, legal, HPWL target of 13.085288, originally 21.53176.
20250731T100155.216 Agent C2544 (7) found a better, legal, wirelength target of 2.863488, originally 3.228594.
20250731T100207.752 Agent C2524 (16) found a better, legal, HPWL target of 3.809341, originally 6.573195.
20250731T100213.730 Agent FL2503 (20) found a better, legal, HPWL target of 32.986762, originally 34.950715.
20250731T100215.046 Agent C2503 (21) found a better, legal, wirelength target of 2.19702, originally 3.863855.
20250731T100215.192 Agent C2503 (21) found a better, legal, HPWL target of 7.079882, originally 12.123028.
20250731T100220.492 Agent R2515 (25) found a better, legal, wirelength target of 3.094288, originally 15.462731.
20250731T100222.153 Agent C2540 (26) found a better, legal, HPWL target of 8.809158, originally 10.581964.
20250731T100231.378 Agent C2539 (33) found a better, legal, wirelength target of 2.752126, originally 3.422352.
20250731T100231.598 Agent C2539 (33) found a better, legal, HPWL target of 9.739658, originally 10.464128.
20250731T100239.572 Agent C2541 (2) found a better, legal, HPWL target of 5.102186, originally 5.744865.
20250731T100246.259 Agent C2544 (7) found a better, legal, wirelength target of 2.70198, originally 2.863488.
20250731T100352.555 Agent C2503 (21) found a better, legal, HPWL target of 6.911601, originally 7.079882.
20250731T100455.935 Agent C2539 (33) found a better, legal, wirelength target of 2.404823, originally 2.752126.
20250731T100542.896 Agent C2539 (33) found a better, legal, wirelength target of 2.044837, originally 2.404823.
20250731T100636.782 Agent C2541 (2) found a better, legal, wirelength target of 4.354709, originally 5.28606.
20250731T100701.278 Agent C2503 (21) found a better, legal, wirelength target of 1.942591, originally 2.19702.
20250731T100719.738 Agent C2530 (37) found a better, legal, wirelength target of 3.656434, originally 3.808239.
20250731T100723.530 Agent C2541 (2) found a better, legal, wirelength target of 4.283402, originally 4.354709.
20250731T100746.594 Agent FL2503 (20) found a better, legal, HPWL target of 32.503066, originally 32.986762.
20250731T100756.345 Agent C2540 (26) found a better, legal, HPWL target of 7.820368, originally 8.809158.
20250731T100812.939 Agent C2539 (33) found a better, legal, HPWL target of 9.047828, originally 9.739658.
20250731T100948.964 Agent C2539 (33) found a better, legal, wirelength target of 1.54611, originally 2.044837.
20250731T101044.044 Agent L2510 (3) found a better, legal, HPWL target of 9.079247, originally 9.731635.
20250731T101045.487 Agent L2511 (4) found a better, legal, HPWL target of 13.024537, originally 13.085288.
20250731T101050.528 Agent C2509 (8) found a better, legal, HPWL target of 6.422531, originally 7.685011.
20250731T101112.947 Agent C2540 (26) found a better, legal, HPWL target of 7.681102, originally 7.820368.
20250731T101143.080 Agent FL2503 (20) found a better, legal, HPWL target of 30.809258, originally 32.503066.
20250731T101144.389 Agent C2503 (21) found a better, legal, wirelength target of 1.272482, originally 1.942591.
20250731T101144.555 Agent C2503 (21) found a better, legal, HPWL target of 4.639151, originally 6.911601.
20250731T101147.240 Agent L2502 (23) found a better, legal, HPWL target of 15.258025, originally 22.602268.
20250731T101148.532 Agent L2304 (24) found a better, legal, HPWL target of 5.953376, originally 8.203555.
20250731T101152.416 Agent L2508 (27) found a better, legal, wirelength target of 3.600182, originally 4.296682.
20250731T101152.588 Agent L2508 (27) found a better, legal, HPWL target of 19.880827, originally 21.583426.
20250731T101156.374 Agent C2310 (30) found a better, legal, wirelength target of 3.240404, originally 5.782491.
20250731T101157.749 Agent U2301 (31) found a better, legal, HPWL target of 11.646886, originally 22.774764.
20250731T101230.013 Agent FL2503 (20) found a better, legal, HPWL target of 30.126099, originally 30.809258.
20250731T101231.253 Agent C2503 (21) found a better, legal, wirelength target of 0.868878, originally 1.272482.
20250731T101231.387 Agent C2503 (21) found a better, legal, HPWL target of 4.501619, originally 4.639151.
20250731T101235.274 Agent L2304 (24) found a better, legal, HPWL target of 5.005424, originally 5.953376.
20250731T101238.840 Agent L2508 (27) found a better, legal, wirelength target of 3.381364, originally 3.600182.
20250731T101242.497 Agent C2310 (30) found a better, legal, wirelength target of 3.070167, originally 3.240404.
20250731T101243.960 Agent U2301 (31) found a better, legal, HPWL target of 11.478804, originally 11.646886.
20250731T101250.461 Agent C2530 (37) found a better, legal, HPWL target of 9.284338, originally 9.316087.
20250731T101316.709 Agent FL2503 (20) found a better, legal, HPWL target of 29.348317, originally 30.126099.
20250731T101318.070 Agent C2503 (21) found a better, legal, HPWL target of 3.866419, originally 4.501619.
20250731T101320.763 Agent L2502 (23) found a better, legal, HPWL target of 14.483755, originally 15.258025.
20250731T101322.119 Agent L2304 (24) found a better, legal, wirelength target of 1.292336, originally 2.364897.
20250731T101329.538 Agent C2310 (30) found a better, legal, wirelength target of 2.66153, originally 3.070167.
20250731T101403.556 Agent FL2503 (20) found a better, legal, HPWL target of 29.041675, originally 29.348317.
20250731T101404.867 Agent C2503 (21) found a better, legal, wirelength target of 0.449622, originally 0.868878.
20250731T101408.775 Agent L2304 (24) found a better, legal, wirelength target of 0.923819, originally 1.292336.
20250731T101408.943 Agent L2304 (24) found a better, legal, HPWL target of 4.005491, originally 5.005424.
20250731T101417.572 Agent U2301 (31) found a better, legal, wirelength target of 3.074047, originally 11.829634.
20250731T101503.782 Agent U2301 (31) found a better, legal, HPWL target of 11.316496, originally 11.478804.
20250731T101510.165 Agent C2530 (37) found a better, legal, HPWL target of 9.247078, originally 9.284338.
20250731T101522.670 Agent L2510 (3) found a better, legal, HPWL target of 3.671315, originally 9.079247.
20250731T101527.531 Agent C2544 (7) found a better, legal, wirelength target of 2.044685, originally 2.70198.
20250731T101531.141 Agent L2507 (10) found a better, legal, wirelength target of 2.924125, originally 3.733366.
20250731T101533.716 Agent C2354 (12) found a better, legal, HPWL target of 1.210022, originally 1.997347.
20250731T101549.276 Agent R2515 (25) found a better, legal, wirelength target of 2.541737, originally 3.094288.
20250731T101553.093 Agent L2519 (28) found a better, legal, wirelength target of 3.025536, originally 4.15222.
20250731T101602.870 Agent C2530 (37) found a better, legal, wirelength target of 3.41256, originally 3.656434.
20250731T101607.755 Agent L2510 (3) found a better, legal, wirelength target of 1.210127, originally 4.221444.
20250731T101607.891 Agent L2510 (3) found a better, legal, HPWL target of 3.44915, originally 3.671315.
20250731T101616.207 Agent L2507 (10) found a better, legal, wirelength target of 2.422491, originally 2.924125.
20250731T101711.950 Agent C2575 (18) found a better, legal, wirelength target of 1.648959, originally 9.07929.
20250731T101739.527 Agent L2510 (3) found a better, legal, wirelength target of 1.133913, originally 1.210127.
20250731T101757.837 Agent C2575 (18) found a better, legal, wirelength target of 1.580752, originally 1.648959.
20250731T101806.382 Agent R2515 (25) found a better, legal, wirelength target of 2.275084, originally 2.541737.
20250731T101836.171 Agent C2354 (12) found a better, legal, HPWL target of 0.974051, originally 1.210022.
20250731T101906.892 Agent C2524 (16) found a better, legal, wirelength target of 4.658171, originally 4.755424.
20250731T101918.887 Agent C2540 (26) found a better, legal, wirelength target of 2.54401, originally 3.968812.
20250731T101919.014 Agent C2540 (26) found a better, legal, HPWL target of 5.616905, originally 7.681102.
20250731T101920.154 Agent L2508 (27) found a better, legal, wirelength target of 2.776894, originally 3.381364.
20250731T101921.408 Agent L2519 (28) found a better, legal, wirelength target of 2.984793, originally 3.025536.
20250731T101922.886 Agent FL2504 (29) found a better, legal, HPWL target of 22.113, originally 23.034678.
20250731T101926.722 Agent C2508 (32) found a better, legal, HPWL target of 8.019504, originally 11.692823.
20250731T101940.466 Agent C2528 (5) found a better, legal, HPWL target of 5.661321, originally 5.672279.
20250731T102007.863 Agent L2508 (27) found a better, legal, wirelength target of 2.57984, originally 2.776894.
20250731T102051.973 Agent C2540 (26) found a better, legal, wirelength target of 2.133911, originally 2.54401.
20250731T102052.146 Agent C2540 (26) found a better, legal, HPWL target of 4.8973, originally 5.616905.
20250731T102123.860 Agent C2523 (15) found a better, legal, HPWL target of 2.314447, originally 2.606337.
20250731T102144.967 Agent C2508 (32) found a better, legal, HPWL target of 7.728222, originally 8.019504.
20250731T102157.940 Agent C2528 (5) found a better, legal, HPWL target of 5.65117, originally 5.661321.
20250731T102204.177 Agent L2507 (10) found a better, legal, wirelength target of 2.325744, originally 2.422491.
20250731T102257.226 Agent C2523 (15) found a better, legal, HPWL target of 2.291805, originally 2.314447.
20250731T102310.511 Agent C2540 (26) found a better, legal, wirelength target of 1.679941, originally 2.133911.
20250731T102337.917 Agent L2507 (10) found a better, legal, wirelength target of 1.924895, originally 2.325744.
20250731T102357.111 Agent C2540 (26) found a better, legal, wirelength target of 1.62287, originally 1.679941.
20250731T102423.811 Agent L2507 (10) found a better, legal, wirelength target of 1.884318, originally 1.924895.
20250731T102444.544 Agent C2540 (26) found a better, legal, wirelength target of 1.491881, originally 1.62287.
20250731T102511.849 Agent L2507 (10) found a better, legal, wirelength target of 1.679681, originally 1.884318.
20250731T102532.316 Agent C2540 (26) found a better, legal, wirelength target of 1.483856, originally 1.491881.
20250731T102629.741 Agent FL2334 (35) found a better, legal, wirelength target of 1.516235, originally 1.714144.
20250731T102728.112 Agent C2528 (5) found a better, legal, HPWL target of 4.708374, originally 5.65117.
20250731T102741.159 Agent C2523 (15) found a better, legal, wirelength target of 1.577227, originally 2.104458.
20250731T102741.341 Agent C2523 (15) found a better, legal, HPWL target of 1.968761, originally 2.291805.
20250731T102751.949 Agent L2502 (23) found a better, legal, wirelength target of 3.291452, originally 3.796294.
20250731T102806.418 Agent FL2334 (35) found a better, legal, wirelength target of 1.118823, originally 1.516235.
20250731T102816.918 Agent C2528 (5) found a better, legal, HPWL target of 4.417727, originally 4.708374.
20250731T102829.323 Agent C2523 (15) found a better, legal, wirelength target of 1.49852, originally 1.577227.
20250731T102829.463 Agent C2523 (15) found a better, legal, HPWL target of 1.63487, originally 1.968761.
20250731T102839.195 Agent L2502 (23) found a better, legal, wirelength target of 2.964721, originally 3.291452.
20250731T102848.183 Agent C2310 (30) found a better, legal, HPWL target of 12.583152, originally 13.416859.
20250731T102903.232 Agent C2528 (5) found a better, legal, HPWL target of 4.157923, originally 4.417727.
20250731T102915.248 Agent C2523 (15) found a better, legal, wirelength target of 1.482134, originally 1.49852.
20250731T102925.549 Agent L2502 (23) found a better, legal, wirelength target of 2.876774, originally 2.964721.
20250731T103000.717 Agent C2523 (15) found a better, legal, wirelength target of 1.408741, originally 1.482134.
20250731T103149.191 Agent FL2504 (29) found a better, legal, HPWL target of 21.810941, originally 22.113.
20250731T103217.838 Agent C2523 (15) found a better, legal, wirelength target of 1.293872, originally 1.408741.
20250731T103218.014 Agent C2523 (15) found a better, legal, HPWL target of 1.428426, originally 1.63487.
20250731T103235.001 Agent FL2504 (29) found a better, legal, HPWL target of 21.438539, originally 21.810941.
20250731T103300.749 Agent C2537 (13) found a better, legal, HPWL target of 5.987249, originally 6.032792.
20250731T103540.909 Agent C2508 (32) found a better, legal, wirelength target of 2.016256, originally 2.160346.
20250731T103710.360 Agent C2540 (26) found a better, legal, HPWL target of 4.83408, originally 4.8973.
20250731T103847.777 Agent C2540 (26) found a better, legal, HPWL target of 4.587772, originally 4.83408.
20250731T104058.072 Agent C2541 (2) found a better, legal, wirelength target of 4.172463, originally 4.283402.
20250731T104130.857 Agent L2508 (27) found a better, legal, HPWL target of 12.769963, originally 19.880827.
20250731T104132.212 Agent L2519 (28) found a better, legal, wirelength target of 2.563162, originally 2.984793.
20250731T104133.750 Agent FL2504 (29) found a better, legal, HPWL target of 19.274633, originally 21.438539.
20250731T104143.018 Agent C2530 (37) found a better, legal, HPWL target of 7.041525, originally 9.247078.
20250731T104146.980 Agent C2541 (2) found a better, legal, wirelength target of 4.102996, originally 4.172463.
20250731T104147.150 Agent C2541 (2) found a better, legal, HPWL target of 4.798604, originally 5.102186.
20250731T104159.358 Agent C2502 (11) found a better, legal, HPWL target of 5.515353, originally 6.225001.
20250731T104232.380 Agent C2530 (37) found a better, legal, wirelength target of 1.121981, originally 3.41256.
20250731T104320.086 Agent C2530 (37) found a better, legal, wirelength target of 0.893008, originally 1.121981.
20250731T104452.276 Agent C2508 (32) found a better, legal, wirelength target of 1.053284, originally 2.016256.
20250731T104639.372 Agent C2530 (37) found a better, legal, wirelength target of 0.843483, originally 0.893008.
20250731T104731.349 Agent C2508 (32) found a better, legal, wirelength target of 0.846248, originally 1.053284.
20250731T104736.822 Agent C2530 (37) found a better, legal, wirelength target of 0.61816, originally 0.843483.
20250731T104830.564 Agent C2541 (2) found a better, legal, wirelength target of 4.078927, originally 4.102996.
20250731T104914.800 Agent FL2334 (35) found a better, legal, wirelength target of 0.990716, originally 1.118823.
20250731T105009.642 Agent FL2504 (29) found a better, legal, wirelength target of 5.96984, originally 7.687234.
20250731T105303.052 Agent C2539 (33) found a better, legal, HPWL target of 7.962286, originally 9.047828.
20250731T105306.649 Agent C2530 (37) found a better, legal, HPWL target of 6.899673, originally 7.041525.
20250731T105439.247 Agent C2530 (37) found a better, legal, HPWL target of 5.832283, originally 6.899673.
20250731T105947.702 Agent C2504 (0) found a better, legal, wirelength target of 1.77547, originally 2.133497.
20250731T110008.904 Agent C2524 (16) found a better, legal, wirelength target of 2.667204, originally 4.658171.
20250731T110035.923 Agent C2504 (0) found a better, legal, wirelength target of 1.190818, originally 1.77547.
20250731T110056.750 Agent C2524 (16) found a better, legal, wirelength target of 2.562517, originally 2.667204.
20250731T110145.935 Agent C2524 (16) found a better, legal, HPWL target of 3.374297, originally 3.809341.
20250731T110235.005 Agent C2524 (16) found a better, legal, HPWL target of 3.284355, originally 3.374297.
20250731T110324.816 Agent C2524 (16) found a better, legal, HPWL target of 3.058884, originally 3.284355.
20250731T110414.027 Agent C2524 (16) found a better, legal, wirelength target of 2.398162, originally 2.562517.
20250731T111024.578 Agent C2528 (5) found a better, legal, wirelength target of 2.011287, originally 3.562386.
20250731T111048.624 Agent L2502 (23) found a better, legal, wirelength target of 1.707579, originally 2.876774.
20250731T111053.952 Agent L2508 (27) found a better, legal, wirelength target of 1.779826, originally 2.57984.
20250731T111201.929 Agent C2528 (5) found a better, legal, wirelength target of 1.720125, originally 2.011287.
20250731T111226.600 Agent L2502 (23) found a better, legal, wirelength target of 1.344978, originally 1.707579.
20250731T111251.904 Agent C2528 (5) found a better, legal, wirelength target of 1.64838, originally 1.720125.
20250731T111252.065 Agent C2528 (5) found a better, legal, HPWL target of 1.778582, originally 4.157923.
20250731T111320.409 Agent L2508 (27) found a better, legal, wirelength target of 1.469738, originally 1.779826.
20250731T111330.111 Agent FL2334 (35) found a better, legal, HPWL target of 4.154145, originally 6.686235.
20250731T111404.214 Agent L2502 (23) found a better, legal, wirelength target of 1.32788, originally 1.344978.
20250731T111456.441 Agent L2508 (27) found a better, legal, wirelength target of 1.208598, originally 1.469738.
20250731T111653.194 Agent C2544 (7) found a better, legal, wirelength target of 1.858471, originally 2.044685.
20250731T111716.113 Agent R2515 (25) found a better, legal, wirelength target of 1.996895, originally 2.275084.
20250731T111805.662 Agent R2515 (25) found a better, legal, wirelength target of 1.821714, originally 1.996895.
20250731T111812.671 Agent C2310 (30) found a better, legal, wirelength target of 1.08459, originally 2.66153.
20250731T111830.804 Agent C2544 (7) found a better, legal, wirelength target of 1.538371, originally 1.858471.
20250731T111831.000 Agent C2544 (7) found a better, legal, HPWL target of 1.708819, originally 1.925364.
20250731T111854.522 Agent R2515 (25) found a better, legal, wirelength target of 1.782209, originally 1.821714.
20250731T111920.080 Agent C2544 (7) found a better, legal, wirelength target of 1.26293, originally 1.538371.
20250731T111920.230 Agent C2544 (7) found a better, legal, HPWL target of 1.499874, originally 1.708819.
20250731T111943.480 Agent R2515 (25) found a better, legal, wirelength target of 1.510479, originally 1.782209.
20250731T112121.383 Agent R2515 (25) found a better, legal, wirelength target of 0.534002, originally 1.510479.
20250731T112121.558 Agent R2515 (25) found a better, legal, HPWL target of 0.705751, originally 1.717851.
20250731T112234.402 Agent C2544 (7) found a better, legal, wirelength target of 1.060641, originally 1.26293.
20250731T112234.542 Agent C2544 (7) found a better, legal, HPWL target of 1.495034, originally 1.499874.
20250731T112320.730 Agent C2544 (7) found a better, legal, wirelength target of 0.632978, originally 1.060641.
20250731T112631.982 Agent C2583 (9) found a better, legal, wirelength target of 3.040079, originally 3.292679.
20250731T112632.157 Agent C2583 (9) found a better, legal, HPWL target of 7.900158, originally 8.46389.
20250731T112703.521 Agent C2539 (33) found a better, legal, wirelength target of 1.18821, originally 1.54611.
20250731T112703.650 Agent C2539 (33) found a better, legal, HPWL target of 7.849058, originally 7.962286.
20250731T112720.323 Agent C2583 (9) found a better, legal, wirelength target of 2.908918, originally 3.040079.
20250731T112720.473 Agent C2583 (9) found a better, legal, HPWL target of 7.700795, originally 7.900158.
20250731T112751.054 Agent C2539 (33) found a better, legal, HPWL target of 7.794835, originally 7.849058.
20250731T112808.146 Agent C2583 (9) found a better, legal, wirelength target of 2.888393, originally 2.908918.
20250731T112855.001 Agent C2583 (9) found a better, legal, wirelength target of 2.640935, originally 2.888393.
20250731T112942.887 Agent C2583 (9) found a better, legal, wirelength target of 2.519805, originally 2.640935.
20250731T113030.901 Agent C2583 (9) found a better, legal, wirelength target of 2.518215, originally 2.519805.
20250731T113100.117 Agent C2524 (16) found a better, legal, wirelength target of 1.646116, originally 2.398162.
20250731T113100.343 Agent C2524 (16) found a better, legal, HPWL target of 2.300724, originally 3.058884.
20250731T113146.374 Agent C2524 (16) found a better, legal, wirelength target of 1.270084, originally 1.646116.
20250731T113146.520 Agent C2524 (16) found a better, legal, HPWL target of 1.650397, originally 2.300724.
20250731T113428.568 Agent C2504 (0) found a better, legal, wirelength target of 1.176428, originally 1.190818.
20250731T113457.183 Agent R2521 (22) found a better, legal, wirelength target of 0.647227, originally 0.706144.
20250731T113517.738 Agent C2504 (0) found a better, legal, wirelength target of 0.908219, originally 1.176428.
20250731T113600.651 Agent C2539 (33) found a better, legal, HPWL target of 6.615888, originally 7.794835.
20250731T113605.489 Agent C2504 (0) found a better, legal, wirelength target of 0.825384, originally 0.908219.
20250731T113632.249 Agent R2521 (22) found a better, legal, wirelength target of 0.547651, originally 0.647227.
20250731T113650.813 Agent C2504 (0) found a better, legal, wirelength target of 0.451876, originally 0.825384.
20250731T113654.523 Agent L2510 (3) found a better, legal, wirelength target of 0.646398, originally 1.133913.
20250731T113909.662 Agent C2539 (33) found a better, legal, HPWL target of 5.709347, originally 6.615888.
20250731T113952.078 Agent L2519 (28) found a better, legal, wirelength target of 2.203323, originally 2.563162.
20250731T113959.069 Agent C2539 (33) found a better, legal, HPWL target of 5.489821, originally 5.709347.
20250731T114208.985 Agent R2521 (22) found a better, legal, wirelength target of 0.517499, originally 0.547651.
20250731T114414.053 Agent C2583 (9) found a better, legal, wirelength target of 1.604804, originally 2.518215.
20250731T114446.247 Agent C2539 (33) found a better, legal, HPWL target of 4.552498, originally 5.489821.
20250731T114609.528 Agent R2521 (22) found a better, legal, wirelength target of 0.33989, originally 0.517499.
20250731T114629.671 Agent C2504 (0) found a better, legal, HPWL target of 6.518398, originally 7.060044.
20250731T114718.803 Agent C2504 (0) found a better, legal, HPWL target of 6.454252, originally 6.518398.
20250731T114731.414 Agent C2583 (9) found a better, legal, wirelength target of 1.194552, originally 1.604804.
20250731T114808.096 Agent C2504 (0) found a better, legal, HPWL target of 5.921392, originally 6.454252.
20250731T115116.993 Agent C2539 (33) found a better, legal, HPWL target of 4.225975, originally 4.552498.
20250731T120531.188 Agent L2508 (27) found a better, legal, wirelength target of 1.062507, originally 1.208598.
20250731T120805.524 Agent FL2504 (29) found a better, legal, HPWL target of 9.549337, originally 19.274633.
20250731T120809.609 Agent C2508 (32) found a better, legal, HPWL target of 5.695863, originally 7.728222.
20250731T120814.804 Agent C2530 (37) found a better, legal, HPWL target of 4.768384, originally 5.832283.
20250731T121302.211 Agent C2508 (32) found a better, legal, HPWL target of 4.137021, originally 5.695863.
20250731T121313.364 Agent L2511 (4) found a better, legal, wirelength target of 0.498132, originally 1.025542.
20250731T121431.160 Agent FL2504 (29) found a better, legal, HPWL target of 9.170383, originally 9.549337.
20250731T121521.457 Agent C2508 (32) found a better, legal, HPWL target of 3.52097, originally 4.137021.
20250731T121740.068 Agent C2508 (32) found a better, legal, HPWL target of 3.455737, originally 3.52097.
20250731T122132.757 Agent C2310 (30) found a better, legal, HPWL target of 12.275607, originally 12.583152.
20250731T123015.655 Agent R2302 (14) found a better, legal, HPWL target of 2.4513, originally 4.57857.
20250731T123022.199 Agent C2308 (19) found a better, legal, HPWL target of 2.212003, originally 3.811226.
20250731T123627.304 Agent R2302 (14) found a better, legal, HPWL target of 1.448572, originally 2.4513.
20250731T123633.833 Agent C2308 (19) found a better, legal, HPWL target of 2.077321, originally 2.212003.
20250731T123721.939 Agent C2308 (19) found a better, legal, HPWL target of 1.71054, originally 2.077321.
20250731T123810.794 Agent C2308 (19) found a better, legal, HPWL target of 1.510142, originally 1.71054.
20250731T124658.673 Agent FL2504 (29) found a better, legal, wirelength target of 3.787646, originally 5.96984.
20250731T124745.249 Agent FL2504 (29) found a better, legal, wirelength target of 3.703244, originally 3.787646.
20250731T124752.966 Agent C2353 (36) found a better, legal, wirelength target of 0.852877, originally 1.517409.
20250731T124811.311 Agent C2354 (12) found a better, legal, wirelength target of 1.219073, originally 1.30032.
20250731T124859.635 Agent C2354 (12) found a better, legal, wirelength target of 1.210052, originally 1.219073.
20250731T124947.526 Agent C2354 (12) found a better, legal, wirelength target of 0.758536, originally 1.210052.
20250731T125016.841 Agent C2353 (36) found a better, legal, HPWL target of 9.836422, originally 13.093438.
20250731T125055.575 Agent FL2504 (29) found a better, legal, wirelength target of 3.69602, originally 3.703244.
20250731T125103.618 Agent C2353 (36) found a better, legal, HPWL target of 9.524287, originally 9.836422.
20250731T125121.751 Agent C2354 (12) found a better, legal, wirelength target of 0.381024, originally 0.758536.
20250731T125121.918 Agent C2354 (12) found a better, legal, HPWL target of 0.491916, originally 0.974051.
20250731T125143.568 Agent FL2504 (29) found a better, legal, wirelength target of 3.687599, originally 3.69602.
20250731T125151.347 Agent C2353 (36) found a better, legal, wirelength target of 0.381282, originally 0.852877.
20250731T125209.555 Agent C2354 (12) found a better, legal, wirelength target of 0.197659, originally 0.381024.
20250731T125209.736 Agent C2354 (12) found a better, legal, HPWL target of 0.22384, originally 0.491916.
20250731T125239.232 Agent C2353 (36) found a better, legal, HPWL target of 9.187825, originally 9.524287.
20250731T125317.548 Agent FL2504 (29) found a better, legal, wirelength target of 3.083669, originally 3.687599.
20250731T125648.403 Agent C2541 (2) found a better, legal, wirelength target of 3.378315, originally 4.078927.
20250731T125841.953 Agent R2503 (17) found a better, legal, HPWL target of 18.062612, originally 19.369818.
20250731T130126.222 Agent C2541 (2) found a better, legal, HPWL target of 4.142154, originally 4.798604.
20250731T130128.857 Agent L2511 (4) found a better, legal, HPWL target of 12.861881, originally 13.024537.
20250731T130214.005 Agent C2541 (2) found a better, legal, HPWL target of 3.768972, originally 4.142154.
20250731T131546.335 Agent C2539 (33) found a better, legal, wirelength target of 1.017897, originally 1.18821.
20250731T131955.466 Agent L2519 (28) found a better, legal, wirelength target of 1.396264, originally 2.203323.
20250731T132218.467 Agent L2508 (27) found a better, legal, wirelength target of 0.914255, originally 1.062507.
20250731T132307.605 Agent L2519 (28) found a better, legal, wirelength target of 0.948216, originally 1.396264.
20250731T132356.054 Agent L2519 (28) found a better, legal, wirelength target of 0.532651, originally 0.948216.
20250731T132500.651 Agent C2507 (1) found a better, legal, wirelength target of 0.873297, originally 1.221034.
20250731T132502.098 Agent C2541 (2) found a better, legal, wirelength target of 2.59557, originally 3.378315.
20250731T132550.475 Agent C2541 (2) found a better, legal, wirelength target of 2.47361, originally 2.59557.
20250731T132631.915 Agent C2539 (33) found a better, legal, wirelength target of 0.682597, originally 1.017897.
20250731T132638.877 Agent C2507 (1) found a better, legal, HPWL target of 0.778228, originally 1.345083.
20250731T132640.123 Agent C2541 (2) found a better, legal, wirelength target of 2.406928, originally 2.47361.
20250731T132640.263 Agent C2541 (2) found a better, legal, HPWL target of 3.284548, originally 3.768972.
20250731T132643.039 Agent L2511 (4) found a better, legal, HPWL target of 12.283233, originally 12.861881.
20250731T132722.011 Agent C2539 (33) found a better, legal, wirelength target of 0.446585, originally 0.682597.
20250731T132728.776 Agent C2507 (1) found a better, legal, HPWL target of 0.749989, originally 0.778228.
20250731T132729.988 Agent C2541 (2) found a better, legal, wirelength target of 2.086511, originally 2.406928.
20250731T132730.153 Agent C2541 (2) found a better, legal, HPWL target of 2.771913, originally 3.284548.
20250731T132733.124 Agent L2511 (4) found a better, legal, HPWL target of 11.130139, originally 12.283233.
20250731T132817.357 Agent C2507 (1) found a better, legal, HPWL target of 0.694283, originally 0.749989.
20250731T132818.688 Agent C2541 (2) found a better, legal, wirelength target of 2.059795, originally 2.086511.
20250731T132818.867 Agent C2541 (2) found a better, legal, HPWL target of 2.527376, originally 2.771913.
20250731T132906.266 Agent C2507 (1) found a better, legal, HPWL target of 0.61571, originally 0.694283.
20250731T132907.571 Agent C2541 (2) found a better, legal, wirelength target of 1.957419, originally 2.059795.
20250731T132907.717 Agent C2541 (2) found a better, legal, HPWL target of 2.242799, originally 2.527376.
20250731T133043.009 Agent C2507 (1) found a better, legal, wirelength target of 0.793877, originally 0.873297.
20250731T133044.243 Agent C2541 (2) found a better, legal, wirelength target of 1.636136, originally 1.957419.
20250731T133044.414 Agent C2541 (2) found a better, legal, HPWL target of 1.645937, originally 2.242799.
20250731T133047.184 Agent L2511 (4) found a better, legal, HPWL target of 10.97668, originally 11.130139.
20250731T133309.161 Agent C2541 (2) found a better, legal, wirelength target of 1.45322, originally 1.636136.
20250731T133358.238 Agent C2541 (2) found a better, legal, HPWL target of 1.276959, originally 1.645937.
20250731T133401.008 Agent L2511 (4) found a better, legal, HPWL target of 10.508507, originally 10.97668.
20250731T133530.185 Agent C2507 (1) found a better, legal, wirelength target of 0.525194, originally 0.793877.
20250731T133705.548 Agent C2541 (2) found a better, legal, wirelength target of 1.185122, originally 1.45322.
20250731T133752.803 Agent C2541 (2) found a better, legal, wirelength target of 0.855175, originally 1.185122.
20250731T133840.038 Agent C2541 (2) found a better, legal, HPWL target of 1.171662, originally 1.276959.
20250731T133925.534 Agent C2541 (2) found a better, legal, wirelength target of 0.674977, originally 0.855175.
20250731T134100.542 Agent C2528 (5) found a better, legal, HPWL target of 1.153155, originally 1.778582.
20250731T134402.421 Agent C2528 (5) found a better, legal, HPWL target of 0.512394, originally 1.153155.
20250731T134843.519 Agent C2541 (2) found a better, legal, HPWL target of 1.033371, originally 1.171662.
20250731T135019.253 Agent C2541 (2) found a better, legal, wirelength target of 0.637666, originally 0.674977.
20250731T135019.430 Agent C2541 (2) found a better, legal, HPWL target of 0.776875, originally 1.033371.
20250731T135835.839 Agent C2544 (7) found a better, legal, HPWL target of 0.758493, originally 1.495034.
20250731T141038.667 Agent C2575 (18) found a better, legal, wirelength target of 1.041819, originally 1.580752.
20250731T141126.643 Agent C2575 (18) found a better, legal, wirelength target of 1.018705, originally 1.041819.
20250731T141350.759 Agent C2575 (18) found a better, legal, wirelength target of 0.673618, originally 1.018705.
20250731T141440.781 Agent C2575 (18) found a better, legal, wirelength target of 0.570571, originally 0.673618.
20250731T142952.774 Agent C2530 (37) found a better, legal, wirelength target of 0.60143, originally 0.61816.
20250731T144244.305 Agent FL2334 (35) found a better, legal, wirelength target of 0.903264, originally 0.990716.
20250731T145419.907 Agent L2507 (10) found a better, legal, wirelength target of 0.619633, originally 1.679681.
20250731T145508.191 Agent L2507 (10) found a better, legal, wirelength target of 0.413084, originally 0.619633.
20250731T145705.852 Agent L2519 (28) found a better, legal, HPWL target of 7.457791, originally 7.630936.
20250731T145817.249 Agent C2583 (9) found a better, legal, HPWL target of 7.689292, originally 7.700795.
20250731T145957.776 Agent C2537 (13) found a better, legal, HPWL target of 5.970586, originally 5.987249.
20250731T150127.453 Agent C2583 (9) found a better, legal, HPWL target of 7.094632, originally 7.689292.
20250731T150151.567 Agent L2519 (28) found a better, legal, HPWL target of 7.399778, originally 7.457791.
20250731T150219.907 Agent C2537 (13) found a better, legal, HPWL target of 5.829214, originally 5.970586.
20250731T150345.660 Agent C2583 (9) found a better, legal, HPWL target of 6.976899, originally 7.094632.
20250731T150410.061 Agent L2519 (28) found a better, legal, HPWL target of 7.157963, originally 7.399778.
20250731T150457.710 Agent L2519 (28) found a better, legal, HPWL target of 7.118043, originally 7.157963.
20250731T150607.446 Agent C2583 (9) found a better, legal, HPWL target of 6.681807, originally 6.976899.
20250731T151251.712 Agent C2310 (30) found a better, legal, wirelength target of 0.92769, originally 1.08459.
20250731T151415.788 Agent C2528 (5) found a better, legal, wirelength target of 1.384762, originally 1.64838.
20250731T151438.932 Agent L2502 (23) found a better, legal, wirelength target of 0.502955, originally 1.32788.
20250731T151503.287 Agent C2528 (5) found a better, legal, wirelength target of 0.354278, originally 1.384762.
20250731T151519.037 Agent R2503 (17) found a better, legal, wirelength target of 0.232376, originally 0.394231.
20250731T151555.431 Agent C2509 (8) found a better, legal, HPWL target of 3.603847, originally 6.422531.
20250731T151817.484 Agent C2509 (8) found a better, legal, HPWL target of 3.321099, originally 3.603847.
20250731T152423.505 Agent C2539 (33) found a better, legal, wirelength target of 0.416979, originally 0.446585.
20250731T152432.850 Agent L2510 (3) found a better, legal, wirelength target of 0.457626, originally 0.646398.
20250731T152511.492 Agent C2539 (33) found a better, legal, wirelength target of 0.286946, originally 0.416979.
20250731T153849.353 Agent L2519 (28) found a better, legal, wirelength target of 0.448586, originally 0.532651.
20250731T153912.347 Agent C2583 (9) found a better, legal, wirelength target of 0.313796, originally 1.194552.
20250731T154024.361 Agent L2519 (28) found a better, legal, wirelength target of 0.326216, originally 0.448586.
20250731T154208.390 Agent C2310 (30) found a better, legal, HPWL target of 11.156442, originally 12.275607.
20250731T154644.736 Agent L2502 (23) found a better, legal, HPWL target of 13.189325, originally 14.483755.
20250731T155513.180 Agent L2507 (10) found a better, legal, HPWL target of 5.474178, originally 6.035193.
20250731T155517.263 Agent C2537 (13) found a better, legal, HPWL target of 5.66734, originally 5.829214.
20250731T155645.638 Agent L2507 (10) found a better, legal, HPWL target of 5.333903, originally 5.474178.
20250731T155752.674 Agent C2540 (26) found a better, legal, wirelength target of 1.387337, originally 1.483856.
20250731T160131.374 Agent L2507 (10) found a better, legal, HPWL target of 4.474782, originally 5.333903.
20250731T160135.419 Agent C2537 (13) found a better, legal, HPWL target of 4.305766, originally 5.66734.
20250731T160306.685 Agent L2507 (10) found a better, legal, HPWL target of 4.167692, originally 4.474782.
20250731T160353.105 Agent L2507 (10) found a better, legal, HPWL target of 3.889478, originally 4.167692.
20250731T160356.904 Agent C2537 (13) found a better, legal, HPWL target of 3.54216, originally 4.305766.
20250731T160440.332 Agent L2507 (10) found a better, legal, HPWL target of 3.171314, originally 3.889478.
20250731T160444.204 Agent C2537 (13) found a better, legal, HPWL target of 2.925411, originally 3.54216.
20250731T160615.289 Agent L2507 (10) found a better, legal, HPWL target of 3.159766, originally 3.171314.
20250731T160619.255 Agent C2537 (13) found a better, legal, HPWL target of 2.911081, originally 2.925411.
20250731T160703.128 Agent L2507 (10) found a better, legal, HPWL target of 3.106412, originally 3.159766.
20250731T160751.465 Agent L2507 (10) found a better, legal, HPWL target of 2.613001, originally 3.106412.
20250731T160927.029 Agent L2507 (10) found a better, legal, HPWL target of 2.357445, originally 2.613001.
20250731T160930.881 Agent C2537 (13) found a better, legal, HPWL target of 2.835522, originally 2.911081.
20250731T161753.844 Agent C2508 (32) found a better, legal, wirelength target of 0.668235, originally 0.846248.
20250731T161837.581 Agent FL2504 (29) found a better, legal, wirelength target of 2.888042, originally 3.083669.
20250731T161841.449 Agent C2508 (32) found a better, legal, wirelength target of 0.397269, originally 0.668235.
20250731T161926.120 Agent FL2504 (29) found a better, legal, wirelength target of 2.335127, originally 2.888042.
20250731T162242.008 Agent C2508 (32) found a better, legal, wirelength target of 0.315271, originally 0.397269.
20250731T162602.274 Agent C2540 (26) found a better, legal, wirelength target of 1.35473, originally 1.387337.
20250731T162624.443 Agent C2540 (26) found a better, legal, wirelength target of 1.274896, originally 1.35473.
20250731T162708.713 Agent C2540 (26) found a better, legal, wirelength target of 0.762902, originally 1.274896.
20250731T163034.178 Agent L2508 (27) found a better, legal, wirelength target of 0.871155, originally 0.914255.
20250731T163039.945 Agent C2530 (37) found a better, legal, wirelength target of 0.468821, originally 0.60143.
20250731T163057.160 Agent L2508 (27) found a better, legal, wirelength target of 0.557606, originally 0.871155.
20250731T163119.610 Agent L2508 (27) found a better, legal, wirelength target of 0.326987, originally 0.557606.
20250731T163619.608 Agent L2502 (23) found a better, legal, HPWL target of 11.444893, originally 13.189325.
20250731T163826.931 Agent C2524 (16) found a better, legal, wirelength target of 0.886647, originally 1.270084.
20250731T164727.259 Agent C2540 (26) found a better, legal, HPWL target of 4.293915, originally 4.587772.
20250731T164736.139 Agent L2511 (4) found a better, legal, wirelength target of 0.328429, originally 0.498132.
