20250731T091839.235 Agent C2504 (0) found a better, legal, wirelength target of 2.827353, originally 1000000.0.
20250731T091839.293 Agent C2504 (0) found a better, legal, HPWL target of 9.075674, originally 1000000.0.
20250731T091839.837 Agent C2507 (1) found a better, legal, wirelength target of 1.358141, originally 1000000.0.
20250731T091839.898 Agent C2507 (1) found a better, legal, HPWL target of 1.850648, originally 1000000.0.
20250731T091840.512 Agent C2541 (2) found a better, legal, HPWL target of 10.602691, originally 1000000.0.
20250731T091841.051 Agent L2510 (3) found a better, legal, wirelength target of 7.636921, originally 1000000.0.
20250731T091841.113 Agent L2510 (3) found a better, legal, HPWL target of 17.998299, originally 1000000.0.
20250731T091841.707 Agent L2511 (4) found a better, legal, HPWL target of 21.872265, originally 1000000.0.
20250731T091842.252 Agent C2528 (5) found a better, legal, wirelength target of 16.842155, originally 1000000.0.
20250731T091842.323 Agent C2528 (5) found a better, legal, HPWL target of 22.842991, originally 1000000.0.
20250731T091842.882 Agent C2305 (6) found a better, legal, wirelength target of 6.825084, originally 1000000.0.
20250731T091842.948 Agent C2305 (6) found a better, legal, HPWL target of 7.078842, originally 1000000.0.
20250731T091843.495 Agent C2544 (7) found a better, legal, wirelength target of 7.767388, originally 1000000.0.
20250731T091843.582 Agent C2544 (7) found a better, legal, HPWL target of 10.898159, originally 1000000.0.
20250731T091844.158 Agent C2509 (8) found a better, legal, wirelength target of 1.31381, originally 1000000.0.
20250731T091844.222 Agent C2509 (8) found a better, legal, HPWL target of 10.263557, originally 1000000.0.
20250731T091844.865 Agent C2583 (9) found a better, legal, HPWL target of 13.60816, originally 1000000.0.
20250731T091845.400 Agent L2507 (10) found a better, legal, wirelength target of 3.780121, originally 1000000.0.
20250731T091845.464 Agent L2507 (10) found a better, legal, HPWL target of 7.989502, originally 1000000.0.
20250731T091846.029 Agent C2502 (11) found a better, legal, wirelength target of 0.0, originally 1000000.0.
20250731T091846.090 Agent C2502 (11) found a better, legal, HPWL target of 12.002822, originally 1000000.0.
20250731T091846.698 Agent C2354 (12) found a better, legal, HPWL target of 4.888964, originally 1000000.0.
20250731T091847.253 Agent C2537 (13) found a better, legal, wirelength target of 4.012648, originally 1000000.0.
20250731T091847.317 Agent C2537 (13) found a better, legal, HPWL target of 8.237124, originally 1000000.0.
20250731T091847.880 Agent R2302 (14) found a better, legal, wirelength target of 0.0, originally 1000000.0.
20250731T091847.948 Agent R2302 (14) found a better, legal, HPWL target of 19.452731, originally 1000000.0.
20250731T091848.505 Agent C2523 (15) found a better, legal, wirelength target of 9.249733, originally 1000000.0.
20250731T091848.567 Agent C2523 (15) found a better, legal, HPWL target of 11.265423, originally 1000000.0.
20250731T091849.760 Agent R2503 (17) found a better, legal, wirelength target of 0.597525, originally 1000000.0.
20250731T091850.385 Agent C2575 (18) found a better, legal, wirelength target of 9.13797, originally 1000000.0.
20250731T091851.596 Agent FL2503 (20) found a better, legal, wirelength target of 13.653356, originally 1000000.0.
20250731T091852.218 Agent C2503 (21) found a better, legal, wirelength target of 4.372569, originally 1000000.0.
20250731T091852.832 Agent R2521 (22) found a better, legal, wirelength target of 4.275397, originally 1000000.0.
20250731T091854.094 Agent L2304 (24) found a better, legal, wirelength target of 9.621529, originally 1000000.0.
20250731T091855.376 Agent C2540 (26) found a better, legal, wirelength target of 5.656119, originally 1000000.0.
20250731T091856.013 Agent L2508 (27) found a better, legal, wirelength target of 6.078502, originally 1000000.0.
20250731T091857.913 Agent C2310 (30) found a better, legal, wirelength target of 6.289874, originally 1000000.0.
20250731T091858.525 Agent U2301 (31) found a better, legal, wirelength target of 25.958809, originally 1000000.0.
20250731T091859.143 Agent C2508 (32) found a better, legal, wirelength target of 2.446544, originally 1000000.0.
20250731T091900.384 Agent FL2334 (35) found a better, legal, wirelength target of 4.839452, originally 1000000.0.
20250731T091901.009 Agent C2353 (36) found a better, legal, wirelength target of 4.701126, originally 1000000.0.
20250731T091902.261 Agent C2504 (0) found a better, legal, wirelength target of 2.665044, originally 2.827353.
20250731T091906.882 Agent C2509 (8) found a better, legal, wirelength target of 0.585495, originally 1.31381.
20250731T091908.047 Agent L2507 (10) found a better, legal, wirelength target of 3.733366, originally 3.780121.
20250731T091909.783 Agent C2537 (13) found a better, legal, wirelength target of 3.770049, originally 4.012648.
20250731T091911.576 Agent C2524 (16) found a better, legal, HPWL target of 11.961549, originally 1000000.0.
20250731T091912.189 Agent R2503 (17) found a better, legal, HPWL target of 19.369818, originally 1000000.0.
20250731T091912.824 Agent C2575 (18) found a better, legal, HPWL target of 17.171316, originally 1000000.0.
20250731T091913.431 Agent C2308 (19) found a better, legal, HPWL target of 19.622355, originally 1000000.0.
20250731T091913.963 Agent FL2503 (20) found a better, legal, wirelength target of 12.638693, originally 13.653356.
20250731T091914.023 Agent FL2503 (20) found a better, legal, HPWL target of 36.899433, originally 1000000.0.
20250731T091914.626 Agent C2503 (21) found a better, legal, HPWL target of 18.405286, originally 1000000.0.
20250731T091915.235 Agent R2521 (22) found a better, legal, HPWL target of 24.865057, originally 1000000.0.
20250731T091915.886 Agent L2502 (23) found a better, legal, HPWL target of 41.435494, originally 1000000.0.
20250731T091916.417 Agent L2304 (24) found a better, legal, wirelength target of 9.124979, originally 9.621529.
20250731T091916.489 Agent L2304 (24) found a better, legal, HPWL target of 14.788607, originally 1000000.0.
20250731T091917.124 Agent R2515 (25) found a better, legal, HPWL target of 12.424319, originally 1000000.0.
20250731T091917.689 Agent C2540 (26) found a better, legal, wirelength target of 5.514656, originally 5.656119.
20250731T091917.761 Agent C2540 (26) found a better, legal, HPWL target of 10.686886, originally 1000000.0.
20250731T091918.380 Agent L2508 (27) found a better, legal, HPWL target of 26.741632, originally 1000000.0.
20250731T091919.006 Agent L2519 (28) found a better, legal, HPWL target of 13.555463, originally 1000000.0.
20250731T091919.616 Agent FL2504 (29) found a better, legal, HPWL target of 26.476472, originally 1000000.0.
20250731T091920.248 Agent C2310 (30) found a better, legal, HPWL target of 14.905288, originally 1000000.0.
20250731T091920.925 Agent U2301 (31) found a better, legal, HPWL target of 40.413932, originally 1000000.0.
20250731T091921.471 Agent C2508 (32) found a better, legal, wirelength target of 2.344171, originally 2.446544.
20250731T091921.546 Agent C2508 (32) found a better, legal, HPWL target of 11.692823, originally 1000000.0.
20250731T091922.162 Agent C2539 (33) found a better, legal, HPWL target of 18.89781, originally 1000000.0.
20250731T091922.697 Agent FL2334 (35) found a better, legal, wirelength target of 4.200675, originally 4.839452.
20250731T091922.771 Agent FL2334 (35) found a better, legal, HPWL target of 8.227496, originally 1000000.0.
20250731T091923.398 Agent C2353 (36) found a better, legal, HPWL target of 14.670828, originally 1000000.0.
20250731T091924.037 Agent C2530 (37) found a better, legal, HPWL target of 14.168626, originally 1000000.0.
20250731T091924.581 Agent C2504 (0) found a better, legal, wirelength target of 2.329413, originally 2.665044.
20250731T091924.657 Agent C2504 (0) found a better, legal, HPWL target of 7.623397, originally 9.075674.
20250731T091925.737 Agent C2541 (2) found a better, legal, wirelength target of 7.471823, originally 1000000.0.
20250731T091925.798 Agent C2541 (2) found a better, legal, HPWL target of 10.554174, originally 10.602691.
20250731T091927.956 Agent C2305 (6) found a better, legal, wirelength target of 6.442595, originally 6.825084.
20250731T091928.036 Agent C2305 (6) found a better, legal, HPWL target of 6.605227, originally 7.078842.
20250731T091929.217 Agent C2509 (8) found a better, legal, HPWL target of 8.547463, originally 10.263557.
20250731T091929.769 Agent C2583 (9) found a better, legal, wirelength target of 3.292679, originally 1000000.0.
20250731T091929.839 Agent C2583 (9) found a better, legal, HPWL target of 13.555463, originally 13.60816.
20250731T091930.990 Agent C2502 (11) found a better, legal, HPWL target of 11.333477, originally 12.002822.
20250731T091931.539 Agent C2354 (12) found a better, legal, wirelength target of 4.556813, originally 1000000.0.
20250731T091931.608 Agent C2354 (12) found a better, legal, HPWL target of 4.86026, originally 4.888964.
20250731T091933.296 Agent C2523 (15) found a better, legal, HPWL target of 11.174873, originally 11.265423.
20250731T091934.416 Agent R2503 (17) found a better, legal, wirelength target of 0.394231, originally 0.597525.
20250731T091935.044 Agent C2575 (18) found a better, legal, HPWL target of 16.491135, originally 17.171316.
20250731T091935.604 Agent C2308 (19) found a better, legal, wirelength target of 0.0, originally 1000000.0.
20250731T091935.677 Agent C2308 (19) found a better, legal, HPWL target of 19.533345, originally 19.622355.
20250731T091936.236 Agent FL2503 (20) found a better, legal, wirelength target of 11.957502, originally 12.638693.
20250731T091936.297 Agent FL2503 (20) found a better, legal, HPWL target of 36.402567, originally 36.899433.
20250731T091936.925 Agent C2503 (21) found a better, legal, HPWL target of 18.305817, originally 18.405286.
20250731T091937.491 Agent R2521 (22) found a better, legal, wirelength target of 4.022369, originally 4.275397.
20250731T091937.562 Agent R2521 (22) found a better, legal, HPWL target of 24.030827, originally 24.865057.
20250731T091938.182 Agent L2502 (23) found a better, legal, HPWL target of 41.058215, originally 41.435494.
20250731T091939.386 Agent R2515 (25) found a better, legal, HPWL target of 11.858659, originally 12.424319.
20250731T091939.941 Agent C2540 (26) found a better, legal, wirelength target of 5.486159, originally 5.514656.
20250731T091940.010 Agent C2540 (26) found a better, legal, HPWL target of 10.581964, originally 10.686886.
20250731T091940.595 Agent L2508 (27) found a better, legal, wirelength target of 5.389208, originally 6.078502.
20250731T091940.665 Agent L2508 (27) found a better, legal, HPWL target of 24.890195, originally 26.741632.
20250731T091941.877 Agent FL2504 (29) found a better, legal, HPWL target of 24.014139, originally 26.476472.
20250731T091942.520 Agent C2310 (30) found a better, legal, HPWL target of 13.416859, originally 14.905288.
20250731T091943.070 Agent U2301 (31) found a better, legal, wirelength target of 25.143398, originally 25.958809.
20250731T091943.136 Agent U2301 (31) found a better, legal, HPWL target of 38.073324, originally 40.413932.
20250731T091944.297 Agent C2539 (33) found a better, legal, HPWL target of 18.85886, originally 18.89781.
20250731T091944.935 Agent FL2334 (35) found a better, legal, HPWL target of 8.111244, originally 8.227496.
20250731T091945.508 Agent C2353 (36) found a better, legal, wirelength target of 4.238755, originally 4.701126.
20250731T091945.589 Agent C2353 (36) found a better, legal, HPWL target of 13.093438, originally 14.670828.
20250731T091946.239 Agent C2530 (37) found a better, legal, HPWL target of 12.041658, originally 14.168626.
20250731T091946.771 Agent C2504 (0) found a better, legal, wirelength target of 2.302161, originally 2.329413.
20250731T091946.836 Agent C2504 (0) found a better, legal, HPWL target of 7.060044, originally 7.623397.
20250731T091947.388 Agent C2507 (1) found a better, legal, wirelength target of 1.293284, originally 1.358141.
20250731T091947.460 Agent C2507 (1) found a better, legal, HPWL target of 1.78637, originally 1.850648.
20250731T091950.309 Agent C2305 (6) found a better, legal, wirelength target of 6.273764, originally 6.442595.
20250731T091951.409 Agent C2509 (8) found a better, legal, wirelength target of 0.480331, originally 0.585495.
20250731T091953.128 Agent C2502 (11) found a better, legal, HPWL target of 11.244429, originally 11.333477.
20250731T091953.675 Agent C2354 (12) found a better, legal, wirelength target of 4.263072, originally 4.556813.
20250731T091954.868 Agent R2302 (14) found a better, legal, HPWL target of 19.216116, originally 19.452731.
20250731T091956.061 Agent C2524 (16) found a better, legal, HPWL target of 11.510625, originally 11.961549.
20250731T091957.790 Agent C2308 (19) found a better, legal, HPWL target of 19.428567, originally 19.533345.
20250731T091958.438 Agent FL2503 (20) found a better, legal, HPWL target of 35.227668, originally 36.402567.
20250731T091959.057 Agent C2503 (21) found a better, legal, HPWL target of 17.318712, originally 18.305817.
20250731T091959.688 Agent R2521 (22) found a better, legal, HPWL target of 24.026994, originally 24.030827.
20250731T092000.764 Agent L2304 (24) found a better, legal, wirelength target of 8.910987, originally 9.124979.
20250731T092000.826 Agent L2304 (24) found a better, legal, HPWL target of 14.732686, originally 14.788607.
20250731T092001.468 Agent R2515 (25) found a better, legal, HPWL target of 10.576677, originally 11.858659.
20250731T092002.612 Agent L2508 (27) found a better, legal, wirelength target of 5.01441, originally 5.389208.
20250731T092002.681 Agent L2508 (27) found a better, legal, HPWL target of 23.440426, originally 24.890195.
20250731T092003.284 Agent L2519 (28) found a better, legal, HPWL target of 13.109986, originally 13.555463.
20250731T092003.931 Agent FL2504 (29) found a better, legal, HPWL target of 23.289746, originally 24.014139.
20250731T092005.062 Agent U2301 (31) found a better, legal, wirelength target of 24.887036, originally 25.143398.
20250731T092006.200 Agent C2539 (33) found a better, legal, HPWL target of 18.731272, originally 18.85886.
20250731T092007.291 Agent C2353 (36) found a better, legal, wirelength target of 4.233362, originally 4.238755.
20250731T092007.924 Agent C2530 (37) found a better, legal, HPWL target of 11.540288, originally 12.041658.
20250731T092009.013 Agent C2507 (1) found a better, legal, wirelength target of 1.256047, originally 1.293284.
20250731T092009.095 Agent C2507 (1) found a better, legal, HPWL target of 1.649471, originally 1.78637.
20250731T092011.932 Agent C2305 (6) found a better, legal, wirelength target of 5.484473, originally 6.273764.
20250731T092011.999 Agent C2305 (6) found a better, legal, HPWL target of 5.872944, originally 6.605227.
20250731T092012.561 Agent C2544 (7) found a better, legal, wirelength target of 7.67281, originally 7.767388.
20250731T092012.633 Agent C2544 (7) found a better, legal, HPWL target of 10.739294, originally 10.898159.
20250731T092013.781 Agent C2583 (9) found a better, legal, HPWL target of 13.07012, originally 13.555463.
20250731T092014.923 Agent C2502 (11) found a better, legal, HPWL target of 11.209311, originally 11.244429.
20250731T092015.472 Agent C2354 (12) found a better, legal, wirelength target of 3.689627, originally 4.263072.
20250731T092015.540 Agent C2354 (12) found a better, legal, HPWL target of 3.986697, originally 4.86026.
20250731T092017.752 Agent C2524 (16) found a better, legal, wirelength target of 8.565458, originally 1000000.0.
20250731T092022.847 Agent R2515 (25) found a better, legal, HPWL target of 10.496488, originally 10.576677.
20250731T092024.050 Agent L2508 (27) found a better, legal, HPWL target of 22.865385, originally 23.440426.
20250731T092024.704 Agent L2519 (28) found a better, legal, HPWL target of 12.78146, originally 13.109986.
20250731T092025.272 Agent FL2504 (29) found a better, legal, wirelength target of 7.788861, originally 1000000.0.
20250731T092025.330 Agent FL2504 (29) found a better, legal, HPWL target of 23.034678, originally 23.289746.
20250731T092025.893 Agent C2310 (30) found a better, legal, wirelength target of 5.782491, originally 6.289874.
20250731T092026.519 Agent U2301 (31) found a better, legal, HPWL target of 36.252685, originally 38.073324.
20250731T092027.051 Agent C2508 (32) found a better, legal, wirelength target of 2.160346, originally 2.344171.
20250731T092028.701 Agent C2353 (36) found a better, legal, wirelength target of 3.287799, originally 4.233362.
20250731T092029.318 Agent C2530 (37) found a better, legal, HPWL target of 11.070476, originally 11.540288.
20250731T092029.884 Agent C2504 (0) found a better, legal, wirelength target of 2.133497, originally 2.302161.
20250731T092030.509 Agent C2507 (1) found a better, legal, HPWL target of 1.345083, originally 1.649471.
20250731T092033.332 Agent C2305 (6) found a better, legal, HPWL target of 5.74554, originally 5.872944.
20250731T092033.871 Agent C2544 (7) found a better, legal, wirelength target of 7.633099, originally 7.67281.
20250731T092033.942 Agent C2544 (7) found a better, legal, HPWL target of 10.629988, originally 10.739294.
20250731T092035.170 Agent C2583 (9) found a better, legal, HPWL target of 12.78146, originally 13.07012.
20250731T092036.389 Agent C2502 (11) found a better, legal, HPWL target of 10.774908, originally 11.209311.
20250731T092036.950 Agent C2354 (12) found a better, legal, wirelength target of 3.535556, originally 3.689627.
20250731T092038.160 Agent R2302 (14) found a better, legal, HPWL target of 19.004776, originally 19.216116.
20250731T092038.724 Agent C2523 (15) found a better, legal, wirelength target of 8.780025, originally 9.249733.
20250731T092038.786 Agent C2523 (15) found a better, legal, HPWL target of 10.682365, originally 11.174873.
20250731T092039.346 Agent C2524 (16) found a better, legal, wirelength target of 8.375516, originally 8.565458.
20250731T092041.085 Agent C2308 (19) found a better, legal, HPWL target of 18.83822, originally 19.428567.
20250731T092042.250 Agent C2503 (21) found a better, legal, wirelength target of 3.863855, originally 4.372569.
20250731T092043.897 Agent L2304 (24) found a better, legal, wirelength target of 8.805525, originally 8.910987.
20250731T092045.646 Agent L2508 (27) found a better, legal, wirelength target of 4.296682, originally 5.01441.
20250731T092045.708 Agent L2508 (27) found a better, legal, HPWL target of 21.583426, originally 22.865385.
20250731T092046.341 Agent L2519 (28) found a better, legal, HPWL target of 12.114891, originally 12.78146.
20250731T092046.891 Agent FL2504 (29) found a better, legal, wirelength target of 7.687234, originally 7.788861.
20250731T092048.002 Agent U2301 (31) found a better, legal, wirelength target of 24.388424, originally 24.887036.
20250731T092051.837 Agent C2507 (1) found a better, legal, wirelength target of 1.221034, originally 1.256047.
20250731T092055.737 Agent C2509 (8) found a better, legal, HPWL target of 7.685011, originally 8.547463.
20250731T092056.369 Agent C2583 (9) found a better, legal, HPWL target of 12.114891, originally 12.78146.
20250731T092102.058 Agent C2308 (19) found a better, legal, HPWL target of 18.815543, originally 18.83822.
20250731T092105.018 Agent L2304 (24) found a better, legal, HPWL target of 14.086945, originally 14.732686.
20250731T092109.061 Agent U2301 (31) found a better, legal, HPWL target of 36.094347, originally 36.252685.
20250731T092110.725 Agent FL2334 (35) found a better, legal, wirelength target of 3.967643, originally 4.200675.
20250731T092110.794 Agent FL2334 (35) found a better, legal, HPWL target of 7.539097, originally 8.111244.
20250731T092114.703 Agent L2511 (4) found a better, legal, HPWL target of 21.82776, originally 21.872265.
20250731T092118.791 Agent C2502 (11) found a better, legal, HPWL target of 10.753456, originally 10.774908.
20250731T092120.554 Agent R2302 (14) found a better, legal, HPWL target of 18.445474, originally 19.004776.
20250731T092127.220 Agent C2540 (26) found a better, legal, wirelength target of 5.378193, originally 5.486159.
20250731T092128.406 Agent L2519 (28) found a better, legal, HPWL target of 11.992417, originally 12.114891.
20250731T092135.151 Agent L2510 (3) found a better, legal, wirelength target of 7.382045, originally 7.636921.
20250731T092135.789 Agent L2511 (4) found a better, legal, HPWL target of 21.53176, originally 21.82776.
20250731T092138.534 Agent L2510 (3) found a better, legal, wirelength target of 5.402168, originally 7.382045.
20250731T092138.598 Agent L2510 (3) found a better, legal, HPWL target of 10.867297, originally 17.998299.
20250731T092139.164 Agent L2511 (4) found a better, legal, wirelength target of 4.479187, originally 1000000.0.
20250731T092139.830 Agent C2528 (5) found a better, legal, HPWL target of 13.856862, originally 22.842991.
20250731T092142.139 Agent C2583 (9) found a better, legal, HPWL target of 8.974357, originally 12.114891.
20250731T092142.759 Agent L2507 (10) found a better, legal, HPWL target of 6.193678, originally 7.989502.
20250731T092143.967 Agent C2354 (12) found a better, legal, HPWL target of 3.700562, originally 3.986697.
20250731T092144.631 Agent C2537 (13) found a better, legal, HPWL target of 6.486141, originally 8.237124.
20250731T092145.244 Agent R2302 (14) found a better, legal, HPWL target of 8.631552, originally 18.445474.
20250731T092145.859 Agent C2523 (15) found a better, legal, HPWL target of 7.186441, originally 10.682365.
20250731T092146.414 Agent C2524 (16) found a better, legal, wirelength target of 5.837156, originally 8.375516.
20250731T092146.474 Agent C2524 (16) found a better, legal, HPWL target of 8.195544, originally 11.510625.
20250731T092150.041 Agent R2521 (22) found a better, legal, wirelength target of 0.706144, originally 4.022369.
20250731T092150.671 Agent L2502 (23) found a better, legal, wirelength target of 11.36425, originally 1000000.0.
20250731T092153.600 Agent L2519 (28) found a better, legal, wirelength target of 4.452127, originally 1000000.0.
20250731T092156.449 Agent C2539 (33) found a better, legal, wirelength target of 4.108775, originally 1000000.0.
20250731T092157.622 Agent C2353 (36) found a better, legal, wirelength target of 2.81728, originally 3.287799.
20250731T092200.909 Agent L2511 (4) found a better, legal, wirelength target of 4.44445, originally 4.479187.
20250731T092203.773 Agent C2583 (9) found a better, legal, HPWL target of 8.562188, originally 8.974357.
20250731T092207.092 Agent C2523 (15) found a better, legal, wirelength target of 5.67483, originally 8.780025.
20250731T092207.641 Agent C2524 (16) found a better, legal, wirelength target of 5.478241, originally 5.837156.
20250731T092207.717 Agent C2524 (16) found a better, legal, HPWL target of 7.726944, originally 8.195544.
20250731T092208.910 Agent C2575 (18) found a better, legal, HPWL target of 2.58417, originally 16.491135.
20250731T092209.535 Agent C2308 (19) found a better, legal, HPWL target of 8.778939, originally 18.815543.
20250731T092210.704 Agent C2503 (21) found a better, legal, HPWL target of 13.492114, originally 17.318712.
20250731T092211.320 Agent R2521 (22) found a better, legal, HPWL target of 12.490988, originally 24.026994.
20250731T092211.945 Agent L2502 (23) found a better, legal, HPWL target of 28.160139, originally 41.058215.
20250731T092214.781 Agent L2519 (28) found a better, legal, wirelength target of 4.175054, originally 4.452127.
20250731T092217.654 Agent C2539 (33) found a better, legal, wirelength target of 3.881101, originally 4.108775.
20250731T092218.842 Agent C2353 (36) found a better, legal, wirelength target of 2.054951, originally 2.81728.
20250731T092221.715 Agent L2510 (3) found a better, legal, wirelength target of 5.190751, originally 5.402168.
20250731T092229.266 Agent C2524 (16) found a better, legal, wirelength target of 5.276298, originally 5.478241.
20250731T092239.265 Agent C2539 (33) found a better, legal, wirelength target of 3.502569, originally 3.881101.
20250731T092240.458 Agent C2353 (36) found a better, legal, wirelength target of 1.738177, originally 2.054951.
20250731T092257.865 Agent L2519 (28) found a better, legal, wirelength target of 4.15222, originally 4.175054.
20250731T092305.327 Agent L2511 (4) found a better, legal, wirelength target of 4.401262, originally 4.44445.
20250731T092319.392 Agent L2519 (28) found a better, legal, HPWL target of 8.526781, originally 11.992417.
20250731T092321.155 Agent U2301 (31) found a better, legal, HPWL target of 35.073485, originally 36.094347.
20250731T092322.366 Agent C2539 (33) found a better, legal, HPWL target of 11.01555, originally 18.731272.
20250731T092326.272 Agent L2510 (3) found a better, legal, HPWL target of 10.834548, originally 10.867297.
20250731T092331.305 Agent C2354 (12) found a better, legal, wirelength target of 2.769128, originally 3.535556.
20250731T092331.368 Agent C2354 (12) found a better, legal, HPWL target of 3.477681, originally 3.700562.
20250731T092331.974 Agent C2537 (13) found a better, legal, HPWL target of 6.484154, originally 6.486141.
20250731T092332.575 Agent R2302 (14) found a better, legal, HPWL target of 6.295815, originally 8.631552.
20250731T092416.794 Agent C2524 (16) found a better, legal, wirelength target of 4.99108, originally 5.276298.
20250731T092428.325 Agent C2353 (36) found a better, legal, wirelength target of 1.633556, originally 1.738177.
20250731T092438.670 Agent C2524 (16) found a better, legal, wirelength target of 4.755424, originally 4.99108.
20250731T092503.478 Agent FL2503 (20) found a better, legal, wirelength target of 7.311589, originally 11.957502.
20250731T092508.421 Agent L2519 (28) found a better, legal, HPWL target of 8.260633, originally 8.526781.
20250731T092510.261 Agent U2301 (31) found a better, legal, HPWL target of 33.693499, originally 35.073485.
20250731T092519.780 Agent L2507 (10) found a better, legal, HPWL target of 6.035193, originally 6.193678.
20250731T092520.909 Agent C2354 (12) found a better, legal, wirelength target of 1.617941, originally 2.769128.
20250731T092520.990 Agent C2354 (12) found a better, legal, HPWL target of 1.997347, originally 3.477681.
20250731T092521.530 Agent C2537 (13) found a better, legal, wirelength target of 0.724615, originally 3.770049.
20250731T092521.616 Agent C2537 (13) found a better, legal, HPWL target of 6.032792, originally 6.484154.
20250731T092522.278 Agent R2302 (14) found a better, legal, HPWL target of 6.136639, originally 6.295815.
20250731T092523.452 Agent C2524 (16) found a better, legal, HPWL target of 7.208773, originally 7.726944.
20250731T092524.658 Agent C2575 (18) found a better, legal, HPWL target of 1.848224, originally 2.58417.
20250731T092525.279 Agent C2308 (19) found a better, legal, HPWL target of 6.245989, originally 8.778939.
20250731T092525.850 Agent FL2503 (20) found a better, legal, wirelength target of 6.929961, originally 7.311589.
20250731T092526.491 Agent C2503 (21) found a better, legal, HPWL target of 12.123028, originally 13.492114.
20250731T092533.403 Agent C2539 (33) found a better, legal, wirelength target of 3.422352, originally 3.502569.
20250731T092543.091 Agent C2537 (13) found a better, legal, wirelength target of 0.571132, originally 0.724615.
20250731T092609.755 Agent R2521 (22) found a better, legal, HPWL target of 11.518659, originally 12.490988.
20250731T092611.469 Agent R2515 (25) found a better, legal, wirelength target of 15.825963, originally 1000000.0.
20250731T092627.585 Agent C2524 (16) found a better, legal, HPWL target of 7.16169, originally 7.208773.
20250731T092647.425 Agent R2302 (14) found a better, legal, HPWL target of 4.57857, originally 6.136639.
20250731T092648.031 Agent C2523 (15) found a better, legal, HPWL target of 6.703313, originally 7.186441.
20250731T092650.335 Agent C2308 (19) found a better, legal, HPWL target of 4.102066, originally 6.245989.
20250731T092653.690 Agent R2515 (25) found a better, legal, wirelength target of 15.462731, originally 15.825963.
20250731T092729.623 Agent C2523 (15) found a better, legal, HPWL target of 6.531894, originally 6.703313.
20250731T092731.959 Agent C2308 (19) found a better, legal, HPWL target of 3.811226, originally 4.102066.
20250731T092738.702 Agent U2301 (31) found a better, legal, wirelength target of 23.864107, originally 24.388424.
20250731T092748.885 Agent C2354 (12) found a better, legal, wirelength target of 1.30032, originally 1.617941.
20250731T092802.317 Agent C2353 (36) found a better, legal, wirelength target of 1.517409, originally 1.633556.
20250731T092807.451 Agent L2510 (3) found a better, legal, wirelength target of 4.703742, originally 5.190751.
20250731T092808.524 Agent C2528 (5) found a better, legal, wirelength target of 3.562386, originally 16.842155.
20250731T092809.155 Agent C2305 (6) found a better, legal, wirelength target of 1.435709, originally 5.484473.
20250731T092809.786 Agent C2544 (7) found a better, legal, wirelength target of 4.250752, originally 7.633099.
20250731T092819.109 Agent L2502 (23) found a better, legal, wirelength target of 3.796294, originally 11.36425.
20250731T092820.947 Agent C2540 (26) found a better, legal, wirelength target of 4.447801, originally 5.378193.
20250731T092822.163 Agent L2519 (28) found a better, legal, HPWL target of 7.630936, originally 8.260633.
20250731T092823.819 Agent U2301 (31) found a better, legal, wirelength target of 16.975521, originally 23.864107.
20250731T092823.900 Agent U2301 (31) found a better, legal, HPWL target of 26.504163, originally 33.693499.
20250731T092830.136 Agent C2528 (5) found a better, legal, HPWL target of 5.911621, originally 13.856862.
20250731T092830.692 Agent C2305 (6) found a better, legal, wirelength target of 0.670832, originally 1.435709.
20250731T092830.771 Agent C2305 (6) found a better, legal, HPWL target of 0.910956, originally 5.74554.
20250731T092831.325 Agent C2544 (7) found a better, legal, wirelength target of 3.497302, originally 4.250752.
20250731T092831.397 Agent C2544 (7) found a better, legal, HPWL target of 4.729372, originally 10.629988.
20250731T092835.992 Agent C2523 (15) found a better, legal, wirelength target of 2.104458, originally 5.67483.
20250731T092842.419 Agent C2540 (26) found a better, legal, wirelength target of 4.019395, originally 4.447801.
20250731T092845.246 Agent U2301 (31) found a better, legal, wirelength target of 16.798334, originally 16.975521.
20250731T092845.312 Agent U2301 (31) found a better, legal, HPWL target of 25.308875, originally 26.504163.
20250731T092850.321 Agent L2510 (3) found a better, legal, wirelength target of 4.328815, originally 4.703742.
20250731T092851.481 Agent C2528 (5) found a better, legal, HPWL target of 5.672279, originally 5.911621.
20250731T092853.757 Agent C2583 (9) found a better, legal, HPWL target of 8.46389, originally 8.562188.
20250731T092854.985 Agent C2502 (11) found a better, legal, HPWL target of 6.225001, originally 10.753456.
20250731T092857.273 Agent C2523 (15) found a better, legal, HPWL target of 2.606337, originally 6.531894.
20250731T092901.851 Agent L2502 (23) found a better, legal, HPWL target of 23.733649, originally 28.160139.
20250731T092903.059 Agent R2515 (25) found a better, legal, HPWL target of 5.521612, originally 10.496488.
20250731T092903.628 Agent C2540 (26) found a better, legal, wirelength target of 3.968812, originally 4.019395.
20250731T092911.088 Agent C2541 (2) found a better, legal, HPWL target of 9.905017, originally 10.554174.
20250731T092911.657 Agent L2510 (3) found a better, legal, wirelength target of 4.221444, originally 4.328815.
20250731T092913.861 Agent C2544 (7) found a better, legal, wirelength target of 3.309444, originally 3.497302.
20250731T092913.926 Agent C2544 (7) found a better, legal, HPWL target of 4.590027, originally 4.729372.
20250731T092922.950 Agent L2502 (23) found a better, legal, HPWL target of 22.602268, originally 23.733649.
20250731T092927.491 Agent U2301 (31) found a better, legal, wirelength target of 16.690766, originally 16.798334.
20250731T092945.376 Agent R2515 (25) found a better, legal, HPWL target of 4.412834, originally 5.521612.
20250731T092956.500 Agent C2544 (7) found a better, legal, wirelength target of 3.228594, originally 3.309444.
20250731T093022.647 Agent C2541 (2) found a better, legal, wirelength target of 6.315367, originally 7.471823.
20250731T093022.796 Agent C2541 (2) found a better, legal, HPWL target of 8.835873, originally 9.905017.
20250731T093024.175 Agent L2510 (3) found a better, legal, HPWL target of 10.458611, originally 10.834548.
20250731T093025.471 Agent L2511 (4) found a better, legal, wirelength target of 3.006374, originally 4.401262.
20250731T093029.416 Agent C2544 (7) found a better, legal, HPWL target of 1.925364, originally 4.590027.
20250731T093040.692 Agent C2524 (16) found a better, legal, HPWL target of 6.573195, originally 7.16169.
20250731T093043.390 Agent C2575 (18) found a better, legal, wirelength target of 9.07929, originally 9.13797.
20250731T093046.000 Agent FL2503 (20) found a better, legal, HPWL target of 34.950715, originally 35.227668.
20250731T093050.852 Agent L2304 (24) found a better, legal, wirelength target of 3.185171, originally 8.805525.
20250731T093051.050 Agent L2304 (24) found a better, legal, HPWL target of 8.203555, originally 14.086945.
20250731T093052.561 Agent R2515 (25) found a better, legal, HPWL target of 1.717851, originally 4.412834.
20250731T093059.938 Agent U2301 (31) found a better, legal, wirelength target of 13.416297, originally 16.690766.
20250731T093100.065 Agent U2301 (31) found a better, legal, HPWL target of 22.774764, originally 25.308875.
20250731T093102.857 Agent C2539 (33) found a better, legal, HPWL target of 10.464128, originally 11.01555.
20250731T093104.157 Agent FL2334 (35) found a better, legal, wirelength target of 1.714144, originally 3.967643.
20250731T093104.298 Agent FL2334 (35) found a better, legal, HPWL target of 6.686235, originally 7.539097.
20250731T093106.856 Agent C2530 (37) found a better, legal, wirelength target of 4.747279, originally 1000000.0.
20250731T093107.050 Agent C2530 (37) found a better, legal, HPWL target of 9.316087, originally 11.070476.
20250731T093110.732 Agent C2541 (2) found a better, legal, wirelength target of 5.913161, originally 6.315367.
20250731T093110.885 Agent C2541 (2) found a better, legal, HPWL target of 8.218058, originally 8.835873.
20250731T093139.419 Agent L2304 (24) found a better, legal, wirelength target of 2.364897, originally 3.185171.
20250731T093149.078 Agent U2301 (31) found a better, legal, wirelength target of 13.319935, originally 13.416297.
20250731T093237.796 Agent U2301 (31) found a better, legal, wirelength target of 11.829634, originally 13.319935.
20250731T093244.396 Agent C2530 (37) found a better, legal, wirelength target of 3.808239, originally 4.747279.
20250731T093248.292 Agent C2541 (2) found a better, legal, wirelength target of 5.28606, originally 5.913161.
20250731T093256.820 Agent C2541 (2) found a better, legal, HPWL target of 5.744865, originally 8.218058.
20250731T093258.367 Agent L2510 (3) found a better, legal, HPWL target of 9.731635, originally 10.458611.
20250731T093259.702 Agent L2511 (4) found a better, legal, wirelength target of 1.025542, originally 3.006374.
20250731T093259.860 Agent L2511 (4) found a better, legal, HPWL target of 13.085288, originally 21.53176.
