20250731T091836.133 Agent C2504 (0) found a better, legal, wirelength target of 2.827353, originally 1000000.0.
20250731T091836.188 Agent C2504 (0) found a better, legal, HPWL target of 9.075674, originally 1000000.0.
20250731T091836.718 Agent C2507 (1) found a better, legal, wirelength target of 1.358141, originally 1000000.0.
20250731T091836.781 Agent C2507 (1) found a better, legal, HPWL target of 1.850648, originally 1000000.0.
20250731T091837.358 Agent C2541 (2) found a better, legal, HPWL target of 10.602691, originally 1000000.0.
20250731T091837.867 Agent L2510 (3) found a better, legal, wirelength target of 7.636921, originally 1000000.0.
20250731T091837.921 Agent L2510 (3) found a better, legal, HPWL target of 17.998299, originally 1000000.0.
20250731T091838.488 Agent L2511 (4) found a better, legal, HPWL target of 21.872265, originally 1000000.0.
20250731T091838.997 Agent C2528 (5) found a better, legal, wirelength target of 16.842155, originally 1000000.0.
20250731T091839.057 Agent C2528 (5) found a better, legal, HPWL target of 22.842991, originally 1000000.0.
20250731T091839.567 Agent C2305 (6) found a better, legal, wirelength target of 6.825084, originally 1000000.0.
20250731T091839.623 Agent C2305 (6) found a better, legal, HPWL target of 7.078842, originally 1000000.0.
20250731T091840.182 Agent C2544 (7) found a better, legal, wirelength target of 7.767388, originally 1000000.0.
20250731T091840.243 Agent C2544 (7) found a better, legal, HPWL target of 10.898159, originally 1000000.0.
20250731T091840.778 Agent C2509 (8) found a better, legal, wirelength target of 1.31381, originally 1000000.0.
20250731T091840.837 Agent C2509 (8) found a better, legal, HPWL target of 10.263557, originally 1000000.0.
20250731T091841.436 Agent C2583 (9) found a better, legal, HPWL target of 13.60816, originally 1000000.0.
20250731T091841.960 Agent L2507 (10) found a better, legal, wirelength target of 3.780121, originally 1000000.0.
20250731T091842.027 Agent L2507 (10) found a better, legal, HPWL target of 7.989502, originally 1000000.0.
20250731T091842.578 Agent C2502 (11) found a better, legal, wirelength target of 0.0, originally 1000000.0.
20250731T091842.637 Agent C2502 (11) found a better, legal, HPWL target of 12.002822, originally 1000000.0.
20250731T091843.245 Agent C2354 (12) found a better, legal, HPWL target of 4.888964, originally 1000000.0.
20250731T091843.783 Agent C2537 (13) found a better, legal, wirelength target of 4.012648, originally 1000000.0.
20250731T091843.852 Agent C2537 (13) found a better, legal, HPWL target of 8.237124, originally 1000000.0.
20250731T091844.398 Agent R2302 (14) found a better, legal, wirelength target of 0.0, originally 1000000.0.
20250731T091844.464 Agent R2302 (14) found a better, legal, HPWL target of 19.452731, originally 1000000.0.
20250731T091845.003 Agent C2523 (15) found a better, legal, wirelength target of 9.249733, originally 1000000.0.
20250731T091845.070 Agent C2523 (15) found a better, legal, HPWL target of 11.265423, originally 1000000.0.
20250731T091846.287 Agent R2503 (17) found a better, legal, wirelength target of 0.597525, originally 1000000.0.
20250731T091846.889 Agent C2575 (18) found a better, legal, wirelength target of 9.13797, originally 1000000.0.
20250731T091848.187 Agent FL2503 (20) found a better, legal, wirelength target of 13.653356, originally 1000000.0.
20250731T091848.807 Agent C2503 (21) found a better, legal, wirelength target of 4.372569, originally 1000000.0.
20250731T091849.427 Agent R2521 (22) found a better, legal, wirelength target of 4.275397, originally 1000000.0.
20250731T091850.668 Agent L2304 (24) found a better, legal, wirelength target of 9.621529, originally 1000000.0.
20250731T091851.942 Agent C2540 (26) found a better, legal, wirelength target of 5.656119, originally 1000000.0.
20250731T091852.554 Agent L2508 (27) found a better, legal, wirelength target of 6.078502, originally 1000000.0.
20250731T091854.439 Agent C2310 (30) found a better, legal, wirelength target of 6.289874, originally 1000000.0.
20250731T091855.044 Agent U2301 (31) found a better, legal, wirelength target of 25.958809, originally 1000000.0.
20250731T091855.650 Agent C2508 (32) found a better, legal, wirelength target of 2.446544, originally 1000000.0.
20250731T091856.939 Agent FL2334 (35) found a better, legal, wirelength target of 4.839452, originally 1000000.0.
20250731T091857.555 Agent C2353 (36) found a better, legal, wirelength target of 4.701126, originally 1000000.0.
20250731T091858.831 Agent C2504 (0) found a better, legal, wirelength target of 2.665044, originally 2.827353.
20250731T091903.492 Agent C2509 (8) found a better, legal, wirelength target of 0.585495, originally 1.31381.
20250731T091904.637 Agent L2507 (10) found a better, legal, wirelength target of 3.733366, originally 3.780121.
20250731T091906.436 Agent C2537 (13) found a better, legal, wirelength target of 3.770049, originally 4.012648.
20250731T091908.200 Agent C2524 (16) found a better, legal, HPWL target of 11.961549, originally 1000000.0.
20250731T091908.830 Agent R2503 (17) found a better, legal, HPWL target of 19.369818, originally 1000000.0.
20250731T091909.425 Agent C2575 (18) found a better, legal, HPWL target of 17.171316, originally 1000000.0.
20250731T091910.038 Agent C2308 (19) found a better, legal, HPWL target of 19.622355, originally 1000000.0.
20250731T091910.607 Agent FL2503 (20) found a better, legal, wirelength target of 12.638693, originally 13.653356.
20250731T091910.677 Agent FL2503 (20) found a better, legal, HPWL target of 36.899433, originally 1000000.0.
20250731T091911.314 Agent C2503 (21) found a better, legal, HPWL target of 18.405286, originally 1000000.0.
20250731T091911.947 Agent R2521 (22) found a better, legal, HPWL target of 24.865057, originally 1000000.0.
20250731T091912.591 Agent L2502 (23) found a better, legal, HPWL target of 41.435494, originally 1000000.0.
20250731T091913.166 Agent L2304 (24) found a better, legal, wirelength target of 9.124979, originally 9.621529.
20250731T091913.254 Agent L2304 (24) found a better, legal, HPWL target of 14.788607, originally 1000000.0.
20250731T091913.882 Agent R2515 (25) found a better, legal, HPWL target of 12.424319, originally 1000000.0.
20250731T091914.420 Agent C2540 (26) found a better, legal, wirelength target of 5.514656, originally 5.656119.
20250731T091914.493 Agent C2540 (26) found a better, legal, HPWL target of 10.686886, originally 1000000.0.
20250731T091915.091 Agent L2508 (27) found a better, legal, HPWL target of 26.741632, originally 1000000.0.
20250731T091915.723 Agent L2519 (28) found a better, legal, HPWL target of 13.555463, originally 1000000.0.
20250731T091916.344 Agent FL2504 (29) found a better, legal, HPWL target of 26.476472, originally 1000000.0.
20250731T091917.005 Agent C2310 (30) found a better, legal, HPWL target of 14.905288, originally 1000000.0.
20250731T091917.635 Agent U2301 (31) found a better, legal, HPWL target of 40.413932, originally 1000000.0.
20250731T091918.196 Agent C2508 (32) found a better, legal, wirelength target of 2.344171, originally 2.446544.
20250731T091918.269 Agent C2508 (32) found a better, legal, HPWL target of 11.692823, originally 1000000.0.
20250731T091918.907 Agent C2539 (33) found a better, legal, HPWL target of 18.89781, originally 1000000.0.
20250731T091919.452 Agent FL2334 (35) found a better, legal, wirelength target of 4.200675, originally 4.839452.
20250731T091919.520 Agent FL2334 (35) found a better, legal, HPWL target of 8.227496, originally 1000000.0.
20250731T091920.156 Agent C2353 (36) found a better, legal, HPWL target of 14.670828, originally 1000000.0.
20250731T091920.797 Agent C2530 (37) found a better, legal, HPWL target of 14.168626, originally 1000000.0.
20250731T091921.360 Agent C2504 (0) found a better, legal, wirelength target of 2.329413, originally 2.665044.
20250731T091921.421 Agent C2504 (0) found a better, legal, HPWL target of 7.623397, originally 9.075674.
20250731T091922.566 Agent C2541 (2) found a better, legal, wirelength target of 7.471823, originally 1000000.0.
20250731T091922.633 Agent C2541 (2) found a better, legal, HPWL target of 10.554174, originally 10.602691.
20250731T091924.802 Agent C2305 (6) found a better, legal, wirelength target of 6.442595, originally 6.825084.
20250731T091924.867 Agent C2305 (6) found a better, legal, HPWL target of 6.605227, originally 7.078842.
20250731T091926.095 Agent C2509 (8) found a better, legal, HPWL target of 8.547463, originally 10.263557.
20250731T091926.645 Agent C2583 (9) found a better, legal, wirelength target of 3.292679, originally 1000000.0.
20250731T091926.710 Agent C2583 (9) found a better, legal, HPWL target of 13.555463, originally 13.60816.
20250731T091927.884 Agent C2502 (11) found a better, legal, HPWL target of 11.333477, originally 12.002822.
20250731T091928.418 Agent C2354 (12) found a better, legal, wirelength target of 4.556813, originally 1000000.0.
20250731T091928.489 Agent C2354 (12) found a better, legal, HPWL target of 4.86026, originally 4.888964.
20250731T091930.180 Agent C2523 (15) found a better, legal, HPWL target of 11.174873, originally 11.265423.
20250731T091931.259 Agent R2503 (17) found a better, legal, wirelength target of 0.394231, originally 0.597525.
20250731T091931.873 Agent C2575 (18) found a better, legal, HPWL target of 16.491135, originally 17.171316.
20250731T091932.425 Agent C2308 (19) found a better, legal, wirelength target of 0.0, originally 1000000.0.
20250731T091932.499 Agent C2308 (19) found a better, legal, HPWL target of 19.533345, originally 19.622355.
20250731T091933.044 Agent FL2503 (20) found a better, legal, wirelength target of 11.957502, originally 12.638693.
20250731T091933.124 Agent FL2503 (20) found a better, legal, HPWL target of 36.402567, originally 36.899433.
20250731T091933.774 Agent C2503 (21) found a better, legal, HPWL target of 18.305817, originally 18.405286.
20250731T091934.318 Agent R2521 (22) found a better, legal, wirelength target of 4.022369, originally 4.275397.
20250731T091934.385 Agent R2521 (22) found a better, legal, HPWL target of 24.030827, originally 24.865057.
20250731T091935.012 Agent L2502 (23) found a better, legal, HPWL target of 41.058215, originally 41.435494.
20250731T091936.224 Agent R2515 (25) found a better, legal, HPWL target of 11.858659, originally 12.424319.
20250731T091936.803 Agent C2540 (26) found a better, legal, wirelength target of 5.486159, originally 5.514656.
20250731T091936.878 Agent C2540 (26) found a better, legal, HPWL target of 10.581964, originally 10.686886.
20250731T091937.471 Agent L2508 (27) found a better, legal, wirelength target of 5.389208, originally 6.078502.
20250731T091937.538 Agent L2508 (27) found a better, legal, HPWL target of 24.890195, originally 26.741632.
20250731T091938.729 Agent FL2504 (29) found a better, legal, HPWL target of 24.014139, originally 26.476472.
20250731T091939.361 Agent C2310 (30) found a better, legal, HPWL target of 13.416859, originally 14.905288.
20250731T091939.957 Agent U2301 (31) found a better, legal, wirelength target of 25.143398, originally 25.958809.
20250731T091940.033 Agent U2301 (31) found a better, legal, HPWL target of 38.073324, originally 40.413932.
20250731T091941.222 Agent C2539 (33) found a better, legal, HPWL target of 18.85886, originally 18.89781.
20250731T091941.862 Agent FL2334 (35) found a better, legal, HPWL target of 8.111244, originally 8.227496.
20250731T091942.451 Agent C2353 (36) found a better, legal, wirelength target of 4.238755, originally 4.701126.
20250731T091942.522 Agent C2353 (36) found a better, legal, HPWL target of 13.093438, originally 14.670828.
20250731T091943.144 Agent C2530 (37) found a better, legal, HPWL target of 12.041658, originally 14.168626.
20250731T091943.696 Agent C2504 (0) found a better, legal, wirelength target of 2.302161, originally 2.329413.
20250731T091943.764 Agent C2504 (0) found a better, legal, HPWL target of 7.060044, originally 7.623397.
20250731T091944.304 Agent C2507 (1) found a better, legal, wirelength target of 1.293284, originally 1.358141.
20250731T091944.362 Agent C2507 (1) found a better, legal, HPWL target of 1.78637, originally 1.850648.
20250731T091947.123 Agent C2305 (6) found a better, legal, wirelength target of 6.273764, originally 6.442595.
20250731T091948.234 Agent C2509 (8) found a better, legal, wirelength target of 0.480331, originally 0.585495.
20250731T091949.945 Agent C2502 (11) found a better, legal, HPWL target of 11.244429, originally 11.333477.
20250731T091950.494 Agent C2354 (12) found a better, legal, wirelength target of 4.263072, originally 4.556813.
20250731T091951.673 Agent R2302 (14) found a better, legal, HPWL target of 19.216116, originally 19.452731.
20250731T091952.885 Agent C2524 (16) found a better, legal, HPWL target of 11.510625, originally 11.961549.
20250731T091954.627 Agent C2308 (19) found a better, legal, HPWL target of 19.428567, originally 19.533345.
20250731T091955.259 Agent FL2503 (20) found a better, legal, HPWL target of 35.227668, originally 36.402567.
20250731T091955.931 Agent C2503 (21) found a better, legal, HPWL target of 17.318712, originally 18.305817.
20250731T091956.578 Agent R2521 (22) found a better, legal, HPWL target of 24.026994, originally 24.030827.
20250731T091957.712 Agent L2304 (24) found a better, legal, wirelength target of 8.910987, originally 9.124979.
20250731T091957.798 Agent L2304 (24) found a better, legal, HPWL target of 14.732686, originally 14.788607.
20250731T091958.463 Agent R2515 (25) found a better, legal, HPWL target of 10.576677, originally 11.858659.
20250731T091959.584 Agent L2508 (27) found a better, legal, wirelength target of 5.01441, originally 5.389208.
20250731T091959.651 Agent L2508 (27) found a better, legal, HPWL target of 23.440426, originally 24.890195.
20250731T092000.284 Agent L2519 (28) found a better, legal, HPWL target of 13.109986, originally 13.555463.
20250731T092000.898 Agent FL2504 (29) found a better, legal, HPWL target of 23.289746, originally 24.014139.
20250731T092002.012 Agent U2301 (31) found a better, legal, wirelength target of 24.887036, originally 25.143398.
20250731T092003.228 Agent C2539 (33) found a better, legal, HPWL target of 18.731272, originally 18.85886.
20250731T092004.359 Agent C2353 (36) found a better, legal, wirelength target of 4.233362, originally 4.238755.
20250731T092004.988 Agent C2530 (37) found a better, legal, HPWL target of 11.540288, originally 12.041658.
20250731T092006.107 Agent C2507 (1) found a better, legal, wirelength target of 1.256047, originally 1.293284.
20250731T092006.172 Agent C2507 (1) found a better, legal, HPWL target of 1.649471, originally 1.78637.
20250731T092008.956 Agent C2305 (6) found a better, legal, wirelength target of 5.484473, originally 6.273764.
20250731T092009.031 Agent C2305 (6) found a better, legal, HPWL target of 5.872944, originally 6.605227.
20250731T092009.584 Agent C2544 (7) found a better, legal, wirelength target of 7.67281, originally 7.767388.
20250731T092009.658 Agent C2544 (7) found a better, legal, HPWL target of 10.739294, originally 10.898159.
20250731T092010.860 Agent C2583 (9) found a better, legal, HPWL target of 13.07012, originally 13.555463.
20250731T092012.109 Agent C2502 (11) found a better, legal, HPWL target of 11.209311, originally 11.244429.
20250731T092012.658 Agent C2354 (12) found a better, legal, wirelength target of 3.689627, originally 4.263072.
20250731T092012.746 Agent C2354 (12) found a better, legal, HPWL target of 3.986697, originally 4.86026.
20250731T092014.997 Agent C2524 (16) found a better, legal, wirelength target of 8.565458, originally 1000000.0.
20250731T092020.175 Agent R2515 (25) found a better, legal, HPWL target of 10.496488, originally 10.576677.
20250731T092021.380 Agent L2508 (27) found a better, legal, HPWL target of 22.865385, originally 23.440426.
20250731T092022.002 Agent L2519 (28) found a better, legal, HPWL target of 12.78146, originally 13.109986.
20250731T092022.544 Agent FL2504 (29) found a better, legal, wirelength target of 7.788861, originally 1000000.0.
20250731T092022.618 Agent FL2504 (29) found a better, legal, HPWL target of 23.034678, originally 23.289746.
20250731T092023.177 Agent C2310 (30) found a better, legal, wirelength target of 5.782491, originally 6.289874.
20250731T092023.823 Agent U2301 (31) found a better, legal, HPWL target of 36.252685, originally 38.073324.
20250731T092024.390 Agent C2508 (32) found a better, legal, wirelength target of 2.160346, originally 2.344171.
20250731T092026.107 Agent C2353 (36) found a better, legal, wirelength target of 3.287799, originally 4.233362.
20250731T092026.775 Agent C2530 (37) found a better, legal, HPWL target of 11.070476, originally 11.540288.
20250731T092027.325 Agent C2504 (0) found a better, legal, wirelength target of 2.133497, originally 2.302161.
20250731T092027.964 Agent C2507 (1) found a better, legal, HPWL target of 1.345083, originally 1.649471.
20250731T092030.800 Agent C2305 (6) found a better, legal, HPWL target of 5.74554, originally 5.872944.
20250731T092031.354 Agent C2544 (7) found a better, legal, wirelength target of 7.633099, originally 7.67281.
20250731T092031.417 Agent C2544 (7) found a better, legal, HPWL target of 10.629988, originally 10.739294.
20250731T092032.621 Agent C2583 (9) found a better, legal, HPWL target of 12.78146, originally 13.07012.
20250731T092033.791 Agent C2502 (11) found a better, legal, HPWL target of 10.774908, originally 11.209311.
20250731T092034.356 Agent C2354 (12) found a better, legal, wirelength target of 3.535556, originally 3.689627.
20250731T092035.506 Agent R2302 (14) found a better, legal, HPWL target of 19.004776, originally 19.216116.
20250731T092036.061 Agent C2523 (15) found a better, legal, wirelength target of 8.780025, originally 9.249733.
20250731T092036.137 Agent C2523 (15) found a better, legal, HPWL target of 10.682365, originally 11.174873.
20250731T092036.685 Agent C2524 (16) found a better, legal, wirelength target of 8.375516, originally 8.565458.
20250731T092038.436 Agent C2308 (19) found a better, legal, HPWL target of 18.83822, originally 19.428567.
20250731T092039.626 Agent C2503 (21) found a better, legal, wirelength target of 3.863855, originally 4.372569.
20250731T092041.284 Agent L2304 (24) found a better, legal, wirelength target of 8.805525, originally 8.910987.
20250731T092042.935 Agent L2508 (27) found a better, legal, wirelength target of 4.296682, originally 5.01441.
20250731T092043.019 Agent L2508 (27) found a better, legal, HPWL target of 21.583426, originally 22.865385.
20250731T092043.651 Agent L2519 (28) found a better, legal, HPWL target of 12.114891, originally 12.78146.
20250731T092044.225 Agent FL2504 (29) found a better, legal, wirelength target of 7.687234, originally 7.788861.
20250731T092045.346 Agent U2301 (31) found a better, legal, wirelength target of 24.388424, originally 24.887036.
20250731T092049.313 Agent C2507 (1) found a better, legal, wirelength target of 1.221034, originally 1.256047.
20250731T092053.288 Agent C2509 (8) found a better, legal, HPWL target of 7.685011, originally 8.547463.
20250731T092053.929 Agent C2583 (9) found a better, legal, HPWL target of 12.114891, originally 12.78146.
20250731T092059.648 Agent C2308 (19) found a better, legal, HPWL target of 18.815543, originally 18.83822.
20250731T092102.633 Agent L2304 (24) found a better, legal, HPWL target of 14.086945, originally 14.732686.
20250731T092106.695 Agent U2301 (31) found a better, legal, HPWL target of 36.094347, originally 36.252685.
20250731T092108.354 Agent FL2334 (35) found a better, legal, wirelength target of 3.967643, originally 4.200675.
20250731T092108.421 Agent FL2334 (35) found a better, legal, HPWL target of 7.539097, originally 8.111244.
20250731T092112.377 Agent L2511 (4) found a better, legal, HPWL target of 21.82776, originally 21.872265.
20250731T092116.219 Agent C2502 (11) found a better, legal, HPWL target of 10.753456, originally 10.774908.
20250731T092117.917 Agent R2302 (14) found a better, legal, HPWL target of 18.445474, originally 19.004776.
20250731T092124.625 Agent C2540 (26) found a better, legal, wirelength target of 5.378193, originally 5.486159.
20250731T092125.837 Agent L2519 (28) found a better, legal, HPWL target of 11.992417, originally 12.114891.
20250731T092132.631 Agent L2510 (3) found a better, legal, wirelength target of 7.382045, originally 7.636921.
20250731T092133.256 Agent L2511 (4) found a better, legal, HPWL target of 21.53176, originally 21.82776.
20250731T092136.028 Agent L2510 (3) found a better, legal, wirelength target of 5.402168, originally 7.382045.
20250731T092136.098 Agent L2510 (3) found a better, legal, HPWL target of 10.867297, originally 17.998299.
20250731T092136.645 Agent L2511 (4) found a better, legal, wirelength target of 4.479187, originally 1000000.0.
20250731T092137.268 Agent C2528 (5) found a better, legal, HPWL target of 13.856862, originally 22.842991.
20250731T092139.574 Agent C2583 (9) found a better, legal, HPWL target of 8.974357, originally 12.114891.
20250731T092140.193 Agent L2507 (10) found a better, legal, HPWL target of 6.193678, originally 7.989502.
20250731T092141.363 Agent C2354 (12) found a better, legal, HPWL target of 3.700562, originally 3.986697.
20250731T092141.992 Agent C2537 (13) found a better, legal, HPWL target of 6.486141, originally 8.237124.
20250731T092142.606 Agent R2302 (14) found a better, legal, HPWL target of 8.631552, originally 18.445474.
20250731T092143.232 Agent C2523 (15) found a better, legal, HPWL target of 7.186441, originally 10.682365.
20250731T092143.765 Agent C2524 (16) found a better, legal, wirelength target of 5.837156, originally 8.375516.
20250731T092143.835 Agent C2524 (16) found a better, legal, HPWL target of 8.195544, originally 11.510625.
20250731T092147.380 Agent R2521 (22) found a better, legal, wirelength target of 0.706144, originally 4.022369.
20250731T092148.015 Agent L2502 (23) found a better, legal, wirelength target of 11.36425, originally 1000000.0.
20250731T092150.877 Agent L2519 (28) found a better, legal, wirelength target of 4.452127, originally 1000000.0.
20250731T092153.870 Agent C2539 (33) found a better, legal, wirelength target of 4.108775, originally 1000000.0.
20250731T092155.031 Agent C2353 (36) found a better, legal, wirelength target of 2.81728, originally 3.287799.
20250731T092158.333 Agent L2511 (4) found a better, legal, wirelength target of 4.44445, originally 4.479187.
20250731T092201.167 Agent C2583 (9) found a better, legal, HPWL target of 8.562188, originally 8.974357.
20250731T092204.495 Agent C2523 (15) found a better, legal, wirelength target of 5.67483, originally 8.780025.
20250731T092205.055 Agent C2524 (16) found a better, legal, wirelength target of 5.478241, originally 5.837156.
20250731T092205.118 Agent C2524 (16) found a better, legal, HPWL target of 7.726944, originally 8.195544.
20250731T092206.330 Agent C2575 (18) found a better, legal, HPWL target of 2.58417, originally 16.491135.
20250731T092206.944 Agent C2308 (19) found a better, legal, HPWL target of 8.778939, originally 18.815543.
20250731T092208.119 Agent C2503 (21) found a better, legal, HPWL target of 13.492114, originally 17.318712.
20250731T092208.733 Agent R2521 (22) found a better, legal, HPWL target of 12.490988, originally 24.026994.
20250731T092209.355 Agent L2502 (23) found a better, legal, HPWL target of 28.160139, originally 41.058215.
20250731T092212.113 Agent L2519 (28) found a better, legal, wirelength target of 4.175054, originally 4.452127.
20250731T092215.038 Agent C2539 (33) found a better, legal, wirelength target of 3.881101, originally 4.108775.
20250731T092216.219 Agent C2353 (36) found a better, legal, wirelength target of 2.054951, originally 2.81728.
20250731T092219.082 Agent L2510 (3) found a better, legal, wirelength target of 5.190751, originally 5.402168.
20250731T092226.679 Agent C2524 (16) found a better, legal, wirelength target of 5.276298, originally 5.478241.
20250731T092236.545 Agent C2539 (33) found a better, legal, wirelength target of 3.502569, originally 3.881101.
20250731T092237.707 Agent C2353 (36) found a better, legal, wirelength target of 1.738177, originally 2.054951.
20250731T092255.199 Agent L2519 (28) found a better, legal, wirelength target of 4.15222, originally 4.175054.
20250731T092302.740 Agent L2511 (4) found a better, legal, wirelength target of 4.401262, originally 4.44445.
20250731T092316.858 Agent L2519 (28) found a better, legal, HPWL target of 8.526781, originally 11.992417.
20250731T092318.649 Agent U2301 (31) found a better, legal, HPWL target of 35.073485, originally 36.094347.
20250731T092319.830 Agent C2539 (33) found a better, legal, HPWL target of 11.01555, originally 18.731272.
20250731T092323.760 Agent L2510 (3) found a better, legal, HPWL target of 10.834548, originally 10.867297.
20250731T092328.742 Agent C2354 (12) found a better, legal, wirelength target of 2.769128, originally 3.535556.
20250731T092328.819 Agent C2354 (12) found a better, legal, HPWL target of 3.477681, originally 3.700562.
20250731T092329.471 Agent C2537 (13) found a better, legal, HPWL target of 6.484154, originally 6.486141.
20250731T092330.110 Agent R2302 (14) found a better, legal, HPWL target of 6.295815, originally 8.631552.
20250731T092414.385 Agent C2524 (16) found a better, legal, wirelength target of 4.99108, originally 5.276298.
20250731T092425.999 Agent C2353 (36) found a better, legal, wirelength target of 1.633556, originally 1.738177.
20250731T092436.565 Agent C2524 (16) found a better, legal, wirelength target of 4.755424, originally 4.99108.
20250731T092502.064 Agent FL2503 (20) found a better, legal, wirelength target of 7.311589, originally 11.957502.
20250731T092506.933 Agent L2519 (28) found a better, legal, HPWL target of 8.260633, originally 8.526781.
20250731T092508.825 Agent U2301 (31) found a better, legal, HPWL target of 33.693499, originally 35.073485.
20250731T092518.391 Agent L2507 (10) found a better, legal, HPWL target of 6.035193, originally 6.193678.
20250731T092519.515 Agent C2354 (12) found a better, legal, wirelength target of 1.617941, originally 2.769128.
20250731T092519.596 Agent C2354 (12) found a better, legal, HPWL target of 1.997347, originally 3.477681.
20250731T092520.178 Agent C2537 (13) found a better, legal, wirelength target of 0.724615, originally 3.770049.
20250731T092520.248 Agent C2537 (13) found a better, legal, HPWL target of 6.032792, originally 6.484154.
20250731T092520.888 Agent R2302 (14) found a better, legal, HPWL target of 6.136639, originally 6.295815.
20250731T092522.150 Agent C2524 (16) found a better, legal, HPWL target of 7.208773, originally 7.726944.
20250731T092523.350 Agent C2575 (18) found a better, legal, HPWL target of 1.848224, originally 2.58417.
20250731T092524.005 Agent C2308 (19) found a better, legal, HPWL target of 6.245989, originally 8.778939.
20250731T092524.582 Agent FL2503 (20) found a better, legal, wirelength target of 6.929961, originally 7.311589.
20250731T092525.243 Agent C2503 (21) found a better, legal, HPWL target of 12.123028, originally 13.492114.
20250731T092532.189 Agent C2539 (33) found a better, legal, wirelength target of 3.422352, originally 3.502569.
20250731T092541.941 Agent C2537 (13) found a better, legal, wirelength target of 0.571132, originally 0.724615.
20250731T092608.542 Agent R2521 (22) found a better, legal, HPWL target of 11.518659, originally 12.490988.
20250731T092610.270 Agent R2515 (25) found a better, legal, wirelength target of 15.825963, originally 1000000.0.
20250731T092625.993 Agent C2524 (16) found a better, legal, HPWL target of 7.16169, originally 7.208773.
20250731T092646.014 Agent R2302 (14) found a better, legal, HPWL target of 4.57857, originally 6.136639.
20250731T092646.659 Agent C2523 (15) found a better, legal, HPWL target of 6.703313, originally 7.186441.
20250731T092648.918 Agent C2308 (19) found a better, legal, HPWL target of 4.102066, originally 6.245989.
20250731T092652.345 Agent R2515 (25) found a better, legal, wirelength target of 15.462731, originally 15.825963.
20250731T092728.664 Agent C2523 (15) found a better, legal, HPWL target of 6.531894, originally 6.703313.
20250731T092730.960 Agent C2308 (19) found a better, legal, HPWL target of 3.811226, originally 4.102066.
20250731T092737.717 Agent U2301 (31) found a better, legal, wirelength target of 23.864107, originally 24.388424.
20250731T092747.885 Agent C2354 (12) found a better, legal, wirelength target of 1.30032, originally 1.617941.
20250731T092801.458 Agent C2353 (36) found a better, legal, wirelength target of 1.517409, originally 1.633556.
20250731T092806.692 Agent L2510 (3) found a better, legal, wirelength target of 4.703742, originally 5.190751.
20250731T092807.793 Agent C2528 (5) found a better, legal, wirelength target of 3.562386, originally 16.842155.
20250731T092808.413 Agent C2305 (6) found a better, legal, wirelength target of 1.435709, originally 5.484473.
20250731T092809.048 Agent C2544 (7) found a better, legal, wirelength target of 4.250752, originally 7.633099.
20250731T092818.313 Agent L2502 (23) found a better, legal, wirelength target of 3.796294, originally 11.36425.
20250731T092820.154 Agent C2540 (26) found a better, legal, wirelength target of 4.447801, originally 5.378193.
20250731T092821.345 Agent L2519 (28) found a better, legal, HPWL target of 7.630936, originally 8.260633.
20250731T092823.061 Agent U2301 (31) found a better, legal, wirelength target of 16.975521, originally 23.864107.
20250731T092823.138 Agent U2301 (31) found a better, legal, HPWL target of 26.504163, originally 33.693499.
20250731T092829.444 Agent C2528 (5) found a better, legal, HPWL target of 5.911621, originally 13.856862.
20250731T092830.032 Agent C2305 (6) found a better, legal, wirelength target of 0.670832, originally 1.435709.
20250731T092830.102 Agent C2305 (6) found a better, legal, HPWL target of 0.910956, originally 5.74554.
20250731T092830.662 Agent C2544 (7) found a better, legal, wirelength target of 3.497302, originally 4.250752.
20250731T092830.734 Agent C2544 (7) found a better, legal, HPWL target of 4.729372, originally 10.629988.
20250731T092835.403 Agent C2523 (15) found a better, legal, wirelength target of 2.104458, originally 5.67483.
20250731T092841.908 Agent C2540 (26) found a better, legal, wirelength target of 4.019395, originally 4.447801.
20250731T092844.724 Agent U2301 (31) found a better, legal, wirelength target of 16.798334, originally 16.975521.
20250731T092844.790 Agent U2301 (31) found a better, legal, HPWL target of 25.308875, originally 26.504163.
20250731T092849.866 Agent L2510 (3) found a better, legal, wirelength target of 4.328815, originally 4.703742.
20250731T092851.133 Agent C2528 (5) found a better, legal, HPWL target of 5.672279, originally 5.911621.
20250731T092853.458 Agent C2583 (9) found a better, legal, HPWL target of 8.46389, originally 8.562188.
20250731T092854.663 Agent C2502 (11) found a better, legal, HPWL target of 6.225001, originally 10.753456.
20250731T092857.006 Agent C2523 (15) found a better, legal, HPWL target of 2.606337, originally 6.531894.
20250731T092901.572 Agent L2502 (23) found a better, legal, HPWL target of 23.733649, originally 28.160139.
20250731T092902.769 Agent R2515 (25) found a better, legal, HPWL target of 5.521612, originally 10.496488.
20250731T092903.353 Agent C2540 (26) found a better, legal, wirelength target of 3.968812, originally 4.019395.
20250731T092910.865 Agent C2541 (2) found a better, legal, HPWL target of 9.905017, originally 10.554174.
20250731T092911.420 Agent L2510 (3) found a better, legal, wirelength target of 4.221444, originally 4.328815.
20250731T092913.623 Agent C2544 (7) found a better, legal, wirelength target of 3.309444, originally 3.497302.
20250731T092913.697 Agent C2544 (7) found a better, legal, HPWL target of 4.590027, originally 4.729372.
20250731T092922.765 Agent L2502 (23) found a better, legal, HPWL target of 22.602268, originally 23.733649.
20250731T092927.234 Agent U2301 (31) found a better, legal, wirelength target of 16.690766, originally 16.798334.
20250731T092945.101 Agent R2515 (25) found a better, legal, HPWL target of 4.412834, originally 5.521612.
20250731T092956.183 Agent C2544 (7) found a better, legal, wirelength target of 3.228594, originally 3.309444.
20250731T093022.109 Agent C2541 (2) found a better, legal, wirelength target of 6.315367, originally 7.471823.
20250731T093022.247 Agent C2541 (2) found a better, legal, HPWL target of 8.835873, originally 9.905017.
20250731T093023.693 Agent L2510 (3) found a better, legal, HPWL target of 10.458611, originally 10.834548.
20250731T093024.860 Agent L2511 (4) found a better, legal, wirelength target of 3.006374, originally 4.401262.
20250731T093028.889 Agent C2544 (7) found a better, legal, HPWL target of 1.925364, originally 4.590027.
20250731T093040.706 Agent C2524 (16) found a better, legal, HPWL target of 6.573195, originally 7.16169.
20250731T093043.329 Agent C2575 (18) found a better, legal, wirelength target of 9.07929, originally 9.13797.
20250731T093045.970 Agent FL2503 (20) found a better, legal, HPWL target of 34.950715, originally 35.227668.
20250731T093051.132 Agent L2304 (24) found a better, legal, wirelength target of 3.185171, originally 8.805525.
20250731T093051.274 Agent L2304 (24) found a better, legal, HPWL target of 8.203555, originally 14.086945.
20250731T093052.737 Agent R2515 (25) found a better, legal, HPWL target of 1.717851, originally 4.412834.
20250731T093100.172 Agent U2301 (31) found a better, legal, wirelength target of 13.416297, originally 16.690766.
20250731T093100.370 Agent U2301 (31) found a better, legal, HPWL target of 22.774764, originally 25.308875.
20250731T093102.979 Agent C2539 (33) found a better, legal, HPWL target of 10.464128, originally 11.01555.
20250731T093104.250 Agent FL2334 (35) found a better, legal, wirelength target of 1.714144, originally 3.967643.
20250731T093104.393 Agent FL2334 (35) found a better, legal, HPWL target of 6.686235, originally 7.539097.
20250731T093106.904 Agent C2530 (37) found a better, legal, wirelength target of 4.747279, originally 1000000.0.
20250731T093107.028 Agent C2530 (37) found a better, legal, HPWL target of 9.316087, originally 11.070476.
20250731T093110.810 Agent C2541 (2) found a better, legal, wirelength target of 5.913161, originally 6.315367.
20250731T093110.953 Agent C2541 (2) found a better, legal, HPWL target of 8.218058, originally 8.835873.
20250731T093139.353 Agent L2304 (24) found a better, legal, wirelength target of 2.364897, originally 3.185171.
20250731T093149.012 Agent U2301 (31) found a better, legal, wirelength target of 13.319935, originally 13.416297.
20250731T093239.804 Agent U2301 (31) found a better, legal, wirelength target of 11.829634, originally 13.319935.
20250731T093246.641 Agent C2530 (37) found a better, legal, wirelength target of 3.808239, originally 4.747279.
20250731T093250.649 Agent C2541 (2) found a better, legal, wirelength target of 5.28606, originally 5.913161.
20250731T093259.461 Agent C2541 (2) found a better, legal, HPWL target of 5.744865, originally 8.218058.
20250731T093300.888 Agent L2510 (3) found a better, legal, HPWL target of 9.731635, originally 10.458611.
