20250731T093315.295 Agent C2504 (0) found a better, legal, wirelength target of 2.827353, originally 1000000.0.
20250731T093315.354 Agent C2504 (0) found a better, legal, HPWL target of 9.075674, originally 1000000.0.
20250731T093315.901 Agent C2507 (1) found a better, legal, wirelength target of 1.358141, originally 1000000.0.
20250731T093315.967 Agent C2507 (1) found a better, legal, HPWL target of 1.850648, originally 1000000.0.
20250731T093316.530 Agent C2541 (2) found a better, legal, HPWL target of 10.602691, originally 1000000.0.
20250731T093317.042 Agent L2510 (3) found a better, legal, wirelength target of 7.636921, originally 1000000.0.
20250731T093317.097 Agent L2510 (3) found a better, legal, HPWL target of 17.998299, originally 1000000.0.
20250731T093317.697 Agent L2511 (4) found a better, legal, HPWL target of 21.872265, originally 1000000.0.
20250731T093318.214 Agent C2528 (5) found a better, legal, wirelength target of 16.842155, originally 1000000.0.
20250731T093318.270 Agent C2528 (5) found a better, legal, HPWL target of 22.842991, originally 1000000.0.
20250731T093318.781 Agent C2305 (6) found a better, legal, wirelength target of 6.825084, originally 1000000.0.
20250731T093318.870 Agent C2305 (6) found a better, legal, HPWL target of 7.078842, originally 1000000.0.
20250731T093319.438 Agent C2544 (7) found a better, legal, wirelength target of 7.767388, originally 1000000.0.
20250731T093319.495 Agent C2544 (7) found a better, legal, HPWL target of 10.898159, originally 1000000.0.
20250731T093320.108 Agent C2509 (8) found a better, legal, wirelength target of 1.31381, originally 1000000.0.
20250731T093320.172 Agent C2509 (8) found a better, legal, HPWL target of 10.263557, originally 1000000.0.
20250731T093320.868 Agent C2583 (9) found a better, legal, HPWL target of 13.60816, originally 1000000.0.
20250731T093321.504 Agent L2507 (10) found a better, legal, wirelength target of 3.780121, originally 1000000.0.
20250731T093321.583 Agent L2507 (10) found a better, legal, HPWL target of 7.989502, originally 1000000.0.
20250731T093322.245 Agent C2502 (11) found a better, legal, wirelength target of 0.0, originally 1000000.0.
20250731T093322.324 Agent C2502 (11) found a better, legal, HPWL target of 12.002822, originally 1000000.0.
20250731T093323.113 Agent C2354 (12) found a better, legal, HPWL target of 4.888964, originally 1000000.0.
20250731T093323.863 Agent C2537 (13) found a better, legal, wirelength target of 4.012648, originally 1000000.0.
20250731T093323.955 Agent C2537 (13) found a better, legal, HPWL target of 8.237124, originally 1000000.0.
20250731T093324.686 Agent R2302 (14) found a better, legal, wirelength target of 0.0, originally 1000000.0.
20250731T093324.802 Agent R2302 (14) found a better, legal, HPWL target of 19.452731, originally 1000000.0.
20250731T093325.557 Agent C2523 (15) found a better, legal, wirelength target of 9.249733, originally 1000000.0.
20250731T093325.661 Agent C2523 (15) found a better, legal, HPWL target of 11.265423, originally 1000000.0.
20250731T093327.590 Agent R2503 (17) found a better, legal, wirelength target of 0.597525, originally 1000000.0.
20250731T093328.773 Agent C2575 (18) found a better, legal, wirelength target of 9.13797, originally 1000000.0.
20250731T093331.156 Agent FL2503 (20) found a better, legal, wirelength target of 13.653356, originally 1000000.0.
20250731T093332.462 Agent C2503 (21) found a better, legal, wirelength target of 4.372569, originally 1000000.0.
20250731T093333.715 Agent R2521 (22) found a better, legal, wirelength target of 4.275397, originally 1000000.0.
20250731T093336.500 Agent L2304 (24) found a better, legal, wirelength target of 9.621529, originally 1000000.0.
20250731T093339.376 Agent C2540 (26) found a better, legal, wirelength target of 5.656119, originally 1000000.0.
20250731T093340.785 Agent L2508 (27) found a better, legal, wirelength target of 6.078502, originally 1000000.0.
20250731T093344.548 Agent C2310 (30) found a better, legal, wirelength target of 6.289874, originally 1000000.0.
20250731T093345.829 Agent U2301 (31) found a better, legal, wirelength target of 25.958809, originally 1000000.0.
20250731T093347.241 Agent C2508 (32) found a better, legal, wirelength target of 2.446544, originally 1000000.0.
20250731T093349.955 Agent FL2334 (35) found a better, legal, wirelength target of 4.839452, originally 1000000.0.
20250731T093351.346 Agent C2353 (36) found a better, legal, wirelength target of 4.701126, originally 1000000.0.
20250731T093354.262 Agent C2504 (0) found a better, legal, wirelength target of 2.665044, originally 2.827353.
20250731T093404.306 Agent C2509 (8) found a better, legal, wirelength target of 0.585495, originally 1.31381.
20250731T093407.007 Agent L2507 (10) found a better, legal, wirelength target of 3.733366, originally 3.780121.
20250731T093410.654 Agent C2537 (13) found a better, legal, wirelength target of 3.770049, originally 4.012648.
20250731T093414.552 Agent C2524 (16) found a better, legal, HPWL target of 11.961549, originally 1000000.0.
20250731T093415.899 Agent R2503 (17) found a better, legal, HPWL target of 19.369818, originally 1000000.0.
20250731T093417.208 Agent C2575 (18) found a better, legal, HPWL target of 17.171316, originally 1000000.0.
20250731T093418.421 Agent C2308 (19) found a better, legal, HPWL target of 19.622355, originally 1000000.0.
20250731T093419.596 Agent FL2503 (20) found a better, legal, wirelength target of 12.638693, originally 13.653356.
20250731T093419.752 Agent FL2503 (20) found a better, legal, HPWL target of 36.899433, originally 1000000.0.
20250731T093421.201 Agent C2503 (21) found a better, legal, HPWL target of 18.405286, originally 1000000.0.
20250731T093422.473 Agent R2521 (22) found a better, legal, HPWL target of 24.865057, originally 1000000.0.
20250731T093423.879 Agent L2502 (23) found a better, legal, HPWL target of 41.435494, originally 1000000.0.
20250731T093424.886 Agent L2304 (24) found a better, legal, wirelength target of 9.124979, originally 9.621529.
20250731T093425.030 Agent L2304 (24) found a better, legal, HPWL target of 14.788607, originally 1000000.0.
20250731T093426.635 Agent R2515 (25) found a better, legal, HPWL target of 12.424319, originally 1000000.0.
20250731T093427.748 Agent C2540 (26) found a better, legal, wirelength target of 5.514656, originally 5.656119.
20250731T093427.920 Agent C2540 (26) found a better, legal, HPWL target of 10.686886, originally 1000000.0.
20250731T093429.370 Agent L2508 (27) found a better, legal, HPWL target of 26.741632, originally 1000000.0.
20250731T093430.751 Agent L2519 (28) found a better, legal, HPWL target of 13.555463, originally 1000000.0.
20250731T093431.903 Agent FL2504 (29) found a better, legal, HPWL target of 26.476472, originally 1000000.0.
20250731T093433.237 Agent C2310 (30) found a better, legal, HPWL target of 14.905288, originally 1000000.0.
20250731T093434.658 Agent U2301 (31) found a better, legal, HPWL target of 40.413932, originally 1000000.0.
20250731T093435.709 Agent C2508 (32) found a better, legal, wirelength target of 2.344171, originally 2.446544.
20250731T093435.899 Agent C2508 (32) found a better, legal, HPWL target of 11.692823, originally 1000000.0.
20250731T093437.185 Agent C2539 (33) found a better, legal, HPWL target of 18.89781, originally 1000000.0.
20250731T093438.348 Agent FL2334 (35) found a better, legal, wirelength target of 4.200675, originally 4.839452.
20250731T093438.481 Agent FL2334 (35) found a better, legal, HPWL target of 8.227496, originally 1000000.0.
20250731T093439.883 Agent C2353 (36) found a better, legal, HPWL target of 14.670828, originally 1000000.0.
20250731T093441.244 Agent C2530 (37) found a better, legal, HPWL target of 14.168626, originally 1000000.0.
20250731T093442.360 Agent C2504 (0) found a better, legal, wirelength target of 2.329413, originally 2.665044.
20250731T093442.485 Agent C2504 (0) found a better, legal, HPWL target of 7.623397, originally 9.075674.
20250731T093445.026 Agent C2541 (2) found a better, legal, wirelength target of 7.471823, originally 1000000.0.
20250731T093445.138 Agent C2541 (2) found a better, legal, HPWL target of 10.554174, originally 10.602691.
20250731T093450.226 Agent C2305 (6) found a better, legal, wirelength target of 6.442595, originally 6.825084.
20250731T093450.352 Agent C2305 (6) found a better, legal, HPWL target of 6.605227, originally 7.078842.
20250731T093452.851 Agent C2509 (8) found a better, legal, HPWL target of 8.547463, originally 10.263557.
20250731T093454.135 Agent C2583 (9) found a better, legal, wirelength target of 3.292679, originally 1000000.0.
20250731T093454.288 Agent C2583 (9) found a better, legal, HPWL target of 13.555463, originally 13.60816.
20250731T093456.792 Agent C2502 (11) found a better, legal, HPWL target of 11.333477, originally 12.002822.
20250731T093457.900 Agent C2354 (12) found a better, legal, wirelength target of 4.556813, originally 1000000.0.
20250731T093458.016 Agent C2354 (12) found a better, legal, HPWL target of 4.86026, originally 4.888964.
20250731T093501.685 Agent C2523 (15) found a better, legal, HPWL target of 11.174873, originally 11.265423.
20250731T093504.072 Agent R2503 (17) found a better, legal, wirelength target of 0.394231, originally 0.597525.
20250731T093505.517 Agent C2575 (18) found a better, legal, HPWL target of 16.491135, originally 17.171316.
20250731T093506.625 Agent C2308 (19) found a better, legal, wirelength target of 0.0, originally 1000000.0.
20250731T093506.784 Agent C2308 (19) found a better, legal, HPWL target of 19.533345, originally 19.622355.
20250731T093507.958 Agent FL2503 (20) found a better, legal, wirelength target of 11.957502, originally 12.638693.
20250731T093508.151 Agent FL2503 (20) found a better, legal, HPWL target of 36.402567, originally 36.899433.
20250731T093509.566 Agent C2503 (21) found a better, legal, HPWL target of 18.305817, originally 18.405286.
20250731T093510.860 Agent R2521 (22) found a better, legal, wirelength target of 4.022369, originally 4.275397.
20250731T093511.008 Agent R2521 (22) found a better, legal, HPWL target of 24.030827, originally 24.865057.
20250731T093512.369 Agent L2502 (23) found a better, legal, HPWL target of 41.058215, originally 41.435494.
20250731T093514.818 Agent R2515 (25) found a better, legal, HPWL target of 11.858659, originally 12.424319.
20250731T093516.137 Agent C2540 (26) found a better, legal, wirelength target of 5.486159, originally 5.514656.
20250731T093516.251 Agent C2540 (26) found a better, legal, HPWL target of 10.581964, originally 10.686886.
20250731T093517.506 Agent L2508 (27) found a better, legal, wirelength target of 5.389208, originally 6.078502.
20250731T093517.643 Agent L2508 (27) found a better, legal, HPWL target of 24.890195, originally 26.741632.
20250731T093520.204 Agent FL2504 (29) found a better, legal, HPWL target of 24.014139, originally 26.476472.
20250731T093521.583 Agent C2310 (30) found a better, legal, HPWL target of 13.416859, originally 14.905288.
20250731T093522.865 Agent U2301 (31) found a better, legal, wirelength target of 25.143398, originally 25.958809.
20250731T093523.043 Agent U2301 (31) found a better, legal, HPWL target of 38.073324, originally 40.413932.
20250731T093525.534 Agent C2539 (33) found a better, legal, HPWL target of 18.85886, originally 18.89781.
20250731T093526.854 Agent FL2334 (35) found a better, legal, HPWL target of 8.111244, originally 8.227496.
20250731T093528.014 Agent C2353 (36) found a better, legal, wirelength target of 4.238755, originally 4.701126.
20250731T093528.127 Agent C2353 (36) found a better, legal, HPWL target of 13.093438, originally 14.670828.
20250731T093529.637 Agent C2530 (37) found a better, legal, HPWL target of 12.041658, originally 14.168626.
20250731T093530.837 Agent C2504 (0) found a better, legal, wirelength target of 2.302161, originally 2.329413.
20250731T093530.968 Agent C2504 (0) found a better, legal, HPWL target of 7.060044, originally 7.623397.
20250731T093532.201 Agent C2507 (1) found a better, legal, wirelength target of 1.293284, originally 1.358141.
20250731T093532.392 Agent C2507 (1) found a better, legal, HPWL target of 1.78637, originally 1.850648.
20250731T093538.575 Agent C2305 (6) found a better, legal, wirelength target of 6.273764, originally 6.442595.
20250731T093541.192 Agent C2509 (8) found a better, legal, wirelength target of 0.480331, originally 0.585495.
20250731T093545.109 Agent C2502 (11) found a better, legal, HPWL target of 11.244429, originally 11.333477.
20250731T093546.473 Agent C2354 (12) found a better, legal, wirelength target of 4.263072, originally 4.556813.
20250731T093548.943 Agent R2302 (14) found a better, legal, HPWL target of 19.216116, originally 19.452731.
20250731T093551.352 Agent C2524 (16) found a better, legal, HPWL target of 11.510625, originally 11.961549.
20250731T093555.071 Agent C2308 (19) found a better, legal, HPWL target of 19.428567, originally 19.533345.
20250731T093556.534 Agent FL2503 (20) found a better, legal, HPWL target of 35.227668, originally 36.402567.
20250731T093558.133 Agent C2503 (21) found a better, legal, HPWL target of 17.318712, originally 18.305817.
20250731T093559.583 Agent R2521 (22) found a better, legal, HPWL target of 24.026994, originally 24.030827.
20250731T093602.138 Agent L2304 (24) found a better, legal, wirelength target of 8.910987, originally 9.124979.
20250731T093602.349 Agent L2304 (24) found a better, legal, HPWL target of 14.732686, originally 14.788607.
20250731T093603.742 Agent R2515 (25) found a better, legal, HPWL target of 10.576677, originally 11.858659.
20250731T093606.290 Agent L2508 (27) found a better, legal, wirelength target of 5.01441, originally 5.389208.
20250731T093606.498 Agent L2508 (27) found a better, legal, HPWL target of 23.440426, originally 24.890195.
20250731T093607.999 Agent L2519 (28) found a better, legal, HPWL target of 13.109986, originally 13.555463.
20250731T093609.389 Agent FL2504 (29) found a better, legal, HPWL target of 23.289746, originally 24.014139.
20250731T093611.817 Agent U2301 (31) found a better, legal, wirelength target of 24.887036, originally 25.143398.
20250731T093614.268 Agent C2539 (33) found a better, legal, HPWL target of 18.731272, originally 18.85886.
20250731T093616.879 Agent C2353 (36) found a better, legal, wirelength target of 4.233362, originally 4.238755.
20250731T093618.267 Agent C2530 (37) found a better, legal, HPWL target of 11.540288, originally 12.041658.
20250731T093620.492 Agent C2507 (1) found a better, legal, wirelength target of 1.256047, originally 1.293284.
20250731T093620.617 Agent C2507 (1) found a better, legal, HPWL target of 1.649471, originally 1.78637.
20250731T093626.633 Agent C2305 (6) found a better, legal, wirelength target of 5.484473, originally 6.273764.
20250731T093626.763 Agent C2305 (6) found a better, legal, HPWL target of 5.872944, originally 6.605227.
20250731T093627.902 Agent C2544 (7) found a better, legal, wirelength target of 7.67281, originally 7.767388.
20250731T093628.051 Agent C2544 (7) found a better, legal, HPWL target of 10.739294, originally 10.898159.
20250731T093630.705 Agent C2583 (9) found a better, legal, HPWL target of 13.07012, originally 13.555463.
20250731T093633.395 Agent C2502 (11) found a better, legal, HPWL target of 11.209311, originally 11.244429.
20250731T093634.699 Agent C2354 (12) found a better, legal, wirelength target of 3.689627, originally 4.263072.
20250731T093634.836 Agent C2354 (12) found a better, legal, HPWL target of 3.986697, originally 4.86026.
20250731T093639.624 Agent C2524 (16) found a better, legal, wirelength target of 8.565458, originally 1000000.0.
20250731T093651.500 Agent R2515 (25) found a better, legal, HPWL target of 10.496488, originally 10.576677.
20250731T093654.375 Agent L2508 (27) found a better, legal, HPWL target of 22.865385, originally 23.440426.
20250731T093655.799 Agent L2519 (28) found a better, legal, HPWL target of 12.78146, originally 13.109986.
20250731T093657.081 Agent FL2504 (29) found a better, legal, wirelength target of 7.788861, originally 1000000.0.
20250731T093657.254 Agent FL2504 (29) found a better, legal, HPWL target of 23.034678, originally 23.289746.
20250731T093658.427 Agent C2310 (30) found a better, legal, wirelength target of 5.782491, originally 6.289874.
20250731T093700.021 Agent U2301 (31) found a better, legal, HPWL target of 36.252685, originally 38.073324.
20250731T093701.300 Agent C2508 (32) found a better, legal, wirelength target of 2.160346, originally 2.344171.
20250731T093705.058 Agent C2353 (36) found a better, legal, wirelength target of 3.287799, originally 4.233362.
20250731T093706.601 Agent C2530 (37) found a better, legal, HPWL target of 11.070476, originally 11.540288.
20250731T093707.756 Agent C2504 (0) found a better, legal, wirelength target of 2.133497, originally 2.302161.
20250731T093709.332 Agent C2507 (1) found a better, legal, HPWL target of 1.345083, originally 1.649471.
20250731T093715.991 Agent C2305 (6) found a better, legal, HPWL target of 5.74554, originally 5.872944.
20250731T093717.236 Agent C2544 (7) found a better, legal, wirelength target of 7.633099, originally 7.67281.
20250731T093717.381 Agent C2544 (7) found a better, legal, HPWL target of 10.629988, originally 10.739294.
20250731T093720.316 Agent C2583 (9) found a better, legal, HPWL target of 12.78146, originally 13.07012.
20250731T093723.056 Agent C2502 (11) found a better, legal, HPWL target of 10.774908, originally 11.209311.
20250731T093724.248 Agent C2354 (12) found a better, legal, wirelength target of 3.535556, originally 3.689627.
20250731T093727.037 Agent R2302 (14) found a better, legal, HPWL target of 19.004776, originally 19.216116.
20250731T093728.245 Agent C2523 (15) found a better, legal, wirelength target of 8.780025, originally 9.249733.
20250731T093728.365 Agent C2523 (15) found a better, legal, HPWL target of 10.682365, originally 11.174873.
20250731T093729.523 Agent C2524 (16) found a better, legal, wirelength target of 8.375516, originally 8.565458.
20250731T093733.504 Agent C2308 (19) found a better, legal, HPWL target of 18.83822, originally 19.428567.
20250731T093735.854 Agent C2503 (21) found a better, legal, wirelength target of 3.863855, originally 4.372569.
20250731T093739.913 Agent L2304 (24) found a better, legal, wirelength target of 8.805525, originally 8.910987.
20250731T093743.548 Agent L2508 (27) found a better, legal, wirelength target of 4.296682, originally 5.01441.
20250731T093743.700 Agent L2508 (27) found a better, legal, HPWL target of 21.583426, originally 22.865385.
20250731T093745.200 Agent L2519 (28) found a better, legal, HPWL target of 12.114891, originally 12.78146.
20250731T093746.580 Agent FL2504 (29) found a better, legal, wirelength target of 7.687234, originally 7.788861.
20250731T093749.055 Agent U2301 (31) found a better, legal, wirelength target of 24.388424, originally 24.887036.
20250731T093757.850 Agent C2507 (1) found a better, legal, wirelength target of 1.221034, originally 1.256047.
20250731T093806.250 Agent C2509 (8) found a better, legal, HPWL target of 7.685011, originally 8.547463.
20250731T093807.766 Agent C2583 (9) found a better, legal, HPWL target of 12.114891, originally 12.78146.
20250731T093820.674 Agent C2308 (19) found a better, legal, HPWL target of 18.815543, originally 18.83822.
20250731T093827.348 Agent L2304 (24) found a better, legal, HPWL target of 14.086945, originally 14.732686.
20250731T093836.461 Agent U2301 (31) found a better, legal, HPWL target of 36.094347, originally 36.252685.
20250731T093840.018 Agent FL2334 (35) found a better, legal, wirelength target of 3.967643, originally 4.200675.
20250731T093840.183 Agent FL2334 (35) found a better, legal, HPWL target of 7.539097, originally 8.111244.
20250731T093849.332 Agent L2511 (4) found a better, legal, HPWL target of 21.82776, originally 21.872265.
20250731T093858.216 Agent C2502 (11) found a better, legal, HPWL target of 10.753456, originally 10.774908.
20250731T093902.010 Agent R2302 (14) found a better, legal, HPWL target of 18.445474, originally 19.004776.
20250731T093917.445 Agent C2540 (26) found a better, legal, wirelength target of 5.378193, originally 5.486159.
20250731T093919.936 Agent L2519 (28) found a better, legal, HPWL target of 11.992417, originally 12.114891.
20250731T093935.883 Agent L2510 (3) found a better, legal, wirelength target of 7.382045, originally 7.636921.
20250731T093937.294 Agent L2511 (4) found a better, legal, HPWL target of 21.53176, originally 21.82776.
20250731T093943.587 Agent L2510 (3) found a better, legal, wirelength target of 5.402168, originally 7.382045.
20250731T093943.794 Agent L2510 (3) found a better, legal, HPWL target of 10.867297, originally 17.998299.
20250731T093945.029 Agent L2511 (4) found a better, legal, wirelength target of 4.479187, originally 1000000.0.
20250731T093946.633 Agent C2528 (5) found a better, legal, HPWL target of 13.856862, originally 22.842991.
20250731T093952.021 Agent C2583 (9) found a better, legal, HPWL target of 8.974357, originally 12.114891.
20250731T093953.501 Agent L2507 (10) found a better, legal, HPWL target of 6.193678, originally 7.989502.
20250731T093956.440 Agent C2354 (12) found a better, legal, HPWL target of 3.700562, originally 3.986697.
20250731T093957.730 Agent C2537 (13) found a better, legal, HPWL target of 6.486141, originally 8.237124.
20250731T093959.235 Agent R2302 (14) found a better, legal, HPWL target of 8.631552, originally 18.445474.
20250731T094000.778 Agent C2523 (15) found a better, legal, HPWL target of 7.186441, originally 10.682365.
20250731T094001.918 Agent C2524 (16) found a better, legal, wirelength target of 5.837156, originally 8.375516.
20250731T094002.050 Agent C2524 (16) found a better, legal, HPWL target of 8.195544, originally 11.510625.
20250731T094009.661 Agent R2521 (22) found a better, legal, wirelength target of 0.706144, originally 4.022369.
20250731T094011.052 Agent L2502 (23) found a better, legal, wirelength target of 11.36425, originally 1000000.0.
20250731T094017.788 Agent L2519 (28) found a better, legal, wirelength target of 4.452127, originally 1000000.0.
20250731T094024.175 Agent C2539 (33) found a better, legal, wirelength target of 4.108775, originally 1000000.0.
20250731T094026.637 Agent C2353 (36) found a better, legal, wirelength target of 2.81728, originally 3.287799.
20250731T094033.995 Agent L2511 (4) found a better, legal, wirelength target of 4.44445, originally 4.479187.
20250731T094040.506 Agent C2583 (9) found a better, legal, HPWL target of 8.562188, originally 8.974357.
20250731T094047.486 Agent C2523 (15) found a better, legal, wirelength target of 5.67483, originally 8.780025.
20250731T094048.758 Agent C2524 (16) found a better, legal, wirelength target of 5.478241, originally 5.837156.
20250731T094048.891 Agent C2524 (16) found a better, legal, HPWL target of 7.726944, originally 8.195544.
20250731T094051.735 Agent C2575 (18) found a better, legal, HPWL target of 2.58417, originally 16.491135.
20250731T094053.150 Agent C2308 (19) found a better, legal, HPWL target of 8.778939, originally 18.815543.
20250731T094055.897 Agent C2503 (21) found a better, legal, HPWL target of 13.492114, originally 17.318712.
20250731T094057.405 Agent R2521 (22) found a better, legal, HPWL target of 12.490988, originally 24.026994.
20250731T094059.044 Agent L2502 (23) found a better, legal, HPWL target of 28.160139, originally 41.058215.
20250731T094105.720 Agent L2519 (28) found a better, legal, wirelength target of 4.175054, originally 4.452127.
20250731T094112.114 Agent C2539 (33) found a better, legal, wirelength target of 3.881101, originally 4.108775.
20250731T094114.879 Agent C2353 (36) found a better, legal, wirelength target of 2.054951, originally 2.81728.
20250731T094121.224 Agent L2510 (3) found a better, legal, wirelength target of 5.190751, originally 5.402168.
20250731T094137.872 Agent C2524 (16) found a better, legal, wirelength target of 5.276298, originally 5.478241.
20250731T094159.540 Agent C2539 (33) found a better, legal, wirelength target of 3.502569, originally 3.881101.
20250731T094202.085 Agent C2353 (36) found a better, legal, wirelength target of 1.738177, originally 2.054951.
20250731T094240.010 Agent L2519 (28) found a better, legal, wirelength target of 4.15222, originally 4.175054.
20250731T094255.865 Agent L2511 (4) found a better, legal, wirelength target of 4.401262, originally 4.44445.
20250731T094325.987 Agent L2519 (28) found a better, legal, HPWL target of 8.526781, originally 11.992417.
20250731T094329.526 Agent U2301 (31) found a better, legal, HPWL target of 35.073485, originally 36.094347.
20250731T094332.083 Agent C2539 (33) found a better, legal, HPWL target of 11.01555, originally 18.731272.
20250731T094340.656 Agent L2510 (3) found a better, legal, HPWL target of 10.834548, originally 10.867297.
20250731T094351.375 Agent C2354 (12) found a better, legal, wirelength target of 2.769128, originally 3.535556.
20250731T094351.512 Agent C2354 (12) found a better, legal, HPWL target of 3.477681, originally 3.700562.
20250731T094352.766 Agent C2537 (13) found a better, legal, HPWL target of 6.484154, originally 6.486141.
20250731T094354.059 Agent R2302 (14) found a better, legal, HPWL target of 6.295815, originally 8.631552.
20250731T094529.090 Agent C2524 (16) found a better, legal, wirelength target of 4.99108, originally 5.276298.
20250731T094554.494 Agent C2353 (36) found a better, legal, wirelength target of 1.633556, originally 1.738177.
20250731T094617.357 Agent C2524 (16) found a better, legal, wirelength target of 4.755424, originally 4.99108.
20250731T094709.364 Agent FL2503 (20) found a better, legal, wirelength target of 7.311589, originally 11.957502.
20250731T094719.944 Agent L2519 (28) found a better, legal, HPWL target of 8.260633, originally 8.526781.
20250731T094723.846 Agent U2301 (31) found a better, legal, HPWL target of 33.693499, originally 35.073485.
20250731T094742.923 Agent L2507 (10) found a better, legal, HPWL target of 6.035193, originally 6.193678.
20250731T094745.433 Agent C2354 (12) found a better, legal, wirelength target of 1.617941, originally 2.769128.
20250731T094745.599 Agent C2354 (12) found a better, legal, HPWL target of 1.997347, originally 3.477681.
20250731T094746.648 Agent C2537 (13) found a better, legal, wirelength target of 0.724615, originally 3.770049.
20250731T094746.798 Agent C2537 (13) found a better, legal, HPWL target of 6.032792, originally 6.484154.
20250731T094748.270 Agent R2302 (14) found a better, legal, HPWL target of 6.136639, originally 6.295815.
20250731T094750.876 Agent C2524 (16) found a better, legal, HPWL target of 7.208773, originally 7.726944.
20250731T094753.279 Agent C2575 (18) found a better, legal, HPWL target of 1.848224, originally 2.58417.
20250731T094754.742 Agent C2308 (19) found a better, legal, HPWL target of 6.245989, originally 8.778939.
20250731T094755.770 Agent FL2503 (20) found a better, legal, wirelength target of 6.929961, originally 7.311589.
20250731T094757.207 Agent C2503 (21) found a better, legal, HPWL target of 12.123028, originally 13.492114.
20250731T094811.523 Agent C2539 (33) found a better, legal, wirelength target of 3.422352, originally 3.502569.
20250731T094831.649 Agent C2537 (13) found a better, legal, wirelength target of 0.571132, originally 0.724615.
20250731T094927.216 Agent R2521 (22) found a better, legal, HPWL target of 11.518659, originally 12.490988.
20250731T094930.501 Agent R2515 (25) found a better, legal, wirelength target of 15.825963, originally 1000000.0.
20250731T095005.007 Agent C2524 (16) found a better, legal, HPWL target of 7.16169, originally 7.208773.
20250731T095047.640 Agent R2302 (14) found a better, legal, HPWL target of 4.57857, originally 6.136639.
20250731T095048.926 Agent C2523 (15) found a better, legal, HPWL target of 6.703313, originally 7.186441.
20250731T095053.724 Agent C2308 (19) found a better, legal, HPWL target of 4.102066, originally 6.245989.
20250731T095100.942 Agent R2515 (25) found a better, legal, wirelength target of 15.462731, originally 15.825963.
20250731T095222.611 Agent C2523 (15) found a better, legal, HPWL target of 6.531894, originally 6.703313.
20250731T095227.710 Agent C2308 (19) found a better, legal, HPWL target of 3.811226, originally 4.102066.
20250731T095243.623 Agent U2301 (31) found a better, legal, wirelength target of 23.864107, originally 24.388424.
20250731T095306.675 Agent C2354 (12) found a better, legal, wirelength target of 1.30032, originally 1.617941.
20250731T095336.820 Agent C2353 (36) found a better, legal, wirelength target of 1.517409, originally 1.633556.
20250731T095348.097 Agent L2510 (3) found a better, legal, wirelength target of 4.703742, originally 5.190751.
20250731T095350.558 Agent C2528 (5) found a better, legal, wirelength target of 3.562386, originally 16.842155.
20250731T095351.986 Agent C2305 (6) found a better, legal, wirelength target of 1.435709, originally 5.484473.
20250731T095353.414 Agent C2544 (7) found a better, legal, wirelength target of 4.250752, originally 7.633099.
20250731T095414.656 Agent L2502 (23) found a better, legal, wirelength target of 3.796294, originally 11.36425.
20250731T095418.802 Agent C2540 (26) found a better, legal, wirelength target of 4.447801, originally 5.378193.
20250731T095421.526 Agent L2519 (28) found a better, legal, HPWL target of 7.630936, originally 8.260633.
20250731T095425.435 Agent U2301 (31) found a better, legal, wirelength target of 16.975521, originally 23.864107.
20250731T095425.556 Agent U2301 (31) found a better, legal, HPWL target of 26.504163, originally 33.693499.
20250731T095439.076 Agent C2528 (5) found a better, legal, HPWL target of 5.911621, originally 13.856862.
20250731T095440.305 Agent C2305 (6) found a better, legal, wirelength target of 0.670832, originally 1.435709.
20250731T095440.473 Agent C2305 (6) found a better, legal, HPWL target of 0.910956, originally 5.74554.
20250731T095441.763 Agent C2544 (7) found a better, legal, wirelength target of 3.497302, originally 4.250752.
20250731T095441.928 Agent C2544 (7) found a better, legal, HPWL target of 4.729372, originally 10.629988.
20250731T095452.360 Agent C2523 (15) found a better, legal, wirelength target of 2.104458, originally 5.67483.
20250731T095506.853 Agent C2540 (26) found a better, legal, wirelength target of 4.019395, originally 4.447801.
20250731T095513.161 Agent U2301 (31) found a better, legal, wirelength target of 16.798334, originally 16.975521.
20250731T095513.324 Agent U2301 (31) found a better, legal, HPWL target of 25.308875, originally 26.504163.
20250731T095524.712 Agent L2510 (3) found a better, legal, wirelength target of 4.328815, originally 4.703742.
20250731T095527.380 Agent C2528 (5) found a better, legal, HPWL target of 5.672279, originally 5.911621.
20250731T095532.653 Agent C2583 (9) found a better, legal, HPWL target of 8.46389, originally 8.562188.
20250731T095535.342 Agent C2502 (11) found a better, legal, HPWL target of 6.225001, originally 10.753456.
20250731T095540.495 Agent C2523 (15) found a better, legal, HPWL target of 2.606337, originally 6.531894.
20250731T095550.970 Agent L2502 (23) found a better, legal, HPWL target of 23.733649, originally 28.160139.
20250731T095553.751 Agent R2515 (25) found a better, legal, HPWL target of 5.521612, originally 10.496488.
20250731T095554.970 Agent C2540 (26) found a better, legal, wirelength target of 3.968812, originally 4.019395.
20250731T095611.670 Agent C2541 (2) found a better, legal, HPWL target of 9.905017, originally 10.554174.
20250731T095613.027 Agent L2510 (3) found a better, legal, wirelength target of 4.221444, originally 4.328815.
20250731T095618.089 Agent C2544 (7) found a better, legal, wirelength target of 3.309444, originally 3.497302.
20250731T095618.261 Agent C2544 (7) found a better, legal, HPWL target of 4.590027, originally 4.729372.
20250731T095638.966 Agent L2502 (23) found a better, legal, HPWL target of 22.602268, originally 23.733649.
20250731T095649.537 Agent U2301 (31) found a better, legal, wirelength target of 16.690766, originally 16.798334.
20250731T095730.175 Agent R2515 (25) found a better, legal, HPWL target of 4.412834, originally 5.521612.
20250731T095754.465 Agent C2544 (7) found a better, legal, wirelength target of 3.228594, originally 3.309444.
20250731T095829.506 Agent C2541 (2) found a better, legal, wirelength target of 6.315367, originally 7.471823.
20250731T095829.667 Agent C2541 (2) found a better, legal, HPWL target of 8.835873, originally 9.905017.
20250731T095831.099 Agent L2510 (3) found a better, legal, HPWL target of 10.458611, originally 10.834548.
20250731T095832.280 Agent L2511 (4) found a better, legal, wirelength target of 3.006374, originally 4.401262.
20250731T095836.345 Agent C2544 (7) found a better, legal, HPWL target of 1.925364, originally 4.590027.
20250731T095848.084 Agent C2524 (16) found a better, legal, HPWL target of 6.573195, originally 7.16169.
20250731T095850.638 Agent C2575 (18) found a better, legal, wirelength target of 9.07929, originally 9.13797.
20250731T095853.232 Agent FL2503 (20) found a better, legal, HPWL target of 34.950715, originally 35.227668.
20250731T095858.362 Agent L2304 (24) found a better, legal, wirelength target of 3.185171, originally 8.805525.
20250731T095858.585 Agent L2304 (24) found a better, legal, HPWL target of 8.203555, originally 14.086945.
20250731T095900.031 Agent R2515 (25) found a better, legal, HPWL target of 1.717851, originally 4.412834.
20250731T095907.565 Agent U2301 (31) found a better, legal, wirelength target of 13.416297, originally 16.690766.
20250731T095907.772 Agent U2301 (31) found a better, legal, HPWL target of 22.774764, originally 25.308875.
20250731T095910.453 Agent C2539 (33) found a better, legal, HPWL target of 10.464128, originally 11.01555.
20250731T095911.849 Agent FL2334 (35) found a better, legal, wirelength target of 1.714144, originally 3.967643.
20250731T095911.959 Agent FL2334 (35) found a better, legal, HPWL target of 6.686235, originally 7.539097.
20250731T095914.397 Agent C2530 (37) found a better, legal, wirelength target of 4.747279, originally 1000000.0.
20250731T095914.550 Agent C2530 (37) found a better, legal, HPWL target of 9.316087, originally 11.070476.
20250731T095918.028 Agent C2541 (2) found a better, legal, wirelength target of 5.913161, originally 6.315367.
20250731T095918.216 Agent C2541 (2) found a better, legal, HPWL target of 8.218058, originally 8.835873.
20250731T095946.062 Agent L2304 (24) found a better, legal, wirelength target of 2.364897, originally 3.185171.
20250731T095954.656 Agent U2301 (31) found a better, legal, wirelength target of 13.319935, originally 13.416297.
20250731T100042.782 Agent U2301 (31) found a better, legal, wirelength target of 11.829634, originally 13.319935.
20250731T100049.256 Agent C2530 (37) found a better, legal, wirelength target of 3.808239, originally 4.747279.
20250731T100052.956 Agent C2541 (2) found a better, legal, wirelength target of 5.28606, originally 5.913161.
20250731T100101.318 Agent C2541 (2) found a better, legal, HPWL target of 5.744865, originally 8.218058.
20250731T100102.814 Agent L2510 (3) found a better, legal, HPWL target of 9.731635, originally 10.458611.
20250731T100104.070 Agent L2511 (4) found a better, legal, wirelength target of 1.025542, originally 3.006374.
20250731T100104.220 Agent L2511 (4) found a better, legal, HPWL target of 13.085288, originally 21.53176.
20250731T100108.041 Agent C2544 (7) found a better, legal, wirelength target of 2.863488, originally 3.228594.
20250731T100119.163 Agent C2524 (16) found a better, legal, HPWL target of 3.809341, originally 6.573195.
20250731T100124.309 Agent FL2503 (20) found a better, legal, HPWL target of 32.986762, originally 34.950715.
20250731T100125.530 Agent C2503 (21) found a better, legal, wirelength target of 2.19702, originally 3.863855.
20250731T100125.708 Agent C2503 (21) found a better, legal, HPWL target of 7.079882, originally 12.123028.
20250731T100130.545 Agent R2515 (25) found a better, legal, wirelength target of 3.094288, originally 15.462731.
20250731T100131.938 Agent C2540 (26) found a better, legal, HPWL target of 8.809158, originally 10.581964.
20250731T100140.478 Agent C2539 (33) found a better, legal, wirelength target of 2.752126, originally 3.422352.
20250731T100140.631 Agent C2539 (33) found a better, legal, HPWL target of 9.739658, originally 10.464128.
20250731T100148.271 Agent C2541 (2) found a better, legal, HPWL target of 5.102186, originally 5.744865.
20250731T100154.598 Agent C2544 (7) found a better, legal, wirelength target of 2.70198, originally 2.863488.
20250731T100259.509 Agent C2503 (21) found a better, legal, HPWL target of 6.911601, originally 7.079882.
20250731T100404.773 Agent C2539 (33) found a better, legal, wirelength target of 2.404823, originally 2.752126.
20250731T100452.622 Agent C2539 (33) found a better, legal, wirelength target of 2.044837, originally 2.404823.
20250731T100548.870 Agent C2541 (2) found a better, legal, wirelength target of 4.354709, originally 5.28606.
20250731T100614.291 Agent C2503 (21) found a better, legal, wirelength target of 1.942591, originally 2.19702.
20250731T100634.361 Agent C2530 (37) found a better, legal, wirelength target of 3.656434, originally 3.808239.
20250731T100638.253 Agent C2541 (2) found a better, legal, wirelength target of 4.283402, originally 4.354709.
20250731T100702.035 Agent FL2503 (20) found a better, legal, HPWL target of 32.503066, originally 32.986762.
20250731T100710.075 Agent C2540 (26) found a better, legal, HPWL target of 7.820368, originally 8.809158.
20250731T100719.372 Agent C2539 (33) found a better, legal, HPWL target of 9.047828, originally 9.739658.
20250731T100907.279 Agent C2539 (33) found a better, legal, wirelength target of 1.54611, originally 2.044837.
20250731T101005.830 Agent L2510 (3) found a better, legal, HPWL target of 9.079247, originally 9.731635.
20250731T101007.209 Agent L2511 (4) found a better, legal, HPWL target of 13.024537, originally 13.085288.
20250731T101012.390 Agent C2509 (8) found a better, legal, HPWL target of 6.422531, originally 7.685011.
20250731T101035.689 Agent C2540 (26) found a better, legal, HPWL target of 7.681102, originally 7.820368.
20250731T101105.557 Agent FL2503 (20) found a better, legal, HPWL target of 30.809258, originally 32.503066.
20250731T101106.682 Agent C2503 (21) found a better, legal, wirelength target of 1.272482, originally 1.942591.
20250731T101106.820 Agent C2503 (21) found a better, legal, HPWL target of 4.639151, originally 6.911601.
20250731T101109.423 Agent L2502 (23) found a better, legal, HPWL target of 15.258025, originally 22.602268.
20250731T101110.790 Agent L2304 (24) found a better, legal, HPWL target of 5.953376, originally 8.203555.
20250731T101114.651 Agent L2508 (27) found a better, legal, wirelength target of 3.600182, originally 4.296682.
20250731T101114.784 Agent L2508 (27) found a better, legal, HPWL target of 19.880827, originally 21.583426.
20250731T101118.602 Agent C2310 (30) found a better, legal, wirelength target of 3.240404, originally 5.782491.
20250731T101120.035 Agent U2301 (31) found a better, legal, HPWL target of 11.646886, originally 22.774764.
20250731T101151.909 Agent FL2503 (20) found a better, legal, HPWL target of 30.126099, originally 30.809258.
20250731T101153.159 Agent C2503 (21) found a better, legal, wirelength target of 0.868878, originally 1.272482.
20250731T101153.384 Agent C2503 (21) found a better, legal, HPWL target of 4.501619, originally 4.639151.
20250731T101157.293 Agent L2304 (24) found a better, legal, HPWL target of 5.005424, originally 5.953376.
20250731T101201.284 Agent L2508 (27) found a better, legal, wirelength target of 3.381364, originally 3.600182.
20250731T101205.178 Agent C2310 (30) found a better, legal, wirelength target of 3.070167, originally 3.240404.
20250731T101206.571 Agent U2301 (31) found a better, legal, HPWL target of 11.478804, originally 11.646886.
20250731T101212.866 Agent C2530 (37) found a better, legal, HPWL target of 9.284338, originally 9.316087.
20250731T101239.281 Agent FL2503 (20) found a better, legal, HPWL target of 29.348317, originally 30.126099.
20250731T101240.699 Agent C2503 (21) found a better, legal, HPWL target of 3.866419, originally 4.501619.
20250731T101243.433 Agent L2502 (23) found a better, legal, HPWL target of 14.483755, originally 15.258025.
20250731T101244.665 Agent L2304 (24) found a better, legal, wirelength target of 1.292336, originally 2.364897.
20250731T101252.376 Agent C2310 (30) found a better, legal, wirelength target of 2.66153, originally 3.070167.
20250731T101326.741 Agent FL2503 (20) found a better, legal, HPWL target of 29.041675, originally 29.348317.
20250731T101327.995 Agent C2503 (21) found a better, legal, wirelength target of 0.449622, originally 0.868878.
20250731T101331.693 Agent L2304 (24) found a better, legal, wirelength target of 0.923819, originally 1.292336.
20250731T101331.894 Agent L2304 (24) found a better, legal, HPWL target of 4.005491, originally 5.005424.
20250731T101340.711 Agent U2301 (31) found a better, legal, wirelength target of 3.074047, originally 11.829634.
20250731T101427.098 Agent U2301 (31) found a better, legal, HPWL target of 11.316496, originally 11.478804.
20250731T101433.592 Agent C2530 (37) found a better, legal, HPWL target of 9.247078, originally 9.284338.
20250731T101446.415 Agent L2510 (3) found a better, legal, HPWL target of 3.671315, originally 9.079247.
20250731T101451.502 Agent C2544 (7) found a better, legal, wirelength target of 2.044685, originally 2.70198.
20250731T101455.330 Agent L2507 (10) found a better, legal, wirelength target of 2.924125, originally 3.733366.
20250731T101458.116 Agent C2354 (12) found a better, legal, HPWL target of 1.210022, originally 1.997347.
20250731T101514.733 Agent R2515 (25) found a better, legal, wirelength target of 2.541737, originally 3.094288.
20250731T101518.422 Agent L2519 (28) found a better, legal, wirelength target of 3.025536, originally 4.15222.
20250731T101528.799 Agent C2530 (37) found a better, legal, wirelength target of 3.41256, originally 3.656434.
20250731T101533.727 Agent L2510 (3) found a better, legal, wirelength target of 1.210127, originally 4.221444.
20250731T101533.927 Agent L2510 (3) found a better, legal, HPWL target of 3.44915, originally 3.671315.
20250731T101542.654 Agent L2507 (10) found a better, legal, wirelength target of 2.422491, originally 2.924125.
20250731T101640.475 Agent C2575 (18) found a better, legal, wirelength target of 1.648959, originally 9.07929.
20250731T101709.399 Agent L2510 (3) found a better, legal, wirelength target of 1.133913, originally 1.210127.
20250731T101728.806 Agent C2575 (18) found a better, legal, wirelength target of 1.580752, originally 1.648959.
20250731T101737.298 Agent R2515 (25) found a better, legal, wirelength target of 2.275084, originally 2.541737.
20250731T101809.101 Agent C2354 (12) found a better, legal, HPWL target of 0.974051, originally 1.210022.
20250731T101841.039 Agent C2524 (16) found a better, legal, wirelength target of 4.658171, originally 4.755424.
20250731T101853.874 Agent C2540 (26) found a better, legal, wirelength target of 2.54401, originally 3.968812.
20250731T101854.004 Agent C2540 (26) found a better, legal, HPWL target of 5.616905, originally 7.681102.
20250731T101855.265 Agent L2508 (27) found a better, legal, wirelength target of 2.776894, originally 3.381364.
20250731T101856.527 Agent L2519 (28) found a better, legal, wirelength target of 2.984793, originally 3.025536.
20250731T101858.011 Agent FL2504 (29) found a better, legal, HPWL target of 22.113, originally 23.034678.
20250731T101902.051 Agent C2508 (32) found a better, legal, HPWL target of 8.019504, originally 11.692823.
20250731T101915.112 Agent C2528 (5) found a better, legal, HPWL target of 5.661321, originally 5.672279.
20250731T101944.332 Agent L2508 (27) found a better, legal, wirelength target of 2.57984, originally 2.776894.
20250731T102031.033 Agent C2540 (26) found a better, legal, wirelength target of 2.133911, originally 2.54401.
20250731T102031.223 Agent C2540 (26) found a better, legal, HPWL target of 4.8973, originally 5.616905.
20250731T102103.820 Agent C2523 (15) found a better, legal, HPWL target of 2.314447, originally 2.606337.
20250731T102125.643 Agent C2508 (32) found a better, legal, HPWL target of 7.728222, originally 8.019504.
20250731T102139.209 Agent C2528 (5) found a better, legal, HPWL target of 5.65117, originally 5.661321.
20250731T102145.754 Agent L2507 (10) found a better, legal, wirelength target of 2.325744, originally 2.422491.
20250731T102239.670 Agent C2523 (15) found a better, legal, HPWL target of 2.291805, originally 2.314447.
20250731T102253.574 Agent C2540 (26) found a better, legal, wirelength target of 1.679941, originally 2.133911.
20250731T102320.275 Agent L2507 (10) found a better, legal, wirelength target of 1.924895, originally 2.325744.
20250731T102341.007 Agent C2540 (26) found a better, legal, wirelength target of 1.62287, originally 1.679941.
20250731T102408.476 Agent L2507 (10) found a better, legal, wirelength target of 1.884318, originally 1.924895.
20250731T102428.697 Agent C2540 (26) found a better, legal, wirelength target of 1.491881, originally 1.62287.
20250731T102455.274 Agent L2507 (10) found a better, legal, wirelength target of 1.679681, originally 1.884318.
20250731T102516.051 Agent C2540 (26) found a better, legal, wirelength target of 1.483856, originally 1.491881.
20250731T102611.902 Agent FL2334 (35) found a better, legal, wirelength target of 1.516235, originally 1.714144.
20250731T102709.833 Agent C2528 (5) found a better, legal, HPWL target of 4.708374, originally 5.65117.
20250731T102722.196 Agent C2523 (15) found a better, legal, wirelength target of 1.577227, originally 2.104458.
20250731T102722.398 Agent C2523 (15) found a better, legal, HPWL target of 1.968761, originally 2.291805.
20250731T102732.801 Agent L2502 (23) found a better, legal, wirelength target of 3.291452, originally 3.796294.
20250731T102746.937 Agent FL2334 (35) found a better, legal, wirelength target of 1.118823, originally 1.516235.
20250731T102757.281 Agent C2528 (5) found a better, legal, HPWL target of 4.417727, originally 4.708374.
20250731T102809.503 Agent C2523 (15) found a better, legal, wirelength target of 1.49852, originally 1.577227.
20250731T102809.679 Agent C2523 (15) found a better, legal, HPWL target of 1.63487, originally 1.968761.
20250731T102819.618 Agent L2502 (23) found a better, legal, wirelength target of 2.964721, originally 3.291452.
20250731T102828.555 Agent C2310 (30) found a better, legal, HPWL target of 12.583152, originally 13.416859.
20250731T102844.469 Agent C2528 (5) found a better, legal, HPWL target of 4.157923, originally 4.417727.
20250731T102856.925 Agent C2523 (15) found a better, legal, wirelength target of 1.482134, originally 1.49852.
20250731T102907.198 Agent L2502 (23) found a better, legal, wirelength target of 2.876774, originally 2.964721.
20250731T102944.535 Agent C2523 (15) found a better, legal, wirelength target of 1.408741, originally 1.482134.
20250731T103138.327 Agent FL2504 (29) found a better, legal, HPWL target of 21.810941, originally 22.113.
20250731T103207.747 Agent C2523 (15) found a better, legal, wirelength target of 1.293872, originally 1.408741.
20250731T103207.865 Agent C2523 (15) found a better, legal, HPWL target of 1.428426, originally 1.63487.
20250731T103226.106 Agent FL2504 (29) found a better, legal, HPWL target of 21.438539, originally 21.810941.
20250731T103254.006 Agent C2537 (13) found a better, legal, HPWL target of 5.987249, originally 6.032792.
20250731T103538.586 Agent C2508 (32) found a better, legal, wirelength target of 2.016256, originally 2.160346.
20250731T103701.472 Agent C2540 (26) found a better, legal, HPWL target of 4.83408, originally 4.8973.
20250731T103831.962 Agent C2540 (26) found a better, legal, HPWL target of 4.587772, originally 4.83408.
20250731T104037.565 Agent C2541 (2) found a better, legal, wirelength target of 4.172463, originally 4.283402.
20250731T104110.537 Agent L2508 (27) found a better, legal, HPWL target of 12.769963, originally 19.880827.
20250731T104111.814 Agent L2519 (28) found a better, legal, wirelength target of 2.563162, originally 2.984793.
20250731T104113.132 Agent FL2504 (29) found a better, legal, HPWL target of 19.274633, originally 21.438539.
20250731T104122.146 Agent C2530 (37) found a better, legal, HPWL target of 7.041525, originally 9.247078.
20250731T104126.156 Agent C2541 (2) found a better, legal, wirelength target of 4.102996, originally 4.172463.
20250731T104126.285 Agent C2541 (2) found a better, legal, HPWL target of 4.798604, originally 5.102186.
20250731T104138.655 Agent C2502 (11) found a better, legal, HPWL target of 5.515353, originally 6.225001.
20250731T104211.085 Agent C2530 (37) found a better, legal, wirelength target of 1.121981, originally 3.41256.
20250731T104259.348 Agent C2530 (37) found a better, legal, wirelength target of 0.893008, originally 1.121981.
20250731T104427.919 Agent C2508 (32) found a better, legal, wirelength target of 1.053284, originally 2.016256.
20250731T104611.306 Agent C2530 (37) found a better, legal, wirelength target of 0.843483, originally 0.893008.
20250731T104658.700 Agent C2508 (32) found a better, legal, wirelength target of 0.846248, originally 1.053284.
20250731T104704.720 Agent C2530 (37) found a better, legal, wirelength target of 0.61816, originally 0.843483.
20250731T104800.042 Agent C2541 (2) found a better, legal, wirelength target of 4.078927, originally 4.102996.
20250731T104842.126 Agent FL2334 (35) found a better, legal, wirelength target of 0.990716, originally 1.118823.
20250731T104936.312 Agent FL2504 (29) found a better, legal, wirelength target of 5.96984, originally 7.687234.
20250731T105227.020 Agent C2539 (33) found a better, legal, HPWL target of 7.962286, originally 9.047828.
20250731T105231.269 Agent C2530 (37) found a better, legal, HPWL target of 6.899673, originally 7.041525.
20250731T105408.489 Agent C2530 (37) found a better, legal, HPWL target of 5.832283, originally 6.899673.
20250731T105916.920 Agent C2504 (0) found a better, legal, wirelength target of 1.77547, originally 2.133497.
20250731T105937.550 Agent C2524 (16) found a better, legal, wirelength target of 2.667204, originally 4.658171.
20250731T110004.708 Agent C2504 (0) found a better, legal, wirelength target of 1.190818, originally 1.77547.
20250731T110025.309 Agent C2524 (16) found a better, legal, wirelength target of 2.562517, originally 2.667204.
20250731T110112.884 Agent C2524 (16) found a better, legal, HPWL target of 3.374297, originally 3.809341.
20250731T110201.343 Agent C2524 (16) found a better, legal, HPWL target of 3.284355, originally 3.374297.
20250731T110249.072 Agent C2524 (16) found a better, legal, HPWL target of 3.058884, originally 3.284355.
20250731T110338.041 Agent C2524 (16) found a better, legal, wirelength target of 2.398162, originally 2.562517.
20250731T110931.896 Agent C2528 (5) found a better, legal, wirelength target of 2.011287, originally 3.562386.
20250731T110955.222 Agent L2502 (23) found a better, legal, wirelength target of 1.707579, originally 2.876774.
20250731T111000.507 Agent L2508 (27) found a better, legal, wirelength target of 1.779826, originally 2.57984.
20250731T111107.298 Agent C2528 (5) found a better, legal, wirelength target of 1.720125, originally 2.011287.
20250731T111130.181 Agent L2502 (23) found a better, legal, wirelength target of 1.344978, originally 1.707579.
20250731T111154.564 Agent C2528 (5) found a better, legal, wirelength target of 1.64838, originally 1.720125.
20250731T111154.750 Agent C2528 (5) found a better, legal, HPWL target of 1.778582, originally 4.157923.
20250731T111222.905 Agent L2508 (27) found a better, legal, wirelength target of 1.469738, originally 1.779826.
20250731T111232.036 Agent FL2334 (35) found a better, legal, HPWL target of 4.154145, originally 6.686235.
20250731T111305.679 Agent L2502 (23) found a better, legal, wirelength target of 1.32788, originally 1.344978.
20250731T111359.066 Agent L2508 (27) found a better, legal, wirelength target of 1.208598, originally 1.469738.
20250731T111553.671 Agent C2544 (7) found a better, legal, wirelength target of 1.858471, originally 2.044685.
20250731T111616.147 Agent R2515 (25) found a better, legal, wirelength target of 1.996895, originally 2.275084.
20250731T111704.140 Agent R2515 (25) found a better, legal, wirelength target of 1.821714, originally 1.996895.
20250731T111710.418 Agent C2310 (30) found a better, legal, wirelength target of 1.08459, originally 2.66153.
20250731T111728.604 Agent C2544 (7) found a better, legal, wirelength target of 1.538371, originally 1.858471.
20250731T111728.775 Agent C2544 (7) found a better, legal, HPWL target of 1.708819, originally 1.925364.
20250731T111752.026 Agent R2515 (25) found a better, legal, wirelength target of 1.782209, originally 1.821714.
20250731T111816.098 Agent C2544 (7) found a better, legal, wirelength target of 1.26293, originally 1.538371.
20250731T111816.251 Agent C2544 (7) found a better, legal, HPWL target of 1.499874, originally 1.708819.
20250731T111838.716 Agent R2515 (25) found a better, legal, wirelength target of 1.510479, originally 1.782209.
20250731T112008.772 Agent R2515 (25) found a better, legal, wirelength target of 0.534002, originally 1.510479.
20250731T112009.008 Agent R2515 (25) found a better, legal, HPWL target of 0.705751, originally 1.717851.
20250731T112117.241 Agent C2544 (7) found a better, legal, wirelength target of 1.060641, originally 1.26293.
20250731T112117.416 Agent C2544 (7) found a better, legal, HPWL target of 1.495034, originally 1.499874.
20250731T112203.356 Agent C2544 (7) found a better, legal, wirelength target of 0.632978, originally 1.060641.
20250731T112517.410 Agent C2583 (9) found a better, legal, wirelength target of 3.040079, originally 3.292679.
20250731T112517.535 Agent C2583 (9) found a better, legal, HPWL target of 7.900158, originally 8.46389.
20250731T112549.344 Agent C2539 (33) found a better, legal, wirelength target of 1.18821, originally 1.54611.
20250731T112549.482 Agent C2539 (33) found a better, legal, HPWL target of 7.849058, originally 7.962286.
20250731T112606.075 Agent C2583 (9) found a better, legal, wirelength target of 2.908918, originally 3.040079.
20250731T112606.238 Agent C2583 (9) found a better, legal, HPWL target of 7.700795, originally 7.900158.
20250731T112637.407 Agent C2539 (33) found a better, legal, HPWL target of 7.794835, originally 7.849058.
20250731T112654.088 Agent C2583 (9) found a better, legal, wirelength target of 2.888393, originally 2.908918.
20250731T112742.842 Agent C2583 (9) found a better, legal, wirelength target of 2.640935, originally 2.888393.
20250731T112831.950 Agent C2583 (9) found a better, legal, wirelength target of 2.519805, originally 2.640935.
20250731T112921.056 Agent C2583 (9) found a better, legal, wirelength target of 2.518215, originally 2.519805.
20250731T112951.186 Agent C2524 (16) found a better, legal, wirelength target of 1.646116, originally 2.398162.
20250731T112951.360 Agent C2524 (16) found a better, legal, HPWL target of 2.300724, originally 3.058884.
20250731T113039.165 Agent C2524 (16) found a better, legal, wirelength target of 1.270084, originally 1.646116.
20250731T113039.365 Agent C2524 (16) found a better, legal, HPWL target of 1.650397, originally 2.300724.
20250731T113324.700 Agent C2504 (0) found a better, legal, wirelength target of 1.176428, originally 1.190818.
20250731T113353.627 Agent R2521 (22) found a better, legal, wirelength target of 0.647227, originally 0.706144.
20250731T113413.343 Agent C2504 (0) found a better, legal, wirelength target of 0.908219, originally 1.176428.
20250731T113457.330 Agent C2539 (33) found a better, legal, HPWL target of 6.615888, originally 7.794835.
20250731T113503.077 Agent C2504 (0) found a better, legal, wirelength target of 0.825384, originally 0.908219.
20250731T113532.809 Agent R2521 (22) found a better, legal, wirelength target of 0.547651, originally 0.647227.
20250731T113553.009 Agent C2504 (0) found a better, legal, wirelength target of 0.451876, originally 0.825384.
20250731T113556.960 Agent L2510 (3) found a better, legal, wirelength target of 0.646398, originally 1.133913.
20250731T113811.935 Agent C2539 (33) found a better, legal, HPWL target of 5.709347, originally 6.615888.
20250731T113853.036 Agent L2519 (28) found a better, legal, wirelength target of 2.203323, originally 2.563162.
20250731T113900.044 Agent C2539 (33) found a better, legal, HPWL target of 5.489821, originally 5.709347.
20250731T114105.355 Agent R2521 (22) found a better, legal, wirelength target of 0.517499, originally 0.547651.
20250731T114310.246 Agent C2583 (9) found a better, legal, wirelength target of 1.604804, originally 2.518215.
20250731T114340.437 Agent C2539 (33) found a better, legal, HPWL target of 4.552498, originally 5.489821.
20250731T114501.020 Agent R2521 (22) found a better, legal, wirelength target of 0.33989, originally 0.517499.
20250731T114519.861 Agent C2504 (0) found a better, legal, HPWL target of 6.518398, originally 7.060044.
20250731T114607.717 Agent C2504 (0) found a better, legal, HPWL target of 6.454252, originally 6.518398.
20250731T114619.079 Agent C2583 (9) found a better, legal, wirelength target of 1.194552, originally 1.604804.
20250731T114655.306 Agent C2504 (0) found a better, legal, HPWL target of 5.921392, originally 6.454252.
20250731T115001.357 Agent C2539 (33) found a better, legal, HPWL target of 4.225975, originally 4.552498.
20250731T120415.266 Agent L2508 (27) found a better, legal, wirelength target of 1.062507, originally 1.208598.
20250731T120646.396 Agent FL2504 (29) found a better, legal, HPWL target of 9.549337, originally 19.274633.
20250731T120650.201 Agent C2508 (32) found a better, legal, HPWL target of 5.695863, originally 7.728222.
20250731T120655.504 Agent C2530 (37) found a better, legal, HPWL target of 4.768384, originally 5.832283.
20250731T121140.332 Agent C2508 (32) found a better, legal, HPWL target of 4.137021, originally 5.695863.
20250731T121152.086 Agent L2511 (4) found a better, legal, wirelength target of 0.498132, originally 1.025542.
20250731T121313.492 Agent FL2504 (29) found a better, legal, HPWL target of 9.170383, originally 9.549337.
20250731T121406.327 Agent C2508 (32) found a better, legal, HPWL target of 3.52097, originally 4.137021.
20250731T121628.979 Agent C2508 (32) found a better, legal, HPWL target of 3.455737, originally 3.52097.
20250731T122019.012 Agent C2310 (30) found a better, legal, HPWL target of 12.275607, originally 12.583152.
20250731T122907.945 Agent R2302 (14) found a better, legal, HPWL target of 2.4513, originally 4.57857.
20250731T122914.121 Agent C2308 (19) found a better, legal, HPWL target of 2.212003, originally 3.811226.
20250731T123508.110 Agent R2302 (14) found a better, legal, HPWL target of 1.448572, originally 2.4513.
20250731T123514.292 Agent C2308 (19) found a better, legal, HPWL target of 2.077321, originally 2.212003.
20250731T123559.486 Agent C2308 (19) found a better, legal, HPWL target of 1.71054, originally 2.077321.
20250731T123645.075 Agent C2308 (19) found a better, legal, HPWL target of 1.510142, originally 1.71054.
20250731T124516.537 Agent FL2504 (29) found a better, legal, wirelength target of 3.787646, originally 5.96984.
20250731T124604.809 Agent FL2504 (29) found a better, legal, wirelength target of 3.703244, originally 3.787646.
20250731T124612.610 Agent C2353 (36) found a better, legal, wirelength target of 0.852877, originally 1.517409.
20250731T124631.397 Agent C2354 (12) found a better, legal, wirelength target of 1.219073, originally 1.30032.
20250731T124720.310 Agent C2354 (12) found a better, legal, wirelength target of 1.210052, originally 1.219073.
20250731T124807.370 Agent C2354 (12) found a better, legal, wirelength target of 0.758536, originally 1.210052.
20250731T124836.420 Agent C2353 (36) found a better, legal, HPWL target of 9.836422, originally 13.093438.
20250731T124916.257 Agent FL2504 (29) found a better, legal, wirelength target of 3.69602, originally 3.703244.
20250731T124924.089 Agent C2353 (36) found a better, legal, HPWL target of 9.524287, originally 9.836422.
20250731T124942.186 Agent C2354 (12) found a better, legal, wirelength target of 0.381024, originally 0.758536.
20250731T124942.299 Agent C2354 (12) found a better, legal, HPWL target of 0.491916, originally 0.974051.
20250731T125003.491 Agent FL2504 (29) found a better, legal, wirelength target of 3.687599, originally 3.69602.
20250731T125011.056 Agent C2353 (36) found a better, legal, wirelength target of 0.381282, originally 0.852877.
20250731T125029.022 Agent C2354 (12) found a better, legal, wirelength target of 0.197659, originally 0.381024.
20250731T125029.160 Agent C2354 (12) found a better, legal, HPWL target of 0.22384, originally 0.491916.
20250731T125058.641 Agent C2353 (36) found a better, legal, HPWL target of 9.187825, originally 9.524287.
20250731T125137.151 Agent FL2504 (29) found a better, legal, wirelength target of 3.083669, originally 3.687599.
20250731T125506.369 Agent C2541 (2) found a better, legal, wirelength target of 3.378315, originally 4.078927.
20250731T125700.486 Agent R2503 (17) found a better, legal, HPWL target of 18.062612, originally 19.369818.
20250731T125949.544 Agent C2541 (2) found a better, legal, HPWL target of 4.142154, originally 4.798604.
20250731T125952.275 Agent L2511 (4) found a better, legal, HPWL target of 12.861881, originally 13.024537.
20250731T130037.751 Agent C2541 (2) found a better, legal, HPWL target of 3.768972, originally 4.142154.
20250731T131348.388 Agent C2539 (33) found a better, legal, wirelength target of 1.017897, originally 1.18821.
20250731T131744.664 Agent L2519 (28) found a better, legal, wirelength target of 1.396264, originally 2.203323.
20250731T132007.463 Agent L2508 (27) found a better, legal, wirelength target of 0.914255, originally 1.062507.
20250731T132057.059 Agent L2519 (28) found a better, legal, wirelength target of 0.948216, originally 1.396264.
20250731T132143.632 Agent L2519 (28) found a better, legal, wirelength target of 0.532651, originally 0.948216.
20250731T132246.644 Agent C2507 (1) found a better, legal, wirelength target of 0.873297, originally 1.221034.
20250731T132248.079 Agent C2541 (2) found a better, legal, wirelength target of 2.59557, originally 3.378315.
20250731T132335.828 Agent C2541 (2) found a better, legal, wirelength target of 2.47361, originally 2.59557.
20250731T132415.513 Agent C2539 (33) found a better, legal, wirelength target of 0.682597, originally 1.017897.
20250731T132422.353 Agent C2507 (1) found a better, legal, HPWL target of 0.778228, originally 1.345083.
20250731T132423.659 Agent C2541 (2) found a better, legal, wirelength target of 2.406928, originally 2.47361.
20250731T132423.856 Agent C2541 (2) found a better, legal, HPWL target of 3.284548, originally 3.768972.
20250731T132426.545 Agent L2511 (4) found a better, legal, HPWL target of 12.283233, originally 12.861881.
20250731T132503.098 Agent C2539 (33) found a better, legal, wirelength target of 0.446585, originally 0.682597.
20250731T132509.669 Agent C2507 (1) found a better, legal, HPWL target of 0.749989, originally 0.778228.
20250731T132511.104 Agent C2541 (2) found a better, legal, wirelength target of 2.086511, originally 2.406928.
20250731T132511.266 Agent C2541 (2) found a better, legal, HPWL target of 2.771913, originally 3.284548.
20250731T132514.145 Agent L2511 (4) found a better, legal, HPWL target of 11.130139, originally 12.283233.
20250731T132558.343 Agent C2507 (1) found a better, legal, HPWL target of 0.694283, originally 0.749989.
20250731T132559.628 Agent C2541 (2) found a better, legal, wirelength target of 2.059795, originally 2.086511.
20250731T132559.758 Agent C2541 (2) found a better, legal, HPWL target of 2.527376, originally 2.771913.
20250731T132646.461 Agent C2507 (1) found a better, legal, HPWL target of 0.61571, originally 0.694283.
20250731T132647.667 Agent C2541 (2) found a better, legal, wirelength target of 1.957419, originally 2.059795.
20250731T132647.793 Agent C2541 (2) found a better, legal, HPWL target of 2.242799, originally 2.527376.
20250731T132819.177 Agent C2507 (1) found a better, legal, wirelength target of 0.793877, originally 0.873297.
20250731T132820.478 Agent C2541 (2) found a better, legal, wirelength target of 1.636136, originally 1.957419.
20250731T132820.666 Agent C2541 (2) found a better, legal, HPWL target of 1.645937, originally 2.242799.
20250731T132823.650 Agent L2511 (4) found a better, legal, HPWL target of 10.97668, originally 11.130139.
20250731T133041.420 Agent C2541 (2) found a better, legal, wirelength target of 1.45322, originally 1.636136.
20250731T133128.414 Agent C2541 (2) found a better, legal, HPWL target of 1.276959, originally 1.645937.
20250731T133131.413 Agent L2511 (4) found a better, legal, HPWL target of 10.508507, originally 10.97668.
20250731T133303.335 Agent C2507 (1) found a better, legal, wirelength target of 0.525194, originally 0.793877.
20250731T133440.560 Agent C2541 (2) found a better, legal, wirelength target of 1.185122, originally 1.45322.
20250731T133527.862 Agent C2541 (2) found a better, legal, wirelength target of 0.855175, originally 1.185122.
20250731T133614.934 Agent C2541 (2) found a better, legal, HPWL target of 1.171662, originally 1.276959.
20250731T133702.382 Agent C2541 (2) found a better, legal, wirelength target of 0.674977, originally 0.855175.
20250731T133842.823 Agent C2528 (5) found a better, legal, HPWL target of 1.153155, originally 1.778582.
20250731T134152.151 Agent C2528 (5) found a better, legal, HPWL target of 0.512394, originally 1.153155.
20250731T134633.513 Agent C2541 (2) found a better, legal, HPWL target of 1.033371, originally 1.171662.
20250731T134810.150 Agent C2541 (2) found a better, legal, wirelength target of 0.637666, originally 0.674977.
20250731T134810.305 Agent C2541 (2) found a better, legal, HPWL target of 0.776875, originally 1.033371.
20250731T135623.613 Agent C2544 (7) found a better, legal, HPWL target of 0.758493, originally 1.495034.
20250731T140808.415 Agent C2575 (18) found a better, legal, wirelength target of 1.041819, originally 1.580752.
20250731T140855.453 Agent C2575 (18) found a better, legal, wirelength target of 1.018705, originally 1.041819.
20250731T141111.359 Agent C2575 (18) found a better, legal, wirelength target of 0.673618, originally 1.018705.
20250731T141156.206 Agent C2575 (18) found a better, legal, wirelength target of 0.570571, originally 0.673618.
20250731T142716.591 Agent C2530 (37) found a better, legal, wirelength target of 0.60143, originally 0.61816.
20250731T143953.684 Agent FL2334 (35) found a better, legal, wirelength target of 0.903264, originally 0.990716.
20250731T145130.230 Agent L2507 (10) found a better, legal, wirelength target of 0.619633, originally 1.679681.
20250731T145217.638 Agent L2507 (10) found a better, legal, wirelength target of 0.413084, originally 0.619633.
20250731T145416.805 Agent L2519 (28) found a better, legal, HPWL target of 7.457791, originally 7.630936.
20250731T145527.182 Agent C2583 (9) found a better, legal, HPWL target of 7.689292, originally 7.700795.
20250731T145707.818 Agent C2537 (13) found a better, legal, HPWL target of 5.970586, originally 5.987249.
20250731T145837.708 Agent C2583 (9) found a better, legal, HPWL target of 7.094632, originally 7.689292.
20250731T145901.736 Agent L2519 (28) found a better, legal, HPWL target of 7.399778, originally 7.457791.
20250731T145929.980 Agent C2537 (13) found a better, legal, HPWL target of 5.829214, originally 5.970586.
20250731T150100.483 Agent C2583 (9) found a better, legal, HPWL target of 6.976899, originally 7.094632.
20250731T150125.045 Agent L2519 (28) found a better, legal, HPWL target of 7.157963, originally 7.399778.
20250731T150213.158 Agent L2519 (28) found a better, legal, HPWL target of 7.118043, originally 7.157963.
20250731T150324.316 Agent C2583 (9) found a better, legal, HPWL target of 6.681807, originally 6.976899.
20250731T151006.653 Agent C2310 (30) found a better, legal, wirelength target of 0.92769, originally 1.08459.
20250731T151131.293 Agent C2528 (5) found a better, legal, wirelength target of 1.384762, originally 1.64838.
20250731T151154.775 Agent L2502 (23) found a better, legal, wirelength target of 0.502955, originally 1.32788.
20250731T151219.368 Agent C2528 (5) found a better, legal, wirelength target of 0.354278, originally 1.384762.
20250731T151235.043 Agent R2503 (17) found a better, legal, wirelength target of 0.232376, originally 0.394231.
20250731T151310.923 Agent C2509 (8) found a better, legal, HPWL target of 3.603847, originally 6.422531.
20250731T151530.971 Agent C2509 (8) found a better, legal, HPWL target of 3.321099, originally 3.603847.
20250731T152123.112 Agent C2539 (33) found a better, legal, wirelength target of 0.416979, originally 0.446585.
20250731T152131.436 Agent L2510 (3) found a better, legal, wirelength target of 0.457626, originally 0.646398.
20250731T152208.924 Agent C2539 (33) found a better, legal, wirelength target of 0.286946, originally 0.416979.
20250731T153540.564 Agent L2519 (28) found a better, legal, wirelength target of 0.448586, originally 0.532651.
20250731T153603.224 Agent C2583 (9) found a better, legal, wirelength target of 0.313796, originally 1.194552.
20250731T153714.957 Agent L2519 (28) found a better, legal, wirelength target of 0.326216, originally 0.448586.
20250731T153857.797 Agent C2310 (30) found a better, legal, HPWL target of 11.156442, originally 12.275607.
20250731T154338.340 Agent L2502 (23) found a better, legal, HPWL target of 13.189325, originally 14.483755.
20250731T155208.251 Agent L2507 (10) found a better, legal, HPWL target of 5.474178, originally 6.035193.
20250731T155212.188 Agent C2537 (13) found a better, legal, HPWL target of 5.66734, originally 5.829214.
20250731T155341.534 Agent L2507 (10) found a better, legal, HPWL target of 5.333903, originally 5.474178.
20250731T155447.408 Agent C2540 (26) found a better, legal, wirelength target of 1.387337, originally 1.483856.
20250731T155814.859 Agent L2507 (10) found a better, legal, HPWL target of 4.474782, originally 5.333903.
20250731T155818.468 Agent C2537 (13) found a better, legal, HPWL target of 4.305766, originally 5.66734.
20250731T155945.172 Agent L2507 (10) found a better, legal, HPWL target of 4.167692, originally 4.474782.
20250731T160029.608 Agent L2507 (10) found a better, legal, HPWL target of 3.889478, originally 4.167692.
20250731T160033.420 Agent C2537 (13) found a better, legal, HPWL target of 3.54216, originally 4.305766.
20250731T160115.198 Agent L2507 (10) found a better, legal, HPWL target of 3.171314, originally 3.889478.
20250731T160118.972 Agent C2537 (13) found a better, legal, HPWL target of 2.925411, originally 3.54216.
20250731T160246.533 Agent L2507 (10) found a better, legal, HPWL target of 3.159766, originally 3.171314.
20250731T160250.331 Agent C2537 (13) found a better, legal, HPWL target of 2.911081, originally 2.925411.
20250731T160331.727 Agent L2507 (10) found a better, legal, HPWL target of 3.106412, originally 3.159766.
20250731T160416.368 Agent L2507 (10) found a better, legal, HPWL target of 2.613001, originally 3.106412.
20250731T160545.388 Agent L2507 (10) found a better, legal, HPWL target of 2.357445, originally 2.613001.
20250731T160549.342 Agent C2537 (13) found a better, legal, HPWL target of 2.835522, originally 2.911081.
20250731T161421.076 Agent C2508 (32) found a better, legal, wirelength target of 0.668235, originally 0.846248.
20250731T161501.727 Agent FL2504 (29) found a better, legal, wirelength target of 2.888042, originally 3.083669.
20250731T161505.424 Agent C2508 (32) found a better, legal, wirelength target of 0.397269, originally 0.668235.
20250731T161547.161 Agent FL2504 (29) found a better, legal, wirelength target of 2.335127, originally 2.888042.
20250731T161853.828 Agent C2508 (32) found a better, legal, wirelength target of 0.315271, originally 0.397269.
20250731T162238.983 Agent C2540 (26) found a better, legal, wirelength target of 1.35473, originally 1.387337.
20250731T162326.793 Agent C2540 (26) found a better, legal, wirelength target of 1.274896, originally 1.35473.
20250731T162458.066 Agent C2540 (26) found a better, legal, wirelength target of 0.762902, originally 1.274896.
20250731T162837.736 Agent L2508 (27) found a better, legal, wirelength target of 0.871155, originally 0.914255.
20250731T162843.040 Agent C2530 (37) found a better, legal, wirelength target of 0.468821, originally 0.60143.
20250731T162901.295 Agent L2508 (27) found a better, legal, wirelength target of 0.557606, originally 0.871155.
20250731T162923.147 Agent L2508 (27) found a better, legal, wirelength target of 0.326987, originally 0.557606.
20250731T163420.182 Agent L2502 (23) found a better, legal, HPWL target of 11.444893, originally 13.189325.
20250731T163632.040 Agent C2524 (16) found a better, legal, wirelength target of 0.886647, originally 1.270084.
20250731T164537.145 Agent C2540 (26) found a better, legal, HPWL target of 4.293915, originally 4.587772.
20250731T164546.354 Agent L2511 (4) found a better, legal, wirelength target of 0.328429, originally 0.498132.
