20250731T003030.421 Agent C2504 (0) found a better, legal, wirelength target of 2.827353, originally 1000000.0.
20250731T003030.973 Agent C2507 (1) found a better, legal, wirelength target of 1.358141, originally 1000000.0.
20250731T003032.100 Agent L2510 (3) found a better, legal, wirelength target of 7.636921, originally 1000000.0.
20250731T003033.221 Agent C2528 (5) found a better, legal, wirelength target of 16.842155, originally 1000000.0.
20250731T003033.790 Agent C2305 (6) found a better, legal, wirelength target of 6.825084, originally 1000000.0.
20250731T003034.389 Agent C2544 (7) found a better, legal, wirelength target of 7.767388, originally 1000000.0.
20250731T003034.981 Agent C2509 (8) found a better, legal, wirelength target of 1.31381, originally 1000000.0.
20250731T003036.137 Agent L2507 (10) found a better, legal, wirelength target of 3.780121, originally 1000000.0.
20250731T003036.742 Agent C2502 (11) found a better, legal, wirelength target of 0.0, originally 1000000.0.
20250731T003037.972 Agent C2537 (13) found a better, legal, wirelength target of 4.012648, originally 1000000.0.
20250731T003038.566 Agent R2302 (14) found a better, legal, wirelength target of 0.0, originally 1000000.0.
20250731T003039.176 Agent C2523 (15) found a better, legal, wirelength target of 9.249733, originally 1000000.0.
20250731T003040.438 Agent R2503 (17) found a better, legal, wirelength target of 0.597525, originally 1000000.0.
20250731T003041.051 Agent C2575 (18) found a better, legal, wirelength target of 9.13797, originally 1000000.0.
20250731T003042.331 Agent FL2503 (20) found a better, legal, wirelength target of 13.653356, originally 1000000.0.
20250731T003042.936 Agent C2503 (21) found a better, legal, wirelength target of 4.372569, originally 1000000.0.
20250731T003043.554 Agent R2521 (22) found a better, legal, wirelength target of 4.275397, originally 1000000.0.
20250731T003044.773 Agent L2304 (24) found a better, legal, wirelength target of 9.621529, originally 1000000.0.
20250731T003045.959 Agent C2540 (26) found a better, legal, wirelength target of 5.656119, originally 1000000.0.
20250731T003046.560 Agent L2508 (27) found a better, legal, wirelength target of 6.078502, originally 1000000.0.
20250731T003048.415 Agent C2310 (30) found a better, legal, wirelength target of 6.289874, originally 1000000.0.
20250731T003049.037 Agent U2301 (31) found a better, legal, wirelength target of 25.958809, originally 1000000.0.
20250731T003049.634 Agent C2508 (32) found a better, legal, wirelength target of 2.446544, originally 1000000.0.
20250731T003050.834 Agent FL2334 (35) found a better, legal, wirelength target of 4.839452, originally 1000000.0.
20250731T003051.443 Agent C2353 (36) found a better, legal, wirelength target of 4.701126, originally 1000000.0.
20250731T003052.680 Agent C2504 (0) found a better, legal, wirelength target of 2.665044, originally 2.827353.
20250731T003057.716 Agent C2509 (8) found a better, legal, wirelength target of 0.585495, originally 1.31381.
20250731T003058.974 Agent L2507 (10) found a better, legal, wirelength target of 3.733366, originally 3.780121.
20250731T003100.895 Agent C2537 (13) found a better, legal, wirelength target of 3.770049, originally 4.012648.
20250731T003105.176 Agent FL2503 (20) found a better, legal, wirelength target of 12.638693, originally 13.653356.
20250731T003107.623 Agent L2304 (24) found a better, legal, wirelength target of 9.124979, originally 9.621529.
20250731T003108.863 Agent C2540 (26) found a better, legal, wirelength target of 5.514656, originally 5.656119.
20250731T003112.583 Agent C2508 (32) found a better, legal, wirelength target of 2.344171, originally 2.446544.
20250731T003113.840 Agent FL2334 (35) found a better, legal, wirelength target of 4.200675, originally 4.839452.
20250731T003115.686 Agent C2504 (0) found a better, legal, wirelength target of 2.329413, originally 2.665044.
20250731T003116.915 Agent C2541 (2) found a better, legal, wirelength target of 7.471823, originally 1000000.0.
20250731T003119.474 Agent C2305 (6) found a better, legal, wirelength target of 6.442595, originally 6.825084.
20250731T003121.398 Agent C2583 (9) found a better, legal, wirelength target of 3.292679, originally 1000000.0.
20250731T003123.264 Agent C2354 (12) found a better, legal, wirelength target of 4.556813, originally 1000000.0.
20250731T003126.301 Agent R2503 (17) found a better, legal, wirelength target of 0.394231, originally 0.597525.
20250731T003127.547 Agent C2308 (19) found a better, legal, wirelength target of 0.0, originally 1000000.0.
20250731T003128.175 Agent FL2503 (20) found a better, legal, wirelength target of 11.957502, originally 12.638693.
20250731T003129.404 Agent R2521 (22) found a better, legal, wirelength target of 4.022369, originally 4.275397.
20250731T003131.993 Agent C2540 (26) found a better, legal, wirelength target of 5.486159, originally 5.514656.
20250731T003132.629 Agent L2508 (27) found a better, legal, wirelength target of 5.389208, originally 6.078502.
20250731T003135.290 Agent U2301 (31) found a better, legal, wirelength target of 25.143398, originally 25.958809.
20250731T003138.410 Agent C2353 (36) found a better, legal, wirelength target of 4.238755, originally 4.701126.
20250731T003140.290 Agent C2504 (0) found a better, legal, wirelength target of 2.302161, originally 2.329413.
20250731T003141.344 Agent C2507 (1) found a better, legal, wirelength target of 1.293284, originally 1.358141.
20250731T003147.751 Agent C2305 (6) found a better, legal, wirelength target of 6.273764, originally 6.442595.
20250731T003150.447 Agent C2509 (8) found a better, legal, wirelength target of 0.480331, originally 0.585495.
20250731T003155.869 Agent C2354 (12) found a better, legal, wirelength target of 4.263072, originally 4.556813.
20250731T003212.615 Agent L2304 (24) found a better, legal, wirelength target of 8.910987, originally 9.124979.
20250731T003216.634 Agent L2508 (27) found a better, legal, wirelength target of 5.01441, originally 5.389208.
20250731T003222.176 Agent U2301 (31) found a better, legal, wirelength target of 24.887036, originally 25.143398.
20250731T003228.058 Agent C2353 (36) found a better, legal, wirelength target of 4.233362, originally 4.238755.
20250731T003232.457 Agent C2507 (1) found a better, legal, wirelength target of 1.256047, originally 1.293284.
20250731T003239.754 Agent C2305 (6) found a better, legal, wirelength target of 5.484473, originally 6.273764.
20250731T003241.304 Agent C2544 (7) found a better, legal, wirelength target of 7.67281, originally 7.767388.
20250731T003248.206 Agent C2354 (12) found a better, legal, wirelength target of 3.689627, originally 4.263072.
20250731T003253.642 Agent C2524 (16) found a better, legal, wirelength target of 8.565458, originally 1000000.0.
20250731T003312.386 Agent FL2504 (29) found a better, legal, wirelength target of 7.788861, originally 1000000.0.
20250731T003313.764 Agent C2310 (30) found a better, legal, wirelength target of 5.782491, originally 6.289874.
20250731T003316.570 Agent C2508 (32) found a better, legal, wirelength target of 2.160346, originally 2.344171.
20250731T003320.752 Agent C2353 (36) found a better, legal, wirelength target of 3.287799, originally 4.233362.
20250731T003323.536 Agent C2504 (0) found a better, legal, wirelength target of 2.133497, originally 2.302161.
20250731T003333.377 Agent C2544 (7) found a better, legal, wirelength target of 7.633099, originally 7.67281.
20250731T003340.320 Agent C2354 (12) found a better, legal, wirelength target of 3.535556, originally 3.689627.
20250731T003344.476 Agent C2523 (15) found a better, legal, wirelength target of 8.780025, originally 9.249733.
20250731T003345.900 Agent C2524 (16) found a better, legal, wirelength target of 8.375516, originally 8.565458.
20250731T003353.057 Agent C2503 (21) found a better, legal, wirelength target of 3.863855, originally 4.372569.
20250731T003357.471 Agent L2304 (24) found a better, legal, wirelength target of 8.805525, originally 8.910987.
20250731T003401.643 Agent L2508 (27) found a better, legal, wirelength target of 4.296682, originally 5.01441.
20250731T003404.423 Agent FL2504 (29) found a better, legal, wirelength target of 7.687234, originally 7.788861.
20250731T003407.110 Agent U2301 (31) found a better, legal, wirelength target of 24.388424, originally 24.887036.
20250731T003417.150 Agent C2507 (1) found a better, legal, wirelength target of 1.221034, originally 1.256047.
20250731T003503.004 Agent FL2334 (35) found a better, legal, wirelength target of 3.967643, originally 4.200675.
20250731T003544.066 Agent C2540 (26) found a better, legal, wirelength target of 5.378193, originally 5.486159.
20250731T003603.916 Agent L2510 (3) found a better, legal, wirelength target of 7.382045, originally 7.636921.
20250731T003612.784 Agent L2510 (3) found a better, legal, wirelength target of 5.402168, originally 7.382045.
20250731T003614.275 Agent L2511 (4) found a better, legal, wirelength target of 4.479187, originally 1000000.0.
20250731T003631.647 Agent C2524 (16) found a better, legal, wirelength target of 5.837156, originally 8.375516.
20250731T003640.116 Agent R2521 (22) found a better, legal, wirelength target of 0.706144, originally 4.022369.
20250731T003641.458 Agent L2502 (23) found a better, legal, wirelength target of 11.36425, originally 1000000.0.
20250731T003648.844 Agent L2519 (28) found a better, legal, wirelength target of 4.452127, originally 1000000.0.
20250731T003655.940 Agent C2539 (33) found a better, legal, wirelength target of 4.108775, originally 1000000.0.
20250731T003658.597 Agent C2353 (36) found a better, legal, wirelength target of 2.81728, originally 3.287799.
20250731T003707.010 Agent L2511 (4) found a better, legal, wirelength target of 4.44445, originally 4.479187.
20250731T003722.682 Agent C2523 (15) found a better, legal, wirelength target of 5.67483, originally 8.780025.
20250731T003724.240 Agent C2524 (16) found a better, legal, wirelength target of 5.478241, originally 5.837156.
20250731T003741.635 Agent L2519 (28) found a better, legal, wirelength target of 4.175054, originally 4.452127.
20250731T003748.928 Agent C2539 (33) found a better, legal, wirelength target of 3.881101, originally 4.108775.
20250731T003751.753 Agent C2353 (36) found a better, legal, wirelength target of 2.054951, originally 2.81728.
20250731T003759.102 Agent L2510 (3) found a better, legal, wirelength target of 5.190751, originally 5.402168.
20250731T003817.670 Agent C2524 (16) found a better, legal, wirelength target of 5.276298, originally 5.478241.
20250731T003842.449 Agent C2539 (33) found a better, legal, wirelength target of 3.502569, originally 3.881101.
20250731T003845.567 Agent C2353 (36) found a better, legal, wirelength target of 1.738177, originally 2.054951.
20250731T003928.551 Agent L2519 (28) found a better, legal, wirelength target of 4.15222, originally 4.175054.
20250731T003947.228 Agent L2511 (4) found a better, legal, wirelength target of 4.401262, originally 4.44445.
20250731T004050.639 Agent C2354 (12) found a better, legal, wirelength target of 2.769128, originally 3.535556.
20250731T004241.471 Agent C2524 (16) found a better, legal, wirelength target of 4.99108, originally 5.276298.
20250731T004308.417 Agent C2353 (36) found a better, legal, wirelength target of 1.633556, originally 1.738177.
20250731T004333.380 Agent C2524 (16) found a better, legal, wirelength target of 4.755424, originally 4.99108.
20250731T004431.832 Agent FL2503 (20) found a better, legal, wirelength target of 7.311589, originally 11.957502.
20250731T004513.030 Agent C2354 (12) found a better, legal, wirelength target of 1.617941, originally 2.769128.
20250731T004514.555 Agent C2537 (13) found a better, legal, wirelength target of 0.724615, originally 3.770049.
20250731T004524.520 Agent FL2503 (20) found a better, legal, wirelength target of 6.929961, originally 7.311589.
20250731T004542.877 Agent C2539 (33) found a better, legal, wirelength target of 3.422352, originally 3.502569.
20250731T004606.873 Agent C2537 (13) found a better, legal, wirelength target of 0.571132, originally 0.724615.
20250731T004717.509 Agent R2515 (25) found a better, legal, wirelength target of 15.825963, originally 1000000.0.
20250731T004901.352 Agent R2515 (25) found a better, legal, wirelength target of 15.462731, originally 15.825963.
20250731T005054.454 Agent U2301 (31) found a better, legal, wirelength target of 23.864107, originally 24.388424.
20250731T005120.710 Agent C2354 (12) found a better, legal, wirelength target of 1.30032, originally 1.617941.
20250731T005152.142 Agent C2353 (36) found a better, legal, wirelength target of 1.517409, originally 1.633556.
20250731T005204.241 Agent L2510 (3) found a better, legal, wirelength target of 4.703742, originally 5.190751.
20250731T005206.947 Agent C2528 (5) found a better, legal, wirelength target of 3.562386, originally 16.842155.
20250731T005208.279 Agent C2305 (6) found a better, legal, wirelength target of 1.435709, originally 5.484473.
20250731T005209.658 Agent C2544 (7) found a better, legal, wirelength target of 4.250752, originally 7.633099.
20250731T005231.683 Agent L2502 (23) found a better, legal, wirelength target of 3.796294, originally 11.36425.
20250731T005235.937 Agent C2540 (26) found a better, legal, wirelength target of 4.447801, originally 5.378193.
20250731T005242.833 Agent U2301 (31) found a better, legal, wirelength target of 16.975521, originally 23.864107.
20250731T005258.650 Agent C2305 (6) found a better, legal, wirelength target of 0.670832, originally 1.435709.
20250731T005259.901 Agent C2544 (7) found a better, legal, wirelength target of 3.497302, originally 4.250752.
20250731T005311.084 Agent C2523 (15) found a better, legal, wirelength target of 2.104458, originally 5.67483.
20250731T005325.910 Agent C2540 (26) found a better, legal, wirelength target of 4.019395, originally 4.447801.
20250731T005332.831 Agent U2301 (31) found a better, legal, wirelength target of 16.798334, originally 16.975521.
20250731T005344.902 Agent L2510 (3) found a better, legal, wirelength target of 4.328815, originally 4.703742.
20250731T005415.973 Agent C2540 (26) found a better, legal, wirelength target of 3.968812, originally 4.019395.
20250731T005435.492 Agent L2510 (3) found a better, legal, wirelength target of 4.221444, originally 4.328815.
20250731T005440.802 Agent C2544 (7) found a better, legal, wirelength target of 3.309444, originally 3.497302.
20250731T005513.818 Agent U2301 (31) found a better, legal, wirelength target of 16.690766, originally 16.798334.
20250731T005624.054 Agent C2544 (7) found a better, legal, wirelength target of 3.228594, originally 3.309444.
20250731T005700.064 Agent C2541 (2) found a better, legal, wirelength target of 6.315367, originally 7.471823.
20250731T005702.848 Agent L2511 (4) found a better, legal, wirelength target of 3.006374, originally 4.401262.
20250731T005722.175 Agent C2575 (18) found a better, legal, wirelength target of 9.07929, originally 9.13797.
20250731T005730.554 Agent L2304 (24) found a better, legal, wirelength target of 3.185171, originally 8.805525.
20250731T005740.194 Agent U2301 (31) found a better, legal, wirelength target of 13.416297, originally 16.690766.
20250731T005744.431 Agent FL2334 (35) found a better, legal, wirelength target of 1.714144, originally 3.967643.
20250731T005747.071 Agent C2530 (37) found a better, legal, wirelength target of 4.747279, originally 1000000.0.
20250731T005751.395 Agent C2541 (2) found a better, legal, wirelength target of 5.913161, originally 6.315367.
20250731T005821.281 Agent L2304 (24) found a better, legal, wirelength target of 2.364897, originally 3.185171.
20250731T005831.072 Agent U2301 (31) found a better, legal, wirelength target of 13.319935, originally 13.416297.
20250731T005922.066 Agent U2301 (31) found a better, legal, wirelength target of 11.829634, originally 13.319935.
20250731T005929.178 Agent C2530 (37) found a better, legal, wirelength target of 3.808239, originally 4.747279.
20250731T005933.267 Agent C2541 (2) found a better, legal, wirelength target of 5.28606, originally 5.913161.
20250731T005944.438 Agent L2511 (4) found a better, legal, wirelength target of 1.025542, originally 3.006374.
20250731T005948.445 Agent C2544 (7) found a better, legal, wirelength target of 2.863488, originally 3.228594.
20250731T010007.524 Agent C2503 (21) found a better, legal, wirelength target of 2.19702, originally 3.863855.
20250731T010012.817 Agent R2515 (25) found a better, legal, wirelength target of 3.094288, originally 15.462731.
20250731T010023.497 Agent C2539 (33) found a better, legal, wirelength target of 2.752126, originally 3.422352.
20250731T010038.029 Agent C2544 (7) found a better, legal, wirelength target of 2.70198, originally 2.863488.
20250731T010256.220 Agent C2539 (33) found a better, legal, wirelength target of 2.404823, originally 2.752126.
20250731T010347.796 Agent C2539 (33) found a better, legal, wirelength target of 2.044837, originally 2.404823.
20250731T010450.402 Agent C2541 (2) found a better, legal, wirelength target of 4.354709, originally 5.28606.
20250731T010517.701 Agent C2503 (21) found a better, legal, wirelength target of 1.942591, originally 2.19702.
20250731T010539.803 Agent C2530 (37) found a better, legal, wirelength target of 3.656434, originally 3.808239.
20250731T010544.448 Agent C2541 (2) found a better, legal, wirelength target of 4.283402, originally 4.354709.
20250731T010817.302 Agent C2539 (33) found a better, legal, wirelength target of 1.54611, originally 2.044837.
20250731T011026.326 Agent C2503 (21) found a better, legal, wirelength target of 1.272482, originally 1.942591.
20250731T011034.376 Agent L2508 (27) found a better, legal, wirelength target of 3.600182, originally 4.296682.
20250731T011038.758 Agent C2310 (30) found a better, legal, wirelength target of 3.240404, originally 5.782491.
20250731T011116.903 Agent C2503 (21) found a better, legal, wirelength target of 0.868878, originally 1.272482.
20250731T011124.805 Agent L2508 (27) found a better, legal, wirelength target of 3.381364, originally 3.600182.
20250731T011129.101 Agent C2310 (30) found a better, legal, wirelength target of 3.070167, originally 3.240404.
20250731T011211.443 Agent L2304 (24) found a better, legal, wirelength target of 1.292336, originally 2.364897.
20250731T011219.498 Agent C2310 (30) found a better, legal, wirelength target of 2.66153, originally 3.070167.
20250731T011257.771 Agent C2503 (21) found a better, legal, wirelength target of 0.449622, originally 0.868878.
20250731T011301.900 Agent L2304 (24) found a better, legal, wirelength target of 0.923819, originally 1.292336.
20250731T011311.035 Agent U2301 (31) found a better, legal, wirelength target of 3.074047, originally 11.829634.
20250731T011427.655 Agent C2544 (7) found a better, legal, wirelength target of 2.044685, originally 2.70198.
20250731T011431.445 Agent L2507 (10) found a better, legal, wirelength target of 2.924125, originally 3.733366.
20250731T011451.763 Agent R2515 (25) found a better, legal, wirelength target of 2.541737, originally 3.094288.
20250731T011455.842 Agent L2519 (28) found a better, legal, wirelength target of 3.025536, originally 4.15222.
20250731T011506.629 Agent C2530 (37) found a better, legal, wirelength target of 3.41256, originally 3.656434.
20250731T011512.149 Agent L2510 (3) found a better, legal, wirelength target of 1.210127, originally 4.221444.
20250731T011521.447 Agent L2507 (10) found a better, legal, wirelength target of 2.422491, originally 2.924125.
20250731T011622.373 Agent C2575 (18) found a better, legal, wirelength target of 1.648959, originally 9.07929.
20250731T011651.984 Agent L2510 (3) found a better, legal, wirelength target of 1.133913, originally 1.210127.
20250731T011712.469 Agent C2575 (18) found a better, legal, wirelength target of 1.580752, originally 1.648959.
20250731T011722.056 Agent R2515 (25) found a better, legal, wirelength target of 2.275084, originally 2.541737.
20250731T011831.387 Agent C2524 (16) found a better, legal, wirelength target of 4.658171, originally 4.755424.
20250731T011845.610 Agent C2540 (26) found a better, legal, wirelength target of 2.54401, originally 3.968812.
20250731T011847.056 Agent L2508 (27) found a better, legal, wirelength target of 2.776894, originally 3.381364.
20250731T011848.416 Agent L2519 (28) found a better, legal, wirelength target of 2.984793, originally 3.025536.
20250731T011939.424 Agent L2508 (27) found a better, legal, wirelength target of 2.57984, originally 2.776894.
20250731T012031.387 Agent C2540 (26) found a better, legal, wirelength target of 2.133911, originally 2.54401.
20250731T012154.756 Agent L2507 (10) found a better, legal, wirelength target of 2.325744, originally 2.422491.
20250731T012310.715 Agent C2540 (26) found a better, legal, wirelength target of 1.679941, originally 2.133911.
20250731T012340.092 Agent L2507 (10) found a better, legal, wirelength target of 1.924895, originally 2.325744.
20250731T012403.366 Agent C2540 (26) found a better, legal, wirelength target of 1.62287, originally 1.679941.
20250731T012433.471 Agent L2507 (10) found a better, legal, wirelength target of 1.884318, originally 1.924895.
20250731T012456.729 Agent C2540 (26) found a better, legal, wirelength target of 1.491881, originally 1.62287.
20250731T012526.472 Agent L2507 (10) found a better, legal, wirelength target of 1.679681, originally 1.884318.
20250731T012549.314 Agent C2540 (26) found a better, legal, wirelength target of 1.483856, originally 1.491881.
20250731T012653.511 Agent FL2334 (35) found a better, legal, wirelength target of 1.516235, originally 1.714144.
20250731T012813.379 Agent C2523 (15) found a better, legal, wirelength target of 1.577227, originally 2.104458.
20250731T012824.809 Agent L2502 (23) found a better, legal, wirelength target of 3.291452, originally 3.796294.
20250731T012840.559 Agent FL2334 (35) found a better, legal, wirelength target of 1.118823, originally 1.516235.
20250731T012906.362 Agent C2523 (15) found a better, legal, wirelength target of 1.49852, originally 1.577227.
20250731T012917.877 Agent L2502 (23) found a better, legal, wirelength target of 2.964721, originally 3.291452.
20250731T012959.617 Agent C2523 (15) found a better, legal, wirelength target of 1.482134, originally 1.49852.
20250731T013011.153 Agent L2502 (23) found a better, legal, wirelength target of 2.876774, originally 2.964721.
20250731T013053.626 Agent C2523 (15) found a better, legal, wirelength target of 1.408741, originally 1.482134.
20250731T013339.750 Agent C2523 (15) found a better, legal, wirelength target of 1.293872, originally 1.408741.
20250731T013739.477 Agent C2508 (32) found a better, legal, wirelength target of 2.016256, originally 2.160346.
20250731T014327.931 Agent C2541 (2) found a better, legal, wirelength target of 4.172463, originally 4.283402.
20250731T014404.881 Agent L2519 (28) found a better, legal, wirelength target of 2.563162, originally 2.984793.
20250731T014419.712 Agent C2541 (2) found a better, legal, wirelength target of 4.102996, originally 4.172463.
20250731T014509.589 Agent C2530 (37) found a better, legal, wirelength target of 1.121981, originally 3.41256.
20250731T014604.194 Agent C2530 (37) found a better, legal, wirelength target of 0.893008, originally 1.121981.
20250731T014746.317 Agent C2508 (32) found a better, legal, wirelength target of 1.053284, originally 2.016256.
20250731T014942.605 Agent C2530 (37) found a better, legal, wirelength target of 0.843483, originally 0.893008.
20250731T015034.198 Agent C2508 (32) found a better, legal, wirelength target of 0.846248, originally 1.053284.
20250731T015040.567 Agent C2530 (37) found a better, legal, wirelength target of 0.61816, originally 0.843483.
20250731T015139.630 Agent C2541 (2) found a better, legal, wirelength target of 4.078927, originally 4.102996.
20250731T015226.976 Agent FL2334 (35) found a better, legal, wirelength target of 0.990716, originally 1.118823.
20250731T015326.458 Agent FL2504 (29) found a better, legal, wirelength target of 5.96984, originally 7.687234.
20250731T020421.895 Agent C2504 (0) found a better, legal, wirelength target of 1.77547, originally 2.133497.
20250731T020445.054 Agent C2524 (16) found a better, legal, wirelength target of 2.667204, originally 4.658171.
20250731T020516.131 Agent C2504 (0) found a better, legal, wirelength target of 1.190818, originally 1.77547.
20250731T020539.986 Agent C2524 (16) found a better, legal, wirelength target of 2.562517, originally 2.667204.
20250731T020924.386 Agent C2524 (16) found a better, legal, wirelength target of 2.398162, originally 2.562517.
20250731T021614.671 Agent C2528 (5) found a better, legal, wirelength target of 2.011287, originally 3.562386.
20250731T021640.779 Agent L2502 (23) found a better, legal, wirelength target of 1.707579, originally 2.876774.
20250731T021646.665 Agent L2508 (27) found a better, legal, wirelength target of 1.779826, originally 2.57984.
20250731T021802.809 Agent C2528 (5) found a better, legal, wirelength target of 1.720125, originally 2.011287.
20250731T021829.643 Agent L2502 (23) found a better, legal, wirelength target of 1.344978, originally 1.707579.
20250731T021857.480 Agent C2528 (5) found a better, legal, wirelength target of 1.64838, originally 1.720125.
20250731T021929.774 Agent L2508 (27) found a better, legal, wirelength target of 1.469738, originally 1.779826.
20250731T022016.774 Agent L2502 (23) found a better, legal, wirelength target of 1.32788, originally 1.344978.
20250731T022116.388 Agent L2508 (27) found a better, legal, wirelength target of 1.208598, originally 1.469738.
20250731T022324.705 Agent C2544 (7) found a better, legal, wirelength target of 1.858471, originally 2.044685.
20250731T022349.948 Agent R2515 (25) found a better, legal, wirelength target of 1.996895, originally 2.275084.
20250731T022442.543 Agent R2515 (25) found a better, legal, wirelength target of 1.821714, originally 1.996895.
20250731T022450.131 Agent C2310 (30) found a better, legal, wirelength target of 1.08459, originally 2.66153.
20250731T022511.026 Agent C2544 (7) found a better, legal, wirelength target of 1.538371, originally 1.858471.
20250731T022537.976 Agent R2515 (25) found a better, legal, wirelength target of 1.782209, originally 1.821714.
20250731T022606.385 Agent C2544 (7) found a better, legal, wirelength target of 1.26293, originally 1.538371.
20250731T022633.378 Agent R2515 (25) found a better, legal, wirelength target of 1.510479, originally 1.782209.
20250731T022823.803 Agent R2515 (25) found a better, legal, wirelength target of 0.534002, originally 1.510479.
20250731T022949.595 Agent C2544 (7) found a better, legal, wirelength target of 1.060641, originally 1.26293.
20250731T023044.759 Agent C2544 (7) found a better, legal, wirelength target of 0.632978, originally 1.060641.
20250731T023431.216 Agent C2583 (9) found a better, legal, wirelength target of 3.040079, originally 3.292679.
20250731T023507.867 Agent C2539 (33) found a better, legal, wirelength target of 1.18821, originally 1.54611.
20250731T023527.321 Agent C2583 (9) found a better, legal, wirelength target of 2.908918, originally 3.040079.
20250731T023622.294 Agent C2583 (9) found a better, legal, wirelength target of 2.888393, originally 2.908918.
20250731T023718.277 Agent C2583 (9) found a better, legal, wirelength target of 2.640935, originally 2.888393.
20250731T023812.962 Agent C2583 (9) found a better, legal, wirelength target of 2.519805, originally 2.640935.
20250731T023908.230 Agent C2583 (9) found a better, legal, wirelength target of 2.518215, originally 2.519805.
20250731T023942.323 Agent C2524 (16) found a better, legal, wirelength target of 1.646116, originally 2.398162.
20250731T024034.186 Agent C2524 (16) found a better, legal, wirelength target of 1.270084, originally 1.646116.
20250731T024335.383 Agent C2504 (0) found a better, legal, wirelength target of 1.176428, originally 1.190818.
20250731T024407.205 Agent R2521 (22) found a better, legal, wirelength target of 0.647227, originally 0.706144.
20250731T024428.651 Agent C2504 (0) found a better, legal, wirelength target of 0.908219, originally 1.176428.
20250731T024521.485 Agent C2504 (0) found a better, legal, wirelength target of 0.825384, originally 0.908219.
20250731T024554.913 Agent R2521 (22) found a better, legal, wirelength target of 0.547651, originally 0.647227.
20250731T024617.003 Agent C2504 (0) found a better, legal, wirelength target of 0.451876, originally 0.825384.
20250731T024621.537 Agent L2510 (3) found a better, legal, wirelength target of 0.646398, originally 1.133913.
20250731T024946.976 Agent L2519 (28) found a better, legal, wirelength target of 2.203323, originally 2.563162.
20250731T025220.850 Agent R2521 (22) found a better, legal, wirelength target of 0.517499, originally 0.547651.
20250731T025439.739 Agent C2583 (9) found a better, legal, wirelength target of 1.604804, originally 2.518215.
20250731T025648.341 Agent R2521 (22) found a better, legal, wirelength target of 0.33989, originally 0.517499.
20250731T025821.219 Agent C2583 (9) found a better, legal, wirelength target of 1.194552, originally 1.604804.
20250731T031908.615 Agent L2508 (27) found a better, legal, wirelength target of 1.062507, originally 1.208598.
20250731T032754.148 Agent L2511 (4) found a better, legal, wirelength target of 0.498132, originally 1.025542.
20250731T040719.277 Agent FL2504 (29) found a better, legal, wirelength target of 3.787646, originally 5.96984.
20250731T040816.379 Agent FL2504 (29) found a better, legal, wirelength target of 3.703244, originally 3.787646.
20250731T040825.347 Agent C2353 (36) found a better, legal, wirelength target of 0.852877, originally 1.517409.
20250731T040846.482 Agent C2354 (12) found a better, legal, wirelength target of 1.219073, originally 1.30032.
20250731T040942.683 Agent C2354 (12) found a better, legal, wirelength target of 1.210052, originally 1.219073.
20250731T041036.981 Agent C2354 (12) found a better, legal, wirelength target of 0.758536, originally 1.210052.
20250731T041156.865 Agent FL2504 (29) found a better, legal, wirelength target of 3.69602, originally 3.703244.
20250731T041226.729 Agent C2354 (12) found a better, legal, wirelength target of 0.381024, originally 0.758536.
20250731T041251.201 Agent FL2504 (29) found a better, legal, wirelength target of 3.687599, originally 3.69602.
20250731T041259.942 Agent C2353 (36) found a better, legal, wirelength target of 0.381282, originally 0.852877.
20250731T041319.561 Agent C2354 (12) found a better, legal, wirelength target of 0.197659, originally 0.381024.
20250731T041437.043 Agent FL2504 (29) found a better, legal, wirelength target of 3.083669, originally 3.687599.
20250731T041835.466 Agent C2541 (2) found a better, legal, wirelength target of 3.378315, originally 4.078927.
20250731T044049.651 Agent C2539 (33) found a better, legal, wirelength target of 1.017897, originally 1.18821.
20250731T044524.356 Agent L2519 (28) found a better, legal, wirelength target of 1.396264, originally 2.203323.
20250731T044759.827 Agent L2508 (27) found a better, legal, wirelength target of 0.914255, originally 1.062507.
20250731T044853.093 Agent L2519 (28) found a better, legal, wirelength target of 0.948216, originally 1.396264.
20250731T044949.143 Agent L2519 (28) found a better, legal, wirelength target of 0.532651, originally 0.948216.
20250731T045105.807 Agent C2507 (1) found a better, legal, wirelength target of 0.873297, originally 1.221034.
20250731T045107.428 Agent C2541 (2) found a better, legal, wirelength target of 2.59557, originally 3.378315.
20250731T045204.488 Agent C2541 (2) found a better, legal, wirelength target of 2.47361, originally 2.59557.
20250731T045250.829 Agent C2539 (33) found a better, legal, wirelength target of 0.682597, originally 1.017897.
20250731T045259.389 Agent C2541 (2) found a better, legal, wirelength target of 2.406928, originally 2.47361.
20250731T045345.274 Agent C2539 (33) found a better, legal, wirelength target of 0.446585, originally 0.682597.
20250731T045353.947 Agent C2541 (2) found a better, legal, wirelength target of 2.086511, originally 2.406928.
20250731T045447.117 Agent C2541 (2) found a better, legal, wirelength target of 2.059795, originally 2.086511.
20250731T045540.860 Agent C2541 (2) found a better, legal, wirelength target of 1.957419, originally 2.059795.
20250731T045728.687 Agent C2507 (1) found a better, legal, wirelength target of 0.793877, originally 0.873297.
20250731T045730.259 Agent C2541 (2) found a better, legal, wirelength target of 1.636136, originally 1.957419.
20250731T050011.204 Agent C2541 (2) found a better, legal, wirelength target of 1.45322, originally 1.636136.
20250731T050254.348 Agent C2507 (1) found a better, legal, wirelength target of 0.525194, originally 0.793877.
20250731T050447.302 Agent C2541 (2) found a better, legal, wirelength target of 1.185122, originally 1.45322.
20250731T050542.911 Agent C2541 (2) found a better, legal, wirelength target of 0.855175, originally 1.185122.
20250731T050734.881 Agent C2541 (2) found a better, legal, wirelength target of 0.674977, originally 0.855175.
20250731T052031.170 Agent C2541 (2) found a better, legal, wirelength target of 0.637666, originally 0.674977.
20250731T054258.594 Agent C2575 (18) found a better, legal, wirelength target of 1.041819, originally 1.580752.
20250731T054353.119 Agent C2575 (18) found a better, legal, wirelength target of 1.018705, originally 1.041819.
20250731T054641.525 Agent C2575 (18) found a better, legal, wirelength target of 0.673618, originally 1.018705.
20250731T054737.147 Agent C2575 (18) found a better, legal, wirelength target of 0.570571, originally 0.673618.
20250731T060514.620 Agent C2530 (37) found a better, legal, wirelength target of 0.60143, originally 0.61816.
20250731T062018.264 Agent FL2334 (35) found a better, legal, wirelength target of 0.903264, originally 0.990716.
20250731T063408.014 Agent L2507 (10) found a better, legal, wirelength target of 0.619633, originally 1.679681.
20250731T063503.239 Agent L2507 (10) found a better, legal, wirelength target of 0.413084, originally 0.619633.
20250731T065523.535 Agent C2310 (30) found a better, legal, wirelength target of 0.92769, originally 1.08459.
20250731T065703.714 Agent C2528 (5) found a better, legal, wirelength target of 1.384762, originally 1.64838.
20250731T065730.206 Agent L2502 (23) found a better, legal, wirelength target of 0.502955, originally 1.32788.
20250731T065758.785 Agent C2528 (5) found a better, legal, wirelength target of 0.354278, originally 1.384762.
20250731T065816.356 Agent R2503 (17) found a better, legal, wirelength target of 0.232376, originally 0.394231.
20250731T070845.618 Agent C2539 (33) found a better, legal, wirelength target of 0.416979, originally 0.446585.
20250731T070856.131 Agent L2510 (3) found a better, legal, wirelength target of 0.457626, originally 0.646398.
20250731T070940.369 Agent C2539 (33) found a better, legal, wirelength target of 0.286946, originally 0.416979.
20250731T072523.331 Agent L2519 (28) found a better, legal, wirelength target of 0.448586, originally 0.532651.
20250731T072549.482 Agent C2583 (9) found a better, legal, wirelength target of 0.313796, originally 1.194552.
20250731T072708.297 Agent L2519 (28) found a better, legal, wirelength target of 0.326216, originally 0.448586.
20250731T074914.346 Agent C2523 (15) found a better, legal, wirelength target of 1.135997, originally 1.293872.
20250731T082631.647 Agent C2508 (32) found a better, legal, wirelength target of 0.580622, originally 0.846248.
20250731T090602.687 Agent L2508 (27) found a better, legal, wirelength target of 0.828231, originally 0.914255.
